[17:09:01.12] [ComponentService] <INFO> 正在注册： vm-grid-menu.vue文件 (ComponentService.plugin.js:249)
[17:09:37.61] [App] <ERROR> 404: Not Found ... /components/css-loader.css (app.js:100)
[17:09:38.46] [App] <ERROR> 404: Not Found ... /favicon.ico (app.js:100)
[17:10:20.94] [App] <ERROR> 404: Not Found ... /components/css-loader.css (app.js:100)
[17:10:21.69] [App] <ERROR> 404: Not Found ... /favicon.ico (app.js:100)
[17:10:50.28] [ComponentService] <INFO> 正在注册： vm-form-usergroup.vue文件 (ComponentService.plugin.js:249)
[17:10:51.71] [App] <ERROR> 404: Not Found ... /components/css-loader.css (app.js:100)
[17:10:52.60] [App] <ERROR> 404: Not Found ... /favicon.ico (app.js:100)
[17:11:01.85] [App] <ERROR> 404: Not Found ... /components/css-loader.css (app.js:100)
[17:11:02.38] [App] <ERROR> 404: Not Found ... /favicon.ico (app.js:100)
[17:14:57.19] [App] <ERROR> 404: Not Found ... /components/css-loader.css (app.js:100)
[17:14:57.73] [App] <ERROR> 404: Not Found ... /favicon.ico (app.js:100)
[17:32:43.38] [ComponentService] <INFO> 正在注册： vm-tree-menu.vue文件 (ComponentService.plugin.js:249)
[17:32:43.57] [ComponentService] <INFO> 正在注册： vm-tree-menu.vue文件 (ComponentService.plugin.js:249)
[17:32:47.77] [ComponentService] <INFO> 正在注册： vm-tree-menu.vue文件 (ComponentService.plugin.js:249)
[17:32:49.85] [App] <ERROR> 404: Not Found ... /components/css-loader.css (app.js:100)
[17:32:50.46] [App] <ERROR> 404: Not Found ... /favicon.ico (app.js:100)
[17:33:01.45] [ComponentService] <INFO> 正在注册： vm-tree-menu.vue文件 (ComponentService.plugin.js:249)
[17:33:01.64] [ComponentService] <INFO> 正在注册： vm-tree-menu.vue文件 (ComponentService.plugin.js:249)
[17:47:30.28] [ComponentService] <INFO> 正在注册： vm-form-usergroupplugin.vue文件 (ComponentService.plugin.js:249)
[17:47:33.30] [ComponentService] <INFO> 正在注册： vm-form-usergroupplugin.vue文件 (ComponentService.plugin.js:249)
[17:47:33.48] [ComponentService] <INFO> 正在注册： vm-form-usergroupplugin.vue文件 (ComponentService.plugin.js:249)
[17:48:34.17] [App] <ERROR> 404: Not Found ... /components/css-loader.css (app.js:100)
[17:48:35.03] [App] <ERROR> 404: Not Found ... /favicon.ico (app.js:100)
[17:50:10.20] [ComponentService] <INFO> 正在注册： vm-form-usergroupplugin.vue文件 (ComponentService.plugin.js:249)
[17:50:10.40] [ComponentService] <INFO> 正在注册： vm-form-usergroupplugin.vue文件 (ComponentService.plugin.js:249)
[17:50:12.63] [App] <ERROR> 404: Not Found ... /components/css-loader.css (app.js:100)
[17:50:13.31] [App] <ERROR> 404: Not Found ... /favicon.ico (app.js:100)
[17:50:23.35] [ComponentService] <INFO> 正在注册： vm-form-usergroupplugin.vue文件 (ComponentService.plugin.js:249)
[17:50:49.57] [ComponentService] <INFO> 正在注册： vm-form-usergroupplugin.vue文件 (ComponentService.plugin.js:249)
[17:50:57.98] [ComponentService] <INFO> 正在注册： vm-form-usergroupplugin.vue文件 (ComponentService.plugin.js:249)
[17:51:04.58] [ComponentService] <INFO> 正在注册： vm-form-usergroupplugin.vue文件 (ComponentService.plugin.js:249)
[17:51:06.07] [App] <ERROR> 404: Not Found ... /components/css-loader.css (app.js:100)
[17:51:06.74] [App] <ERROR> 404: Not Found ... /favicon.ico (app.js:100)
[17:51:22.58] [ComponentService] <INFO> 正在注册： vm-form-usergroupplugin.vue文件 (ComponentService.plugin.js:249)
[17:51:24.59] [ComponentService] <INFO> 正在注册： vm-form-usergroupplugin.vue文件 (ComponentService.plugin.js:249)
[17:51:58.03] [ComponentService] <INFO> 正在注册： vm-form-usergroupplugin.vue文件 (ComponentService.plugin.js:249)
[17:56:47.73] [ComponentService] <INFO> 正在注册： vm-form-usergroupzone.vue文件 (ComponentService.plugin.js:249)
[17:56:49.92] [ComponentService] <INFO> 正在注册： vm-form-usergroupzone.vue文件 (ComponentService.plugin.js:249)
