[16:27:34.85] [App] <ERROR> 404: Not Found ... /components/css-loader.css (app.js:100)
[16:27:35.54] [App] <ERROR> 404: Not Found ... /favicon.ico (app.js:100)
[16:28:33.32] [ConfigLoader] <INFO> init ConfigLoader (ConfigLoader.js:13)
[16:28:33.90] [ServiceLoader] <INFO> init ServiceLoader (ServiceLoader.js:27)
[16:28:33.90] [PluginLoader] <INFO> init PluginLoader (PluginLoader.js:18)
[16:28:35.05] [PluginLoader] <INFO> init ComponentService (PluginLoader.js:201)
[16:28:36.60] [PluginLoader] <INFO> init PageService (PluginLoader.js:201)
[16:28:36.62] [IntForce] <LOG> 启动组件开发测试环境，端口号：8160 (intforce.js:22)
[16:28:36.65] [ComponentService] <INFO> 正在注册： vb-form-businesstime.vue文件 (ComponentService.plugin.js:251)
[16:28:36.64] [ComponentService] <INFO> 正在注册： vb-cascader-city.vue文件 (ComponentService.plugin.js:251)
[16:28:36.67] [ComponentService] <INFO> 正在注册： vb-form-chartoption.vue文件 (ComponentService.plugin.js:251)
[16:28:36.67] [ComponentService] <INFO> 正在注册： vb-form-chartstyle.vue文件 (ComponentService.plugin.js:251)
[16:28:36.68] [ComponentService] <INFO> 正在注册： vb-form-company.vue文件 (ComponentService.plugin.js:251)
[16:28:36.68] [ComponentService] <INFO> 正在注册： vb-form-conditionoption.vue文件 (ComponentService.plugin.js:251)
[16:28:36.69] [ComponentService] <INFO> 正在注册： vb-form-fencezone.vue文件 (ComponentService.plugin.js:251)
[16:28:36.69] [ComponentService] <INFO> 正在注册： vb-form-holiday.vue文件 (ComponentService.plugin.js:251)
[16:28:36.70] [ComponentService] <INFO> 正在注册： vb-form-indexoption.vue文件 (ComponentService.plugin.js:251)
[16:28:36.71] [ComponentService] <INFO> 正在注册： vb-form-mall.vue文件 (ComponentService.plugin.js:251)
[16:28:36.70] [ComponentService] <INFO> 正在注册： vb-form-location.vue文件 (ComponentService.plugin.js:251)
[16:28:36.72] [ComponentService] <INFO> 正在注册： vb-form-physicalzone.vue文件 (ComponentService.plugin.js:251)
[16:28:36.72] [ComponentService] <INFO> 正在注册： vb-form-reportpage.vue文件 (ComponentService.plugin.js:251)
[16:28:36.72] [ComponentService] <INFO> 正在注册： vb-form-reportmenu.vue文件 (ComponentService.plugin.js:251)
[16:28:36.73] [ComponentService] <INFO> 正在注册： vb-form-tag.vue文件 (ComponentService.plugin.js:251)
[16:28:36.73] [ComponentService] <INFO> 正在注册： vb-form-transfer-mall.vue文件 (ComponentService.plugin.js:251)
[16:28:36.74] [ComponentService] <INFO> 正在注册： vb-form-weather.vue文件 (ComponentService.plugin.js:251)
[16:28:36.74] [ComponentService] <INFO> 正在注册： vb-grid-activity.vue文件 (ComponentService.plugin.js:251)
[16:28:36.75] [ComponentService] <INFO> 正在注册： vb-grid-businesstime.vue文件 (ComponentService.plugin.js:251)
[16:28:36.75] [ComponentService] <INFO> 正在注册： vb-grid-chartoption.vue文件 (ComponentService.plugin.js:251)
[16:28:36.75] [ComponentService] <INFO> 正在注册： vb-grid-chartstyle.vue文件 (ComponentService.plugin.js:251)
[16:28:36.76] [ComponentService] <INFO> 正在注册： vb-grid-company.vue文件 (ComponentService.plugin.js:251)
[16:28:36.76] [ComponentService] <INFO> 正在注册： vb-grid-conditionoption.vue文件 (ComponentService.plugin.js:251)
[16:28:36.77] [ComponentService] <INFO> 正在注册： vb-grid-fencezone.vue文件 (ComponentService.plugin.js:251)
[16:28:36.77] [ComponentService] <INFO> 正在注册： vb-grid-holiday.vue文件 (ComponentService.plugin.js:251)
[16:28:36.77] [ComponentService] <INFO> 正在注册： vb-grid-indexoption.vue文件 (ComponentService.plugin.js:251)
[16:28:36.78] [ComponentService] <INFO> 正在注册： vb-grid-location.vue文件 (ComponentService.plugin.js:251)
[16:28:36.78] [ComponentService] <INFO> 正在注册： vb-grid-mall.vue文件 (ComponentService.plugin.js:251)
[16:28:36.79] [ComponentService] <INFO> 正在注册： vb-grid-physicalzone.vue文件 (ComponentService.plugin.js:251)
[16:28:36.79] [ComponentService] <INFO> 正在注册： vb-grid-reportmenu.vue文件 (ComponentService.plugin.js:251)
[16:28:36.79] [ComponentService] <INFO> 正在注册： vb-grid-reportpage.vue文件 (ComponentService.plugin.js:251)
[16:28:36.80] [ComponentService] <INFO> 正在注册： vb-grid-tag.vue文件 (ComponentService.plugin.js:251)
[16:28:36.80] [ComponentService] <INFO> 正在注册： vb-grid-role.vue文件 (ComponentService.plugin.js:251)
[16:28:36.81] [ComponentService] <INFO> 正在注册： vb-grid-user.vue文件 (ComponentService.plugin.js:251)
[16:28:36.81] [ComponentService] <INFO> 正在注册： vb-grid-weather.vue文件 (ComponentService.plugin.js:251)
[16:28:36.81] [ComponentService] <INFO> 正在注册： vb-log-malllog.vue文件 (ComponentService.plugin.js:251)
[16:28:36.82] [ComponentService] <INFO> 正在注册： vb-log-mallupdate.vue文件 (ComponentService.plugin.js:251)
[16:28:36.82] [ComponentService] <INFO> 正在注册： vb-log-zonelog.vue文件 (ComponentService.plugin.js:251)
[16:28:36.83] [ComponentService] <INFO> 正在注册： vb-log-zoneupdate.vue文件 (ComponentService.plugin.js:251)
[16:28:36.83] [ComponentService] <INFO> 正在注册： vb-page-activity.vue文件 (ComponentService.plugin.js:251)
[16:28:36.83] [ComponentService] <INFO> 正在注册： vb-page-businesstime.vue文件 (ComponentService.plugin.js:251)
[16:28:36.84] [ComponentService] <INFO> 正在注册： vb-page-chartoption.vue文件 (ComponentService.plugin.js:251)
[16:28:36.84] [ComponentService] <INFO> 正在注册： vb-page-chartstyle.vue文件 (ComponentService.plugin.js:251)
[16:28:36.85] [ComponentService] <INFO> 正在注册： vb-page-conditionoption.vue文件 (ComponentService.plugin.js:251)
[16:28:36.84] [ComponentService] <INFO> 正在注册： vb-page-company.vue文件 (ComponentService.plugin.js:251)
[16:28:36.85] [ComponentService] <INFO> 正在注册： vb-page-holiday.vue文件 (ComponentService.plugin.js:251)
[16:28:36.86] [ComponentService] <INFO> 正在注册： vb-page-indexoption.vue文件 (ComponentService.plugin.js:251)
[16:28:36.86] [ComponentService] <INFO> 正在注册： vb-page-reportmenu.vue文件 (ComponentService.plugin.js:251)
[16:28:36.87] [ComponentService] <INFO> 正在注册： vb-page-reportpage.vue文件 (ComponentService.plugin.js:251)
[16:28:36.87] [ComponentService] <INFO> 正在注册： vb-page-tag.vue文件 (ComponentService.plugin.js:251)
[16:28:36.87] [ComponentService] <INFO> 正在注册： vb-page-weather.vue文件 (ComponentService.plugin.js:251)
[16:28:36.88] [ComponentService] <INFO> 正在注册： vb-select-chartoption.vue文件 (ComponentService.plugin.js:251)
[16:28:36.88] [ComponentService] <INFO> 正在注册： vb-select-chartstyle.vue文件 (ComponentService.plugin.js:251)
[16:28:36.86] [ComponentService] <INFO> 正在注册： vb-page-mall.vue文件 (ComponentService.plugin.js:251)
[16:28:36.89] [ComponentService] <INFO> 正在注册： vb-select-device.vue文件 (ComponentService.plugin.js:251)
[16:28:36.89] [ComponentService] <INFO> 正在注册： vb-select-company.vue文件 (ComponentService.plugin.js:251)
[16:28:36.89] [ComponentService] <INFO> 正在注册： vb-select-fencezone.vue文件 (ComponentService.plugin.js:251)
[16:28:36.90] [ComponentService] <INFO> 正在注册： vb-select-indexoption.vue文件 (ComponentService.plugin.js:251)
[16:28:36.90] [ComponentService] <INFO> 正在注册： vb-select-mall.vue文件 (ComponentService.plugin.js:251)
[16:28:36.91] [ComponentService] <INFO> 正在注册： vb-select-menutype.vue文件 (ComponentService.plugin.js:251)
[16:28:36.91] [ComponentService] <INFO> 正在注册： vb-select-physicalzone.vue文件 (ComponentService.plugin.js:251)
[16:28:36.91] [ComponentService] <INFO> 正在注册： vb-select-reportmenu.vue文件 (ComponentService.plugin.js:251)
[16:28:36.92] [ComponentService] <INFO> 正在注册： vb-select-role.vue文件 (ComponentService.plugin.js:251)
[16:28:36.92] [ComponentService] <INFO> 正在注册： vb-select-usergroup.vue文件 (ComponentService.plugin.js:251)
[16:28:36.92] [ComponentService] <INFO> 正在注册： vb-select-zonetype.vue文件 (ComponentService.plugin.js:251)
[16:28:36.93] [ComponentService] <INFO> 正在注册： vb-transfer-chartoption.vue文件 (ComponentService.plugin.js:251)
[16:28:36.93] [ComponentService] <INFO> 正在注册： vb-transfer-conditionoption.vue文件 (ComponentService.plugin.js:251)
[16:28:36.94] [ComponentService] <INFO> 正在注册： vb-transfer-indexoption.vue文件 (ComponentService.plugin.js:251)
[16:28:36.94] [ComponentService] <INFO> 正在注册： vb-transfer-location.vue文件 (ComponentService.plugin.js:251)
[16:28:36.95] [ComponentService] <INFO> 正在注册： vb-transfer-mall.vue文件 (ComponentService.plugin.js:251)
[16:28:36.95] [ComponentService] <INFO> 正在注册： vb-transfer-physicalzone.vue文件 (ComponentService.plugin.js:251)
[16:28:36.95] [ComponentService] <INFO> 正在注册： vb-transfer-reportpage.vue文件 (ComponentService.plugin.js:251)
[16:28:36.96] [ComponentService] <INFO> 正在注册： vb-transfer-tag.vue文件 (ComponentService.plugin.js:251)
[16:28:36.97] [ComponentService] <INFO> 正在注册： vb-tree-location.vue文件 (ComponentService.plugin.js:251)
[16:28:36.66] [ComponentService] <INFO> 正在注册： vb-form-businesstimeplugin.vue文件 (ComponentService.plugin.js:251)
[16:28:36.96] [ComponentService] <INFO> 正在注册： vb-tree-category.vue文件 (ComponentService.plugin.js:251)
[16:28:36.97] [ComponentService] <INFO> 正在注册： vb-zonecamera-query.vue文件 (ComponentService.plugin.js:251)
[16:28:37.00] [ComponentService] <INFO> 正在注册： vx-basic-demo.vue文件 (ComponentService.plugin.js:251)
[16:28:37.02] [ComponentService] <INFO> 正在注册： vm-form-location.vue文件 (ComponentService.plugin.js:251)
[16:28:37.02] [ComponentService] <INFO> 正在注册： vm-grid-location.vue文件 (ComponentService.plugin.js:251)
[16:28:37.03] [ComponentService] <INFO> 正在注册： vm-select-company.vue文件 (ComponentService.plugin.js:251)
[16:28:37.03] [ComponentService] <INFO> 正在注册： vm-select-mall.vue文件 (ComponentService.plugin.js:251)
[16:28:37.04] [ComponentService] <INFO> 正在注册： vm-transfer-mall.vue文件 (ComponentService.plugin.js:251)
[16:28:37.04] [ComponentService] <INFO> 正在注册： vm-transfer-physicalzone.vue文件 (ComponentService.plugin.js:251)
[16:28:37.05] [ComponentService] <INFO> 正在注册： vm-transfer-reportpage.vue文件 (ComponentService.plugin.js:251)
[16:28:37.05] [ComponentService] <INFO> 正在注册： vm-tree-location.vue文件 (ComponentService.plugin.js:251)
[16:28:37.10] [ComponentService] <INFO> 正在注册： vd-bd-datadetail.vue文件 (ComponentService.plugin.js:251)
[16:28:37.10] [ComponentService] <INFO> 正在注册： vd-bd-loaddata.vue文件 (ComponentService.plugin.js:251)
[16:28:37.11] [ComponentService] <INFO> 正在注册： vd-bd-savedata.vue文件 (ComponentService.plugin.js:251)
[16:28:37.11] [ComponentService] <INFO> 正在注册： vd-company-activity.vue文件 (ComponentService.plugin.js:251)
[16:28:37.13] [ComponentService] <INFO> 正在注册： vd-company-company.vue文件 (ComponentService.plugin.js:251)
[16:28:37.12] [ComponentService] <INFO> 正在注册： vd-company-businesstime.vue文件 (ComponentService.plugin.js:251)
[16:28:37.13] [ComponentService] <INFO> 正在注册： vd-company-device.vue文件 (ComponentService.plugin.js:251)
[16:28:37.14] [ComponentService] <INFO> 正在注册： vd-company-holiday.vue文件 (ComponentService.plugin.js:251)
[16:28:37.14] [ComponentService] <INFO> 正在注册： vd-company-mall.vue文件 (ComponentService.plugin.js:251)
[16:28:37.15] [ComponentService] <INFO> 正在注册： vd-company-tag.vue文件 (ComponentService.plugin.js:251)
[16:28:37.15] [ComponentService] <INFO> 正在注册： vd-company-physicalzone.vue文件 (ComponentService.plugin.js:251)
[16:28:37.16] [ComponentService] <INFO> 正在注册： vd-log-mallupdate.vue文件 (ComponentService.plugin.js:251)
[16:28:37.16] [ComponentService] <INFO> 正在注册： vd-log-weather.vue文件 (ComponentService.plugin.js:251)
[16:28:37.17] [ComponentService] <INFO> 正在注册： vd-log-zoneupdate.vue文件 (ComponentService.plugin.js:251)
[16:28:37.17] [ComponentService] <INFO> 正在注册： vd-report-chartoption.vue文件 (ComponentService.plugin.js:251)
[16:28:37.18] [ComponentService] <INFO> 正在注册： vd-report-chartstyle.vue文件 (ComponentService.plugin.js:251)
[16:28:37.19] [ComponentService] <INFO> 正在注册： vd-report-conditionoption.vue文件 (ComponentService.plugin.js:251)
[16:28:37.20] [ComponentService] <INFO> 正在注册： vd-report-indexoption.vue文件 (ComponentService.plugin.js:251)
[16:28:37.20] [ComponentService] <INFO> 正在注册： vd-report-reportmenu.vue文件 (ComponentService.plugin.js:251)
[16:28:37.21] [ComponentService] <INFO> 正在注册： vd-report-reportpage.vue文件 (ComponentService.plugin.js:251)
[16:28:37.22] [ComponentService] <INFO> 正在注册： vd-report-servicelist.vue文件 (ComponentService.plugin.js:251)
[16:28:37.22] [ComponentService] <INFO> 正在注册： vd-system-category.vue文件 (ComponentService.plugin.js:251)
[16:28:37.23] [ComponentService] <INFO> 正在注册： vd-system-location.vue文件 (ComponentService.plugin.js:251)
[16:28:37.23] [ComponentService] <INFO> 正在注册： vd-system-menu.vue文件 (ComponentService.plugin.js:251)
[16:28:37.24] [ComponentService] <INFO> 正在注册： vd-system-role.vue文件 (ComponentService.plugin.js:251)
[16:28:37.25] [ComponentService] <INFO> 正在注册： vd-system-user.vue文件 (ComponentService.plugin.js:251)
[16:28:37.26] [ComponentService] <INFO> 正在注册： vd-system-usergroup.vue文件 (ComponentService.plugin.js:251)
[16:28:37.27] [ComponentService] <INFO> 正在注册： vm-page-grid.vue文件 (ComponentService.plugin.js:251)
[16:28:37.27] [ComponentService] <INFO> 正在注册： vx-basic-button.vue文件 (ComponentService.plugin.js:251)
[16:28:37.28] [ComponentService] <INFO> 正在注册： vx-basic-tree.vue文件 (ComponentService.plugin.js:251)
[16:28:37.28] [ComponentService] <INFO> 正在注册： vx-container-col.vue文件 (ComponentService.plugin.js:251)
[16:28:37.30] [ComponentService] <INFO> 正在注册： vx-container-combo.vue文件 (ComponentService.plugin.js:251)
[16:28:37.31] [ComponentService] <INFO> 正在注册： vx-container-dialog.vue文件 (ComponentService.plugin.js:251)
[16:28:37.32] [ComponentService] <INFO> 正在注册： vx-container-gridster.vue文件 (ComponentService.plugin.js:251)
[16:28:37.32] [ComponentService] <INFO> 正在注册： vx-container-item.vue文件 (ComponentService.plugin.js:251)
[16:28:37.33] [ComponentService] <INFO> 正在注册： vx-container-row.vue文件 (ComponentService.plugin.js:251)
[16:28:37.33] [ComponentService] <INFO> 正在注册： vx-container-tab.vue文件 (ComponentService.plugin.js:251)
[16:28:37.34] [ComponentService] <INFO> 正在注册： vx-form-cascader.vue文件 (ComponentService.plugin.js:251)
[16:28:37.34] [ComponentService] <INFO> 正在注册： vx-form-check.vue文件 (ComponentService.plugin.js:251)
[16:28:37.36] [ComponentService] <INFO> 正在注册： vx-form-clockpicker.vue文件 (ComponentService.plugin.js:251)
[16:28:37.37] [ComponentService] <INFO> 正在注册： vx-form-daterangepicker.vue文件 (ComponentService.plugin.js:251)
[16:28:37.38] [ComponentService] <INFO> 正在注册： vx-form-datesinglepicker.vue文件 (ComponentService.plugin.js:251)
[16:28:37.38] [ComponentService] <INFO> 正在注册： vx-form-group-select.vue文件 (ComponentService.plugin.js:251)
[16:28:37.39] [ComponentService] <INFO> 正在注册： vx-form-input.vue文件 (ComponentService.plugin.js:251)
[16:28:37.40] [ComponentService] <INFO> 正在注册： vx-form-location.vue文件 (ComponentService.plugin.js:251)
[16:28:37.41] [ComponentService] <INFO> 正在注册： vx-form-number.vue文件 (ComponentService.plugin.js:251)
[16:28:37.41] [ComponentService] <INFO> 正在注册： vx-form-password.vue文件 (ComponentService.plugin.js:251)
[16:28:37.42] [ComponentService] <INFO> 正在注册： vx-form-radio.vue文件 (ComponentService.plugin.js:251)
[16:28:37.42] [ComponentService] <INFO> 正在注册： vx-form-select.vue文件 (ComponentService.plugin.js:251)
[16:28:37.43] [ComponentService] <INFO> 正在注册： vx-form-transfer.vue文件 (ComponentService.plugin.js:251)
[16:28:37.43] [ComponentService] <INFO> 正在注册： vx-nav-breadcrumb.vue文件 (ComponentService.plugin.js:251)
[16:28:37.44] [ComponentService] <INFO> 正在注册： vx-nav-dropmenu.vue文件 (ComponentService.plugin.js:251)
[16:28:37.44] [ComponentService] <INFO> 正在注册： vx-nav-navmenu.vue文件 (ComponentService.plugin.js:251)
[16:28:37.45] [ComponentService] <INFO> 正在注册： vx-tab-pane.vue文件 (ComponentService.plugin.js:251)
[16:28:37.45] [ComponentService] <INFO> 正在注册： vx-tabs.vue文件 (ComponentService.plugin.js:251)
[16:28:37.46] [ComponentService] <INFO> 正在注册： vx-view-baidumap.vue文件 (ComponentService.plugin.js:251)
[16:28:37.46] [ComponentService] <INFO> 正在注册： vx-view-countup.vue文件 (ComponentService.plugin.js:251)
[16:28:37.47] [ComponentService] <INFO> 正在注册： vx-view-datatable.vue文件 (ComponentService.plugin.js:251)
[16:28:37.48] [ComponentService] <INFO> 正在注册： vx-view-dialog.vue文件 (ComponentService.plugin.js:251)
[16:28:37.48] [ComponentService] <INFO> 正在注册： vx-view-echart.vue文件 (ComponentService.plugin.js:251)
[16:28:37.49] [ComponentService] <INFO> 正在注册： vx-view-govmap.vue文件 (ComponentService.plugin.js:251)
[16:28:37.49] [ComponentService] <INFO> 正在注册： vx-view-heatmap.vue文件 (ComponentService.plugin.js:251)
[16:28:37.51] [ComponentService] <INFO> 正在注册： vx-view-linescroll.vue文件 (ComponentService.plugin.js:251)
[16:28:37.51] [ComponentService] <INFO> 正在注册： vx-view-map.vue文件 (ComponentService.plugin.js:251)
[16:28:37.52] [ComponentService] <INFO> 正在注册： vx-view-pagelist.vue文件 (ComponentService.plugin.js:251)
[16:28:37.52] [ComponentService] <INFO> 正在注册： vx-view-pagesize.vue文件 (ComponentService.plugin.js:251)
[16:28:37.53] [ComponentService] <INFO> 正在注册： vm-form-activity.vue文件 (ComponentService.plugin.js:251)
[16:28:37.53] [ComponentService] <INFO> 正在注册： vm-form-activityplugin.vue文件 (ComponentService.plugin.js:251)
[16:28:37.54] [ComponentService] <INFO> 正在注册： vm-form-businesstime.vue文件 (ComponentService.plugin.js:251)
[16:28:37.54] [ComponentService] <INFO> 正在注册： vm-form-businesstimeplugin.vue文件 (ComponentService.plugin.js:251)
[16:28:37.55] [ComponentService] <INFO> 正在注册： vm-form-holiday.vue文件 (ComponentService.plugin.js:251)
[16:28:37.55] [ComponentService] <INFO> 正在注册： vm-form-mall.vue文件 (ComponentService.plugin.js:251)
[16:28:37.56] [ComponentService] <INFO> 正在注册： vm-form-mallupdate.vue文件 (ComponentService.plugin.js:251)
[16:28:37.56] [ComponentService] <INFO> 正在注册： vm-form-tag.vue文件 (ComponentService.plugin.js:251)
[16:28:37.57] [ComponentService] <INFO> 正在注册： vm-form-weather.vue文件 (ComponentService.plugin.js:251)
[16:28:37.57] [ComponentService] <INFO> 正在注册： vm-form-zoneupdate.vue文件 (ComponentService.plugin.js:251)
[16:28:37.58] [ComponentService] <INFO> 正在注册： vm-grid-activity.vue文件 (ComponentService.plugin.js:251)
[16:28:37.58] [ComponentService] <INFO> 正在注册： vm-grid-businesstime.vue文件 (ComponentService.plugin.js:251)
[16:28:37.58] [ComponentService] <INFO> 正在注册： vm-grid-historicalcount.vue文件 (ComponentService.plugin.js:251)
[16:28:37.59] [ComponentService] <INFO> 正在注册： vm-grid-historicaldwell.vue文件 (ComponentService.plugin.js:251)
[16:28:37.59] [ComponentService] <INFO> 正在注册： vm-grid-historicalfitting.vue文件 (ComponentService.plugin.js:251)
[16:28:37.59] [ComponentService] <INFO> 正在注册： vm-grid-historicalpassby.vue文件 (ComponentService.plugin.js:251)
[16:28:37.60] [ComponentService] <INFO> 正在注册： vm-grid-historicalsummary.vue文件 (ComponentService.plugin.js:251)
[16:28:37.60] [ComponentService] <INFO> 正在注册： vm-grid-holiday.vue文件 (ComponentService.plugin.js:251)
[16:28:37.61] [ComponentService] <INFO> 正在注册： vm-grid-mall.vue文件 (ComponentService.plugin.js:251)
[16:28:37.61] [ComponentService] <INFO> 正在注册： vm-grid-tag.vue文件 (ComponentService.plugin.js:251)
[16:28:37.61] [ComponentService] <INFO> 正在注册： vm-grid-weather.vue文件 (ComponentService.plugin.js:251)
[16:28:37.62] [ComponentService] <INFO> 正在注册： vm-manager-dataadjustment.vue文件 (ComponentService.plugin.js:251)
[16:28:37.62] [ComponentService] <INFO> 正在注册： vm-manager-datasummary.vue文件 (ComponentService.plugin.js:251)
[16:28:37.64] [ComponentService] <INFO> 正在注册： vm-report-times.vue文件 (ComponentService.plugin.js:251)
[16:28:37.64] [ComponentService] <INFO> 正在注册： vm-select-devicecode.vue文件 (ComponentService.plugin.js:251)
[16:28:37.65] [ComponentService] <INFO> 正在注册： vm-transfer-tag.vue文件 (ComponentService.plugin.js:251)
[16:28:37.66] [ComponentService] <INFO> 正在注册： vm-form-category.vue文件 (ComponentService.plugin.js:251)
[16:28:37.67] [ComponentService] <INFO> 正在注册： vm-form-componentslist.vue文件 (ComponentService.plugin.js:251)
[16:28:37.67] [ComponentService] <INFO> 正在注册： vm-form-menu.vue文件 (ComponentService.plugin.js:251)
[16:28:37.68] [ComponentService] <INFO> 正在注册： vm-form-menuplugin.vue文件 (ComponentService.plugin.js:251)
[16:28:37.69] [ComponentService] <INFO> 正在注册： vm-form-role.vue文件 (ComponentService.plugin.js:251)
[16:28:37.69] [ComponentService] <INFO> 正在注册： vm-form-roleplugin.vue文件 (ComponentService.plugin.js:251)
[16:28:37.70] [ComponentService] <INFO> 正在注册： vm-form-servicelist.vue文件 (ComponentService.plugin.js:251)
[16:28:37.70] [ComponentService] <INFO> 正在注册： vm-form-user.vue文件 (ComponentService.plugin.js:251)
[16:28:37.70] [ComponentService] <INFO> 正在注册： vm-form-usergroup.vue文件 (ComponentService.plugin.js:251)
[16:28:37.71] [ComponentService] <INFO> 正在注册： vm-form-usergroupplugin.vue文件 (ComponentService.plugin.js:251)
[16:28:37.71] [ComponentService] <INFO> 正在注册： vm-form-usergroupreportpage.vue文件 (ComponentService.plugin.js:251)
[16:28:37.72] [ComponentService] <INFO> 正在注册： vm-form-usergroupzone.vue文件 (ComponentService.plugin.js:251)
[16:28:37.73] [ComponentService] <INFO> 正在注册： vm-form-userplugin.vue文件 (ComponentService.plugin.js:251)
[16:28:37.73] [ComponentService] <INFO> 正在注册： vm-grid-category.vue文件 (ComponentService.plugin.js:251)
[16:28:37.74] [ComponentService] <INFO> 正在注册： vm-grid-componentslist.vue文件 (ComponentService.plugin.js:251)
[16:28:37.74] [ComponentService] <INFO> 正在注册： vm-grid-menu.vue文件 (ComponentService.plugin.js:251)
[16:28:37.75] [ComponentService] <INFO> 正在注册： vm-grid-role.vue文件 (ComponentService.plugin.js:251)
[16:28:37.75] [ComponentService] <INFO> 正在注册： vm-grid-servicelist.vue文件 (ComponentService.plugin.js:251)
[16:28:37.76] [ComponentService] <INFO> 正在注册： vm-grid-user.vue文件 (ComponentService.plugin.js:251)
[16:28:37.77] [ComponentService] <INFO> 正在注册： vm-grid-usergroup.vue文件 (ComponentService.plugin.js:251)
[16:28:37.77] [ComponentService] <INFO> 正在注册： vm-nav-menu.vue文件 (ComponentService.plugin.js:251)
[16:28:37.78] [ComponentService] <INFO> 正在注册： vm-select-role.vue文件 (ComponentService.plugin.js:251)
[16:28:37.78] [ComponentService] <INFO> 正在注册： vm-select-usergroup.vue文件 (ComponentService.plugin.js:251)
[16:28:37.79] [ComponentService] <INFO> 正在注册： vm-tree-category.vue文件 (ComponentService.plugin.js:251)
[16:28:37.79] [ComponentService] <INFO> 正在注册： vm-tree-menu.vue文件 (ComponentService.plugin.js:251)
[16:28:37.80] [ComponentService] <INFO> 正在注册： vm-tree-role.vue文件 (ComponentService.plugin.js:251)
[16:28:43.92] [ServiceLoader] <INFO> 注册服务ComponentService 成功！ (ServiceLoader.js:69)
[16:28:43.92] [ServiceLoader] <INFO> 注册服务PageService 成功！ (ServiceLoader.js:69)
[16:29:02.73] [App] <ERROR> 404: Not Found ... /components/css-loader.css (app.js:100)
[16:29:03.31] [App] <ERROR> 404: Not Found ... /favicon.ico (app.js:100)
[16:29:13.45] [ConfigLoader] <INFO> init ConfigLoader (ConfigLoader.js:13)
[16:29:13.89] [ServiceLoader] <INFO> init ServiceLoader (ServiceLoader.js:27)
[16:29:13.90] [PluginLoader] <INFO> init PluginLoader (PluginLoader.js:18)
[16:29:14.92] [PluginLoader] <INFO> init ComponentService (PluginLoader.js:201)
[16:29:16.15] [PluginLoader] <INFO> init PageService (PluginLoader.js:201)
[16:29:16.16] [IntForce] <LOG> 启动组件开发测试环境，端口号：8160 (intforce.js:22)
[16:29:16.19] [ComponentService] <INFO> 正在注册： vb-cascader-city.vue文件 (ComponentService.plugin.js:251)
[16:29:16.19] [ComponentService] <INFO> 正在注册： vb-form-businesstime.vue文件 (ComponentService.plugin.js:251)
[16:29:16.20] [ComponentService] <INFO> 正在注册： vb-form-businesstimeplugin.vue文件 (ComponentService.plugin.js:251)
[16:29:16.20] [ComponentService] <INFO> 正在注册： vb-form-chartoption.vue文件 (ComponentService.plugin.js:251)
[16:29:16.21] [ComponentService] <INFO> 正在注册： vb-form-chartstyle.vue文件 (ComponentService.plugin.js:251)
[16:29:16.22] [ComponentService] <INFO> 正在注册： vb-form-company.vue文件 (ComponentService.plugin.js:251)
[16:29:16.22] [ComponentService] <INFO> 正在注册： vb-form-conditionoption.vue文件 (ComponentService.plugin.js:251)
[16:29:16.22] [ComponentService] <INFO> 正在注册： vb-form-fencezone.vue文件 (ComponentService.plugin.js:251)
[16:29:16.23] [ComponentService] <INFO> 正在注册： vb-form-holiday.vue文件 (ComponentService.plugin.js:251)
[16:29:16.24] [ComponentService] <INFO> 正在注册： vb-form-indexoption.vue文件 (ComponentService.plugin.js:251)
[16:29:16.24] [ComponentService] <INFO> 正在注册： vb-form-location.vue文件 (ComponentService.plugin.js:251)
[16:29:16.25] [ComponentService] <INFO> 正在注册： vb-form-mall.vue文件 (ComponentService.plugin.js:251)
[16:29:16.25] [ComponentService] <INFO> 正在注册： vb-form-physicalzone.vue文件 (ComponentService.plugin.js:251)
[16:29:16.26] [ComponentService] <INFO> 正在注册： vb-form-reportmenu.vue文件 (ComponentService.plugin.js:251)
[16:29:16.26] [ComponentService] <INFO> 正在注册： vb-form-reportpage.vue文件 (ComponentService.plugin.js:251)
[16:29:16.26] [ComponentService] <INFO> 正在注册： vb-form-tag.vue文件 (ComponentService.plugin.js:251)
[16:29:16.27] [ComponentService] <INFO> 正在注册： vb-form-transfer-mall.vue文件 (ComponentService.plugin.js:251)
[16:29:16.27] [ComponentService] <INFO> 正在注册： vb-form-weather.vue文件 (ComponentService.plugin.js:251)
[16:29:16.28] [ComponentService] <INFO> 正在注册： vb-grid-activity.vue文件 (ComponentService.plugin.js:251)
[16:29:16.28] [ComponentService] <INFO> 正在注册： vb-grid-businesstime.vue文件 (ComponentService.plugin.js:251)
[16:29:16.28] [ComponentService] <INFO> 正在注册： vb-grid-chartoption.vue文件 (ComponentService.plugin.js:251)
[16:29:16.29] [ComponentService] <INFO> 正在注册： vb-grid-chartstyle.vue文件 (ComponentService.plugin.js:251)
[16:29:16.29] [ComponentService] <INFO> 正在注册： vb-grid-company.vue文件 (ComponentService.plugin.js:251)
[16:29:16.30] [ComponentService] <INFO> 正在注册： vb-grid-conditionoption.vue文件 (ComponentService.plugin.js:251)
[16:29:16.30] [ComponentService] <INFO> 正在注册： vb-grid-fencezone.vue文件 (ComponentService.plugin.js:251)
[16:29:16.31] [ComponentService] <INFO> 正在注册： vb-grid-holiday.vue文件 (ComponentService.plugin.js:251)
[16:29:16.31] [ComponentService] <INFO> 正在注册： vb-grid-indexoption.vue文件 (ComponentService.plugin.js:251)
[16:29:16.32] [ComponentService] <INFO> 正在注册： vb-grid-location.vue文件 (ComponentService.plugin.js:251)
[16:29:16.32] [ComponentService] <INFO> 正在注册： vb-grid-mall.vue文件 (ComponentService.plugin.js:251)
[16:29:16.33] [ComponentService] <INFO> 正在注册： vb-grid-physicalzone.vue文件 (ComponentService.plugin.js:251)
[16:29:16.33] [ComponentService] <INFO> 正在注册： vb-grid-reportmenu.vue文件 (ComponentService.plugin.js:251)
[16:29:16.34] [ComponentService] <INFO> 正在注册： vb-grid-reportpage.vue文件 (ComponentService.plugin.js:251)
[16:29:16.34] [ComponentService] <INFO> 正在注册： vb-grid-role.vue文件 (ComponentService.plugin.js:251)
[16:29:16.34] [ComponentService] <INFO> 正在注册： vb-grid-tag.vue文件 (ComponentService.plugin.js:251)
[16:29:16.35] [ComponentService] <INFO> 正在注册： vb-grid-user.vue文件 (ComponentService.plugin.js:251)
[16:29:16.36] [ComponentService] <INFO> 正在注册： vb-grid-weather.vue文件 (ComponentService.plugin.js:251)
[16:29:16.36] [ComponentService] <INFO> 正在注册： vb-log-malllog.vue文件 (ComponentService.plugin.js:251)
[16:29:16.36] [ComponentService] <INFO> 正在注册： vb-log-mallupdate.vue文件 (ComponentService.plugin.js:251)
[16:29:16.37] [ComponentService] <INFO> 正在注册： vb-log-zonelog.vue文件 (ComponentService.plugin.js:251)
[16:29:16.37] [ComponentService] <INFO> 正在注册： vb-log-zoneupdate.vue文件 (ComponentService.plugin.js:251)
[16:29:16.38] [ComponentService] <INFO> 正在注册： vb-page-activity.vue文件 (ComponentService.plugin.js:251)
[16:29:16.38] [ComponentService] <INFO> 正在注册： vb-page-businesstime.vue文件 (ComponentService.plugin.js:251)
[16:29:16.39] [ComponentService] <INFO> 正在注册： vb-page-chartoption.vue文件 (ComponentService.plugin.js:251)
[16:29:16.39] [ComponentService] <INFO> 正在注册： vb-page-chartstyle.vue文件 (ComponentService.plugin.js:251)
[16:29:16.40] [ComponentService] <INFO> 正在注册： vb-page-company.vue文件 (ComponentService.plugin.js:251)
[16:29:16.41] [ComponentService] <INFO> 正在注册： vb-page-conditionoption.vue文件 (ComponentService.plugin.js:251)
[16:29:16.41] [ComponentService] <INFO> 正在注册： vb-page-holiday.vue文件 (ComponentService.plugin.js:251)
[16:29:16.42] [ComponentService] <INFO> 正在注册： vb-page-indexoption.vue文件 (ComponentService.plugin.js:251)
[16:29:16.42] [ComponentService] <INFO> 正在注册： vb-page-mall.vue文件 (ComponentService.plugin.js:251)
[16:29:16.42] [ComponentService] <INFO> 正在注册： vb-page-reportmenu.vue文件 (ComponentService.plugin.js:251)
[16:29:16.43] [ComponentService] <INFO> 正在注册： vb-page-reportpage.vue文件 (ComponentService.plugin.js:251)
[16:29:16.43] [ComponentService] <INFO> 正在注册： vb-page-tag.vue文件 (ComponentService.plugin.js:251)
[16:29:16.44] [ComponentService] <INFO> 正在注册： vb-page-weather.vue文件 (ComponentService.plugin.js:251)
[16:29:16.44] [ComponentService] <INFO> 正在注册： vb-select-chartoption.vue文件 (ComponentService.plugin.js:251)
[16:29:16.45] [ComponentService] <INFO> 正在注册： vb-select-chartstyle.vue文件 (ComponentService.plugin.js:251)
[16:29:16.45] [ComponentService] <INFO> 正在注册： vb-select-company.vue文件 (ComponentService.plugin.js:251)
[16:29:16.46] [ComponentService] <INFO> 正在注册： vb-select-device.vue文件 (ComponentService.plugin.js:251)
[16:29:16.46] [ComponentService] <INFO> 正在注册： vb-select-fencezone.vue文件 (ComponentService.plugin.js:251)
[16:29:16.46] [ComponentService] <INFO> 正在注册： vb-select-indexoption.vue文件 (ComponentService.plugin.js:251)
[16:29:16.47] [ComponentService] <INFO> 正在注册： vb-select-mall.vue文件 (ComponentService.plugin.js:251)
[16:29:16.48] [ComponentService] <INFO> 正在注册： vb-select-menutype.vue文件 (ComponentService.plugin.js:251)
[16:29:16.48] [ComponentService] <INFO> 正在注册： vb-select-physicalzone.vue文件 (ComponentService.plugin.js:251)
[16:29:16.48] [ComponentService] <INFO> 正在注册： vb-select-reportmenu.vue文件 (ComponentService.plugin.js:251)
[16:29:16.49] [ComponentService] <INFO> 正在注册： vb-select-role.vue文件 (ComponentService.plugin.js:251)
[16:29:16.49] [ComponentService] <INFO> 正在注册： vb-select-usergroup.vue文件 (ComponentService.plugin.js:251)
[16:29:16.50] [ComponentService] <INFO> 正在注册： vb-select-zonetype.vue文件 (ComponentService.plugin.js:251)
[16:29:16.50] [ComponentService] <INFO> 正在注册： vb-transfer-chartoption.vue文件 (ComponentService.plugin.js:251)
[16:29:16.51] [ComponentService] <INFO> 正在注册： vb-transfer-conditionoption.vue文件 (ComponentService.plugin.js:251)
[16:29:16.51] [ComponentService] <INFO> 正在注册： vb-transfer-indexoption.vue文件 (ComponentService.plugin.js:251)
[16:29:16.52] [ComponentService] <INFO> 正在注册： vb-transfer-location.vue文件 (ComponentService.plugin.js:251)
[16:29:16.52] [ComponentService] <INFO> 正在注册： vb-transfer-mall.vue文件 (ComponentService.plugin.js:251)
[16:29:16.53] [ComponentService] <INFO> 正在注册： vb-transfer-physicalzone.vue文件 (ComponentService.plugin.js:251)
[16:29:16.53] [ComponentService] <INFO> 正在注册： vb-transfer-reportpage.vue文件 (ComponentService.plugin.js:251)
[16:29:16.53] [ComponentService] <INFO> 正在注册： vb-transfer-tag.vue文件 (ComponentService.plugin.js:251)
[16:29:16.54] [ComponentService] <INFO> 正在注册： vb-tree-category.vue文件 (ComponentService.plugin.js:251)
[16:29:16.54] [ComponentService] <INFO> 正在注册： vb-tree-location.vue文件 (ComponentService.plugin.js:251)
[16:29:16.55] [ComponentService] <INFO> 正在注册： vb-zonecamera-query.vue文件 (ComponentService.plugin.js:251)
[16:29:16.58] [ComponentService] <INFO> 正在注册： vx-basic-demo.vue文件 (ComponentService.plugin.js:251)
[16:29:16.59] [ComponentService] <INFO> 正在注册： vm-form-location.vue文件 (ComponentService.plugin.js:251)
[16:29:16.59] [ComponentService] <INFO> 正在注册： vm-grid-location.vue文件 (ComponentService.plugin.js:251)
[16:29:16.60] [ComponentService] <INFO> 正在注册： vm-select-company.vue文件 (ComponentService.plugin.js:251)
[16:29:16.60] [ComponentService] <INFO> 正在注册： vm-select-mall.vue文件 (ComponentService.plugin.js:251)
[16:29:16.61] [ComponentService] <INFO> 正在注册： vm-transfer-mall.vue文件 (ComponentService.plugin.js:251)
[16:29:16.61] [ComponentService] <INFO> 正在注册： vm-transfer-physicalzone.vue文件 (ComponentService.plugin.js:251)
[16:29:16.62] [ComponentService] <INFO> 正在注册： vm-transfer-reportpage.vue文件 (ComponentService.plugin.js:251)
[16:29:16.62] [ComponentService] <INFO> 正在注册： vm-tree-location.vue文件 (ComponentService.plugin.js:251)
[16:29:16.64] [ComponentService] <INFO> 正在注册： vm-page-grid.vue文件 (ComponentService.plugin.js:251)
[16:29:16.66] [ComponentService] <INFO> 正在注册： vx-basic-button.vue文件 (ComponentService.plugin.js:251)
[16:29:16.66] [ComponentService] <INFO> 正在注册： vx-basic-tree.vue文件 (ComponentService.plugin.js:251)
[16:29:16.66] [ComponentService] <INFO> 正在注册： vx-container-col.vue文件 (ComponentService.plugin.js:251)
[16:29:16.68] [ComponentService] <INFO> 正在注册： vx-container-combo.vue文件 (ComponentService.plugin.js:251)
[16:29:16.69] [ComponentService] <INFO> 正在注册： vx-container-dialog.vue文件 (ComponentService.plugin.js:251)
[16:29:16.71] [ComponentService] <INFO> 正在注册： vx-container-gridster.vue文件 (ComponentService.plugin.js:251)
[16:29:16.72] [ComponentService] <INFO> 正在注册： vx-container-item.vue文件 (ComponentService.plugin.js:251)
[16:29:16.73] [ComponentService] <INFO> 正在注册： vx-container-row.vue文件 (ComponentService.plugin.js:251)
[16:29:16.74] [ComponentService] <INFO> 正在注册： vx-container-tab.vue文件 (ComponentService.plugin.js:251)
[16:29:16.75] [ComponentService] <INFO> 正在注册： vx-form-cascader.vue文件 (ComponentService.plugin.js:251)
[16:29:16.76] [ComponentService] <INFO> 正在注册： vx-form-check.vue文件 (ComponentService.plugin.js:251)
[16:29:16.79] [ComponentService] <INFO> 正在注册： vx-form-clockpicker.vue文件 (ComponentService.plugin.js:251)
[16:29:16.80] [ComponentService] <INFO> 正在注册： vx-form-daterangepicker.vue文件 (ComponentService.plugin.js:251)
[16:29:16.81] [ComponentService] <INFO> 正在注册： vx-form-datesinglepicker.vue文件 (ComponentService.plugin.js:251)
[16:29:16.82] [ComponentService] <INFO> 正在注册： vx-form-group-select.vue文件 (ComponentService.plugin.js:251)
[16:29:16.83] [ComponentService] <INFO> 正在注册： vx-form-input.vue文件 (ComponentService.plugin.js:251)
[16:29:16.83] [ComponentService] <INFO> 正在注册： vx-form-location.vue文件 (ComponentService.plugin.js:251)
[16:29:16.84] [ComponentService] <INFO> 正在注册： vx-form-number.vue文件 (ComponentService.plugin.js:251)
[16:29:16.84] [ComponentService] <INFO> 正在注册： vx-form-password.vue文件 (ComponentService.plugin.js:251)
[16:29:16.85] [ComponentService] <INFO> 正在注册： vx-form-radio.vue文件 (ComponentService.plugin.js:251)
[16:29:16.86] [ComponentService] <INFO> 正在注册： vx-form-select.vue文件 (ComponentService.plugin.js:251)
[16:29:16.86] [ComponentService] <INFO> 正在注册： vx-form-transfer.vue文件 (ComponentService.plugin.js:251)
[16:29:16.87] [ComponentService] <INFO> 正在注册： vx-nav-breadcrumb.vue文件 (ComponentService.plugin.js:251)
[16:29:16.88] [ComponentService] <INFO> 正在注册： vx-nav-dropmenu.vue文件 (ComponentService.plugin.js:251)
[16:29:16.89] [ComponentService] <INFO> 正在注册： vx-nav-navmenu.vue文件 (ComponentService.plugin.js:251)
[16:29:16.90] [ComponentService] <INFO> 正在注册： vx-tab-pane.vue文件 (ComponentService.plugin.js:251)
[16:29:16.91] [ComponentService] <INFO> 正在注册： vx-tabs.vue文件 (ComponentService.plugin.js:251)
[16:29:16.92] [ComponentService] <INFO> 正在注册： vx-view-baidumap.vue文件 (ComponentService.plugin.js:251)
[16:29:16.92] [ComponentService] <INFO> 正在注册： vx-view-countup.vue文件 (ComponentService.plugin.js:251)
[16:29:16.94] [ComponentService] <INFO> 正在注册： vx-view-datatable.vue文件 (ComponentService.plugin.js:251)
[16:29:16.95] [ComponentService] <INFO> 正在注册： vx-view-dialog.vue文件 (ComponentService.plugin.js:251)
[16:29:16.95] [ComponentService] <INFO> 正在注册： vx-view-echart.vue文件 (ComponentService.plugin.js:251)
[16:29:16.96] [ComponentService] <INFO> 正在注册： vx-view-govmap.vue文件 (ComponentService.plugin.js:251)
[16:29:16.97] [ComponentService] <INFO> 正在注册： vx-view-heatmap.vue文件 (ComponentService.plugin.js:251)
[16:29:16.99] [ComponentService] <INFO> 正在注册： vx-view-linescroll.vue文件 (ComponentService.plugin.js:251)
[16:29:16.99] [ComponentService] <INFO> 正在注册： vx-view-map.vue文件 (ComponentService.plugin.js:251)
[16:29:17.00] [ComponentService] <INFO> 正在注册： vx-view-pagelist.vue文件 (ComponentService.plugin.js:251)
[16:29:17.01] [ComponentService] <INFO> 正在注册： vx-view-pagesize.vue文件 (ComponentService.plugin.js:251)
[16:29:17.01] [ComponentService] <INFO> 正在注册： vd-bd-datadetail.vue文件 (ComponentService.plugin.js:251)
[16:29:17.03] [ComponentService] <INFO> 正在注册： vd-bd-savedata.vue文件 (ComponentService.plugin.js:251)
[16:29:17.03] [ComponentService] <INFO> 正在注册： vd-company-activity.vue文件 (ComponentService.plugin.js:251)
[16:29:17.03] [ComponentService] <INFO> 正在注册： vd-company-businesstime.vue文件 (ComponentService.plugin.js:251)
[16:29:17.04] [ComponentService] <INFO> 正在注册： vd-company-company.vue文件 (ComponentService.plugin.js:251)
[16:29:17.05] [ComponentService] <INFO> 正在注册： vd-company-device.vue文件 (ComponentService.plugin.js:251)
[16:29:17.05] [ComponentService] <INFO> 正在注册： vd-company-holiday.vue文件 (ComponentService.plugin.js:251)
[16:29:17.06] [ComponentService] <INFO> 正在注册： vd-company-mall.vue文件 (ComponentService.plugin.js:251)
[16:29:17.06] [ComponentService] <INFO> 正在注册： vd-company-physicalzone.vue文件 (ComponentService.plugin.js:251)
[16:29:17.06] [ComponentService] <INFO> 正在注册： vd-company-tag.vue文件 (ComponentService.plugin.js:251)
[16:29:17.07] [ComponentService] <INFO> 正在注册： vd-log-mallupdate.vue文件 (ComponentService.plugin.js:251)
[16:29:17.07] [ComponentService] <INFO> 正在注册： vd-log-weather.vue文件 (ComponentService.plugin.js:251)
[16:29:17.08] [ComponentService] <INFO> 正在注册： vd-log-zoneupdate.vue文件 (ComponentService.plugin.js:251)
[16:29:17.08] [ComponentService] <INFO> 正在注册： vd-report-chartoption.vue文件 (ComponentService.plugin.js:251)
[16:29:17.09] [ComponentService] <INFO> 正在注册： vd-report-chartstyle.vue文件 (ComponentService.plugin.js:251)
[16:29:17.09] [ComponentService] <INFO> 正在注册： vd-report-conditionoption.vue文件 (ComponentService.plugin.js:251)
[16:29:17.10] [ComponentService] <INFO> 正在注册： vd-report-indexoption.vue文件 (ComponentService.plugin.js:251)
[16:29:17.10] [ComponentService] <INFO> 正在注册： vd-report-reportmenu.vue文件 (ComponentService.plugin.js:251)
[16:29:17.11] [ComponentService] <INFO> 正在注册： vd-report-reportpage.vue文件 (ComponentService.plugin.js:251)
[16:29:17.11] [ComponentService] <INFO> 正在注册： vd-report-servicelist.vue文件 (ComponentService.plugin.js:251)
[16:29:17.12] [ComponentService] <INFO> 正在注册： vd-system-category.vue文件 (ComponentService.plugin.js:251)
[16:29:17.12] [ComponentService] <INFO> 正在注册： vd-system-location.vue文件 (ComponentService.plugin.js:251)
[16:29:17.13] [ComponentService] <INFO> 正在注册： vd-system-menu.vue文件 (ComponentService.plugin.js:251)
[16:29:17.13] [ComponentService] <INFO> 正在注册： vd-system-role.vue文件 (ComponentService.plugin.js:251)
[16:29:17.14] [ComponentService] <INFO> 正在注册： vd-system-user.vue文件 (ComponentService.plugin.js:251)
[16:29:17.15] [ComponentService] <INFO> 正在注册： vd-system-usergroup.vue文件 (ComponentService.plugin.js:251)
[16:29:17.16] [ComponentService] <INFO> 正在注册： vm-form-activity.vue文件 (ComponentService.plugin.js:251)
[16:29:17.16] [ComponentService] <INFO> 正在注册： vm-form-activityplugin.vue文件 (ComponentService.plugin.js:251)
[16:29:17.17] [ComponentService] <INFO> 正在注册： vm-form-businesstime.vue文件 (ComponentService.plugin.js:251)
[16:29:17.18] [ComponentService] <INFO> 正在注册： vm-form-businesstimeplugin.vue文件 (ComponentService.plugin.js:251)
[16:29:17.18] [ComponentService] <INFO> 正在注册： vm-form-holiday.vue文件 (ComponentService.plugin.js:251)
[16:29:17.20] [ComponentService] <INFO> 正在注册： vm-form-mall.vue文件 (ComponentService.plugin.js:251)
[16:29:17.21] [ComponentService] <INFO> 正在注册： vm-form-mallupdate.vue文件 (ComponentService.plugin.js:251)
[16:29:17.21] [ComponentService] <INFO> 正在注册： vm-form-tag.vue文件 (ComponentService.plugin.js:251)
[16:29:17.23] [ComponentService] <INFO> 正在注册： vm-form-weather.vue文件 (ComponentService.plugin.js:251)
[16:29:17.23] [ComponentService] <INFO> 正在注册： vm-form-zoneupdate.vue文件 (ComponentService.plugin.js:251)
[16:29:17.24] [ComponentService] <INFO> 正在注册： vm-grid-activity.vue文件 (ComponentService.plugin.js:251)
[16:29:17.25] [ComponentService] <INFO> 正在注册： vm-grid-businesstime.vue文件 (ComponentService.plugin.js:251)
[16:29:17.26] [ComponentService] <INFO> 正在注册： vm-grid-historicalcount.vue文件 (ComponentService.plugin.js:251)
[16:29:17.26] [ComponentService] <INFO> 正在注册： vm-grid-historicaldwell.vue文件 (ComponentService.plugin.js:251)
[16:29:17.26] [ComponentService] <INFO> 正在注册： vm-grid-historicalfitting.vue文件 (ComponentService.plugin.js:251)
[16:29:17.27] [ComponentService] <INFO> 正在注册： vm-grid-historicalpassby.vue文件 (ComponentService.plugin.js:251)
[16:29:17.28] [ComponentService] <INFO> 正在注册： vm-grid-historicalsummary.vue文件 (ComponentService.plugin.js:251)
[16:29:17.28] [ComponentService] <INFO> 正在注册： vm-grid-holiday.vue文件 (ComponentService.plugin.js:251)
[16:29:17.29] [ComponentService] <INFO> 正在注册： vm-grid-mall.vue文件 (ComponentService.plugin.js:251)
[16:29:17.29] [ComponentService] <INFO> 正在注册： vm-grid-tag.vue文件 (ComponentService.plugin.js:251)
[16:29:17.29] [ComponentService] <INFO> 正在注册： vm-grid-weather.vue文件 (ComponentService.plugin.js:251)
[16:29:17.30] [ComponentService] <INFO> 正在注册： vm-manager-dataadjustment.vue文件 (ComponentService.plugin.js:251)
[16:29:17.32] [ComponentService] <INFO> 正在注册： vm-manager-datasummary.vue文件 (ComponentService.plugin.js:251)
[16:29:17.33] [ComponentService] <INFO> 正在注册： vm-report-times.vue文件 (ComponentService.plugin.js:251)
[16:29:17.33] [ComponentService] <INFO> 正在注册： vm-select-devicecode.vue文件 (ComponentService.plugin.js:251)
[16:29:17.34] [ComponentService] <INFO> 正在注册： vm-transfer-tag.vue文件 (ComponentService.plugin.js:251)
[16:29:17.35] [ComponentService] <INFO> 正在注册： vm-form-category.vue文件 (ComponentService.plugin.js:251)
[16:29:17.36] [ComponentService] <INFO> 正在注册： vm-form-componentslist.vue文件 (ComponentService.plugin.js:251)
[16:29:17.36] [ComponentService] <INFO> 正在注册： vm-form-menu.vue文件 (ComponentService.plugin.js:251)
[16:29:17.02] [ComponentService] <INFO> 正在注册： vd-bd-loaddata.vue文件 (ComponentService.plugin.js:251)
[16:29:17.37] [ComponentService] <INFO> 正在注册： vm-form-menuplugin.vue文件 (ComponentService.plugin.js:251)
[16:29:17.37] [ComponentService] <INFO> 正在注册： vm-form-role.vue文件 (ComponentService.plugin.js:251)
[16:29:17.38] [ComponentService] <INFO> 正在注册： vm-form-roleplugin.vue文件 (ComponentService.plugin.js:251)
[16:29:17.38] [ComponentService] <INFO> 正在注册： vm-form-servicelist.vue文件 (ComponentService.plugin.js:251)
[16:29:17.39] [ComponentService] <INFO> 正在注册： vm-form-user.vue文件 (ComponentService.plugin.js:251)
[16:29:17.39] [ComponentService] <INFO> 正在注册： vm-form-usergroup.vue文件 (ComponentService.plugin.js:251)
[16:29:17.40] [ComponentService] <INFO> 正在注册： vm-form-usergroupplugin.vue文件 (ComponentService.plugin.js:251)
[16:29:17.40] [ComponentService] <INFO> 正在注册： vm-form-usergroupreportpage.vue文件 (ComponentService.plugin.js:251)
[16:29:17.40] [ComponentService] <INFO> 正在注册： vm-form-usergroupzone.vue文件 (ComponentService.plugin.js:251)
[16:29:17.41] [ComponentService] <INFO> 正在注册： vm-form-userplugin.vue文件 (ComponentService.plugin.js:251)
[16:29:17.41] [ComponentService] <INFO> 正在注册： vm-grid-category.vue文件 (ComponentService.plugin.js:251)
[16:29:17.42] [ComponentService] <INFO> 正在注册： vm-grid-componentslist.vue文件 (ComponentService.plugin.js:251)
[16:29:17.42] [ComponentService] <INFO> 正在注册： vm-grid-menu.vue文件 (ComponentService.plugin.js:251)
[16:29:17.43] [ComponentService] <INFO> 正在注册： vm-grid-role.vue文件 (ComponentService.plugin.js:251)
[16:29:17.43] [ComponentService] <INFO> 正在注册： vm-grid-servicelist.vue文件 (ComponentService.plugin.js:251)
[16:29:17.44] [ComponentService] <INFO> 正在注册： vm-grid-user.vue文件 (ComponentService.plugin.js:251)
[16:29:17.44] [ComponentService] <INFO> 正在注册： vm-grid-usergroup.vue文件 (ComponentService.plugin.js:251)
[16:29:17.45] [ComponentService] <INFO> 正在注册： vm-nav-menu.vue文件 (ComponentService.plugin.js:251)
[16:29:17.46] [ComponentService] <INFO> 正在注册： vm-select-role.vue文件 (ComponentService.plugin.js:251)
[16:29:17.47] [ComponentService] <INFO> 正在注册： vm-select-usergroup.vue文件 (ComponentService.plugin.js:251)
[16:29:17.47] [ComponentService] <INFO> 正在注册： vm-tree-category.vue文件 (ComponentService.plugin.js:251)
[16:29:17.48] [ComponentService] <INFO> 正在注册： vm-tree-menu.vue文件 (ComponentService.plugin.js:251)
[16:29:17.49] [ComponentService] <INFO> 正在注册： vm-tree-role.vue文件 (ComponentService.plugin.js:251)
[16:29:17.71] [App] <ERROR> 404: Not Found ... /components/css-loader.css (app.js:100)
[16:29:18.33] [App] <ERROR> 404: Not Found ... /favicon.ico (app.js:100)
[16:29:23.91] [ServiceLoader] <INFO> 注册服务ComponentService 成功！ (ServiceLoader.js:69)
[16:29:23.91] [ServiceLoader] <INFO> 注册服务PageService 成功！ (ServiceLoader.js:69)
[16:31:19.26] [ServiceLoader] <ERROR> ServiceLoader http://192.168.10.234:9109/ApiService.html?op=run connected err:  (ServiceLoader.js:204)
[16:31:19.27] [ServiceLoader] <ERROR> ServiceLoader { Error: socket hang up
    at createHangUpError (_http_client.js:331:15)
    at Socket.socketOnEnd (_http_client.js:423:23)
    at emitNone (events.js:111:20)
    at Socket.emit (events.js:208:7)
    at endReadableNT (_stream_readable.js:1055:12)
    at _combinedTickCallback (internal/process/next_tick.js:138:11)
    at process._tickCallback (internal/process/next_tick.js:180:9) code: 'ECONNRESET' } (ServiceLoader.js:205)
[16:33:19.23] [ServiceLoader] <ERROR> ServiceLoader http://192.168.10.234:9109/ApiService.html?op=run connected err:  (ServiceLoader.js:204)
[16:33:19.24] [ServiceLoader] <ERROR> ServiceLoader { Error: socket hang up
    at createHangUpError (_http_client.js:331:15)
    at Socket.socketOnEnd (_http_client.js:423:23)
    at emitNone (events.js:111:20)
    at Socket.emit (events.js:208:7)
    at endReadableNT (_stream_readable.js:1055:12)
    at _combinedTickCallback (internal/process/next_tick.js:138:11)
    at process._tickCallback (internal/process/next_tick.js:180:9) code: 'ECONNRESET' } (ServiceLoader.js:205)
