[18:01:19.50] [App] <ERROR> 404: Not Found ... /components/css-loader.css (app.js:100)
[18:01:20.03] [App] <ERROR> 404: Not Found ... /favicon.ico (app.js:100)
[18:01:20.16] [PageService] <ERROR> ReferenceError: template is not defined
    at eval (eval at loadComponent (C:\Users\INTFORCE170914-1\Documents\项目开发\智慧商业4.0\00_组件开发环境\plugins\ComponentService\PageService.plugin.js:172:19), <anonymous>:1:30)
    at eval (eval at loadComponent (C:\Users\INTFORCE170914-1\Documents\项目开发\智慧商业4.0\00_组件开发环境\plugins\ComponentService\PageService.plugin.js:172:19), <anonymous>:1:847)
    at loadComponent (C:\Users\INTFORCE170914-1\Documents\项目开发\智慧商业4.0\00_组件开发环境\plugins\ComponentService\PageService.plugin.js:172:19)
    at loadTags (C:\Users\INTFORCE170914-1\Documents\项目开发\智慧商业4.0\00_组件开发环境\plugins\ComponentService\PageService.plugin.js:126:19)
    at iService.op_loadTags (C:\Users\INTFORCE170914-1\Documents\项目开发\智慧商业4.0\00_组件开发环境\plugins\ComponentService\PageService.plugin.js:102:7)
    at async.auto.RunService (C:\Users\INTFORCE170914-1\Documents\项目开发\智慧商业4.0\00_组件开发环境\plugins\ServiceLoader.js:126:56)
    at runTask (C:\Users\INTFORCE170914-1\Documents\项目开发\智慧商业4.0\00_组件开发环境\node_modules\async\dist\async.js:1632:13)
    at C:\Users\INTFORCE170914-1\Documents\项目开发\智慧商业4.0\00_组件开发环境\node_modules\async\dist\async.js:1572:13
    at processQueue (C:\Users\INTFORCE170914-1\Documents\项目开发\智慧商业4.0\00_组件开发环境\node_modules\async\dist\async.js:1582:13)
    at taskComplete (C:\Users\INTFORCE170914-1\Documents\项目开发\智慧商业4.0\00_组件开发环境\node_modules\async\dist\async.js:1601:9) (PageService.plugin.js:182)
[18:01:20.16] [PageService] <ERROR> {template:template,props:{visible:{defalut:!1},title:{defalut:"信息窗口"},width:{defalut:580},height:{defalut:""},form:{defalut:function(){return{}}}},data:function(){var id="XV"+(moment().format("x")+parseInt(Math.random()*(1e8+1)));return{LoaderDict:LoaderDict,Id:id,LayIndex:null}},computed:{Visible:{get:function(){return this.visible},set:function(val){this.$emit("update:visible",val)}}},watch:{visible:function(){this.updateDialog()}},methods:{updateDialog:function(){var me=this;if(this.visible){var box=jQuery("#"+this.Id),opt={id:"xvd-"+this.Id,type:1,zIndex:1e3,title:this.title,area:this.width,content:box,scrollbar:!1,offset:"150px",shadeClose:!0,btn:!1,end:function(){me.$emit("update:visible",!1)}};this.LayIndex=layer.open(opt)}else layer.close(this.LayIndex)},closeDialog:function(){layer.close(this.LayIndex)}}} (PageService.plugin.js:183)
[18:02:00.14] [ComponentService] <INFO> 正在注册： vm-select-company.vue文件 (ComponentService.plugin.js:249)
[18:02:02.32] [App] <ERROR> 404: Not Found ... /components/css-loader.css (app.js:100)
[18:02:03.16] [PageService] <ERROR> ReferenceError: template is not defined
    at eval (eval at loadComponent (C:\Users\INTFORCE170914-1\Documents\项目开发\智慧商业4.0\00_组件开发环境\plugins\ComponentService\PageService.plugin.js:172:19), <anonymous>:1:30)
    at eval (eval at loadComponent (C:\Users\INTFORCE170914-1\Documents\项目开发\智慧商业4.0\00_组件开发环境\plugins\ComponentService\PageService.plugin.js:172:19), <anonymous>:1:847)
    at loadComponent (C:\Users\INTFORCE170914-1\Documents\项目开发\智慧商业4.0\00_组件开发环境\plugins\ComponentService\PageService.plugin.js:172:19)
    at loadTags (C:\Users\INTFORCE170914-1\Documents\项目开发\智慧商业4.0\00_组件开发环境\plugins\ComponentService\PageService.plugin.js:126:19)
    at iService.op_loadTags (C:\Users\INTFORCE170914-1\Documents\项目开发\智慧商业4.0\00_组件开发环境\plugins\ComponentService\PageService.plugin.js:102:7)
    at async.auto.RunService (C:\Users\INTFORCE170914-1\Documents\项目开发\智慧商业4.0\00_组件开发环境\plugins\ServiceLoader.js:126:56)
    at runTask (C:\Users\INTFORCE170914-1\Documents\项目开发\智慧商业4.0\00_组件开发环境\node_modules\async\dist\async.js:1632:13)
    at C:\Users\INTFORCE170914-1\Documents\项目开发\智慧商业4.0\00_组件开发环境\node_modules\async\dist\async.js:1572:13
    at processQueue (C:\Users\INTFORCE170914-1\Documents\项目开发\智慧商业4.0\00_组件开发环境\node_modules\async\dist\async.js:1582:13)
    at taskComplete (C:\Users\INTFORCE170914-1\Documents\项目开发\智慧商业4.0\00_组件开发环境\node_modules\async\dist\async.js:1601:9) (PageService.plugin.js:182)
[18:02:03.17] [PageService] <ERROR> {template:template,props:{visible:{defalut:!1},title:{defalut:"信息窗口"},width:{defalut:580},height:{defalut:""},form:{defalut:function(){return{}}}},data:function(){var id="XV"+(moment().format("x")+parseInt(Math.random()*(1e8+1)));return{LoaderDict:LoaderDict,Id:id,LayIndex:null}},computed:{Visible:{get:function(){return this.visible},set:function(val){this.$emit("update:visible",val)}}},watch:{visible:function(){this.updateDialog()}},methods:{updateDialog:function(){var me=this;if(this.visible){var box=jQuery("#"+this.Id),opt={id:"xvd-"+this.Id,type:1,zIndex:1e3,title:this.title,area:this.width,content:box,scrollbar:!1,offset:"150px",shadeClose:!0,btn:!1,end:function(){me.$emit("update:visible",!1)}};this.LayIndex=layer.open(opt)}else layer.close(this.LayIndex)},closeDialog:function(){layer.close(this.LayIndex)}}} (PageService.plugin.js:183)
[18:02:03.22] [App] <ERROR> 404: Not Found ... /favicon.ico (app.js:100)
[18:02:40.62] [App] <ERROR> 404: Not Found ... /components/css-loader.css (app.js:100)
[18:02:41.41] [App] <ERROR> 404: Not Found ... /favicon.ico (app.js:100)
[18:02:41.54] [PageService] <ERROR> ReferenceError: template is not defined
    at eval (eval at loadComponent (C:\Users\INTFORCE170914-1\Documents\项目开发\智慧商业4.0\00_组件开发环境\plugins\ComponentService\PageService.plugin.js:172:19), <anonymous>:1:30)
    at eval (eval at loadComponent (C:\Users\INTFORCE170914-1\Documents\项目开发\智慧商业4.0\00_组件开发环境\plugins\ComponentService\PageService.plugin.js:172:19), <anonymous>:1:847)
    at loadComponent (C:\Users\INTFORCE170914-1\Documents\项目开发\智慧商业4.0\00_组件开发环境\plugins\ComponentService\PageService.plugin.js:172:19)
    at loadTags (C:\Users\INTFORCE170914-1\Documents\项目开发\智慧商业4.0\00_组件开发环境\plugins\ComponentService\PageService.plugin.js:126:19)
    at iService.op_loadTags (C:\Users\INTFORCE170914-1\Documents\项目开发\智慧商业4.0\00_组件开发环境\plugins\ComponentService\PageService.plugin.js:102:7)
    at async.auto.RunService (C:\Users\INTFORCE170914-1\Documents\项目开发\智慧商业4.0\00_组件开发环境\plugins\ServiceLoader.js:126:56)
    at runTask (C:\Users\INTFORCE170914-1\Documents\项目开发\智慧商业4.0\00_组件开发环境\node_modules\async\dist\async.js:1632:13)
    at C:\Users\INTFORCE170914-1\Documents\项目开发\智慧商业4.0\00_组件开发环境\node_modules\async\dist\async.js:1572:13
    at processQueue (C:\Users\INTFORCE170914-1\Documents\项目开发\智慧商业4.0\00_组件开发环境\node_modules\async\dist\async.js:1582:13)
    at taskComplete (C:\Users\INTFORCE170914-1\Documents\项目开发\智慧商业4.0\00_组件开发环境\node_modules\async\dist\async.js:1601:9) (PageService.plugin.js:182)
[18:02:41.55] [PageService] <ERROR> {template:template,props:{visible:{defalut:!1},title:{defalut:"信息窗口"},width:{defalut:580},height:{defalut:""},form:{defalut:function(){return{}}}},data:function(){var id="XV"+(moment().format("x")+parseInt(Math.random()*(1e8+1)));return{LoaderDict:LoaderDict,Id:id,LayIndex:null}},computed:{Visible:{get:function(){return this.visible},set:function(val){this.$emit("update:visible",val)}}},watch:{visible:function(){this.updateDialog()}},methods:{updateDialog:function(){var me=this;if(this.visible){var box=jQuery("#"+this.Id),opt={id:"xvd-"+this.Id,type:1,zIndex:1e3,title:this.title,area:this.width,content:box,scrollbar:!1,offset:"150px",shadeClose:!0,btn:!1,end:function(){me.$emit("update:visible",!1)}};this.LayIndex=layer.open(opt)}else layer.close(this.LayIndex)},closeDialog:function(){layer.close(this.LayIndex)}}} (PageService.plugin.js:183)
[18:03:16.73] [App] <ERROR> 404: Not Found ... /components/css-loader.css (app.js:100)
[18:03:17.28] [App] <ERROR> 404: Not Found ... /favicon.ico (app.js:100)
[18:04:24.22] [ComponentService] <INFO> 正在注册： vm-form-company.vue文件 (ComponentService.plugin.js:249)
[18:04:26.22] [ComponentService] <INFO> 正在注册： vm-form-company.vue文件 (ComponentService.plugin.js:249)
[18:04:27.72] [App] <ERROR> 404: Not Found ... /components/css-loader.css (app.js:100)
[18:04:28.35] [App] <ERROR> 404: Not Found ... /favicon.ico (app.js:100)
[18:04:56.36] [ComponentService] <INFO> 正在注册： vm-form-company.vue文件 (ComponentService.plugin.js:249)
[18:04:57.57] [ComponentService] <INFO> 正在注册： vm-form-company.vue文件 (ComponentService.plugin.js:249)
[18:04:58.85] [App] <ERROR> 404: Not Found ... /components/css-loader.css (app.js:100)
[18:04:59.52] [App] <ERROR> 404: Not Found ... /favicon.ico (app.js:100)
[18:07:06.51] [ConfigLoader] <INFO> init ConfigLoader (ConfigLoader.js:13)
[18:07:07.05] [ServiceLoader] <INFO> init ServiceLoader (ServiceLoader.js:27)
[18:07:07.06] [PluginLoader] <INFO> init PluginLoader (PluginLoader.js:18)
[18:07:07.99] [PluginLoader] <INFO> init ComponentService (PluginLoader.js:201)
[18:07:09.39] [PluginLoader] <INFO> init PageService (PluginLoader.js:201)
[18:07:09.40] [IntForce] <LOG> 启动组件开发测试环境，端口号：8160 (intforce.js:22)
[18:07:09.44] [ComponentService] <INFO> 正在注册： vb-cascader-city.vue文件 (ComponentService.plugin.js:249)
[18:07:09.45] [ComponentService] <INFO> 正在注册： vb-form-activity.vue文件 (ComponentService.plugin.js:249)
[18:07:09.46] [ComponentService] <INFO> 正在注册： vb-form-businesstime.vue文件 (ComponentService.plugin.js:249)
[18:07:09.47] [ComponentService] <INFO> 正在注册： vb-form-businesstimeplugin.vue文件 (ComponentService.plugin.js:249)
[18:07:09.48] [ComponentService] <INFO> 正在注册： vb-form-chartoption.vue文件 (ComponentService.plugin.js:249)
[18:07:09.49] [ComponentService] <INFO> 正在注册： vb-form-chartstyle.vue文件 (ComponentService.plugin.js:249)
[18:07:09.49] [ComponentService] <INFO> 正在注册： vb-form-company.vue文件 (ComponentService.plugin.js:249)
[18:07:09.50] [ComponentService] <INFO> 正在注册： vb-form-conditionoption.vue文件 (ComponentService.plugin.js:249)
[18:07:09.51] [ComponentService] <INFO> 正在注册： vb-form-fencezone.vue文件 (ComponentService.plugin.js:249)
[18:07:09.52] [ComponentService] <INFO> 正在注册： vb-form-holiday.vue文件 (ComponentService.plugin.js:249)
[18:07:09.53] [ComponentService] <INFO> 正在注册： vb-form-indexoption.vue文件 (ComponentService.plugin.js:249)
[18:07:09.56] [ComponentService] <INFO> 正在注册： vb-form-location.vue文件 (ComponentService.plugin.js:249)
[18:07:09.56] [ComponentService] <INFO> 正在注册： vb-form-mall.vue文件 (ComponentService.plugin.js:249)
[18:07:09.57] [ComponentService] <INFO> 正在注册： vb-form-physicalzone.vue文件 (ComponentService.plugin.js:249)
[18:07:09.58] [ComponentService] <INFO> 正在注册： vb-form-reportmenu.vue文件 (ComponentService.plugin.js:249)
[18:07:09.58] [ComponentService] <INFO> 正在注册： vb-form-reportpage.vue文件 (ComponentService.plugin.js:249)
[18:07:09.59] [ComponentService] <INFO> 正在注册： vb-form-tag.vue文件 (ComponentService.plugin.js:249)
[18:07:09.59] [ComponentService] <INFO> 正在注册： vb-form-transfer-mall.vue文件 (ComponentService.plugin.js:249)
[18:07:09.60] [ComponentService] <INFO> 正在注册： vb-form-weather.vue文件 (ComponentService.plugin.js:249)
[18:07:09.61] [ComponentService] <INFO> 正在注册： vb-grid-activity.vue文件 (ComponentService.plugin.js:249)
[18:07:09.62] [ComponentService] <INFO> 正在注册： vb-grid-businesstime.vue文件 (ComponentService.plugin.js:249)
[18:07:09.64] [ComponentService] <INFO> 正在注册： vb-grid-chartoption.vue文件 (ComponentService.plugin.js:249)
[18:07:09.65] [ComponentService] <INFO> 正在注册： vb-grid-chartstyle.vue文件 (ComponentService.plugin.js:249)
[18:07:09.65] [ComponentService] <INFO> 正在注册： vb-grid-company.vue文件 (ComponentService.plugin.js:249)
[18:07:09.66] [ComponentService] <INFO> 正在注册： vb-grid-conditionoption.vue文件 (ComponentService.plugin.js:249)
[18:07:09.66] [ComponentService] <INFO> 正在注册： vb-grid-fencezone.vue文件 (ComponentService.plugin.js:249)
[18:07:09.67] [ComponentService] <INFO> 正在注册： vb-grid-holiday.vue文件 (ComponentService.plugin.js:249)
[18:07:09.68] [ComponentService] <INFO> 正在注册： vb-grid-indexoption.vue文件 (ComponentService.plugin.js:249)
[18:07:09.69] [ComponentService] <INFO> 正在注册： vb-grid-location.vue文件 (ComponentService.plugin.js:249)
[18:07:09.69] [ComponentService] <INFO> 正在注册： vb-grid-mall.vue文件 (ComponentService.plugin.js:249)
[18:07:09.70] [ComponentService] <INFO> 正在注册： vb-grid-physicalzone.vue文件 (ComponentService.plugin.js:249)
[18:07:09.70] [ComponentService] <INFO> 正在注册： vb-grid-reportmenu.vue文件 (ComponentService.plugin.js:249)
[18:07:09.70] [ComponentService] <INFO> 正在注册： vb-grid-reportpage.vue文件 (ComponentService.plugin.js:249)
[18:07:09.71] [ComponentService] <INFO> 正在注册： vb-grid-role.vue文件 (ComponentService.plugin.js:249)
[18:07:09.72] [ComponentService] <INFO> 正在注册： vb-grid-tag.vue文件 (ComponentService.plugin.js:249)
[18:07:09.73] [ComponentService] <INFO> 正在注册： vb-grid-user.vue文件 (ComponentService.plugin.js:249)
[18:07:09.73] [ComponentService] <INFO> 正在注册： vb-grid-weather.vue文件 (ComponentService.plugin.js:249)
[18:07:09.74] [ComponentService] <INFO> 正在注册： vb-log-malllog.vue文件 (ComponentService.plugin.js:249)
[18:07:09.75] [ComponentService] <INFO> 正在注册： vb-log-mallupdate.vue文件 (ComponentService.plugin.js:249)
[18:07:09.76] [ComponentService] <INFO> 正在注册： vb-log-zonelog.vue文件 (ComponentService.plugin.js:249)
[18:07:09.76] [ComponentService] <INFO> 正在注册： vb-log-zoneupdate.vue文件 (ComponentService.plugin.js:249)
[18:07:09.76] [ComponentService] <INFO> 正在注册： vb-page-activity.vue文件 (ComponentService.plugin.js:249)
[18:07:09.77] [ComponentService] <INFO> 正在注册： vb-page-businesstime.vue文件 (ComponentService.plugin.js:249)
[18:07:09.77] [ComponentService] <INFO> 正在注册： vb-page-chartoption.vue文件 (ComponentService.plugin.js:249)
[18:07:09.78] [ComponentService] <INFO> 正在注册： vb-page-chartstyle.vue文件 (ComponentService.plugin.js:249)
[18:07:09.78] [ComponentService] <INFO> 正在注册： vb-page-company.vue文件 (ComponentService.plugin.js:249)
[18:07:09.79] [ComponentService] <INFO> 正在注册： vb-page-conditionoption.vue文件 (ComponentService.plugin.js:249)
[18:07:09.80] [ComponentService] <INFO> 正在注册： vb-page-holiday.vue文件 (ComponentService.plugin.js:249)
[18:07:09.80] [ComponentService] <INFO> 正在注册： vb-page-indexoption.vue文件 (ComponentService.plugin.js:249)
[18:07:09.81] [ComponentService] <INFO> 正在注册： vb-page-mall.vue文件 (ComponentService.plugin.js:249)
[18:07:09.81] [ComponentService] <INFO> 正在注册： vb-page-reportmenu.vue文件 (ComponentService.plugin.js:249)
[18:07:09.82] [ComponentService] <INFO> 正在注册： vb-page-reportpage.vue文件 (ComponentService.plugin.js:249)
[18:07:09.82] [ComponentService] <INFO> 正在注册： vb-page-tag.vue文件 (ComponentService.plugin.js:249)
[18:07:09.82] [ComponentService] <INFO> 正在注册： vb-page-weather.vue文件 (ComponentService.plugin.js:249)
[18:07:09.83] [ComponentService] <INFO> 正在注册： vb-select-chartoption.vue文件 (ComponentService.plugin.js:249)
[18:07:09.84] [ComponentService] <INFO> 正在注册： vb-select-chartstyle.vue文件 (ComponentService.plugin.js:249)
[18:07:09.84] [ComponentService] <INFO> 正在注册： vb-select-company.vue文件 (ComponentService.plugin.js:249)
[18:07:09.85] [ComponentService] <INFO> 正在注册： vb-select-device.vue文件 (ComponentService.plugin.js:249)
[18:07:09.85] [ComponentService] <INFO> 正在注册： vb-select-fencezone.vue文件 (ComponentService.plugin.js:249)
[18:07:09.85] [ComponentService] <INFO> 正在注册： vb-select-indexoption.vue文件 (ComponentService.plugin.js:249)
[18:07:09.86] [ComponentService] <INFO> 正在注册： vb-select-mall.vue文件 (ComponentService.plugin.js:249)
[18:07:09.86] [ComponentService] <INFO> 正在注册： vb-select-menutype.vue文件 (ComponentService.plugin.js:249)
[18:07:09.87] [ComponentService] <INFO> 正在注册： vb-select-physicalzone.vue文件 (ComponentService.plugin.js:249)
[18:07:09.88] [ComponentService] <INFO> 正在注册： vb-select-reportmenu.vue文件 (ComponentService.plugin.js:249)
[18:07:09.88] [ComponentService] <INFO> 正在注册： vb-select-role.vue文件 (ComponentService.plugin.js:249)
[18:07:09.89] [ComponentService] <INFO> 正在注册： vb-select-usergroup.vue文件 (ComponentService.plugin.js:249)
[18:07:09.89] [ComponentService] <INFO> 正在注册： vb-select-zonetype.vue文件 (ComponentService.plugin.js:249)
[18:07:09.90] [ComponentService] <INFO> 正在注册： vb-transfer-chartoption.vue文件 (ComponentService.plugin.js:249)
[18:07:09.90] [ComponentService] <INFO> 正在注册： vb-transfer-conditionoption.vue文件 (ComponentService.plugin.js:249)
[18:07:09.90] [ComponentService] <INFO> 正在注册： vb-transfer-indexoption.vue文件 (ComponentService.plugin.js:249)
[18:07:09.91] [ComponentService] <INFO> 正在注册： vb-transfer-location.vue文件 (ComponentService.plugin.js:249)
[18:07:09.91] [ComponentService] <INFO> 正在注册： vb-transfer-mall.vue文件 (ComponentService.plugin.js:249)
[18:07:09.92] [ComponentService] <INFO> 正在注册： vb-transfer-physicalzone.vue文件 (ComponentService.plugin.js:249)
[18:07:09.93] [ComponentService] <INFO> 正在注册： vb-transfer-reportpage.vue文件 (ComponentService.plugin.js:249)
[18:07:09.93] [ComponentService] <INFO> 正在注册： vb-transfer-tag.vue文件 (ComponentService.plugin.js:249)
[18:07:09.94] [ComponentService] <INFO> 正在注册： vb-tree-category.vue文件 (ComponentService.plugin.js:249)
[18:07:09.94] [ComponentService] <INFO> 正在注册： vb-tree-location.vue文件 (ComponentService.plugin.js:249)
[18:07:09.95] [ComponentService] <INFO> 正在注册： vb-zonecamera-query.vue文件 (ComponentService.plugin.js:249)
[18:07:09.95] [ComponentService] <INFO> 正在注册： vd-bd-devicezone.vue文件 (ComponentService.plugin.js:249)
[18:07:09.96] [ComponentService] <INFO> 正在注册： vd-bd-fencezone.vue文件 (ComponentService.plugin.js:249)
[18:07:09.96] [ComponentService] <INFO> 正在注册： vd-bd-grid.vue文件 (ComponentService.plugin.js:249)
[18:07:09.97] [ComponentService] <INFO> 正在注册： vd-bd-loaddata.vue文件 (ComponentService.plugin.js:249)
[18:07:09.97] [ComponentService] <INFO> 正在注册： vd-bd-physicallinkeddevice.vue文件 (ComponentService.plugin.js:249)
[18:07:09.98] [ComponentService] <INFO> 正在注册： vd-bd-savedata.vue文件 (ComponentService.plugin.js:249)
[18:07:10.02] [ComponentService] <INFO> 正在注册： vx-basic-demo.vue文件 (ComponentService.plugin.js:249)
[18:07:10.06] [ComponentService] <INFO> 正在注册： vx-basic-button.vue文件 (ComponentService.plugin.js:249)
[18:07:10.07] [ComponentService] <INFO> 正在注册： vx-basic-tree.vue文件 (ComponentService.plugin.js:249)
[18:07:10.07] [ComponentService] <INFO> 正在注册： vx-container-col.vue文件 (ComponentService.plugin.js:249)
[18:07:10.08] [ComponentService] <INFO> 正在注册： vx-container-combo.vue文件 (ComponentService.plugin.js:249)
[18:07:10.09] [ComponentService] <INFO> 正在注册： vx-container-dialog.vue文件 (ComponentService.plugin.js:249)
[18:07:10.10] [ComponentService] <INFO> 正在注册： vx-container-gridster.vue文件 (ComponentService.plugin.js:249)
[18:07:10.11] [ComponentService] <INFO> 正在注册： vx-container-item.vue文件 (ComponentService.plugin.js:249)
[18:07:10.11] [ComponentService] <INFO> 正在注册： vx-container-row.vue文件 (ComponentService.plugin.js:249)
[18:07:10.11] [ComponentService] <INFO> 正在注册： vx-container-tabs.vue文件 (ComponentService.plugin.js:249)
[18:07:10.12] [ComponentService] <INFO> 正在注册： vx-form-cascader.vue文件 (ComponentService.plugin.js:249)
[18:07:10.12] [ComponentService] <INFO> 正在注册： vx-form-check.vue文件 (ComponentService.plugin.js:249)
[18:07:10.16] [ComponentService] <INFO> 正在注册： vx-form-clockpicker.vue文件 (ComponentService.plugin.js:249)
[18:07:10.16] [ComponentService] <INFO> 正在注册： vx-form-daterangepicker.vue文件 (ComponentService.plugin.js:249)
[18:07:10.17] [ComponentService] <INFO> 正在注册： vx-form-datesinglepicker.vue文件 (ComponentService.plugin.js:249)
[18:07:10.18] [ComponentService] <INFO> 正在注册： vx-form-group-select.vue文件 (ComponentService.plugin.js:249)
[18:07:10.19] [ComponentService] <INFO> 正在注册： vx-form-input.vue文件 (ComponentService.plugin.js:249)
[18:07:10.20] [ComponentService] <INFO> 正在注册： vx-form-location.vue文件 (ComponentService.plugin.js:249)
[18:07:10.21] [ComponentService] <INFO> 正在注册： vx-form-map.vue文件 (ComponentService.plugin.js:249)
[18:07:10.22] [ComponentService] <INFO> 正在注册： vx-form-mapmark.vue文件 (ComponentService.plugin.js:249)
[18:07:10.23] [ComponentService] <INFO> 正在注册： vx-form-number.vue文件 (ComponentService.plugin.js:249)
[18:07:10.23] [ComponentService] <INFO> 正在注册： vx-form-password.vue文件 (ComponentService.plugin.js:249)
[18:07:10.24] [ComponentService] <INFO> 正在注册： vx-form-radio.vue文件 (ComponentService.plugin.js:249)
[18:07:10.25] [ComponentService] <INFO> 正在注册： vx-form-select.vue文件 (ComponentService.plugin.js:249)
[18:07:10.25] [ComponentService] <INFO> 正在注册： vx-form-textarea.vue文件 (ComponentService.plugin.js:249)
[18:07:10.26] [ComponentService] <INFO> 正在注册： vx-form-transfer.vue文件 (ComponentService.plugin.js:249)
[18:07:10.28] [ComponentService] <INFO> 正在注册： vx-form-upload.vue文件 (ComponentService.plugin.js:249)
[18:07:10.28] [ComponentService] <INFO> 正在注册： vx-nav-breadcrumb.vue文件 (ComponentService.plugin.js:249)
[18:07:10.29] [ComponentService] <INFO> 正在注册： vx-nav-dropmenu.vue文件 (ComponentService.plugin.js:249)
[18:07:10.30] [ComponentService] <INFO> 正在注册： vx-nav-navmenu.vue文件 (ComponentService.plugin.js:249)
[18:07:10.31] [ComponentService] <INFO> 正在注册： vx-view-baidumap.vue文件 (ComponentService.plugin.js:249)
[18:07:10.32] [ComponentService] <INFO> 正在注册： vx-view-countup.vue文件 (ComponentService.plugin.js:249)
[18:07:10.35] [ComponentService] <INFO> 正在注册： vx-view-datatable.vue文件 (ComponentService.plugin.js:249)
[18:07:10.37] [ComponentService] <INFO> 正在注册： vx-view-dialog.vue文件 (ComponentService.plugin.js:249)
[18:07:10.37] [ComponentService] <INFO> 正在注册： vx-view-echart.vue文件 (ComponentService.plugin.js:249)
[18:07:10.38] [ComponentService] <INFO> 正在注册： vx-view-govmap.vue文件 (ComponentService.plugin.js:249)
[18:07:10.38] [ComponentService] <INFO> 正在注册： vx-view-heatmap.vue文件 (ComponentService.plugin.js:249)
[18:07:10.41] [ComponentService] <INFO> 正在注册： vx-view-linescroll.vue文件 (ComponentService.plugin.js:249)
[18:07:10.41] [ComponentService] <INFO> 正在注册： vx-view-map.vue文件 (ComponentService.plugin.js:249)
[18:07:10.42] [ComponentService] <INFO> 正在注册： vx-view-pagelist.vue文件 (ComponentService.plugin.js:249)
[18:07:10.43] [ComponentService] <INFO> 正在注册： vx-view-pagesize.vue文件 (ComponentService.plugin.js:249)
[18:07:10.43] [ComponentService] <INFO> 正在注册： vb-cascader-city.vue文件 (ComponentService.plugin.js:249)
[18:07:10.44] [ComponentService] <INFO> 正在注册： vb-form-company.vue文件 (ComponentService.plugin.js:249)
[18:07:10.45] [ComponentService] <INFO> 正在注册： vb-form-companyplugin.vue文件 (ComponentService.plugin.js:249)
[18:07:10.46] [ComponentService] <INFO> 正在注册： vb-form-device.vue文件 (ComponentService.plugin.js:249)
[18:07:10.46] [ComponentService] <INFO> 正在注册： vb-form-devicezone.vue文件 (ComponentService.plugin.js:249)
[18:07:10.47] [ComponentService] <INFO> 正在注册： vb-form-location.vue文件 (ComponentService.plugin.js:249)
[18:07:10.50] [ComponentService] <INFO> 正在注册： vb-form-mall.vue文件 (ComponentService.plugin.js:249)
[18:07:10.51] [ComponentService] <INFO> 正在注册： vb-form-physicalzone.vue文件 (ComponentService.plugin.js:249)
[18:07:10.51] [ComponentService] <INFO> 正在注册： vb-form-physicalzoneplugin.vue文件 (ComponentService.plugin.js:249)
[18:07:10.52] [ComponentService] <INFO> 正在注册： vb-form-subsetzone.vue文件 (ComponentService.plugin.js:249)
[18:07:10.53] [ComponentService] <INFO> 正在注册： vb-form-tag.vue文件 (ComponentService.plugin.js:249)
[18:07:10.54] [ComponentService] <INFO> 正在注册： vb-form-transfer-mall.vue文件 (ComponentService.plugin.js:249)
[18:07:10.54] [ComponentService] <INFO> 正在注册： vb-grid-company.vue文件 (ComponentService.plugin.js:249)
[18:07:10.55] [ComponentService] <INFO> 正在注册： vb-grid-device.vue文件 (ComponentService.plugin.js:249)
[18:07:10.55] [ComponentService] <INFO> 正在注册： vb-grid-distribute.vue文件 (ComponentService.plugin.js:249)
[18:07:10.56] [ComponentService] <INFO> 正在注册： vb-grid-duration.vue文件 (ComponentService.plugin.js:249)
[18:07:10.56] [ComponentService] <INFO> 正在注册： vb-grid-fencezone.vue文件 (ComponentService.plugin.js:249)
[18:07:10.57] [ComponentService] <INFO> 正在注册： vb-grid-linkeddevicezone.vue文件 (ComponentService.plugin.js:249)
[18:07:10.58] [ComponentService] <INFO> 正在注册： vb-grid-location.vue文件 (ComponentService.plugin.js:249)
[18:07:10.58] [ComponentService] <INFO> 正在注册： vb-grid-mall.vue文件 (ComponentService.plugin.js:249)
[18:07:10.59] [ComponentService] <INFO> 正在注册： vb-grid-physicalzone.vue文件 (ComponentService.plugin.js:249)
[18:07:10.59] [ComponentService] <INFO> 正在注册： vb-grid-shop.vue文件 (ComponentService.plugin.js:249)
[18:07:10.60] [ComponentService] <INFO> 正在注册： vb-grid-tag.vue文件 (ComponentService.plugin.js:249)
[18:07:10.60] [ComponentService] <INFO> 正在注册： vb-grid-terminal.vue文件 (ComponentService.plugin.js:249)
[18:07:10.61] [ComponentService] <INFO> 正在注册： vb-grid-timesharing.vue文件 (ComponentService.plugin.js:249)
[18:07:10.62] [ComponentService] <INFO> 正在注册： vb-grid-unlinkeddevicezone.vue文件 (ComponentService.plugin.js:249)
[18:07:10.63] [ComponentService] <INFO> 正在注册： vb-layout-content.vue文件 (ComponentService.plugin.js:249)
[18:07:10.63] [ComponentService] <INFO> 正在注册： vb-layout-footer.vue文件 (ComponentService.plugin.js:249)
[18:07:10.65] [ComponentService] <INFO> 正在注册： vb-layout-header.vue文件 (ComponentService.plugin.js:249)
[18:07:10.65] [ComponentService] <INFO> 正在注册： vb-layout-main.vue文件 (ComponentService.plugin.js:249)
[18:07:10.68] [ComponentService] <INFO> 正在注册： vb-layout-pageheader.vue文件 (ComponentService.plugin.js:249)
[18:07:10.69] [ComponentService] <INFO> 正在注册： vb-layout-right.vue文件 (ComponentService.plugin.js:249)
[18:07:10.70] [ComponentService] <INFO> 正在注册： vb-layout-sidemenu.vue文件 (ComponentService.plugin.js:249)
[18:07:10.71] [ComponentService] <INFO> 正在注册： vb-page-company.vue文件 (ComponentService.plugin.js:249)
[18:07:10.71] [ComponentService] <INFO> 正在注册： vb-page-mall.vue文件 (ComponentService.plugin.js:249)
[18:07:10.72] [ComponentService] <INFO> 正在注册： vb-page-tag.vue文件 (ComponentService.plugin.js:249)
[18:07:10.73] [ComponentService] <INFO> 正在注册： vb-scope-duration.vue文件 (ComponentService.plugin.js:249)
[18:07:10.73] [ComponentService] <INFO> 正在注册： vb-scope-physicalzone.vue文件 (ComponentService.plugin.js:249)
[18:07:10.74] [ComponentService] <INFO> 正在注册： vb-select-camerazone.vue文件 (ComponentService.plugin.js:249)
[18:07:10.74] [ComponentService] <INFO> 正在注册： vb-select-company.vue文件 (ComponentService.plugin.js:249)
[18:07:10.74] [ComponentService] <INFO> 正在注册： vb-select-device.vue文件 (ComponentService.plugin.js:249)
[18:07:10.75] [ComponentService] <INFO> 正在注册： vb-select-fencezone.vue文件 (ComponentService.plugin.js:249)
[18:07:10.76] [ComponentService] <INFO> 正在注册： vb-select-floor.vue文件 (ComponentService.plugin.js:249)
[18:07:10.76] [ComponentService] <INFO> 正在注册： vb-select-mall.vue文件 (ComponentService.plugin.js:249)
[18:07:10.77] [ComponentService] <INFO> 正在注册： vb-select-physicalzone.vue文件 (ComponentService.plugin.js:249)
[18:07:10.78] [ComponentService] <INFO> 正在注册： vb-select-reportmenu.vue文件 (ComponentService.plugin.js:249)
[18:07:10.78] [ComponentService] <INFO> 正在注册： vb-select-zonetype.vue文件 (ComponentService.plugin.js:249)
[18:07:10.78] [ComponentService] <INFO> 正在注册： vb-subset-devicezone.vue文件 (ComponentService.plugin.js:249)
[18:07:10.79] [ComponentService] <INFO> 正在注册： vb-transfer-chartoption.vue文件 (ComponentService.plugin.js:249)
[18:07:10.79] [ComponentService] <INFO> 正在注册： vb-transfer-location.vue文件 (ComponentService.plugin.js:249)
[18:07:10.80] [ComponentService] <INFO> 正在注册： vb-transfer-mall.vue文件 (ComponentService.plugin.js:249)
[18:07:10.80] [ComponentService] <INFO> 正在注册： vb-transfer-physicalzone.vue文件 (ComponentService.plugin.js:249)
[18:07:10.81] [ComponentService] <INFO> 正在注册： vb-tree-location.vue文件 (ComponentService.plugin.js:249)
[18:07:10.82] [ComponentService] <INFO> 正在注册： vd-bd-cloumn.vue文件 (ComponentService.plugin.js:249)
[18:07:10.82] [ComponentService] <INFO> 正在注册： vd-bd-company.vue文件 (ComponentService.plugin.js:249)
[18:07:10.82] [ComponentService] <INFO> 正在注册： vd-bd-device.vue文件 (ComponentService.plugin.js:249)
[18:07:10.83] [ComponentService] <INFO> 正在注册： vd-bd-devicezone.vue文件 (ComponentService.plugin.js:249)
[18:07:10.83] [ComponentService] <INFO> 正在注册： vd-bd-duration.vue文件 (ComponentService.plugin.js:249)
[18:07:10.84] [ComponentService] <INFO> 正在注册： vd-bd-fencezone.vue文件 (ComponentService.plugin.js:249)
[18:07:10.85] [ComponentService] <INFO> 正在注册： vd-bd-location.vue文件 (ComponentService.plugin.js:249)
[18:07:10.85] [ComponentService] <INFO> 正在注册： vd-bd-mall.vue文件 (ComponentService.plugin.js:249)
[18:07:10.86] [ComponentService] <INFO> 正在注册： vd-bd-online.vue文件 (ComponentService.plugin.js:249)
[18:07:10.86] [ComponentService] <INFO> 正在注册： vd-bd-onlineuser.vue文件 (ComponentService.plugin.js:249)
[18:07:10.87] [ComponentService] <INFO> 正在注册： vd-bd-physicallinkeddevice.vue文件 (ComponentService.plugin.js:249)
[18:07:10.87] [ComponentService] <INFO> 正在注册： vd-bd-physicalunlinkeddevice.vue文件 (ComponentService.plugin.js:249)
[18:07:10.88] [ComponentService] <INFO> 正在注册： vd-bd-physicalzone.vue文件 (ComponentService.plugin.js:249)
[18:07:10.88] [ComponentService] <INFO> 正在注册： vd-bd-report.vue文件 (ComponentService.plugin.js:249)
[18:07:10.89] [ComponentService] <INFO> 正在注册： vd-bd-table.vue文件 (ComponentService.plugin.js:249)
[18:07:10.90] [ComponentService] <INFO> 正在注册： vm-form-location.vue文件 (ComponentService.plugin.js:249)
[18:07:10.90] [ComponentService] <INFO> 正在注册： vm-grid-location.vue文件 (ComponentService.plugin.js:249)
[18:07:10.91] [ComponentService] <INFO> 正在注册： vm-select-company.vue文件 (ComponentService.plugin.js:249)
[18:07:10.91] [ComponentService] <INFO> 正在注册： vm-select-mall.vue文件 (ComponentService.plugin.js:249)
[18:07:10.92] [ComponentService] <INFO> 正在注册： vm-transfer-mall.vue文件 (ComponentService.plugin.js:249)
[18:07:10.92] [ComponentService] <INFO> 正在注册： vm-transfer-physicalzone.vue文件 (ComponentService.plugin.js:249)
[18:07:10.93] [ComponentService] <INFO> 正在注册： vm-transfer-reportpage.vue文件 (ComponentService.plugin.js:249)
[18:07:10.94] [ComponentService] <INFO> 正在注册： vm-tree-location.vue文件 (ComponentService.plugin.js:249)
[18:07:10.96] [ComponentService] <INFO> 正在注册： vp-footer-default.vue文件 (ComponentService.plugin.js:249)
[18:07:10.99] [ComponentService] <INFO> 正在注册： vp-header-default.vue文件 (ComponentService.plugin.js:249)
[18:07:11.01] [ComponentService] <INFO> 正在注册： vp-header-filer.vue文件 (ComponentService.plugin.js:249)
[18:07:11.03] [ComponentService] <INFO> 正在注册： vp-header-nav.vue文件 (ComponentService.plugin.js:249)
[18:07:11.04] [ComponentService] <INFO> 正在注册： vp-main-home-default.vue文件 (ComponentService.plugin.js:249)
[18:07:11.04] [ComponentService] <INFO> 正在注册： vp-main-report-default.vue文件 (ComponentService.plugin.js:249)
[18:07:11.05] [ComponentService] <INFO> 正在注册： vp-nav-homeicon.vue文件 (ComponentService.plugin.js:249)
[18:07:11.05] [ComponentService] <INFO> 正在注册： vp-page-grid.vue文件 (ComponentService.plugin.js:249)
[18:07:11.06] [ComponentService] <INFO> 正在注册： vp-widget-flowdistribution.vue文件 (ComponentService.plugin.js:249)
[18:07:11.07] [ComponentService] <INFO> 正在注册： vp-widget-flowtime.vue文件 (ComponentService.plugin.js:249)
[18:07:11.08] [ComponentService] <INFO> 正在注册： vp-widget-home-chart.vue文件 (ComponentService.plugin.js:249)
[18:07:11.08] [ComponentService] <INFO> 正在注册： vp-widget-home-data.vue文件 (ComponentService.plugin.js:249)
[18:07:11.10] [ComponentService] <INFO> 正在注册： vp-widget-home-ranking.vue文件 (ComponentService.plugin.js:249)
[18:07:11.12] [ComponentService] <INFO> 正在注册： vp-widget-report-compare.vue文件 (ComponentService.plugin.js:249)
[18:07:11.15] [ComponentService] <INFO> 正在注册： vp-widget-time-selection.vue文件 (ComponentService.plugin.js:249)
[18:07:11.16] [ComponentService] <INFO> 正在注册： vx-basic-button.vue文件 (ComponentService.plugin.js:249)
[18:07:11.16] [ComponentService] <INFO> 正在注册： vx-basic-tree.vue文件 (ComponentService.plugin.js:249)
[18:07:11.17] [ComponentService] <INFO> 正在注册： vx-container-col.vue文件 (ComponentService.plugin.js:249)
[18:07:11.17] [ComponentService] <INFO> 正在注册： vx-container-combo.vue文件 (ComponentService.plugin.js:249)
[18:07:11.18] [ComponentService] <INFO> 正在注册： vx-container-dialog.vue文件 (ComponentService.plugin.js:249)
[18:07:11.19] [ComponentService] <INFO> 正在注册： vx-container-gridster.vue文件 (ComponentService.plugin.js:249)
[18:07:11.20] [ComponentService] <INFO> 正在注册： vx-container-item.vue文件 (ComponentService.plugin.js:249)
[18:07:11.20] [ComponentService] <INFO> 正在注册： vx-container-row.vue文件 (ComponentService.plugin.js:249)
[18:07:11.20] [ComponentService] <INFO> 正在注册： vx-container-tab.vue文件 (ComponentService.plugin.js:249)
[18:07:11.21] [ComponentService] <INFO> 正在注册： vx-form-cascader.vue文件 (ComponentService.plugin.js:249)
[18:07:11.22] [ComponentService] <INFO> 正在注册： vx-form-check.vue文件 (ComponentService.plugin.js:249)
[18:07:11.24] [ComponentService] <INFO> 正在注册： vx-form-clockpicker.vue文件 (ComponentService.plugin.js:249)
[18:07:11.25] [ComponentService] <INFO> 正在注册： vx-form-daterangepicker.vue文件 (ComponentService.plugin.js:249)
[18:07:11.26] [ComponentService] <INFO> 正在注册： vx-form-datesinglepicker.vue文件 (ComponentService.plugin.js:249)
[18:07:11.27] [ComponentService] <INFO> 正在注册： vx-form-group-select.vue文件 (ComponentService.plugin.js:249)
[18:07:11.27] [ComponentService] <INFO> 正在注册： vx-form-input.vue文件 (ComponentService.plugin.js:249)
[18:07:11.28] [ComponentService] <INFO> 正在注册： vx-form-location.vue文件 (ComponentService.plugin.js:249)
[18:07:11.30] [ComponentService] <INFO> 正在注册： vx-form-number.vue文件 (ComponentService.plugin.js:249)
[18:07:11.30] [ComponentService] <INFO> 正在注册： vx-form-password.vue文件 (ComponentService.plugin.js:249)
[18:07:11.31] [ComponentService] <INFO> 正在注册： vx-form-radio.vue文件 (ComponentService.plugin.js:249)
[18:07:11.31] [ComponentService] <INFO> 正在注册： vx-form-select.vue文件 (ComponentService.plugin.js:249)
[18:07:11.32] [ComponentService] <INFO> 正在注册： vx-form-transfer.vue文件 (ComponentService.plugin.js:249)
[18:07:11.33] [ComponentService] <INFO> 正在注册： vx-nav-breadcrumb.vue文件 (ComponentService.plugin.js:249)
[18:07:11.34] [ComponentService] <INFO> 正在注册： vx-nav-dropmenu.vue文件 (ComponentService.plugin.js:249)
[18:07:11.35] [ComponentService] <INFO> 正在注册： vx-nav-navmenu.vue文件 (ComponentService.plugin.js:249)
[18:07:11.35] [ComponentService] <INFO> 正在注册： vx-tab-pane.vue文件 (ComponentService.plugin.js:249)
[18:07:11.35] [ComponentService] <INFO> 正在注册： vx-tabs.vue文件 (ComponentService.plugin.js:249)
[18:07:11.36] [ComponentService] <INFO> 正在注册： vx-view-baidumap.vue文件 (ComponentService.plugin.js:249)
[18:07:11.36] [ComponentService] <INFO> 正在注册： vx-view-countup.vue文件 (ComponentService.plugin.js:249)
[18:07:11.38] [ComponentService] <INFO> 正在注册： vx-view-datatable.vue文件 (ComponentService.plugin.js:249)
[18:07:11.39] [ComponentService] <INFO> 正在注册： vx-view-dialog.vue文件 (ComponentService.plugin.js:249)
[18:07:11.40] [ComponentService] <INFO> 正在注册： vx-view-echart.vue文件 (ComponentService.plugin.js:249)
[18:07:11.40] [ComponentService] <INFO> 正在注册： vx-view-govmap.vue文件 (ComponentService.plugin.js:249)
[18:07:11.40] [ComponentService] <INFO> 正在注册： vx-view-heatmap.vue文件 (ComponentService.plugin.js:249)
[18:07:11.41] [ComponentService] <INFO> 正在注册： vx-view-linescroll.vue文件 (ComponentService.plugin.js:249)
[18:07:11.44] [ComponentService] <INFO> 正在注册： vx-view-map.vue文件 (ComponentService.plugin.js:249)
[18:07:11.45] [ComponentService] <INFO> 正在注册： vx-view-pagelist.vue文件 (ComponentService.plugin.js:249)
[18:07:11.46] [ComponentService] <INFO> 正在注册： vx-view-pagesize.vue文件 (ComponentService.plugin.js:249)
[18:07:11.52] [ComponentService] <INFO> 正在注册： vm-form-activity.vue文件 (ComponentService.plugin.js:249)
[18:07:11.53] [ComponentService] <INFO> 正在注册： vm-form-activityplugin.vue文件 (ComponentService.plugin.js:249)
[18:07:11.53] [ComponentService] <INFO> 正在注册： vm-form-businesstime.vue文件 (ComponentService.plugin.js:249)
[18:07:11.54] [ComponentService] <INFO> 正在注册： vm-form-businesstimeplugin.vue文件 (ComponentService.plugin.js:249)
[18:07:11.54] [ComponentService] <INFO> 正在注册： vm-form-changepassword.vue文件 (ComponentService.plugin.js:249)
[18:07:11.55] [ComponentService] <INFO> 正在注册： vm-form-holiday.vue文件 (ComponentService.plugin.js:249)
[18:07:11.56] [ComponentService] <INFO> 正在注册： vm-form-mall.vue文件 (ComponentService.plugin.js:249)
[18:07:11.56] [ComponentService] <INFO> 正在注册： vm-form-mallupdate.vue文件 (ComponentService.plugin.js:249)
[18:07:11.58] [ComponentService] <INFO> 正在注册： vm-form-selectxy.vue文件 (ComponentService.plugin.js:249)
[18:07:11.58] [ComponentService] <INFO> 正在注册： vm-form-tag.vue文件 (ComponentService.plugin.js:249)
[18:07:11.59] [ComponentService] <INFO> 正在注册： vm-form-weather.vue文件 (ComponentService.plugin.js:249)
[18:07:11.59] [ComponentService] <INFO> 正在注册： vm-form-zoneupdate.vue文件 (ComponentService.plugin.js:249)
[18:07:11.60] [ComponentService] <INFO> 正在注册： vm-grid-activity.vue文件 (ComponentService.plugin.js:249)
[18:07:11.60] [ComponentService] <INFO> 正在注册： vm-grid-businesstime.vue文件 (ComponentService.plugin.js:249)
[18:07:11.61] [ComponentService] <INFO> 正在注册： vm-grid-historicalcount.vue文件 (ComponentService.plugin.js:249)
[18:07:11.62] [ComponentService] <INFO> 正在注册： vm-grid-historicaldwell.vue文件 (ComponentService.plugin.js:249)
[18:07:11.62] [ComponentService] <INFO> 正在注册： vm-grid-historicalfitting.vue文件 (ComponentService.plugin.js:249)
[18:07:11.63] [ComponentService] <INFO> 正在注册： vm-grid-historicalpassby.vue文件 (ComponentService.plugin.js:249)
[18:07:11.63] [ComponentService] <INFO> 正在注册： vm-grid-historicalsummary.vue文件 (ComponentService.plugin.js:249)
[18:07:11.64] [ComponentService] <INFO> 正在注册： vm-grid-holiday.vue文件 (ComponentService.plugin.js:249)
[18:07:11.64] [ComponentService] <INFO> 正在注册： vm-grid-mall.vue文件 (ComponentService.plugin.js:249)
[18:07:11.64] [ComponentService] <INFO> 正在注册： vm-grid-tag.vue文件 (ComponentService.plugin.js:249)
[18:07:11.65] [ComponentService] <INFO> 正在注册： vm-grid-weather.vue文件 (ComponentService.plugin.js:249)
[18:07:11.65] [ComponentService] <INFO> 正在注册： vm-grid-zonerelated.vue文件 (ComponentService.plugin.js:249)
[18:07:11.66] [ComponentService] <INFO> 正在注册： vm-log-mallupdate.vue文件 (ComponentService.plugin.js:249)
[18:07:11.68] [ComponentService] <INFO> 正在注册： vm-log-zoneupdate.vue文件 (ComponentService.plugin.js:249)
[18:07:11.68] [ComponentService] <INFO> 正在注册： vm-manager-dataadjustment.vue文件 (ComponentService.plugin.js:249)
[18:07:11.69] [ComponentService] <INFO> 正在注册： vm-manager-datasummary.vue文件 (ComponentService.plugin.js:249)
[18:07:11.69] [ComponentService] <INFO> 正在注册： vm-report-times.vue文件 (ComponentService.plugin.js:249)
[18:07:11.70] [ComponentService] <INFO> 正在注册： vm-select-devicecode.vue文件 (ComponentService.plugin.js:249)
[18:07:11.71] [ComponentService] <INFO> 正在注册： vm-transfer-tag.vue文件 (ComponentService.plugin.js:249)
[18:07:11.71] [ComponentService] <INFO> 正在注册： vm-cascader-city.vue文件 (ComponentService.plugin.js:249)
[18:07:11.72] [ComponentService] <INFO> 正在注册： vm-cascader-location.vue文件 (ComponentService.plugin.js:249)
[18:07:11.72] [ComponentService] <INFO> 正在注册： vm-form-company.vue文件 (ComponentService.plugin.js:249)
[18:07:11.73] [ComponentService] <INFO> 正在注册： vm-form-companyindex.vue文件 (ComponentService.plugin.js:249)
[18:07:11.74] [ComponentService] <INFO> 正在注册： vm-form-companyplugin.vue文件 (ComponentService.plugin.js:249)
[18:07:11.74] [ComponentService] <INFO> 正在注册： vm-form-device.vue文件 (ComponentService.plugin.js:249)
[18:07:11.75] [ComponentService] <INFO> 正在注册： vm-form-devicezone.vue文件 (ComponentService.plugin.js:249)
[18:07:11.77] [ComponentService] <INFO> 正在注册： vm-form-location.vue文件 (ComponentService.plugin.js:249)
[18:07:11.77] [ComponentService] <INFO> 正在注册： vm-form-mall.vue文件 (ComponentService.plugin.js:249)
[18:07:11.78] [ComponentService] <INFO> 正在注册： vm-form-physicalzone.vue文件 (ComponentService.plugin.js:249)
[18:07:11.79] [ComponentService] <INFO> 正在注册： vm-form-physicalzoneplugin.vue文件 (ComponentService.plugin.js:249)
[18:07:11.80] [ComponentService] <INFO> 正在注册： vm-form-subsetzone.vue文件 (ComponentService.plugin.js:249)
[18:07:11.80] [ComponentService] <INFO> 正在注册： vm-form-transfer-mall.vue文件 (ComponentService.plugin.js:249)
[18:07:11.81] [ComponentService] <INFO> 正在注册： vm-grid-company.vue文件 (ComponentService.plugin.js:249)
[18:07:11.81] [ComponentService] <INFO> 正在注册： vm-grid-device.vue文件 (ComponentService.plugin.js:249)
[18:07:11.82] [ComponentService] <INFO> 正在注册： vm-grid-linkeddevicezone.vue文件 (ComponentService.plugin.js:249)
[18:07:11.82] [ComponentService] <INFO> 正在注册： vm-grid-location.vue文件 (ComponentService.plugin.js:249)
[18:07:11.82] [ComponentService] <INFO> 正在注册： vm-grid-mall.vue文件 (ComponentService.plugin.js:249)
[18:07:11.83] [ComponentService] <INFO> 正在注册： vm-grid-physicalzone.vue文件 (ComponentService.plugin.js:249)
[18:07:11.83] [ComponentService] <INFO> 正在注册： vm-grid-unlinkeddevicezone.vue文件 (ComponentService.plugin.js:249)
[18:07:11.84] [ComponentService] <INFO> 正在注册： vm-page-company.vue文件 (ComponentService.plugin.js:249)
[18:07:11.85] [ComponentService] <INFO> 正在注册： vm-page-mall.vue文件 (ComponentService.plugin.js:249)
[18:07:11.85] [ComponentService] <INFO> 正在注册： vm-scope-physicalzone.vue文件 (ComponentService.plugin.js:249)
[18:07:11.86] [ComponentService] <INFO> 正在注册： vm-select-camerazone.vue文件 (ComponentService.plugin.js:249)
[18:07:11.86] [ComponentService] <INFO> 正在注册： vm-select-company.vue文件 (ComponentService.plugin.js:249)
[18:07:11.87] [ComponentService] <INFO> 正在注册： vm-select-device.vue文件 (ComponentService.plugin.js:249)
[18:07:11.87] [ComponentService] <INFO> 正在注册： vm-select-floor.vue文件 (ComponentService.plugin.js:249)
[18:07:11.87] [ComponentService] <INFO> 正在注册： vm-select-mall.vue文件 (ComponentService.plugin.js:249)
[18:07:11.88] [ComponentService] <INFO> 正在注册： vm-select-physicalzone.vue文件 (ComponentService.plugin.js:249)
[18:07:11.88] [ComponentService] <INFO> 正在注册： vm-select-zonetype.vue文件 (ComponentService.plugin.js:249)
[18:07:11.89] [ComponentService] <INFO> 正在注册： vm-subset-devicezone.vue文件 (ComponentService.plugin.js:249)
[18:07:11.89] [ComponentService] <INFO> 正在注册： vm-transfer-location.vue文件 (ComponentService.plugin.js:249)
[18:07:11.90] [ComponentService] <INFO> 正在注册： vm-transfer-mall.vue文件 (ComponentService.plugin.js:249)
[18:07:11.90] [ComponentService] <INFO> 正在注册： vm-transfer-physicalzone.vue文件 (ComponentService.plugin.js:249)
[18:07:11.91] [ComponentService] <INFO> 正在注册： vm-tree-location.vue文件 (ComponentService.plugin.js:249)
[18:07:11.91] [ComponentService] <INFO> 正在注册： vm-check-location.vue文件 (ComponentService.plugin.js:249)
[18:07:11.93] [ComponentService] <INFO> 正在注册： vm-choose-locationchoose.vue文件 (ComponentService.plugin.js:249)
[18:07:11.93] [ComponentService] <INFO> 正在注册： vm-form-chartoption.vue文件 (ComponentService.plugin.js:249)
[18:07:11.94] [ComponentService] <INFO> 正在注册： vm-form-chartstyle.vue文件 (ComponentService.plugin.js:249)
[18:07:11.95] [ComponentService] <INFO> 正在注册： vm-form-conditionoption.vue文件 (ComponentService.plugin.js:249)
[18:07:11.96] [ComponentService] <INFO> 正在注册： vm-form-indexoption.vue文件 (ComponentService.plugin.js:249)
[18:07:11.96] [ComponentService] <INFO> 正在注册： vm-form-reportmenu.vue文件 (ComponentService.plugin.js:249)
[18:07:11.97] [ComponentService] <INFO> 正在注册： vm-form-reportpage.vue文件 (ComponentService.plugin.js:249)
[18:07:11.97] [ComponentService] <INFO> 正在注册： vm-form-transfer-chartoption.vue文件 (ComponentService.plugin.js:249)
[18:07:11.98] [ComponentService] <INFO> 正在注册： vm-form-transfer-chartstyle.vue文件 (ComponentService.plugin.js:249)
[18:07:11.98] [ComponentService] <INFO> 正在注册： vm-form-transfer-conditionoption.vue文件 (ComponentService.plugin.js:249)
[18:07:11.98] [ComponentService] <INFO> 正在注册： vm-form-transfer-indexoption.vue文件 (ComponentService.plugin.js:249)
[18:07:11.99] [ComponentService] <INFO> 正在注册： vm-grid-chartoption.vue文件 (ComponentService.plugin.js:249)
[18:07:11.99] [ComponentService] <INFO> 正在注册： vm-grid-chartstyle.vue文件 (ComponentService.plugin.js:249)
[18:07:11.100] [ComponentService] <INFO> 正在注册： vm-grid-conditionoption.vue文件 (ComponentService.plugin.js:249)
[18:07:12.00] [ComponentService] <INFO> 正在注册： vm-grid-indexoption.vue文件 (ComponentService.plugin.js:249)
[18:07:12.01] [ComponentService] <INFO> 正在注册： vm-grid-reportmenu.vue文件 (ComponentService.plugin.js:249)
[18:07:12.01] [ComponentService] <INFO> 正在注册： vm-grid-reportpage.vue文件 (ComponentService.plugin.js:249)
[18:07:12.01] [ComponentService] <INFO> 正在注册： vm-mall-locations-mall.vue文件 (ComponentService.plugin.js:249)
[18:07:12.02] [ComponentService] <INFO> 正在注册： vm-select-chartoption.vue文件 (ComponentService.plugin.js:249)
[18:07:12.02] [ComponentService] <INFO> 正在注册： vm-select-chartstyle.vue文件 (ComponentService.plugin.js:249)
[18:07:12.02] [ComponentService] <INFO> 正在注册： vm-select-conditionoption.vue文件 (ComponentService.plugin.js:249)
[18:07:12.03] [ComponentService] <INFO> 正在注册： vm-select-indexoption.vue文件 (ComponentService.plugin.js:249)
[18:07:12.03] [ComponentService] <INFO> 正在注册： vm-select-menutype.vue文件 (ComponentService.plugin.js:249)
[18:07:12.04] [ComponentService] <INFO> 正在注册： vm-select-reportmenu.vue文件 (ComponentService.plugin.js:249)
[18:07:12.04] [ComponentService] <INFO> 正在注册： vm-select-serviceid.vue文件 (ComponentService.plugin.js:249)
[18:07:12.05] [ComponentService] <INFO> 正在注册： vm-transfer-chartoption.vue文件 (ComponentService.plugin.js:249)
[18:07:12.05] [ComponentService] <INFO> 正在注册： vm-transfer-chartstyle.vue文件 (ComponentService.plugin.js:249)
[18:07:12.05] [ComponentService] <INFO> 正在注册： vm-transfer-conditionoption.vue文件 (ComponentService.plugin.js:249)
[18:07:12.06] [ComponentService] <INFO> 正在注册： vm-transfer-indexoption.vue文件 (ComponentService.plugin.js:249)
[18:07:12.06] [ComponentService] <INFO> 正在注册： vm-transfer-reportpage.vue文件 (ComponentService.plugin.js:249)
[18:07:12.06] [ComponentService] <INFO> 正在注册： vb-nav-menu.vue文件 (ComponentService.plugin.js:249)
[18:07:12.07] [ComponentService] <INFO> 正在注册： vp-footer-default.vue文件 (ComponentService.plugin.js:249)
[18:07:12.08] [ComponentService] <INFO> 正在注册： vp-header-default.vue文件 (ComponentService.plugin.js:249)
[18:07:12.08] [ComponentService] <INFO> 正在注册： vp-layout-content.vue文件 (ComponentService.plugin.js:249)
[18:07:12.09] [ComponentService] <INFO> 正在注册： vp-layout-main.vue文件 (ComponentService.plugin.js:249)
[18:07:12.09] [ComponentService] <INFO> 正在注册： vp-layout-menumain-tree.vue文件 (ComponentService.plugin.js:249)
[18:07:12.10] [ComponentService] <INFO> 正在注册： vp-layout-menumain.vue文件 (ComponentService.plugin.js:249)
[18:07:12.10] [ComponentService] <INFO> 正在注册： vp-layout-right.vue文件 (ComponentService.plugin.js:249)
[18:07:12.11] [ComponentService] <INFO> 正在注册： vp-nav-breadcrumb.vue文件 (ComponentService.plugin.js:249)
[18:07:12.11] [ComponentService] <INFO> 正在注册： vp-nav-leftmenu.vue文件 (ComponentService.plugin.js:249)
[18:07:12.12] [ComponentService] <INFO> 正在注册： vp-nav-menu.vue文件 (ComponentService.plugin.js:249)
[18:07:12.14] [ComponentService] <INFO> 正在注册： vp-nav-pageinfo.vue文件 (ComponentService.plugin.js:249)
[18:07:12.14] [ComponentService] <INFO> 正在注册： vm-form-category.vue文件 (ComponentService.plugin.js:249)
[18:07:12.15] [ComponentService] <INFO> 正在注册： vm-form-componentslist.vue文件 (ComponentService.plugin.js:249)
[18:07:12.15] [ComponentService] <INFO> 正在注册： vm-form-menu.vue文件 (ComponentService.plugin.js:249)
[18:07:12.15] [ComponentService] <INFO> 正在注册： vm-form-menuplugin.vue文件 (ComponentService.plugin.js:249)
[18:07:12.16] [ComponentService] <INFO> 正在注册： vm-form-role.vue文件 (ComponentService.plugin.js:249)
[18:07:12.16] [ComponentService] <INFO> 正在注册： vm-form-roleplugin.vue文件 (ComponentService.plugin.js:249)
[18:07:12.17] [ComponentService] <INFO> 正在注册： vm-form-servicelist.vue文件 (ComponentService.plugin.js:249)
[18:07:12.18] [ComponentService] <INFO> 正在注册： vm-form-user.vue文件 (ComponentService.plugin.js:249)
[18:07:12.18] [ComponentService] <INFO> 正在注册： vm-form-usergroup.vue文件 (ComponentService.plugin.js:249)
[18:07:12.19] [ComponentService] <INFO> 正在注册： vm-form-usergroupplugin.vue文件 (ComponentService.plugin.js:249)
[18:07:12.19] [ComponentService] <INFO> 正在注册： vm-form-usergroupreportpage.vue文件 (ComponentService.plugin.js:249)
[18:07:12.19] [ComponentService] <INFO> 正在注册： vm-form-usergroupzone.vue文件 (ComponentService.plugin.js:249)
[18:07:12.20] [ComponentService] <INFO> 正在注册： vm-form-userplugin.vue文件 (ComponentService.plugin.js:249)
[18:07:12.20] [ComponentService] <INFO> 正在注册： vm-grid-category.vue文件 (ComponentService.plugin.js:249)
[18:07:12.21] [ComponentService] <INFO> 正在注册： vm-grid-componentslist.vue文件 (ComponentService.plugin.js:249)
[18:07:12.21] [ComponentService] <INFO> 正在注册： vm-grid-menu.vue文件 (ComponentService.plugin.js:249)
[18:07:12.22] [ComponentService] <INFO> 正在注册： vm-grid-role.vue文件 (ComponentService.plugin.js:249)
[18:07:12.22] [ComponentService] <INFO> 正在注册： vm-grid-servicelist.vue文件 (ComponentService.plugin.js:249)
[18:07:12.22] [ComponentService] <INFO> 正在注册： vm-grid-user.vue文件 (ComponentService.plugin.js:249)
[18:07:12.23] [ComponentService] <INFO> 正在注册： vm-grid-usergroup.vue文件 (ComponentService.plugin.js:249)
[18:07:12.23] [ComponentService] <INFO> 正在注册： vm-nav-menu.vue文件 (ComponentService.plugin.js:249)
[18:07:12.23] [ComponentService] <INFO> 正在注册： vm-select-role.vue文件 (ComponentService.plugin.js:249)
[18:07:12.24] [ComponentService] <INFO> 正在注册： vm-select-usergroup.vue文件 (ComponentService.plugin.js:249)
[18:07:12.24] [ComponentService] <INFO> 正在注册： vm-tree-category.vue文件 (ComponentService.plugin.js:249)
[18:07:12.25] [ComponentService] <INFO> 正在注册： vm-tree-menu.vue文件 (ComponentService.plugin.js:249)
[18:07:12.25] [ComponentService] <INFO> 正在注册： vm-tree-role.vue文件 (ComponentService.plugin.js:249)
[18:07:12.25] [ComponentService] <INFO> 正在注册： vm-layout-page.vue文件 (ComponentService.plugin.js:249)
[18:07:12.26] [ComponentService] <INFO> 正在注册： vm-page-grid.vue文件 (ComponentService.plugin.js:249)
[18:07:12.26] [ComponentService] <INFO> 正在注册： vp-layout-page.vue文件 (ComponentService.plugin.js:249)
[18:07:12.26] [ComponentService] <INFO> 正在注册： vp-page-grid.vue文件 (ComponentService.plugin.js:249)
[18:07:12.26] [ComponentService] <INFO> 正在注册： vx-basic-button.vue文件 (ComponentService.plugin.js:249)
[18:07:12.27] [ComponentService] <INFO> 正在注册： vx-basic-tree.vue文件 (ComponentService.plugin.js:249)
[18:07:12.27] [ComponentService] <INFO> 正在注册： vx-container-col.vue文件 (ComponentService.plugin.js:249)
[18:07:12.27] [ComponentService] <INFO> 正在注册： vx-container-combo.vue文件 (ComponentService.plugin.js:249)
[18:07:12.28] [ComponentService] <INFO> 正在注册： vx-container-dialog.vue文件 (ComponentService.plugin.js:249)
[18:07:12.28] [ComponentService] <INFO> 正在注册： vx-container-gridster.vue文件 (ComponentService.plugin.js:249)
[18:07:12.29] [ComponentService] <INFO> 正在注册： vx-container-item.vue文件 (ComponentService.plugin.js:249)
[18:07:12.30] [ComponentService] <INFO> 正在注册： vx-container-row.vue文件 (ComponentService.plugin.js:249)
[18:07:12.30] [ComponentService] <INFO> 正在注册： vx-container-tab.vue文件 (ComponentService.plugin.js:249)
[18:07:12.31] [ComponentService] <INFO> 正在注册： vx-form-cascader.vue文件 (ComponentService.plugin.js:249)
[18:07:12.32] [ComponentService] <INFO> 正在注册： vx-form-check.vue文件 (ComponentService.plugin.js:249)
[18:07:12.34] [ComponentService] <INFO> 正在注册： vx-form-clockpicker.vue文件 (ComponentService.plugin.js:249)
[18:07:12.35] [ComponentService] <INFO> 正在注册： vx-form-daterangepicker.vue文件 (ComponentService.plugin.js:249)
[18:07:12.36] [ComponentService] <INFO> 正在注册： vx-form-datesinglepicker.vue文件 (ComponentService.plugin.js:249)
[18:07:12.36] [ComponentService] <INFO> 正在注册： vx-form-group-select.vue文件 (ComponentService.plugin.js:249)
[18:07:12.37] [ComponentService] <INFO> 正在注册： vx-form-input.vue文件 (ComponentService.plugin.js:249)
[18:07:12.38] [ComponentService] <INFO> 正在注册： vx-form-location.vue文件 (ComponentService.plugin.js:249)
[18:07:12.38] [ComponentService] <INFO> 正在注册： vx-form-number.vue文件 (ComponentService.plugin.js:249)
[18:07:12.39] [ComponentService] <INFO> 正在注册： vx-form-password.vue文件 (ComponentService.plugin.js:249)
[18:07:12.39] [ComponentService] <INFO> 正在注册： vx-form-radio.vue文件 (ComponentService.plugin.js:249)
[18:07:12.39] [ComponentService] <INFO> 正在注册： vx-form-select.vue文件 (ComponentService.plugin.js:249)
[18:07:12.40] [ComponentService] <INFO> 正在注册： vx-form-tooltip.vue文件 (ComponentService.plugin.js:249)
[18:07:12.40] [ComponentService] <INFO> 正在注册： vx-form-transfer.vue文件 (ComponentService.plugin.js:249)
[18:07:12.40] [ComponentService] <INFO> 正在注册： vx-nav-breadcrumb.vue文件 (ComponentService.plugin.js:249)
[18:07:12.41] [ComponentService] <INFO> 正在注册： vx-nav-dropmenu.vue文件 (ComponentService.plugin.js:249)
[18:07:12.41] [ComponentService] <INFO> 正在注册： vx-nav-navmenu.vue文件 (ComponentService.plugin.js:249)
[18:07:12.41] [ComponentService] <INFO> 正在注册： vx-tab-pane.vue文件 (ComponentService.plugin.js:249)
[18:07:12.42] [ComponentService] <INFO> 正在注册： vx-tabs.vue文件 (ComponentService.plugin.js:249)
[18:07:12.42] [ComponentService] <INFO> 正在注册： vx-view-baidumap.vue文件 (ComponentService.plugin.js:249)
[18:07:12.42] [ComponentService] <INFO> 正在注册： vx-view-countup.vue文件 (ComponentService.plugin.js:249)
[18:07:12.43] [ComponentService] <INFO> 正在注册： vx-view-datatable.vue文件 (ComponentService.plugin.js:249)
[18:07:12.43] [ComponentService] <INFO> 正在注册： vx-view-dialog.vue文件 (ComponentService.plugin.js:249)
[18:07:12.45] [ComponentService] <INFO> 正在注册： vx-view-echart.vue文件 (ComponentService.plugin.js:249)
[18:07:12.45] [ComponentService] <INFO> 正在注册： vx-view-govmap.vue文件 (ComponentService.plugin.js:249)
[18:07:12.45] [ComponentService] <INFO> 正在注册： vx-view-heatmap.vue文件 (ComponentService.plugin.js:249)
[18:07:12.46] [ComponentService] <INFO> 正在注册： vx-view-linescroll.vue文件 (ComponentService.plugin.js:249)
[18:07:12.46] [ComponentService] <INFO> 正在注册： vx-view-map.vue文件 (ComponentService.plugin.js:249)
[18:07:12.47] [ComponentService] <INFO> 正在注册： vx-view-pagelist.vue文件 (ComponentService.plugin.js:249)
[18:07:12.48] [ComponentService] <INFO> 正在注册： vx-view-pagesize.vue文件 (ComponentService.plugin.js:249)
[18:07:12.48] [ComponentService] <INFO> 正在注册： vd-bd-componentslist.vue文件 (ComponentService.plugin.js:249)
[18:07:12.48] [ComponentService] <INFO> 正在注册： vd-bd-datadetail.vue文件 (ComponentService.plugin.js:249)
[18:07:12.49] [ComponentService] <INFO> 正在注册： vd-bd-fencezone.vue文件 (ComponentService.plugin.js:249)
[18:07:12.49] [ComponentService] <INFO> 正在注册： vd-bd-grid.vue文件 (ComponentService.plugin.js:249)
[18:07:12.49] [ComponentService] <INFO> 正在注册： vd-bd-loaddata.vue文件 (ComponentService.plugin.js:249)
[18:07:12.50] [ComponentService] <INFO> 正在注册： vd-bd-login.vue文件 (ComponentService.plugin.js:249)
[18:07:12.50] [ComponentService] <INFO> 正在注册： vd-bd-savedata.vue文件 (ComponentService.plugin.js:249)
[18:07:12.50] [ComponentService] <INFO> 正在注册： vd-bd-servicelist.vue文件 (ComponentService.plugin.js:249)
[18:07:12.50] [ComponentService] <INFO> 正在注册： vd-company-activity.vue文件 (ComponentService.plugin.js:249)
[18:07:12.51] [ComponentService] <INFO> 正在注册： vd-company-businesstime.vue文件 (ComponentService.plugin.js:249)
[18:07:12.51] [ComponentService] <INFO> 正在注册： vd-company-company.vue文件 (ComponentService.plugin.js:249)
[18:07:12.51] [ComponentService] <INFO> 正在注册： vd-company-device.vue文件 (ComponentService.plugin.js:249)
[18:07:12.51] [ComponentService] <INFO> 正在注册： vd-company-devicezone.vue文件 (ComponentService.plugin.js:249)
[18:07:12.52] [ComponentService] <INFO> 正在注册： vd-company-holiday.vue文件 (ComponentService.plugin.js:249)
[18:07:12.52] [ComponentService] <INFO> 正在注册： vd-company-mall.vue文件 (ComponentService.plugin.js:249)
[18:07:12.52] [ComponentService] <INFO> 正在注册： vd-company-physicalzone.vue文件 (ComponentService.plugin.js:249)
[18:07:12.53] [ComponentService] <INFO> 正在注册： vd-company-tag.vue文件 (ComponentService.plugin.js:249)
[18:07:12.53] [ComponentService] <INFO> 正在注册： vd-log-mallupdate.vue文件 (ComponentService.plugin.js:249)
[18:07:12.53] [ComponentService] <INFO> 正在注册： vd-log-weather.vue文件 (ComponentService.plugin.js:249)
[18:07:12.54] [ComponentService] <INFO> 正在注册： vd-log-zoneupdate.vue文件 (ComponentService.plugin.js:249)
[18:07:12.54] [ComponentService] <INFO> 正在注册： vd-report-chartoption.vue文件 (ComponentService.plugin.js:249)
[18:07:12.54] [ComponentService] <INFO> 正在注册： vd-report-chartstyle.vue文件 (ComponentService.plugin.js:249)
[18:07:12.54] [ComponentService] <INFO> 正在注册： vd-report-conditionoption.vue文件 (ComponentService.plugin.js:249)
[18:07:12.55] [ComponentService] <INFO> 正在注册： vd-report-indexoption.vue文件 (ComponentService.plugin.js:249)
[18:07:12.55] [ComponentService] <INFO> 正在注册： vd-report-reportmenu.vue文件 (ComponentService.plugin.js:249)
[18:07:12.55] [ComponentService] <INFO> 正在注册： vd-report-reportpage.vue文件 (ComponentService.plugin.js:249)
[18:07:12.55] [ComponentService] <INFO> 正在注册： vd-report-servicelist.vue文件 (ComponentService.plugin.js:249)
[18:07:12.56] [ComponentService] <INFO> 正在注册： vd-system-category.vue文件 (ComponentService.plugin.js:249)
[18:07:12.56] [ComponentService] <INFO> 正在注册： vd-system-location.vue文件 (ComponentService.plugin.js:249)
[18:07:12.56] [ComponentService] <INFO> 正在注册： vd-system-menu.vue文件 (ComponentService.plugin.js:249)
[18:07:12.57] [ComponentService] <INFO> 正在注册： vd-system-role.vue文件 (ComponentService.plugin.js:249)
[18:07:12.57] [ComponentService] <INFO> 正在注册： vd-system-user.vue文件 (ComponentService.plugin.js:249)
[18:07:12.57] [ComponentService] <INFO> 正在注册： vd-system-usergroup.vue文件 (ComponentService.plugin.js:249)
[18:07:12.58] [ComponentService] <INFO> 正在注册： vm-form-activity.vue文件 (ComponentService.plugin.js:249)
[18:07:12.58] [ComponentService] <INFO> 正在注册： vm-form-activityplugin.vue文件 (ComponentService.plugin.js:249)
[18:07:12.58] [ComponentService] <INFO> 正在注册： vm-form-businesstime.vue文件 (ComponentService.plugin.js:249)
[18:07:12.59] [ComponentService] <INFO> 正在注册： vm-form-businesstimeplugin.vue文件 (ComponentService.plugin.js:249)
[18:07:12.59] [ComponentService] <INFO> 正在注册： vm-form-holiday.vue文件 (ComponentService.plugin.js:249)
[18:07:12.60] [ComponentService] <INFO> 正在注册： vm-form-mall.vue文件 (ComponentService.plugin.js:249)
[18:07:12.60] [ComponentService] <INFO> 正在注册： vm-form-mallupdate.vue文件 (ComponentService.plugin.js:249)
[18:07:12.60] [ComponentService] <INFO> 正在注册： vm-form-tag.vue文件 (ComponentService.plugin.js:249)
[18:07:12.61] [ComponentService] <INFO> 正在注册： vm-form-weather.vue文件 (ComponentService.plugin.js:249)
[18:07:12.61] [ComponentService] <INFO> 正在注册： vm-form-zoneupdate.vue文件 (ComponentService.plugin.js:249)
[18:07:12.61] [ComponentService] <INFO> 正在注册： vm-grid-activity.vue文件 (ComponentService.plugin.js:249)
[18:07:12.62] [ComponentService] <INFO> 正在注册： vm-grid-businesstime.vue文件 (ComponentService.plugin.js:249)
[18:07:12.62] [ComponentService] <INFO> 正在注册： vm-grid-historicalcount.vue文件 (ComponentService.plugin.js:249)
[18:07:12.62] [ComponentService] <INFO> 正在注册： vm-grid-historicaldwell.vue文件 (ComponentService.plugin.js:249)
[18:07:12.63] [ComponentService] <INFO> 正在注册： vm-grid-historicalfitting.vue文件 (ComponentService.plugin.js:249)
[18:07:12.63] [ComponentService] <INFO> 正在注册： vm-grid-historicalpassby.vue文件 (ComponentService.plugin.js:249)
[18:07:12.63] [ComponentService] <INFO> 正在注册： vm-grid-historicalsummary.vue文件 (ComponentService.plugin.js:249)
[18:07:12.64] [ComponentService] <INFO> 正在注册： vm-grid-holiday.vue文件 (ComponentService.plugin.js:249)
[18:07:12.64] [ComponentService] <INFO> 正在注册： vm-grid-mall.vue文件 (ComponentService.plugin.js:249)
[18:07:12.64] [ComponentService] <INFO> 正在注册： vm-grid-tag.vue文件 (ComponentService.plugin.js:249)
[18:07:12.65] [ComponentService] <INFO> 正在注册： vm-grid-weather.vue文件 (ComponentService.plugin.js:249)
[18:07:12.65] [ComponentService] <INFO> 正在注册： vm-manager-dataadjustment.vue文件 (ComponentService.plugin.js:249)
[18:07:12.65] [ComponentService] <INFO> 正在注册： vm-manager-datarecovery.vue文件 (ComponentService.plugin.js:249)
[18:07:12.66] [ComponentService] <INFO> 正在注册： vm-manager-datasummary.vue文件 (ComponentService.plugin.js:249)
[18:07:12.66] [ComponentService] <INFO> 正在注册： vm-manager-salesDataMaintenance.vue文件 (ComponentService.plugin.js:249)
[18:07:12.67] [ComponentService] <INFO> 正在注册： vm-report-times.vue文件 (ComponentService.plugin.js:249)
[18:07:12.67] [ComponentService] <INFO> 正在注册： vm-select-devicecode.vue文件 (ComponentService.plugin.js:249)
[18:07:12.67] [ComponentService] <INFO> 正在注册： vm-transfer-tag.vue文件 (ComponentService.plugin.js:249)
[18:07:12.68] [ComponentService] <INFO> 正在注册： vb-layout-content.vue文件 (ComponentService.plugin.js:249)
[18:07:12.69] [ComponentService] <INFO> 正在注册： vb-layout-footer.vue文件 (ComponentService.plugin.js:249)
[18:07:12.69] [ComponentService] <INFO> 正在注册： vb-layout-header.vue文件 (ComponentService.plugin.js:249)
[18:07:12.70] [ComponentService] <INFO> 正在注册： vb-layout-main.vue文件 (ComponentService.plugin.js:249)
[18:07:12.70] [ComponentService] <INFO> 正在注册： vb-layout-pageheader.vue文件 (ComponentService.plugin.js:249)
[18:07:12.70] [ComponentService] <INFO> 正在注册： vb-layout-right.vue文件 (ComponentService.plugin.js:249)
[18:07:12.71] [ComponentService] <INFO> 正在注册： vb-layout-sidemenu.vue文件 (ComponentService.plugin.js:249)
[18:07:12.71] [ComponentService] <INFO> 正在注册： vb-nav-breadcrumb.vue文件 (ComponentService.plugin.js:249)
[18:07:12.72] [ComponentService] <INFO> 正在注册： vb-nav-menu.vue文件 (ComponentService.plugin.js:249)
[18:07:12.72] [ComponentService] <INFO> 正在注册： vp-footer-default.vue文件 (ComponentService.plugin.js:249)
[18:07:12.73] [ComponentService] <INFO> 正在注册： vp-header-default.vue文件 (ComponentService.plugin.js:249)
[18:07:12.75] [ComponentService] <INFO> 正在注册： vp-header-filer.vue文件 (ComponentService.plugin.js:249)
[18:07:12.76] [ComponentService] <INFO> 正在注册： vp-header-nav.vue文件 (ComponentService.plugin.js:249)
[18:07:12.77] [ComponentService] <INFO> 正在注册： vp-main-home-default.vue文件 (ComponentService.plugin.js:249)
[18:07:12.77] [ComponentService] <INFO> 正在注册： vp-main-report-default.vue文件 (ComponentService.plugin.js:249)
[18:07:12.78] [ComponentService] <INFO> 正在注册： vp-nav-homeicon.vue文件 (ComponentService.plugin.js:249)
[18:07:12.78] [ComponentService] <INFO> 正在注册： vp-page-grid.vue文件 (ComponentService.plugin.js:249)
[18:07:12.78] [ComponentService] <INFO> 正在注册： vp-widget-flowdistribution.vue文件 (ComponentService.plugin.js:249)
[18:07:12.79] [ComponentService] <INFO> 正在注册： vp-widget-flowtime.vue文件 (ComponentService.plugin.js:249)
[18:07:12.80] [ComponentService] <INFO> 正在注册： vp-widget-home-chart.vue文件 (ComponentService.plugin.js:249)
[18:07:12.81] [ComponentService] <INFO> 正在注册： vp-widget-home-data.vue文件 (ComponentService.plugin.js:249)
[18:07:12.82] [ComponentService] <INFO> 正在注册： vp-widget-home-ranking.vue文件 (ComponentService.plugin.js:249)
[18:07:12.83] [ComponentService] <INFO> 正在注册： vp-widget-report-compare.vue文件 (ComponentService.plugin.js:249)
[18:07:12.84] [ComponentService] <INFO> 正在注册： vp-widget-time-selection.vue文件 (ComponentService.plugin.js:249)
[18:07:12.85] [ComponentService] <INFO> 正在注册： vm-form-category.vue文件 (ComponentService.plugin.js:249)
[18:07:12.85] [ComponentService] <INFO> 正在注册： vm-form-componentslist.vue文件 (ComponentService.plugin.js:249)
[18:07:12.86] [ComponentService] <INFO> 正在注册： vm-form-menu.vue文件 (ComponentService.plugin.js:249)
[18:07:12.86] [ComponentService] <INFO> 正在注册： vm-form-menuplugin.vue文件 (ComponentService.plugin.js:249)
[18:07:12.86] [ComponentService] <INFO> 正在注册： vm-form-role.vue文件 (ComponentService.plugin.js:249)
[18:07:12.87] [ComponentService] <INFO> 正在注册： vm-form-roleplugin.vue文件 (ComponentService.plugin.js:249)
[18:07:12.87] [ComponentService] <INFO> 正在注册： vm-form-servicelist.vue文件 (ComponentService.plugin.js:249)
[18:07:12.87] [ComponentService] <INFO> 正在注册： vm-form-user.vue文件 (ComponentService.plugin.js:249)
[18:07:12.88] [ComponentService] <INFO> 正在注册： vm-form-usergroup.vue文件 (ComponentService.plugin.js:249)
[18:07:12.88] [ComponentService] <INFO> 正在注册： vm-form-usergroupplugin.vue文件 (ComponentService.plugin.js:249)
[18:07:12.88] [ComponentService] <INFO> 正在注册： vm-form-usergroupreportpage.vue文件 (ComponentService.plugin.js:249)
[18:07:12.89] [ComponentService] <INFO> 正在注册： vm-form-usergroupzone.vue文件 (ComponentService.plugin.js:249)
[18:07:12.89] [ComponentService] <INFO> 正在注册： vm-form-userplugin.vue文件 (ComponentService.plugin.js:249)
[18:07:12.90] [ComponentService] <INFO> 正在注册： vm-grid-category.vue文件 (ComponentService.plugin.js:249)
[18:07:12.90] [ComponentService] <INFO> 正在注册： vm-grid-componentslist.vue文件 (ComponentService.plugin.js:249)
[18:07:12.90] [ComponentService] <INFO> 正在注册： vm-grid-menu.vue文件 (ComponentService.plugin.js:249)
[18:07:12.91] [ComponentService] <INFO> 正在注册： vm-grid-role.vue文件 (ComponentService.plugin.js:249)
[18:07:12.91] [ComponentService] <INFO> 正在注册： vm-grid-servicelist.vue文件 (ComponentService.plugin.js:249)
[18:07:12.91] [ComponentService] <INFO> 正在注册： vm-grid-user.vue文件 (ComponentService.plugin.js:249)
[18:07:12.92] [ComponentService] <INFO> 正在注册： vm-grid-usergroup.vue文件 (ComponentService.plugin.js:249)
[18:07:12.92] [ComponentService] <INFO> 正在注册： vm-nav-menu.vue文件 (ComponentService.plugin.js:249)
[18:07:12.92] [ComponentService] <INFO> 正在注册： vm-select-role.vue文件 (ComponentService.plugin.js:249)
[18:07:12.93] [ComponentService] <INFO> 正在注册： vm-select-usergroup.vue文件 (ComponentService.plugin.js:249)
[18:07:12.93] [ComponentService] <INFO> 正在注册： vm-tree-category.vue文件 (ComponentService.plugin.js:249)
[18:07:12.93] [ComponentService] <INFO> 正在注册： vm-tree-menu.vue文件 (ComponentService.plugin.js:249)
[18:07:12.94] [ComponentService] <INFO> 正在注册： vm-tree-role.vue文件 (ComponentService.plugin.js:249)
[18:07:12.98] [ComponentService] <INFO> 正在注册： vm-form-company.vue文件 (ComponentService.plugin.js:249)
[18:07:12.98] [ComponentService] <INFO> 正在注册： vm-form-companyindex.vue文件 (ComponentService.plugin.js:249)
[18:07:12.99] [ComponentService] <INFO> 正在注册： vm-form-companyplugin.vue文件 (ComponentService.plugin.js:249)
[18:07:12.99] [ComponentService] <INFO> 正在注册： vm-transfer-chartoption.vue文件 (ComponentService.plugin.js:249)
[18:07:12.100] [ComponentService] <INFO> 正在注册： vm-transfer-indexoption.vue文件 (ComponentService.plugin.js:249)
[18:07:12.99] [ComponentService] <INFO> 正在注册： vm-grid-company.vue文件 (ComponentService.plugin.js:249)
[18:07:13.00] [ComponentService] <INFO> 正在注册： vm-form-device.vue文件 (ComponentService.plugin.js:249)
[18:07:13.00] [ComponentService] <INFO> 正在注册： vm-form-devicezone.vue文件 (ComponentService.plugin.js:249)
[18:07:13.01] [ComponentService] <INFO> 正在注册： vm-form-subsetzone.vue文件 (ComponentService.plugin.js:249)
[18:07:13.02] [ComponentService] <INFO> 正在注册： vm-grid-device.vue文件 (ComponentService.plugin.js:249)
[18:07:13.02] [ComponentService] <INFO> 正在注册： vm-grid-devicezone.vue文件 (ComponentService.plugin.js:249)
[18:07:13.02] [ComponentService] <INFO> 正在注册： vm-select-devicetype.vue文件 (ComponentService.plugin.js:249)
[18:07:13.03] [ComponentService] <INFO> 正在注册： vm-subset-devicezone.vue文件 (ComponentService.plugin.js:249)
[18:07:13.03] [ComponentService] <INFO> 正在注册： vm-grid-devicezonestatus.vue文件 (ComponentService.plugin.js:249)
[18:07:13.03] [ComponentService] <INFO> 正在注册： vd-company-physicallinkeddevice.vue文件 (ComponentService.plugin.js:249)
[18:07:13.04] [ComponentService] <INFO> 正在注册： vd-company-physicalunlinkeddevice.vue文件 (ComponentService.plugin.js:249)
[18:07:13.04] [ComponentService] <INFO> 正在注册： vm-grid-linkeddevicezone.vue文件 (ComponentService.plugin.js:249)
[18:07:13.05] [ComponentService] <INFO> 正在注册： vm-grid-unlinkeddevicezone.vue文件 (ComponentService.plugin.js:249)
[18:07:13.05] [ComponentService] <INFO> 正在注册： vm-scope-physicalzone.vue文件 (ComponentService.plugin.js:249)
[18:07:13.05] [ComponentService] <INFO> 正在注册： vm-select-company.vue文件 (ComponentService.plugin.js:249)
[18:07:13.05] [ComponentService] <INFO> 正在注册： vm-select-mall.vue文件 (ComponentService.plugin.js:249)
[18:07:13.06] [ComponentService] <INFO> 正在注册： vm-select-physicalzone.vue文件 (ComponentService.plugin.js:249)
[18:07:13.06] [ComponentService] <INFO> 正在注册： vb-form-location.vue文件 (ComponentService.plugin.js:249)
[18:07:13.06] [ComponentService] <INFO> 正在注册： vm-form-location.vue文件 (ComponentService.plugin.js:249)
[18:07:13.07] [ComponentService] <INFO> 正在注册： vm-grid-location.vue文件 (ComponentService.plugin.js:249)
[18:07:13.07] [ComponentService] <INFO> 正在注册： vm-tree-location.vue文件 (ComponentService.plugin.js:249)
[18:07:13.07] [ComponentService] <INFO> 正在注册： vm-cascader-city.vue文件 (ComponentService.plugin.js:249)
[18:07:13.08] [ComponentService] <INFO> 正在注册： vm-form-mall.vue文件 (ComponentService.plugin.js:249)
[18:07:13.08] [ComponentService] <INFO> 正在注册： vm-grid-mall.vue文件 (ComponentService.plugin.js:249)
[18:07:17.11] [ServiceLoader] <INFO> 注册服务ComponentService 成功！ (ServiceLoader.js:69)
[18:07:17.12] [ServiceLoader] <INFO> 注册服务PageService 成功！ (ServiceLoader.js:69)
[18:07:17.77] [App] <ERROR> 404: Not Found ... /components/css-loader.css (app.js:100)
[18:07:18.60] [App] <ERROR> 404: Not Found ... /favicon.ico (app.js:100)
