[16:03:32.09] [App] <ERROR> 404: Not Found ... /system/RoleUserManager.html (app.js:100)
[16:03:32.16] [App] <ERROR> 404: Not Found ... /favicon.ico (app.js:100)
[16:03:51.59] [App] <ERROR> 404: Not Found ... /components/css-loader.css (app.js:100)
[16:03:52.09] [App] <ERROR> 404: Not Found ... /favicon.ico (app.js:100)
[16:06:13.20] [ComponentService] <INFO> 正在注册： vm-form-role.vue文件 (ComponentService.plugin.js:249)
[16:06:17.19] [ComponentService] <INFO> 正在注册： vm-form-role.vue文件 (ComponentService.plugin.js:249)
[16:06:20.21] [ComponentService] <INFO> 正在注册： vm-form-role.vue文件 (ComponentService.plugin.js:249)
[16:06:24.61] [ComponentService] <INFO> 正在注册： vm-form-role.vue文件 (ComponentService.plugin.js:249)
[16:06:26.62] [App] <ERROR> 404: Not Found ... /components/css-loader.css (app.js:100)
[16:06:27.24] [App] <ERROR> 404: Not Found ... /favicon.ico (app.js:100)
[16:07:04.70] [App] <ERROR> 404: Not Found ... /components/css-loader.css (app.js:100)
[16:07:05.30] [App] <ERROR> 404: Not Found ... /favicon.ico (app.js:100)
[16:07:28.84] [App] <ERROR> 404: Not Found ... /components/css-loader.css (app.js:100)
[16:07:29.37] [App] <ERROR> 404: Not Found ... /favicon.ico (app.js:100)
[16:08:18.32] [App] <ERROR> 404: Not Found ... /components/css-loader.css (app.js:100)
[16:08:18.78] [App] <ERROR> 404: Not Found ... /favicon.ico (app.js:100)
[16:09:37.63] [App] <ERROR> 404: Not Found ... /components/css-loader.css (app.js:100)
[16:09:38.28] [App] <ERROR> 404: Not Found ... /favicon.ico (app.js:100)
[16:10:25.40] [App] <ERROR> 404: Not Found ... /components/css-loader.css (app.js:100)
[16:10:26.02] [App] <ERROR> 404: Not Found ... /favicon.ico (app.js:100)
[16:11:05.46] [ComponentService] <INFO> 正在注册： vm-form-role.vue文件 (ComponentService.plugin.js:249)
[16:11:14.08] [ComponentService] <INFO> 正在注册： vm-form-role.vue文件 (ComponentService.plugin.js:249)
[16:11:16.99] [App] <ERROR> 404: Not Found ... /components/css-loader.css (app.js:100)
[16:11:17.55] [App] <ERROR> 404: Not Found ... /favicon.ico (app.js:100)
[16:11:31.68] [ComponentService] <INFO> 正在注册： vm-form-role.vue文件 (ComponentService.plugin.js:249)
[16:11:32.47] [App] <ERROR> 404: Not Found ... /components/css-loader.css (app.js:100)
[16:11:33.04] [App] <ERROR> 404: Not Found ... /favicon.ico (app.js:100)
[16:12:57.81] [ComponentService] <INFO> 正在注册： vm-form-role.vue文件 (ComponentService.plugin.js:249)
[16:13:56.45] [ComponentService] <INFO> 正在注册： vm-grid-role.vue文件 (ComponentService.plugin.js:249)
[16:14:01.14] [App] <ERROR> 404: Not Found ... /components/css-loader.css (app.js:100)
[16:14:01.71] [App] <ERROR> 404: Not Found ... /favicon.ico (app.js:100)
[16:14:34.29] [ComponentService] <INFO> 正在注册： vm-grid-role.vue文件 (ComponentService.plugin.js:249)
[16:14:35.85] [App] <ERROR> 404: Not Found ... /components/css-loader.css (app.js:100)
[16:14:36.41] [App] <ERROR> 404: Not Found ... /favicon.ico (app.js:100)
[16:14:49.13] [ComponentService] <INFO> 正在注册： vm-grid-role.vue文件 (ComponentService.plugin.js:249)
[16:15:42.24] [ComponentService] <INFO> 正在注册： vm-grid-role.vue文件 (ComponentService.plugin.js:249)
[16:15:45.64] [App] <ERROR> 404: Not Found ... /components/css-loader.css (app.js:100)
[16:15:46.11] [App] <ERROR> 404: Not Found ... /favicon.ico (app.js:100)
[16:16:18.14] [ComponentService] <INFO> 正在注册： vm-grid-role.vue文件 (ComponentService.plugin.js:249)
[16:16:19.96] [ComponentService] <INFO> 正在注册： vm-grid-role.vue文件 (ComponentService.plugin.js:249)
[16:16:21.19] [App] <ERROR> 404: Not Found ... /components/css-loader.css (app.js:100)
[16:16:21.87] [App] <ERROR> 404: Not Found ... /favicon.ico (app.js:100)
[16:16:34.78] [ComponentService] <INFO> 正在注册： vm-grid-role.vue文件 (ComponentService.plugin.js:249)
[16:16:42.99] [ComponentService] <INFO> 正在注册： vm-grid-role.vue文件 (ComponentService.plugin.js:249)
[16:16:49.22] [ComponentService] <INFO> 正在注册： vm-grid-role.vue文件 (ComponentService.plugin.js:249)
[16:16:51.01] [ComponentService] <INFO> 正在注册： vm-grid-role.vue文件 (ComponentService.plugin.js:249)
[16:16:53.41] [ComponentService] <INFO> 正在注册： vm-grid-role.vue文件 (ComponentService.plugin.js:249)
[16:16:54.56] [App] <ERROR> 404: Not Found ... /components/css-loader.css (app.js:100)
[16:16:55.08] [App] <ERROR> 404: Not Found ... /favicon.ico (app.js:100)
[16:30:04.30] [ComponentService] <INFO> 正在注册： vm-form-role.vue文件 (ComponentService.plugin.js:249)
[16:43:31.06] [App] <ERROR> 404: Not Found ... /components/css-loader.css (app.js:100)
[16:43:31.68] [App] <ERROR> 404: Not Found ... /favicon.ico (app.js:100)
[16:45:21.35] [App] <ERROR> 404: Not Found ... /components/css-loader.css (app.js:100)
[16:45:22.07] [App] <ERROR> 404: Not Found ... /favicon.ico (app.js:100)
[16:45:42.82] [App] <ERROR> 404: Not Found ... /components/css-loader.css (app.js:100)
[16:45:43.49] [App] <ERROR> 404: Not Found ... /favicon.ico (app.js:100)
[16:45:50.13] [App] <ERROR> 404: Not Found ... /components/css-loader.css (app.js:100)
[16:45:50.86] [App] <ERROR> 404: Not Found ... /favicon.ico (app.js:100)
[16:49:25.92] [App] <ERROR> 404: Not Found ... /components/css-loader.css (app.js:100)
[16:49:26.81] [App] <ERROR> 404: Not Found ... /favicon.ico (app.js:100)
[16:50:53.48] [ComponentService] <INFO> 正在注册： vb-grid-location.vue文件 (ComponentService.plugin.js:249)
[16:50:56.19] [App] <ERROR> 404: Not Found ... /components/css-loader.css (app.js:100)
[16:50:56.77] [App] <ERROR> 404: Not Found ... /favicon.ico (app.js:100)
[16:51:26.72] [ComponentService] <INFO> 正在注册： vm-grid-location.vue文件 (ComponentService.plugin.js:249)
[16:51:39.10] [App] <ERROR> 404: Not Found ... /components/css-loader.css (app.js:100)
[16:51:40.05] [App] <ERROR> 404: Not Found ... /favicon.ico (app.js:100)
[16:52:27.84] [App] <ERROR> 404: Not Found ... /components/css-loader.css (app.js:100)
[16:52:28.37] [App] <ERROR> 404: Not Found ... /favicon.ico (app.js:100)
[16:53:10.33] [ComponentService] <INFO> 正在注册： vm-grid-role.vue文件 (ComponentService.plugin.js:249)
[16:53:11.13] [ComponentService] <INFO> 正在注册： vm-grid-role.vue文件 (ComponentService.plugin.js:249)
[16:53:34.16] [ComponentService] <INFO> 正在注册： vm-grid-menu.vue文件 (ComponentService.plugin.js:249)
[16:53:34.76] [ComponentService] <INFO> 正在注册： vm-grid-menu.vue文件 (ComponentService.plugin.js:249)
[16:54:11.99] [ComponentService] <INFO> 正在注册： vm-grid-menu.vue文件 (ComponentService.plugin.js:249)
[16:54:23.58] [ComponentService] <INFO> 正在注册： vm-grid-menu.vue文件 (ComponentService.plugin.js:249)
[16:55:33.08] [ComponentService] <INFO> 正在注册： vm-grid-menu.vue文件 (ComponentService.plugin.js:249)
[16:55:37.69] [ComponentService] <INFO> 正在注册： vm-grid-menu.vue文件 (ComponentService.plugin.js:249)
[16:55:42.48] [ComponentService] <INFO> 正在注册： vm-grid-menu.vue文件 (ComponentService.plugin.js:249)
[16:56:07.91] [ComponentService] <INFO> 正在注册： vm-grid-menu.vue文件 (ComponentService.plugin.js:249)
[16:56:08.11] [ComponentService] <INFO> 正在注册： vm-grid-menu.vue文件 (ComponentService.plugin.js:249)
[16:56:08.32] [ComponentService] <INFO> 正在注册： vm-grid-menu.vue文件 (ComponentService.plugin.js:249)
[16:56:22.93] [ComponentService] <INFO> 正在注册： vm-grid-menu.vue文件 (ComponentService.plugin.js:249)
[16:56:27.17] [App] <ERROR> 404: Not Found ... /components/css-loader.css (app.js:100)
[16:56:27.87] [App] <ERROR> 404: Not Found ... /favicon.ico (app.js:100)
