[14:01:31.92] [ComponentService] <INFO> 正在注册： vm-form-usergroupplugin.vue文件 (ComponentService.plugin.js:249)
[14:01:58.09] [ComponentService] <INFO> 正在注册： vm-transfer-mall.vue文件 (ComponentService.plugin.js:249)
[14:02:19.15] [ComponentService] <INFO> 正在注册： vm-transfer-mall.vue文件 (ComponentService.plugin.js:249)
[14:02:50.16] [ComponentService] <INFO> 正在注册： vm-transfer-mall.vue文件 (ComponentService.plugin.js:249)
[14:02:51.96] [ComponentService] <INFO> 正在注册： vm-transfer-mall.vue文件 (ComponentService.plugin.js:249)
[14:02:56.76] [ComponentService] <INFO> 正在注册： vm-transfer-mall.vue文件 (ComponentService.plugin.js:249)
[14:03:02.38] [ComponentService] <INFO> 正在注册： vm-transfer-mall.vue文件 (ComponentService.plugin.js:249)
[14:03:03.99] [ComponentService] <INFO> 正在注册： vm-transfer-mall.vue文件 (ComponentService.plugin.js:249)
[14:05:42.06] [App] <ERROR> 404: Not Found ... /components/css-loader.css (app.js:100)
[14:05:42.91] [App] <ERROR> 404: Not Found ... /favicon.ico (app.js:100)
[14:06:46.71] [ComponentService] <INFO> 正在注册： vm-transfer-mall.vue文件 (ComponentService.plugin.js:249)
[14:06:48.17] [App] <ERROR> 404: Not Found ... /components/css-loader.css (app.js:100)
[14:06:48.81] [App] <ERROR> 404: Not Found ... /favicon.ico (app.js:100)
[14:08:11.39] [ComponentService] <INFO> 正在注册： vm-transfer-mall.vue文件 (ComponentService.plugin.js:249)
[14:08:14.26] [App] <ERROR> 404: Not Found ... /components/css-loader.css (app.js:100)
[14:08:14.86] [App] <ERROR> 404: Not Found ... /favicon.ico (app.js:100)
[14:09:02.68] [ComponentService] <INFO> 正在注册： vm-transfer-mall.vue文件 (ComponentService.plugin.js:249)
[14:09:18.70] [ComponentService] <INFO> 正在注册： vm-transfer-mall.vue文件 (ComponentService.plugin.js:249)
[14:09:23.90] [ComponentService] <INFO> 正在注册： vm-transfer-mall.vue文件 (ComponentService.plugin.js:249)
[14:09:32.70] [ComponentService] <INFO> 正在注册： vm-transfer-mall.vue文件 (ComponentService.plugin.js:249)
[14:09:36.90] [ComponentService] <INFO> 正在注册： vm-transfer-mall.vue文件 (ComponentService.plugin.js:249)
[14:09:40.13] [ComponentService] <INFO> 正在注册： vm-transfer-mall.vue文件 (ComponentService.plugin.js:249)
[14:09:43.22] [App] <ERROR> 404: Not Found ... /components/css-loader.css (app.js:100)
[14:09:44.02] [App] <ERROR> 404: Not Found ... /favicon.ico (app.js:100)
[14:10:32.59] [ComponentService] <INFO> 正在注册： vm-transfer-mall.vue文件 (ComponentService.plugin.js:249)
[14:10:34.79] [ComponentService] <INFO> 正在注册： vm-transfer-mall.vue文件 (ComponentService.plugin.js:249)
[14:10:47.83] [ComponentService] <INFO> 正在注册： vm-transfer-mall.vue文件 (ComponentService.plugin.js:249)
[14:11:26.68] [ComponentService] <INFO> 正在注册： vm-transfer-mall.vue文件 (ComponentService.plugin.js:249)
[14:11:26.88] [ComponentService] <INFO> 正在注册： vm-transfer-mall.vue文件 (ComponentService.plugin.js:249)
[14:11:39.89] [ComponentService] <INFO> 正在注册： vm-transfer-mall.vue文件 (ComponentService.plugin.js:249)
[14:11:40.76] [App] <ERROR> 404: Not Found ... /components/css-loader.css (app.js:100)
[14:11:41.49] [App] <ERROR> 404: Not Found ... /favicon.ico (app.js:100)
[14:11:59.91] [ComponentService] <INFO> 正在注册： vm-transfer-mall.vue文件 (ComponentService.plugin.js:249)
[14:12:01.66] [App] <ERROR> 404: Not Found ... /components/css-loader.css (app.js:100)
[14:12:02.36] [App] <ERROR> 404: Not Found ... /favicon.ico (app.js:100)
[14:12:27.36] [ComponentService] <INFO> 正在注册： vm-transfer-mall.vue文件 (ComponentService.plugin.js:249)
[14:12:32.75] [ComponentService] <INFO> 正在注册： vm-transfer-mall.vue文件 (ComponentService.plugin.js:249)
[14:12:32.95] [ComponentService] <INFO> 正在注册： vm-transfer-mall.vue文件 (ComponentService.plugin.js:249)
[14:13:33.20] [ComponentService] <INFO> 正在注册： vm-transfer-mall.vue文件 (ComponentService.plugin.js:249)
[14:13:34.57] [App] <ERROR> 404: Not Found ... /components/css-loader.css (app.js:100)
[14:13:35.30] [App] <ERROR> 404: Not Found ... /favicon.ico (app.js:100)
[14:14:01.24] [ComponentService] <INFO> 正在注册： vm-transfer-mall.vue文件 (ComponentService.plugin.js:249)
[14:14:02.03] [ComponentService] <INFO> 正在注册： vm-transfer-mall.vue文件 (ComponentService.plugin.js:249)
[14:16:36.77] [ComponentService] <INFO> 正在注册： vm-transfer-mall.vue文件 (ComponentService.plugin.js:249)
[14:16:41.57] [ComponentService] <INFO> 正在注册： vm-transfer-mall.vue文件 (ComponentService.plugin.js:249)
[14:16:42.53] [App] <ERROR> 404: Not Found ... /components/css-loader.css (app.js:100)
[14:16:43.23] [App] <ERROR> 404: Not Found ... /favicon.ico (app.js:100)
[14:17:19.41] [ComponentService] <INFO> 正在注册： vm-transfer-mall.vue文件 (ComponentService.plugin.js:249)
[14:17:20.35] [App] <ERROR> 404: Not Found ... /components/css-loader.css (app.js:100)
[14:17:21.13] [App] <ERROR> 404: Not Found ... /favicon.ico (app.js:100)
[14:17:31.09] [ComponentService] <INFO> 正在注册： vm-transfer-mall.vue文件 (ComponentService.plugin.js:249)
[14:17:31.26] [ComponentService] <INFO> 正在注册： vm-transfer-mall.vue文件 (ComponentService.plugin.js:249)
[14:18:22.48] [ComponentService] <INFO> 正在注册： vm-transfer-mall.vue文件 (ComponentService.plugin.js:249)
[14:18:27.64] [App] <ERROR> 404: Not Found ... /components/css-loader.css (app.js:100)
[14:18:28.22] [App] <ERROR> 404: Not Found ... /favicon.ico (app.js:100)
[14:19:38.48] [ComponentService] <INFO> 正在注册： vm-transfer-mall.vue文件 (ComponentService.plugin.js:249)
[14:19:43.31] [ComponentService] <INFO> 正在注册： vm-transfer-mall.vue文件 (ComponentService.plugin.js:249)
[14:19:45.91] [ComponentService] <INFO> 正在注册： vm-transfer-mall.vue文件 (ComponentService.plugin.js:249)
[14:20:23.45] [ComponentService] <INFO> 正在注册： vm-transfer-mall.vue文件 (ComponentService.plugin.js:249)
[14:20:25.62] [App] <ERROR> 404: Not Found ... /components/css-loader.css (app.js:100)
[14:20:26.40] [App] <ERROR> 404: Not Found ... /favicon.ico (app.js:100)
[14:20:57.98] [ComponentService] <INFO> 正在注册： vm-transfer-mall.vue文件 (ComponentService.plugin.js:249)
[14:21:00.78] [ComponentService] <INFO> 正在注册： vm-transfer-mall.vue文件 (ComponentService.plugin.js:249)
[14:21:08.38] [ComponentService] <INFO> 正在注册： vm-transfer-mall.vue文件 (ComponentService.plugin.js:249)
[14:21:10.21] [ComponentService] <INFO> 正在注册： vm-transfer-mall.vue文件 (ComponentService.plugin.js:249)
[14:21:12.04] [App] <ERROR> 404: Not Found ... /components/css-loader.css (app.js:100)
[14:21:12.65] [App] <ERROR> 404: Not Found ... /favicon.ico (app.js:100)
[14:21:43.03] [ComponentService] <INFO> 正在注册： vm-transfer-mall.vue文件 (ComponentService.plugin.js:249)
[14:21:43.88] [App] <ERROR> 404: Not Found ... /components/css-loader.css (app.js:100)
[14:21:44.97] [App] <ERROR> 404: Not Found ... /favicon.ico (app.js:100)
[14:21:51.72] [ComponentService] <INFO> 正在注册： vm-transfer-mall.vue文件 (ComponentService.plugin.js:249)
[14:21:52.50] [App] <ERROR> 404: Not Found ... /components/css-loader.css (app.js:100)
[14:21:53.47] [App] <ERROR> 404: Not Found ... /favicon.ico (app.js:100)
[14:22:03.39] [ComponentService] <INFO> 正在注册： vm-transfer-mall.vue文件 (ComponentService.plugin.js:249)
[14:22:05.78] [ComponentService] <INFO> 正在注册： vm-transfer-mall.vue文件 (ComponentService.plugin.js:249)
[14:22:20.01] [ComponentService] <INFO> 正在注册： vm-transfer-mall.vue文件 (ComponentService.plugin.js:249)
[14:22:23.21] [ComponentService] <INFO> 正在注册： vm-transfer-mall.vue文件 (ComponentService.plugin.js:249)
[14:22:58.83] [ComponentService] <INFO> 正在注册： vm-transfer-physicalzone.vue文件 (ComponentService.plugin.js:249)
[14:23:23.25] [ComponentService] <INFO> 正在注册： vm-transfer-physicalzone.vue文件 (ComponentService.plugin.js:249)
[14:23:26.46] [ComponentService] <INFO> 正在注册： vm-transfer-physicalzone.vue文件 (ComponentService.plugin.js:249)
[14:23:30.66] [ComponentService] <INFO> 正在注册： vm-transfer-physicalzone.vue文件 (ComponentService.plugin.js:249)
[14:23:35.28] [ComponentService] <INFO> 正在注册： vm-transfer-physicalzone.vue文件 (ComponentService.plugin.js:249)
[14:23:38.08] [ComponentService] <INFO> 正在注册： vm-transfer-physicalzone.vue文件 (ComponentService.plugin.js:249)
[14:25:11.79] [ComponentService] <INFO> 正在注册： vm-transfer-mall.vue文件 (ComponentService.plugin.js:249)
[14:33:20.56] [ComponentService] <INFO> 正在注册： vm-transfer-mall.vue文件 (ComponentService.plugin.js:249)
[14:33:38.39] [ComponentService] <INFO> 正在注册： vm-transfer-mall.vue文件 (ComponentService.plugin.js:249)
[14:33:45.77] [ComponentService] <INFO> 正在注册： vm-transfer-mall.vue文件 (ComponentService.plugin.js:249)
[14:34:06.39] [ComponentService] <INFO> 正在注册： vm-select-company.vue文件 (ComponentService.plugin.js:249)
[14:34:19.60] [ComponentService] <INFO> 正在注册： vm-select-company.vue文件 (ComponentService.plugin.js:249)
[14:34:35.02] [ComponentService] <INFO> 正在注册： vm-transfer-mall.vue文件 (ComponentService.plugin.js:249)
[14:34:50.83] [ComponentService] <INFO> 正在注册： vm-transfer-mall.vue文件 (ComponentService.plugin.js:249)
[14:35:00.45] [ComponentService] <INFO> 正在注册： vm-transfer-mall.vue文件 (ComponentService.plugin.js:249)
[14:35:11.25] [ComponentService] <INFO> 正在注册： vm-transfer-mall.vue文件 (ComponentService.plugin.js:249)
[14:35:11.45] [ComponentService] <INFO> 正在注册： vm-transfer-mall.vue文件 (ComponentService.plugin.js:249)
[14:35:11.65] [ComponentService] <INFO> 正在注册： vm-transfer-mall.vue文件 (ComponentService.plugin.js:249)
[14:35:27.30] [ComponentService] <INFO> 正在注册： vm-transfer-mall.vue文件 (ComponentService.plugin.js:249)
[14:35:40.49] [ComponentService] <INFO> 正在注册： vm-transfer-mall.vue文件 (ComponentService.plugin.js:249)
[14:35:41.10] [ComponentService] <INFO> 正在注册： vm-transfer-mall.vue文件 (ComponentService.plugin.js:249)
[14:36:19.92] [ComponentService] <INFO> 正在注册： vm-transfer-mall.vue文件 (ComponentService.plugin.js:249)
[14:36:27.94] [ComponentService] <INFO> 正在注册： vm-transfer-mall.vue文件 (ComponentService.plugin.js:249)
[14:36:35.98] [ComponentService] <INFO> 正在注册： vm-transfer-mall.vue文件 (ComponentService.plugin.js:249)
[14:36:39.31] [App] <ERROR> 404: Not Found ... /components/css-loader.css (app.js:100)
[14:36:40.25] [App] <ERROR> 404: Not Found ... /favicon.ico (app.js:100)
[14:37:31.08] [ComponentService] <INFO> 正在注册： vm-transfer-mall.vue文件 (ComponentService.plugin.js:249)
[14:37:33.32] [App] <ERROR> 404: Not Found ... /components/css-loader.css (app.js:100)
[14:37:33.94] [App] <ERROR> 404: Not Found ... /favicon.ico (app.js:100)
[14:37:44.70] [ComponentService] <INFO> 正在注册： vm-transfer-mall.vue文件 (ComponentService.plugin.js:249)
[14:37:46.70] [ComponentService] <INFO> 正在注册： vm-transfer-mall.vue文件 (ComponentService.plugin.js:249)
[14:37:48.50] [ComponentService] <INFO> 正在注册： vm-transfer-mall.vue文件 (ComponentService.plugin.js:249)
[14:38:11.92] [ComponentService] <INFO> 正在注册： vm-select-mall.vue文件 (ComponentService.plugin.js:249)
[14:38:16.12] [ComponentService] <INFO> 正在注册： vm-select-mall.vue文件 (ComponentService.plugin.js:249)
[14:38:43.15] [ComponentService] <INFO> 正在注册： vm-transfer-physicalzone.vue文件 (ComponentService.plugin.js:249)
[14:38:56.75] [ComponentService] <INFO> 正在注册： vm-transfer-physicalzone.vue文件 (ComponentService.plugin.js:249)
[14:39:06.15] [ComponentService] <INFO> 正在注册： vm-transfer-physicalzone.vue文件 (ComponentService.plugin.js:249)
[14:39:13.37] [ComponentService] <INFO> 正在注册： vm-transfer-physicalzone.vue文件 (ComponentService.plugin.js:249)
[14:39:25.99] [ComponentService] <INFO> 正在注册： vm-transfer-physicalzone.vue文件 (ComponentService.plugin.js:249)
[14:40:47.69] [ComponentService] <INFO> 正在注册： vm-transfer-physicalzone.vue文件 (ComponentService.plugin.js:249)
[14:40:47.88] [ComponentService] <INFO> 正在注册： vm-transfer-physicalzone.vue文件 (ComponentService.plugin.js:249)
[14:40:48.09] [ComponentService] <INFO> 正在注册： vm-transfer-physicalzone.vue文件 (ComponentService.plugin.js:249)
[14:40:48.28] [ComponentService] <INFO> 正在注册： vm-transfer-physicalzone.vue文件 (ComponentService.plugin.js:249)
[14:40:48.48] [ComponentService] <INFO> 正在注册： vm-transfer-physicalzone.vue文件 (ComponentService.plugin.js:249)
[14:41:06.80] [App] <ERROR> 404: Not Found ... /components/css-loader.css (app.js:100)
[14:41:07.47] [App] <ERROR> 404: Not Found ... /favicon.ico (app.js:100)
[14:41:20.46] [ComponentService] <INFO> 正在注册： vm-transfer-physicalzone.vue文件 (ComponentService.plugin.js:249)
[14:41:21.55] [App] <ERROR> 404: Not Found ... /components/css-loader.css (app.js:100)
[14:41:22.33] [App] <ERROR> 404: Not Found ... /favicon.ico (app.js:100)
[14:41:57.35] [ComponentService] <INFO> 正在注册： vm-transfer-physicalzone.vue文件 (ComponentService.plugin.js:249)
[14:42:08.39] [ComponentService] <INFO> 正在注册： vm-transfer-physicalzone.vue文件 (ComponentService.plugin.js:249)
[14:42:14.60] [ComponentService] <INFO> 正在注册： vm-transfer-physicalzone.vue文件 (ComponentService.plugin.js:249)
[14:42:17.79] [ComponentService] <INFO> 正在注册： vm-transfer-physicalzone.vue文件 (ComponentService.plugin.js:249)
[14:42:23.100] [ComponentService] <INFO> 正在注册： vm-transfer-physicalzone.vue文件 (ComponentService.plugin.js:249)
[14:42:33.02] [ComponentService] <INFO> 正在注册： vm-transfer-physicalzone.vue文件 (ComponentService.plugin.js:249)
[14:42:33.45] [ComponentService] <INFO> 正在注册： vm-transfer-physicalzone.vue文件 (ComponentService.plugin.js:249)
[14:42:34.94] [App] <ERROR> 404: Not Found ... /components/css-loader.css (app.js:100)
[14:42:35.76] [App] <ERROR> 404: Not Found ... /favicon.ico (app.js:100)
[14:43:33.89] [ComponentService] <INFO> 正在注册： vm-select-company.vue文件 (ComponentService.plugin.js:249)
[14:43:40.09] [ComponentService] <INFO> 正在注册： vm-transfer-physicalzone.vue文件 (ComponentService.plugin.js:249)
[14:43:40.29] [ComponentService] <INFO> 正在注册： vm-transfer-physicalzone.vue文件 (ComponentService.plugin.js:249)
[14:43:41.49] [App] <ERROR> 404: Not Found ... /components/css-loader.css (app.js:100)
[14:43:42.19] [App] <ERROR> 404: Not Found ... /favicon.ico (app.js:100)
[14:43:54.75] [ComponentService] <INFO> 正在注册： vm-transfer-physicalzone.vue文件 (ComponentService.plugin.js:249)
[14:44:04.62] [App] <ERROR> 404: Not Found ... /components/css-loader.css (app.js:100)
[14:44:05.31] [App] <ERROR> 404: Not Found ... /favicon.ico (app.js:100)
[14:44:32.61] [ComponentService] <INFO> 正在注册： vm-transfer-physicalzone.vue文件 (ComponentService.plugin.js:249)
[14:44:32.82] [ComponentService] <INFO> 正在注册： vm-transfer-physicalzone.vue文件 (ComponentService.plugin.js:249)
[14:44:33.01] [ComponentService] <INFO> 正在注册： vm-transfer-physicalzone.vue文件 (ComponentService.plugin.js:249)
[14:44:52.23] [ComponentService] <INFO> 正在注册： vm-transfer-physicalzone.vue文件 (ComponentService.plugin.js:249)
[14:45:09.83] [App] <ERROR> 404: Not Found ... /components/css-loader.css (app.js:100)
[14:45:10.51] [App] <ERROR> 404: Not Found ... /favicon.ico (app.js:100)
[14:45:38.94] [ComponentService] <INFO> 正在注册： vm-select-company.vue文件 (ComponentService.plugin.js:249)
[14:45:40.58] [App] <ERROR> 404: Not Found ... /components/css-loader.css (app.js:100)
[14:45:41.25] [App] <ERROR> 404: Not Found ... /favicon.ico (app.js:100)
[14:45:46.15] [ComponentService] <INFO> 正在注册： vm-select-company.vue文件 (ComponentService.plugin.js:249)
[14:45:49.74] [ComponentService] <INFO> 正在注册： vm-select-company.vue文件 (ComponentService.plugin.js:249)
[14:46:00.77] [ComponentService] <INFO> 正在注册： vm-select-mall.vue文件 (ComponentService.plugin.js:249)
[14:46:02.09] [App] <ERROR> 404: Not Found ... /components/css-loader.css (app.js:100)
[14:46:02.73] [App] <ERROR> 404: Not Found ... /favicon.ico (app.js:100)
[14:46:29.31] [ComponentService] <INFO> 正在注册： vm-transfer-physicalzone.vue文件 (ComponentService.plugin.js:249)
[14:46:30.78] [App] <ERROR> 404: Not Found ... /components/css-loader.css (app.js:100)
[14:46:31.42] [App] <ERROR> 404: Not Found ... /favicon.ico (app.js:100)
[14:47:17.17] [ComponentService] <INFO> 正在注册： vm-transfer-physicalzone.vue文件 (ComponentService.plugin.js:249)
[14:47:20.38] [ComponentService] <INFO> 正在注册： vm-transfer-physicalzone.vue文件 (ComponentService.plugin.js:249)
[14:47:22.19] [ComponentService] <INFO> 正在注册： vm-transfer-physicalzone.vue文件 (ComponentService.plugin.js:249)
[14:47:23.33] [App] <ERROR> 404: Not Found ... /components/css-loader.css (app.js:100)
[14:47:24.06] [App] <ERROR> 404: Not Found ... /favicon.ico (app.js:100)
[14:47:44.52] [ComponentService] <INFO> 正在注册： vm-transfer-physicalzone.vue文件 (ComponentService.plugin.js:249)
[14:48:40.65] [ComponentService] <INFO> 正在注册： vm-transfer-physicalzone.vue文件 (ComponentService.plugin.js:249)
[14:48:47.86] [ComponentService] <INFO> 正在注册： vm-transfer-physicalzone.vue文件 (ComponentService.plugin.js:249)
[14:49:00.68] [ComponentService] <INFO> 正在注册： vm-transfer-physicalzone.vue文件 (ComponentService.plugin.js:249)
[14:49:04.27] [ComponentService] <INFO> 正在注册： vm-transfer-physicalzone.vue文件 (ComponentService.plugin.js:249)
[14:49:06.47] [ComponentService] <INFO> 正在注册： vm-transfer-physicalzone.vue文件 (ComponentService.plugin.js:249)
[14:49:13.88] [ComponentService] <INFO> 正在注册： vm-transfer-physicalzone.vue文件 (ComponentService.plugin.js:249)
[14:49:16.68] [ComponentService] <INFO> 正在注册： vm-transfer-physicalzone.vue文件 (ComponentService.plugin.js:249)
[14:49:17.53] [App] <ERROR> 404: Not Found ... /components/css-loader.css (app.js:100)
[14:49:18.17] [App] <ERROR> 404: Not Found ... /favicon.ico (app.js:100)
[14:49:36.19] [ComponentService] <INFO> 正在注册： vm-transfer-physicalzone.vue文件 (ComponentService.plugin.js:249)
[14:49:39.19] [App] <ERROR> 404: Not Found ... /components/css-loader.css (app.js:100)
[14:49:39.83] [App] <ERROR> 404: Not Found ... /favicon.ico (app.js:100)
[14:49:46.21] [ComponentService] <INFO> 正在注册： vm-transfer-physicalzone.vue文件 (ComponentService.plugin.js:249)
[14:49:47.24] [App] <ERROR> 404: Not Found ... /components/css-loader.css (app.js:100)
[14:49:47.93] [App] <ERROR> 404: Not Found ... /favicon.ico (app.js:100)
[14:50:19.50] [ComponentService] <INFO> 正在注册： vm-transfer-physicalzone.vue文件 (ComponentService.plugin.js:249)
[14:50:20.41] [App] <ERROR> 404: Not Found ... /components/css-loader.css (app.js:100)
[14:50:21.19] [App] <ERROR> 404: Not Found ... /favicon.ico (app.js:100)
[14:50:42.60] [ComponentService] <INFO> 正在注册： vm-transfer-physicalzone.vue文件 (ComponentService.plugin.js:249)
[14:50:43.65] [App] <ERROR> 404: Not Found ... /components/css-loader.css (app.js:100)
[14:50:44.47] [App] <ERROR> 404: Not Found ... /favicon.ico (app.js:100)
[14:50:54.03] [ComponentService] <INFO> 正在注册： vm-transfer-physicalzone.vue文件 (ComponentService.plugin.js:249)
[14:50:55.91] [App] <ERROR> 404: Not Found ... /components/css-loader.css (app.js:100)
[14:50:56.72] [App] <ERROR> 404: Not Found ... /favicon.ico (app.js:100)
[14:51:11.26] [ComponentService] <INFO> 正在注册： vm-transfer-physicalzone.vue文件 (ComponentService.plugin.js:249)
[14:51:13.93] [App] <ERROR> 404: Not Found ... /components/css-loader.css (app.js:100)
[14:51:14.64] [App] <ERROR> 404: Not Found ... /favicon.ico (app.js:100)
[14:51:24.38] [ComponentService] <INFO> 正在注册： vm-transfer-physicalzone.vue文件 (ComponentService.plugin.js:249)
[14:51:25.49] [App] <ERROR> 404: Not Found ... /components/css-loader.css (app.js:100)
[14:51:26.31] [App] <ERROR> 404: Not Found ... /favicon.ico (app.js:100)
[14:51:31.20] [ComponentService] <INFO> 正在注册： vm-transfer-physicalzone.vue文件 (ComponentService.plugin.js:249)
[14:51:32.86] [App] <ERROR> 404: Not Found ... /components/css-loader.css (app.js:100)
[14:51:33.74] [App] <ERROR> 404: Not Found ... /favicon.ico (app.js:100)
[14:51:45.87] [ComponentService] <INFO> 正在注册： vm-transfer-physicalzone.vue文件 (ComponentService.plugin.js:249)
[14:51:46.87] [ComponentService] <INFO> 正在注册： vm-transfer-physicalzone.vue文件 (ComponentService.plugin.js:249)
[14:51:47.93] [App] <ERROR> 404: Not Found ... /components/css-loader.css (app.js:100)
[14:51:49.01] [App] <ERROR> 404: Not Found ... /favicon.ico (app.js:100)
[14:51:55.43] [ComponentService] <INFO> 正在注册： vm-transfer-physicalzone.vue文件 (ComponentService.plugin.js:249)
[14:52:24.47] [ComponentService] <INFO> 正在注册： vm-form-usergroupplugin.vue文件 (ComponentService.plugin.js:249)
[14:52:55.29] [ComponentService] <INFO> 正在注册： vm-transfer-physicalzone.vue文件 (ComponentService.plugin.js:249)
[14:52:59.38] [App] <ERROR> 404: Not Found ... /components/css-loader.css (app.js:100)
[14:53:00.33] [App] <ERROR> 404: Not Found ... /favicon.ico (app.js:100)
[14:54:07.99] [ComponentService] <INFO> 正在注册： vm-transfer-physicalzone.vue文件 (ComponentService.plugin.js:249)
[14:54:23.62] [App] <FATAL> ReferenceError: ex is not defined
    at async.auto (C:\Users\INTFORCE170914-1\Documents\项目开发\智慧商业4.0\00_组件开发环境\plugins\ComponentService\ComponentService.plugin.js:141:70)
    at C:\Users\INTFORCE170914-1\Documents\项目开发\智慧商业4.0\00_组件开发环境\node_modules\async\dist\async.js:473:16
    at C:\Users\INTFORCE170914-1\Documents\项目开发\智慧商业4.0\00_组件开发环境\node_modules\async\dist\async.js:1622:17
    at C:\Users\INTFORCE170914-1\Documents\项目开发\智慧商业4.0\00_组件开发环境\node_modules\async\dist\async.js:969:16
    at less.render (C:\Users\INTFORCE170914-1\Documents\项目开发\智慧商业4.0\00_组件开发环境\plugins\ComponentService\ComponentService.plugin.js:108:31)
    at C:\Users\INTFORCE170914-1\Documents\项目开发\智慧商业4.0\00_组件开发环境\node_modules\less\lib\less\render.js:30:35
    at C:\Users\INTFORCE170914-1\Documents\项目开发\智慧商业4.0\00_组件开发环境\node_modules\less\lib\less\parse.js:85:37
    at ImportVisitor.finish [as _finish] (C:\Users\INTFORCE170914-1\Documents\项目开发\智慧商业4.0\00_组件开发环境\node_modules\less\lib\less\parser\parser.js:235:28)
    at ImportVisitor._onSequencerEmpty (C:\Users\INTFORCE170914-1\Documents\项目开发\智慧商业4.0\00_组件开发环境\node_modules\less\lib\less\visitors\import-visitor.js:36:14)
    at ImportSequencer.tryRun (C:\Users\INTFORCE170914-1\Documents\项目开发\智慧商业4.0\00_组件开发环境\node_modules\less\lib\less\visitors\import-sequencer.js:50:14) (app.js:18)
Call Stack:
    at process.<anonymous> (C:\Users\INTFORCE170914-1\Documents\项目开发\智慧商业4.0\00_组件开发环境\bin\app.js:18:11)
    at emitOne (events.js:116:13)
    at process.emit (events.js:211:7)
    at process._fatalException (bootstrap_node.js:374:26)
[14:54:37.63] [App] <FATAL> ReferenceError: ex is not defined
    at async.auto (C:\Users\INTFORCE170914-1\Documents\项目开发\智慧商业4.0\00_组件开发环境\plugins\ComponentService\ComponentService.plugin.js:141:70)
    at C:\Users\INTFORCE170914-1\Documents\项目开发\智慧商业4.0\00_组件开发环境\node_modules\async\dist\async.js:473:16
    at C:\Users\INTFORCE170914-1\Documents\项目开发\智慧商业4.0\00_组件开发环境\node_modules\async\dist\async.js:1622:17
    at C:\Users\INTFORCE170914-1\Documents\项目开发\智慧商业4.0\00_组件开发环境\node_modules\async\dist\async.js:969:16
    at less.render (C:\Users\INTFORCE170914-1\Documents\项目开发\智慧商业4.0\00_组件开发环境\plugins\ComponentService\ComponentService.plugin.js:108:31)
    at C:\Users\INTFORCE170914-1\Documents\项目开发\智慧商业4.0\00_组件开发环境\node_modules\less\lib\less\render.js:30:35
    at C:\Users\INTFORCE170914-1\Documents\项目开发\智慧商业4.0\00_组件开发环境\node_modules\less\lib\less\parse.js:85:37
    at ImportVisitor.finish [as _finish] (C:\Users\INTFORCE170914-1\Documents\项目开发\智慧商业4.0\00_组件开发环境\node_modules\less\lib\less\parser\parser.js:235:28)
    at ImportVisitor._onSequencerEmpty (C:\Users\INTFORCE170914-1\Documents\项目开发\智慧商业4.0\00_组件开发环境\node_modules\less\lib\less\visitors\import-visitor.js:36:14)
    at ImportSequencer.tryRun (C:\Users\INTFORCE170914-1\Documents\项目开发\智慧商业4.0\00_组件开发环境\node_modules\less\lib\less\visitors\import-sequencer.js:50:14) (app.js:18)
Call Stack:
    at process.<anonymous> (C:\Users\INTFORCE170914-1\Documents\项目开发\智慧商业4.0\00_组件开发环境\bin\app.js:18:11)
    at emitOne (events.js:116:13)
    at process.emit (events.js:211:7)
    at process._fatalException (bootstrap_node.js:374:26)
[14:54:40.43] [App] <FATAL> ReferenceError: ex is not defined
    at async.auto (C:\Users\INTFORCE170914-1\Documents\项目开发\智慧商业4.0\00_组件开发环境\plugins\ComponentService\ComponentService.plugin.js:141:70)
    at C:\Users\INTFORCE170914-1\Documents\项目开发\智慧商业4.0\00_组件开发环境\node_modules\async\dist\async.js:473:16
    at C:\Users\INTFORCE170914-1\Documents\项目开发\智慧商业4.0\00_组件开发环境\node_modules\async\dist\async.js:1622:17
    at C:\Users\INTFORCE170914-1\Documents\项目开发\智慧商业4.0\00_组件开发环境\node_modules\async\dist\async.js:969:16
    at less.render (C:\Users\INTFORCE170914-1\Documents\项目开发\智慧商业4.0\00_组件开发环境\plugins\ComponentService\ComponentService.plugin.js:108:31)
    at C:\Users\INTFORCE170914-1\Documents\项目开发\智慧商业4.0\00_组件开发环境\node_modules\less\lib\less\render.js:30:35
    at C:\Users\INTFORCE170914-1\Documents\项目开发\智慧商业4.0\00_组件开发环境\node_modules\less\lib\less\parse.js:85:37
    at ImportVisitor.finish [as _finish] (C:\Users\INTFORCE170914-1\Documents\项目开发\智慧商业4.0\00_组件开发环境\node_modules\less\lib\less\parser\parser.js:235:28)
    at ImportVisitor._onSequencerEmpty (C:\Users\INTFORCE170914-1\Documents\项目开发\智慧商业4.0\00_组件开发环境\node_modules\less\lib\less\visitors\import-visitor.js:36:14)
    at ImportSequencer.tryRun (C:\Users\INTFORCE170914-1\Documents\项目开发\智慧商业4.0\00_组件开发环境\node_modules\less\lib\less\visitors\import-sequencer.js:50:14) (app.js:18)
Call Stack:
    at process.<anonymous> (C:\Users\INTFORCE170914-1\Documents\项目开发\智慧商业4.0\00_组件开发环境\bin\app.js:18:11)
    at emitOne (events.js:116:13)
    at process.emit (events.js:211:7)
    at process._fatalException (bootstrap_node.js:374:26)
[14:54:45.43] [ComponentService] <INFO> 正在注册： vm-transfer-physicalzone.vue文件 (ComponentService.plugin.js:249)
[14:54:47.78] [App] <ERROR> 404: Not Found ... /components/css-loader.css (app.js:100)
[14:54:48.60] [App] <ERROR> 404: Not Found ... /favicon.ico (app.js:100)
[14:55:00.49] [ComponentService] <INFO> 正在注册： vm-transfer-physicalzone.vue文件 (ComponentService.plugin.js:249)
[14:55:01.39] [App] <ERROR> 404: Not Found ... /components/css-loader.css (app.js:100)
[14:55:02.42] [App] <ERROR> 404: Not Found ... /favicon.ico (app.js:100)
[14:55:14.31] [ComponentService] <INFO> 正在注册： vm-transfer-physicalzone.vue文件 (ComponentService.plugin.js:249)
[14:55:19.72] [ComponentService] <INFO> 正在注册： vm-transfer-physicalzone.vue文件 (ComponentService.plugin.js:249)
[14:55:21.35] [App] <ERROR> 404: Not Found ... /components/css-loader.css (app.js:100)
[14:55:22.19] [App] <ERROR> 404: Not Found ... /favicon.ico (app.js:100)
[14:55:31.96] [ComponentService] <INFO> 正在注册： vm-transfer-physicalzone.vue文件 (ComponentService.plugin.js:249)
[14:55:33.24] [App] <ERROR> 404: Not Found ... /components/css-loader.css (app.js:100)
[14:55:34.24] [App] <ERROR> 404: Not Found ... /favicon.ico (app.js:100)
[14:55:47.80] [App] <FATAL> ReferenceError: ex is not defined
    at async.auto (C:\Users\INTFORCE170914-1\Documents\项目开发\智慧商业4.0\00_组件开发环境\plugins\ComponentService\ComponentService.plugin.js:141:70)
    at C:\Users\INTFORCE170914-1\Documents\项目开发\智慧商业4.0\00_组件开发环境\node_modules\async\dist\async.js:473:16
    at C:\Users\INTFORCE170914-1\Documents\项目开发\智慧商业4.0\00_组件开发环境\node_modules\async\dist\async.js:1622:17
    at C:\Users\INTFORCE170914-1\Documents\项目开发\智慧商业4.0\00_组件开发环境\node_modules\async\dist\async.js:969:16
    at less.render (C:\Users\INTFORCE170914-1\Documents\项目开发\智慧商业4.0\00_组件开发环境\plugins\ComponentService\ComponentService.plugin.js:108:31)
    at C:\Users\INTFORCE170914-1\Documents\项目开发\智慧商业4.0\00_组件开发环境\node_modules\less\lib\less\render.js:30:35
    at C:\Users\INTFORCE170914-1\Documents\项目开发\智慧商业4.0\00_组件开发环境\node_modules\less\lib\less\parse.js:85:37
    at ImportVisitor.finish [as _finish] (C:\Users\INTFORCE170914-1\Documents\项目开发\智慧商业4.0\00_组件开发环境\node_modules\less\lib\less\parser\parser.js:235:28)
    at ImportVisitor._onSequencerEmpty (C:\Users\INTFORCE170914-1\Documents\项目开发\智慧商业4.0\00_组件开发环境\node_modules\less\lib\less\visitors\import-visitor.js:36:14)
    at ImportSequencer.tryRun (C:\Users\INTFORCE170914-1\Documents\项目开发\智慧商业4.0\00_组件开发环境\node_modules\less\lib\less\visitors\import-sequencer.js:50:14) (app.js:18)
Call Stack:
    at process.<anonymous> (C:\Users\INTFORCE170914-1\Documents\项目开发\智慧商业4.0\00_组件开发环境\bin\app.js:18:11)
    at emitOne (events.js:116:13)
    at process.emit (events.js:211:7)
    at process._fatalException (bootstrap_node.js:374:26)
[14:55:55.02] [ComponentService] <INFO> 正在注册： vm-transfer-physicalzone.vue文件 (ComponentService.plugin.js:249)
[14:55:56.82] [ComponentService] <INFO> 正在注册： vm-transfer-physicalzone.vue文件 (ComponentService.plugin.js:249)
[14:55:57.81] [App] <ERROR> 404: Not Found ... /components/css-loader.css (app.js:100)
[14:55:58.77] [App] <ERROR> 404: Not Found ... /favicon.ico (app.js:100)
[14:56:07.47] [ComponentService] <INFO> 正在注册： vm-transfer-physicalzone.vue文件 (ComponentService.plugin.js:249)
[14:56:08.92] [App] <ERROR> 404: Not Found ... /components/css-loader.css (app.js:100)
[14:56:09.79] [App] <ERROR> 404: Not Found ... /favicon.ico (app.js:100)
[14:56:20.63] [ComponentService] <INFO> 正在注册： vm-transfer-physicalzone.vue文件 (ComponentService.plugin.js:249)
[14:56:21.44] [ComponentService] <INFO> 正在注册： vm-transfer-physicalzone.vue文件 (ComponentService.plugin.js:249)
[14:56:24.24] [ComponentService] <INFO> 正在注册： vm-transfer-physicalzone.vue文件 (ComponentService.plugin.js:249)
[14:56:25.53] [App] <ERROR> 404: Not Found ... /components/css-loader.css (app.js:100)
[14:56:26.54] [App] <ERROR> 404: Not Found ... /favicon.ico (app.js:100)
[14:56:32.60] [ComponentService] <INFO> 正在注册： vm-transfer-physicalzone.vue文件 (ComponentService.plugin.js:249)
[14:56:34.16] [App] <ERROR> 404: Not Found ... /components/css-loader.css (app.js:100)
[14:56:35.11] [App] <ERROR> 404: Not Found ... /favicon.ico (app.js:100)
[14:56:45.08] [ComponentService] <INFO> 正在注册： vm-transfer-physicalzone.vue文件 (ComponentService.plugin.js:249)
[14:56:45.74] [App] <ERROR> 404: Not Found ... /components/css-loader.css (app.js:100)
[14:56:46.100] [App] <ERROR> 404: Not Found ... /favicon.ico (app.js:100)
[14:56:52.30] [ComponentService] <INFO> 正在注册： vm-transfer-physicalzone.vue文件 (ComponentService.plugin.js:249)
[14:56:54.47] [App] <ERROR> 404: Not Found ... /components/css-loader.css (app.js:100)
[14:56:55.38] [App] <ERROR> 404: Not Found ... /favicon.ico (app.js:100)
[14:57:02.58] [ComponentService] <INFO> 正在注册： vm-transfer-physicalzone.vue文件 (ComponentService.plugin.js:249)
[14:57:03.81] [ComponentService] <INFO> 正在注册： vm-transfer-physicalzone.vue文件 (ComponentService.plugin.js:249)
[14:57:04.89] [App] <ERROR> 404: Not Found ... /components/css-loader.css (app.js:100)
[14:57:05.96] [App] <ERROR> 404: Not Found ... /favicon.ico (app.js:100)
[14:57:19.25] [ComponentService] <INFO> 正在注册： vm-transfer-physicalzone.vue文件 (ComponentService.plugin.js:249)
[14:57:21.94] [ComponentService] <INFO> 正在注册： vm-transfer-physicalzone.vue文件 (ComponentService.plugin.js:249)
