[09:56:43.77] [ConfigLoader] <INFO> init ConfigLoader (ConfigLoader.js:13)
[09:56:44.59] [ServiceLoader] <INFO> init ServiceLoader (ServiceLoader.js:27)
[09:56:44.60] [PluginLoader] <INFO> init PluginLoader (PluginLoader.js:18)
[09:56:46.25] [PluginLoader] <INFO> init ComponentService (PluginLoader.js:201)
[09:56:48.10] [PluginLoader] <INFO> init PageService (PluginLoader.js:201)
[09:56:48.11] [IntForce] <LOG> 启动组件开发测试环境，端口号：8160 (intforce.js:22)
[09:56:48.16] [ComponentService] <INFO> 正在注册： vd-bd-devicezone.vue文件 (ComponentService.plugin.js:249)
[09:56:48.18] [ComponentService] <INFO> 正在注册： vd-bd-grid.vue文件 (ComponentService.plugin.js:249)
[09:56:48.17] [ComponentService] <INFO> 正在注册： vd-bd-fencezone.vue文件 (ComponentService.plugin.js:249)
[09:56:48.18] [ComponentService] <INFO> 正在注册： vd-bd-loaddata.vue文件 (ComponentService.plugin.js:249)
[09:56:48.19] [ComponentService] <INFO> 正在注册： vd-bd-savedata.vue文件 (ComponentService.plugin.js:249)
[09:56:48.19] [ComponentService] <INFO> 正在注册： vb-cascader-city.vue文件 (ComponentService.plugin.js:249)
[09:56:48.21] [ComponentService] <INFO> 正在注册： vb-form-activity.vue文件 (ComponentService.plugin.js:249)
[09:56:48.22] [ComponentService] <INFO> 正在注册： vb-form-businesstime.vue文件 (ComponentService.plugin.js:249)
[09:56:48.23] [ComponentService] <INFO> 正在注册： vb-form-businesstimeplugin.vue文件 (ComponentService.plugin.js:249)
[09:56:48.23] [ComponentService] <INFO> 正在注册： vb-form-chartoption.vue文件 (ComponentService.plugin.js:249)
[09:56:48.24] [ComponentService] <INFO> 正在注册： vb-form-chartstyle.vue文件 (ComponentService.plugin.js:249)
[09:56:48.25] [ComponentService] <INFO> 正在注册： vb-form-company.vue文件 (ComponentService.plugin.js:249)
[09:56:48.26] [ComponentService] <INFO> 正在注册： vb-form-conditionoption.vue文件 (ComponentService.plugin.js:249)
[09:56:48.27] [ComponentService] <INFO> 正在注册： vb-form-fencezone.vue文件 (ComponentService.plugin.js:249)
[09:56:48.27] [ComponentService] <INFO> 正在注册： vb-form-holiday.vue文件 (ComponentService.plugin.js:249)
[09:56:48.29] [ComponentService] <INFO> 正在注册： vb-form-indexoption.vue文件 (ComponentService.plugin.js:249)
[09:56:48.29] [ComponentService] <INFO> 正在注册： vb-form-location.vue文件 (ComponentService.plugin.js:249)
[09:56:48.30] [ComponentService] <INFO> 正在注册： vb-form-mall.vue文件 (ComponentService.plugin.js:249)
[09:56:48.31] [ComponentService] <INFO> 正在注册： vb-form-physicalzone.vue文件 (ComponentService.plugin.js:249)
[09:56:48.31] [ComponentService] <INFO> 正在注册： vb-form-reportmenu.vue文件 (ComponentService.plugin.js:249)
[09:56:48.32] [ComponentService] <INFO> 正在注册： vb-form-reportpage.vue文件 (ComponentService.plugin.js:249)
[09:56:48.32] [ComponentService] <INFO> 正在注册： vb-form-tag.vue文件 (ComponentService.plugin.js:249)
[09:56:48.33] [ComponentService] <INFO> 正在注册： vb-form-transfer-mall.vue文件 (ComponentService.plugin.js:249)
[09:56:48.34] [ComponentService] <INFO> 正在注册： vb-form-weather.vue文件 (ComponentService.plugin.js:249)
[09:56:48.34] [ComponentService] <INFO> 正在注册： vb-grid-activity.vue文件 (ComponentService.plugin.js:249)
[09:56:48.35] [ComponentService] <INFO> 正在注册： vb-grid-businesstime.vue文件 (ComponentService.plugin.js:249)
[09:56:48.36] [ComponentService] <INFO> 正在注册： vb-grid-chartoption.vue文件 (ComponentService.plugin.js:249)
[09:56:48.36] [ComponentService] <INFO> 正在注册： vb-grid-chartstyle.vue文件 (ComponentService.plugin.js:249)
[09:56:48.37] [ComponentService] <INFO> 正在注册： vb-grid-company.vue文件 (ComponentService.plugin.js:249)
[09:56:48.38] [ComponentService] <INFO> 正在注册： vb-grid-conditionoption.vue文件 (ComponentService.plugin.js:249)
[09:56:48.38] [ComponentService] <INFO> 正在注册： vb-grid-fencezone.vue文件 (ComponentService.plugin.js:249)
[09:56:48.39] [ComponentService] <INFO> 正在注册： vb-grid-holiday.vue文件 (ComponentService.plugin.js:249)
[09:56:48.40] [ComponentService] <INFO> 正在注册： vb-grid-indexoption.vue文件 (ComponentService.plugin.js:249)
[09:56:48.40] [ComponentService] <INFO> 正在注册： vb-grid-location.vue文件 (ComponentService.plugin.js:249)
[09:56:48.41] [ComponentService] <INFO> 正在注册： vb-grid-mall.vue文件 (ComponentService.plugin.js:249)
[09:56:48.41] [ComponentService] <INFO> 正在注册： vb-grid-physicalzone.vue文件 (ComponentService.plugin.js:249)
[09:56:48.42] [ComponentService] <INFO> 正在注册： vb-grid-reportmenu.vue文件 (ComponentService.plugin.js:249)
[09:56:48.43] [ComponentService] <INFO> 正在注册： vb-grid-reportpage.vue文件 (ComponentService.plugin.js:249)
[09:56:48.43] [ComponentService] <INFO> 正在注册： vb-grid-role.vue文件 (ComponentService.plugin.js:249)
[09:56:48.44] [ComponentService] <INFO> 正在注册： vb-grid-tag.vue文件 (ComponentService.plugin.js:249)
[09:56:48.45] [ComponentService] <INFO> 正在注册： vb-grid-user.vue文件 (ComponentService.plugin.js:249)
[09:56:48.45] [ComponentService] <INFO> 正在注册： vb-grid-weather.vue文件 (ComponentService.plugin.js:249)
[09:56:48.46] [ComponentService] <INFO> 正在注册： vb-log-malllog.vue文件 (ComponentService.plugin.js:249)
[09:56:48.46] [ComponentService] <INFO> 正在注册： vb-log-mallupdate.vue文件 (ComponentService.plugin.js:249)
[09:56:48.47] [ComponentService] <INFO> 正在注册： vb-log-zonelog.vue文件 (ComponentService.plugin.js:249)
[09:56:48.47] [ComponentService] <INFO> 正在注册： vb-log-zoneupdate.vue文件 (ComponentService.plugin.js:249)
[09:56:48.48] [ComponentService] <INFO> 正在注册： vb-page-activity.vue文件 (ComponentService.plugin.js:249)
[09:56:48.49] [ComponentService] <INFO> 正在注册： vb-page-businesstime.vue文件 (ComponentService.plugin.js:249)
[09:56:48.49] [ComponentService] <INFO> 正在注册： vb-page-chartoption.vue文件 (ComponentService.plugin.js:249)
[09:56:48.50] [ComponentService] <INFO> 正在注册： vb-page-chartstyle.vue文件 (ComponentService.plugin.js:249)
[09:56:48.50] [ComponentService] <INFO> 正在注册： vb-page-company.vue文件 (ComponentService.plugin.js:249)
[09:56:48.51] [ComponentService] <INFO> 正在注册： vb-page-conditionoption.vue文件 (ComponentService.plugin.js:249)
[09:56:48.51] [ComponentService] <INFO> 正在注册： vb-page-holiday.vue文件 (ComponentService.plugin.js:249)
[09:56:48.52] [ComponentService] <INFO> 正在注册： vb-page-indexoption.vue文件 (ComponentService.plugin.js:249)
[09:56:48.53] [ComponentService] <INFO> 正在注册： vb-page-mall.vue文件 (ComponentService.plugin.js:249)
[09:56:48.53] [ComponentService] <INFO> 正在注册： vb-page-reportmenu.vue文件 (ComponentService.plugin.js:249)
[09:56:48.54] [ComponentService] <INFO> 正在注册： vb-page-reportpage.vue文件 (ComponentService.plugin.js:249)
[09:56:48.54] [ComponentService] <INFO> 正在注册： vb-page-tag.vue文件 (ComponentService.plugin.js:249)
[09:56:48.55] [ComponentService] <INFO> 正在注册： vb-page-weather.vue文件 (ComponentService.plugin.js:249)
[09:56:48.55] [ComponentService] <INFO> 正在注册： vb-select-chartoption.vue文件 (ComponentService.plugin.js:249)
[09:56:48.56] [ComponentService] <INFO> 正在注册： vb-select-chartstyle.vue文件 (ComponentService.plugin.js:249)
[09:56:48.56] [ComponentService] <INFO> 正在注册： vb-select-company.vue文件 (ComponentService.plugin.js:249)
[09:56:48.57] [ComponentService] <INFO> 正在注册： vb-select-device.vue文件 (ComponentService.plugin.js:249)
[09:56:48.57] [ComponentService] <INFO> 正在注册： vb-select-fencezone.vue文件 (ComponentService.plugin.js:249)
[09:56:48.58] [ComponentService] <INFO> 正在注册： vb-select-indexoption.vue文件 (ComponentService.plugin.js:249)
[09:56:48.59] [ComponentService] <INFO> 正在注册： vb-select-mall.vue文件 (ComponentService.plugin.js:249)
[09:56:48.59] [ComponentService] <INFO> 正在注册： vb-select-menutype.vue文件 (ComponentService.plugin.js:249)
[09:56:48.60] [ComponentService] <INFO> 正在注册： vb-select-physicalzone.vue文件 (ComponentService.plugin.js:249)
[09:56:48.60] [ComponentService] <INFO> 正在注册： vb-select-reportmenu.vue文件 (ComponentService.plugin.js:249)
[09:56:48.61] [ComponentService] <INFO> 正在注册： vb-select-role.vue文件 (ComponentService.plugin.js:249)
[09:56:48.61] [ComponentService] <INFO> 正在注册： vb-select-usergroup.vue文件 (ComponentService.plugin.js:249)
[09:56:48.62] [ComponentService] <INFO> 正在注册： vb-select-zonetype.vue文件 (ComponentService.plugin.js:249)
[09:56:48.62] [ComponentService] <INFO> 正在注册： vb-transfer-chartoption.vue文件 (ComponentService.plugin.js:249)
[09:56:48.63] [ComponentService] <INFO> 正在注册： vb-transfer-conditionoption.vue文件 (ComponentService.plugin.js:249)
[09:56:48.64] [ComponentService] <INFO> 正在注册： vb-transfer-indexoption.vue文件 (ComponentService.plugin.js:249)
[09:56:48.65] [ComponentService] <INFO> 正在注册： vb-transfer-location.vue文件 (ComponentService.plugin.js:249)
[09:56:48.65] [ComponentService] <INFO> 正在注册： vb-transfer-mall.vue文件 (ComponentService.plugin.js:249)
[09:56:48.66] [ComponentService] <INFO> 正在注册： vb-transfer-physicalzone.vue文件 (ComponentService.plugin.js:249)
[09:56:48.66] [ComponentService] <INFO> 正在注册： vb-transfer-reportpage.vue文件 (ComponentService.plugin.js:249)
[09:56:48.67] [ComponentService] <INFO> 正在注册： vb-transfer-tag.vue文件 (ComponentService.plugin.js:249)
[09:56:48.68] [ComponentService] <INFO> 正在注册： vb-tree-category.vue文件 (ComponentService.plugin.js:249)
[09:56:48.68] [ComponentService] <INFO> 正在注册： vb-tree-location.vue文件 (ComponentService.plugin.js:249)
[09:56:48.69] [ComponentService] <INFO> 正在注册： vb-zonecamera-query.vue文件 (ComponentService.plugin.js:249)
[09:56:48.73] [ComponentService] <INFO> 正在注册： vx-basic-demo.vue文件 (ComponentService.plugin.js:249)
[09:56:48.75] [ComponentService] <INFO> 正在注册： vm-form-location.vue文件 (ComponentService.plugin.js:249)
[09:56:48.76] [ComponentService] <INFO> 正在注册： vm-grid-location.vue文件 (ComponentService.plugin.js:249)
[09:56:48.76] [ComponentService] <INFO> 正在注册： vm-select-company.vue文件 (ComponentService.plugin.js:249)
[09:56:48.77] [ComponentService] <INFO> 正在注册： vm-select-mall.vue文件 (ComponentService.plugin.js:249)
[09:56:48.77] [ComponentService] <INFO> 正在注册： vm-transfer-mall.vue文件 (ComponentService.plugin.js:249)
[09:56:48.78] [ComponentService] <INFO> 正在注册： vm-transfer-physicalzone.vue文件 (ComponentService.plugin.js:249)
[09:56:48.78] [ComponentService] <INFO> 正在注册： vm-transfer-reportpage.vue文件 (ComponentService.plugin.js:249)
[09:56:48.79] [ComponentService] <INFO> 正在注册： vm-tree-location.vue文件 (ComponentService.plugin.js:249)
[09:56:48.80] [ComponentService] <INFO> 正在注册： vp-footer-default.vue文件 (ComponentService.plugin.js:249)
[09:56:48.84] [ComponentService] <INFO> 正在注册： vp-header-default.vue文件 (ComponentService.plugin.js:249)
[09:56:48.88] [ComponentService] <INFO> 正在注册： vp-header-filer.vue文件 (ComponentService.plugin.js:249)
[09:56:48.90] [ComponentService] <INFO> 正在注册： vp-header-nav.vue文件 (ComponentService.plugin.js:249)
[09:56:48.92] [ComponentService] <INFO> 正在注册： vp-main-home-default.vue文件 (ComponentService.plugin.js:249)
[09:56:48.93] [ComponentService] <INFO> 正在注册： vp-main-report-default.vue文件 (ComponentService.plugin.js:249)
[09:56:48.95] [ComponentService] <INFO> 正在注册： vp-nav-homeicon.vue文件 (ComponentService.plugin.js:249)
[09:56:48.96] [ComponentService] <INFO> 正在注册： vp-page-grid.vue文件 (ComponentService.plugin.js:249)
[09:56:48.96] [ComponentService] <INFO> 正在注册： vp-widget-flowdistribution.vue文件 (ComponentService.plugin.js:249)
[09:56:48.97] [ComponentService] <INFO> 正在注册： vp-widget-flowtime.vue文件 (ComponentService.plugin.js:249)
[09:56:48.98] [ComponentService] <INFO> 正在注册： vp-widget-home-chart.vue文件 (ComponentService.plugin.js:249)
[09:56:48.99] [ComponentService] <INFO> 正在注册： vp-widget-home-data.vue文件 (ComponentService.plugin.js:249)
[09:56:49.02] [ComponentService] <INFO> 正在注册： vp-widget-home-ranking.vue文件 (ComponentService.plugin.js:249)
[09:56:49.04] [ComponentService] <INFO> 正在注册： vp-widget-report-compare.vue文件 (ComponentService.plugin.js:249)
[09:56:49.07] [ComponentService] <INFO> 正在注册： vp-widget-time-selection.vue文件 (ComponentService.plugin.js:249)
[09:56:49.10] [ComponentService] <INFO> 正在注册： vm-layout-page.vue文件 (ComponentService.plugin.js:249)
[09:56:49.10] [ComponentService] <INFO> 正在注册： vx-basic-button.vue文件 (ComponentService.plugin.js:249)
[09:56:49.11] [ComponentService] <INFO> 正在注册： vx-basic-tree.vue文件 (ComponentService.plugin.js:249)
[09:56:49.11] [ComponentService] <INFO> 正在注册： vx-container-col.vue文件 (ComponentService.plugin.js:249)
[09:56:49.12] [ComponentService] <INFO> 正在注册： vx-container-combo.vue文件 (ComponentService.plugin.js:249)
[09:56:49.13] [ComponentService] <INFO> 正在注册： vx-container-dialog.vue文件 (ComponentService.plugin.js:249)
[09:56:49.14] [ComponentService] <INFO> 正在注册： vx-container-gridster.vue文件 (ComponentService.plugin.js:249)
[09:56:49.14] [ComponentService] <INFO> 正在注册： vx-container-item.vue文件 (ComponentService.plugin.js:249)
[09:56:49.15] [ComponentService] <INFO> 正在注册： vx-container-row.vue文件 (ComponentService.plugin.js:249)
[09:56:49.15] [ComponentService] <INFO> 正在注册： vx-container-tab.vue文件 (ComponentService.plugin.js:249)
[09:56:49.16] [ComponentService] <INFO> 正在注册： vx-form-cascader.vue文件 (ComponentService.plugin.js:249)
[09:56:49.16] [ComponentService] <INFO> 正在注册： vx-form-check.vue文件 (ComponentService.plugin.js:249)
[09:56:49.19] [ComponentService] <INFO> 正在注册： vx-form-clockpicker.vue文件 (ComponentService.plugin.js:249)
[09:56:49.19] [ComponentService] <INFO> 正在注册： vx-form-daterangepicker.vue文件 (ComponentService.plugin.js:249)
[09:56:49.20] [ComponentService] <INFO> 正在注册： vx-form-datesinglepicker.vue文件 (ComponentService.plugin.js:249)
[09:56:49.21] [ComponentService] <INFO> 正在注册： vx-form-group-select.vue文件 (ComponentService.plugin.js:249)
[09:56:49.22] [ComponentService] <INFO> 正在注册： vx-form-input.vue文件 (ComponentService.plugin.js:249)
[09:56:49.23] [ComponentService] <INFO> 正在注册： vx-form-location.vue文件 (ComponentService.plugin.js:249)
[09:56:49.23] [ComponentService] <INFO> 正在注册： vx-form-number.vue文件 (ComponentService.plugin.js:249)
[09:56:49.24] [ComponentService] <INFO> 正在注册： vx-form-password.vue文件 (ComponentService.plugin.js:249)
[09:56:49.25] [ComponentService] <INFO> 正在注册： vx-form-radio.vue文件 (ComponentService.plugin.js:249)
[09:56:49.26] [ComponentService] <INFO> 正在注册： vx-form-select.vue文件 (ComponentService.plugin.js:249)
[09:56:49.27] [ComponentService] <INFO> 正在注册： vx-form-tooltip.vue文件 (ComponentService.plugin.js:249)
[09:56:49.28] [ComponentService] <INFO> 正在注册： vx-form-transfer.vue文件 (ComponentService.plugin.js:249)
[09:56:49.29] [ComponentService] <INFO> 正在注册： vx-nav-breadcrumb.vue文件 (ComponentService.plugin.js:249)
[09:56:49.29] [ComponentService] <INFO> 正在注册： vx-nav-dropmenu.vue文件 (ComponentService.plugin.js:249)
[09:56:49.30] [ComponentService] <INFO> 正在注册： vx-nav-navmenu.vue文件 (ComponentService.plugin.js:249)
[09:56:49.31] [ComponentService] <INFO> 正在注册： vx-tab-pane.vue文件 (ComponentService.plugin.js:249)
[09:56:49.31] [ComponentService] <INFO> 正在注册： vx-tabs.vue文件 (ComponentService.plugin.js:249)
[09:56:49.32] [ComponentService] <INFO> 正在注册： vx-view-baidumap.vue文件 (ComponentService.plugin.js:249)
[09:56:49.34] [ComponentService] <INFO> 正在注册： vx-view-countup.vue文件 (ComponentService.plugin.js:249)
[09:56:49.37] [ComponentService] <INFO> 正在注册： vx-view-datatable.vue文件 (ComponentService.plugin.js:249)
[09:56:49.37] [ComponentService] <INFO> 正在注册： vx-view-dialog.vue文件 (ComponentService.plugin.js:249)
[09:56:49.38] [ComponentService] <INFO> 正在注册： vx-view-echart.vue文件 (ComponentService.plugin.js:249)
[09:56:49.39] [ComponentService] <INFO> 正在注册： vx-view-govmap.vue文件 (ComponentService.plugin.js:249)
[09:56:49.39] [ComponentService] <INFO> 正在注册： vx-view-heatmap.vue文件 (ComponentService.plugin.js:249)
[09:56:49.41] [ComponentService] <INFO> 正在注册： vx-view-linescroll.vue文件 (ComponentService.plugin.js:249)
[09:56:49.41] [ComponentService] <INFO> 正在注册： vx-view-map.vue文件 (ComponentService.plugin.js:249)
[09:56:49.42] [ComponentService] <INFO> 正在注册： vx-view-pagelist.vue文件 (ComponentService.plugin.js:249)
[09:56:49.43] [ComponentService] <INFO> 正在注册： vx-view-pagesize.vue文件 (ComponentService.plugin.js:249)
[09:56:49.44] [ComponentService] <INFO> 正在注册： vd-bd-componentslist.vue文件 (ComponentService.plugin.js:249)
[09:56:49.45] [ComponentService] <INFO> 正在注册： vd-bd-datadetail.vue文件 (ComponentService.plugin.js:249)
[09:56:49.46] [ComponentService] <INFO> 正在注册： vd-bd-fencezone.vue文件 (ComponentService.plugin.js:249)
[09:56:49.46] [ComponentService] <INFO> 正在注册： vd-bd-grid.vue文件 (ComponentService.plugin.js:249)
[09:56:49.47] [ComponentService] <INFO> 正在注册： vd-bd-loaddata.vue文件 (ComponentService.plugin.js:249)
[09:56:49.47] [ComponentService] <INFO> 正在注册： vd-bd-login.vue文件 (ComponentService.plugin.js:249)
[09:56:49.48] [ComponentService] <INFO> 正在注册： vd-bd-savedata.vue文件 (ComponentService.plugin.js:249)
[09:56:49.48] [ComponentService] <INFO> 正在注册： vd-bd-servicelist.vue文件 (ComponentService.plugin.js:249)
[09:56:49.49] [ComponentService] <INFO> 正在注册： vd-company-activity.vue文件 (ComponentService.plugin.js:249)
[09:56:49.50] [ComponentService] <INFO> 正在注册： vd-company-businesstime.vue文件 (ComponentService.plugin.js:249)
[09:56:49.51] [ComponentService] <INFO> 正在注册： vd-company-company.vue文件 (ComponentService.plugin.js:249)
[09:56:49.52] [ComponentService] <INFO> 正在注册： vd-company-device.vue文件 (ComponentService.plugin.js:249)
[09:56:49.53] [ComponentService] <INFO> 正在注册： vd-company-devicezone.vue文件 (ComponentService.plugin.js:249)
[09:56:49.53] [ComponentService] <INFO> 正在注册： vd-company-holiday.vue文件 (ComponentService.plugin.js:249)
[09:56:49.54] [ComponentService] <INFO> 正在注册： vd-company-mall.vue文件 (ComponentService.plugin.js:249)
[09:56:49.55] [ComponentService] <INFO> 正在注册： vd-company-physicalzone.vue文件 (ComponentService.plugin.js:249)
[09:56:49.55] [ComponentService] <INFO> 正在注册： vd-company-tag.vue文件 (ComponentService.plugin.js:249)
[09:56:49.56] [ComponentService] <INFO> 正在注册： vd-log-mallupdate.vue文件 (ComponentService.plugin.js:249)
[09:56:49.57] [ComponentService] <INFO> 正在注册： vd-log-weather.vue文件 (ComponentService.plugin.js:249)
[09:56:49.57] [ComponentService] <INFO> 正在注册： vd-log-zoneupdate.vue文件 (ComponentService.plugin.js:249)
[09:56:49.58] [ComponentService] <INFO> 正在注册： vd-report-chartoption.vue文件 (ComponentService.plugin.js:249)
[09:56:49.59] [ComponentService] <INFO> 正在注册： vd-report-chartstyle.vue文件 (ComponentService.plugin.js:249)
[09:56:49.60] [ComponentService] <INFO> 正在注册： vd-report-conditionoption.vue文件 (ComponentService.plugin.js:249)
[09:56:49.60] [ComponentService] <INFO> 正在注册： vd-report-indexoption.vue文件 (ComponentService.plugin.js:249)
[09:56:49.61] [ComponentService] <INFO> 正在注册： vd-report-reportmenu.vue文件 (ComponentService.plugin.js:249)
[09:56:49.61] [ComponentService] <INFO> 正在注册： vd-report-reportpage.vue文件 (ComponentService.plugin.js:249)
[09:56:49.62] [ComponentService] <INFO> 正在注册： vd-report-servicelist.vue文件 (ComponentService.plugin.js:249)
[09:56:49.62] [ComponentService] <INFO> 正在注册： vd-system-category.vue文件 (ComponentService.plugin.js:249)
[09:56:49.63] [ComponentService] <INFO> 正在注册： vd-system-location.vue文件 (ComponentService.plugin.js:249)
[09:56:49.64] [ComponentService] <INFO> 正在注册： vd-system-menu.vue文件 (ComponentService.plugin.js:249)
[09:56:49.64] [ComponentService] <INFO> 正在注册： vd-system-role.vue文件 (ComponentService.plugin.js:249)
[09:56:49.65] [ComponentService] <INFO> 正在注册： vd-system-user.vue文件 (ComponentService.plugin.js:249)
[09:56:49.65] [ComponentService] <INFO> 正在注册： vd-system-usergroup.vue文件 (ComponentService.plugin.js:249)
[09:56:49.66] [ComponentService] <INFO> 正在注册： vm-form-activity.vue文件 (ComponentService.plugin.js:249)
[09:56:49.67] [ComponentService] <INFO> 正在注册： vm-form-activityplugin.vue文件 (ComponentService.plugin.js:249)
[09:56:49.67] [ComponentService] <INFO> 正在注册： vm-form-businesstime.vue文件 (ComponentService.plugin.js:249)
[09:56:49.68] [ComponentService] <INFO> 正在注册： vm-form-businesstimeplugin.vue文件 (ComponentService.plugin.js:249)
[09:56:49.69] [ComponentService] <INFO> 正在注册： vm-form-holiday.vue文件 (ComponentService.plugin.js:249)
[09:56:49.70] [ComponentService] <INFO> 正在注册： vm-form-mall.vue文件 (ComponentService.plugin.js:249)
[09:56:49.71] [ComponentService] <INFO> 正在注册： vm-form-mallupdate.vue文件 (ComponentService.plugin.js:249)
[09:56:49.72] [ComponentService] <INFO> 正在注册： vm-form-tag.vue文件 (ComponentService.plugin.js:249)
[09:56:49.72] [ComponentService] <INFO> 正在注册： vm-form-weather.vue文件 (ComponentService.plugin.js:249)
[09:56:49.73] [ComponentService] <INFO> 正在注册： vm-form-zoneupdate.vue文件 (ComponentService.plugin.js:249)
[09:56:49.73] [ComponentService] <INFO> 正在注册： vm-grid-activity.vue文件 (ComponentService.plugin.js:249)
[09:56:49.75] [ComponentService] <INFO> 正在注册： vm-grid-businesstime.vue文件 (ComponentService.plugin.js:249)
[09:56:49.76] [ComponentService] <INFO> 正在注册： vm-grid-historicalcount.vue文件 (ComponentService.plugin.js:249)
[09:56:49.76] [ComponentService] <INFO> 正在注册： vm-grid-historicaldwell.vue文件 (ComponentService.plugin.js:249)
[09:56:49.77] [ComponentService] <INFO> 正在注册： vm-grid-historicalfitting.vue文件 (ComponentService.plugin.js:249)
[09:56:49.78] [ComponentService] <INFO> 正在注册： vm-grid-historicalpassby.vue文件 (ComponentService.plugin.js:249)
[09:56:49.79] [ComponentService] <INFO> 正在注册： vm-grid-historicalsummary.vue文件 (ComponentService.plugin.js:249)
[09:56:49.80] [ComponentService] <INFO> 正在注册： vm-grid-holiday.vue文件 (ComponentService.plugin.js:249)
[09:56:49.81] [ComponentService] <INFO> 正在注册： vm-grid-mall.vue文件 (ComponentService.plugin.js:249)
[09:56:49.82] [ComponentService] <INFO> 正在注册： vm-grid-tag.vue文件 (ComponentService.plugin.js:249)
[09:56:49.82] [ComponentService] <INFO> 正在注册： vm-grid-weather.vue文件 (ComponentService.plugin.js:249)
[09:56:49.84] [ComponentService] <INFO> 正在注册： vm-manager-dataadjustment.vue文件 (ComponentService.plugin.js:249)
[09:56:49.85] [ComponentService] <INFO> 正在注册： vm-manager-datarecovery.vue文件 (ComponentService.plugin.js:249)
[09:56:49.85] [ComponentService] <INFO> 正在注册： vm-manager-datasummary.vue文件 (ComponentService.plugin.js:249)
[09:56:49.87] [ComponentService] <INFO> 正在注册： vm-manager-salesDataMaintenance.vue文件 (ComponentService.plugin.js:249)
[09:56:49.88] [ComponentService] <INFO> 正在注册： vm-report-times.vue文件 (ComponentService.plugin.js:249)
[09:56:49.89] [ComponentService] <INFO> 正在注册： vm-select-devicecode.vue文件 (ComponentService.plugin.js:249)
[09:56:49.90] [ComponentService] <INFO> 正在注册： vm-transfer-tag.vue文件 (ComponentService.plugin.js:249)
[09:56:49.95] [ComponentService] <INFO> 正在注册： vb-layout-header.vue文件 (ComponentService.plugin.js:249)
[09:56:49.96] [ComponentService] <INFO> 正在注册： vb-layout-main.vue文件 (ComponentService.plugin.js:249)
[09:56:49.97] [ComponentService] <INFO> 正在注册： vb-layout-pageheader.vue文件 (ComponentService.plugin.js:249)
[09:56:49.98] [ComponentService] <INFO> 正在注册： vb-layout-right.vue文件 (ComponentService.plugin.js:249)
[09:56:49.99] [ComponentService] <INFO> 正在注册： vb-layout-sidemenu.vue文件 (ComponentService.plugin.js:249)
[09:56:49.99] [ComponentService] <INFO> 正在注册： vb-nav-breadcrumb.vue文件 (ComponentService.plugin.js:249)
[09:56:50.01] [ComponentService] <INFO> 正在注册： vp-footer-default.vue文件 (ComponentService.plugin.js:249)
[09:56:50.06] [ComponentService] <INFO> 正在注册： vp-header-default.vue文件 (ComponentService.plugin.js:249)
[09:56:50.09] [ComponentService] <INFO> 正在注册： vp-header-filer.vue文件 (ComponentService.plugin.js:249)
[09:56:50.12] [ComponentService] <INFO> 正在注册： vp-header-nav.vue文件 (ComponentService.plugin.js:249)
[09:56:50.13] [ComponentService] <INFO> 正在注册： vp-main-home-default.vue文件 (ComponentService.plugin.js:249)
[09:56:49.91] [ComponentService] <INFO> 正在注册： vb-layout-content.vue文件 (ComponentService.plugin.js:249)
[09:56:49.92] [ComponentService] <INFO> 正在注册： vb-layout-footer.vue文件 (ComponentService.plugin.js:249)
[09:56:50.16] [ComponentService] <INFO> 正在注册： vp-page-grid.vue文件 (ComponentService.plugin.js:249)
[09:56:50.17] [ComponentService] <INFO> 正在注册： vp-widget-flowdistribution.vue文件 (ComponentService.plugin.js:249)
[09:56:50.17] [ComponentService] <INFO> 正在注册： vp-widget-flowtime.vue文件 (ComponentService.plugin.js:249)
[09:56:50.18] [ComponentService] <INFO> 正在注册： vp-widget-home-chart.vue文件 (ComponentService.plugin.js:249)
[09:56:50.15] [ComponentService] <INFO> 正在注册： vp-nav-homeicon.vue文件 (ComponentService.plugin.js:249)
[09:56:50.14] [ComponentService] <INFO> 正在注册： vp-main-report-default.vue文件 (ComponentService.plugin.js:249)
[09:56:50.21] [ComponentService] <INFO> 正在注册： vp-widget-home-ranking.vue文件 (ComponentService.plugin.js:249)
[09:56:50.19] [ComponentService] <INFO> 正在注册： vp-widget-home-data.vue文件 (ComponentService.plugin.js:249)
[09:56:50.24] [ComponentService] <INFO> 正在注册： vp-widget-report-compare.vue文件 (ComponentService.plugin.js:249)
[09:56:50.26] [ComponentService] <INFO> 正在注册： vp-widget-time-selection.vue文件 (ComponentService.plugin.js:249)
[09:56:50.27] [ComponentService] <INFO> 正在注册： vm-form-category.vue文件 (ComponentService.plugin.js:249)
[09:56:50.28] [ComponentService] <INFO> 正在注册： vm-form-componentslist.vue文件 (ComponentService.plugin.js:249)
[09:56:50.29] [ComponentService] <INFO> 正在注册： vm-form-menu.vue文件 (ComponentService.plugin.js:249)
[09:56:50.30] [ComponentService] <INFO> 正在注册： vm-form-menuplugin.vue文件 (ComponentService.plugin.js:249)
[09:56:50.30] [ComponentService] <INFO> 正在注册： vm-form-role.vue文件 (ComponentService.plugin.js:249)
[09:56:50.31] [ComponentService] <INFO> 正在注册： vm-form-roleplugin.vue文件 (ComponentService.plugin.js:249)
[09:56:50.32] [ComponentService] <INFO> 正在注册： vm-form-servicelist.vue文件 (ComponentService.plugin.js:249)
[09:56:50.32] [ComponentService] <INFO> 正在注册： vm-form-user.vue文件 (ComponentService.plugin.js:249)
[09:56:50.33] [ComponentService] <INFO> 正在注册： vm-form-usergroup.vue文件 (ComponentService.plugin.js:249)
[09:56:50.34] [ComponentService] <INFO> 正在注册： vm-form-usergroupplugin.vue文件 (ComponentService.plugin.js:249)
[09:56:50.34] [ComponentService] <INFO> 正在注册： vm-form-usergroupreportpage.vue文件 (ComponentService.plugin.js:249)
[09:56:50.36] [ComponentService] <INFO> 正在注册： vm-form-userplugin.vue文件 (ComponentService.plugin.js:249)
[09:56:50.35] [ComponentService] <INFO> 正在注册： vm-form-usergroupzone.vue文件 (ComponentService.plugin.js:249)
[09:56:50.36] [ComponentService] <INFO> 正在注册： vm-grid-category.vue文件 (ComponentService.plugin.js:249)
[09:56:50.37] [ComponentService] <INFO> 正在注册： vm-grid-menu.vue文件 (ComponentService.plugin.js:249)
[09:56:50.37] [ComponentService] <INFO> 正在注册： vm-grid-componentslist.vue文件 (ComponentService.plugin.js:249)
[09:56:50.38] [ComponentService] <INFO> 正在注册： vm-grid-role.vue文件 (ComponentService.plugin.js:249)
[09:56:50.39] [ComponentService] <INFO> 正在注册： vm-grid-servicelist.vue文件 (ComponentService.plugin.js:249)
[09:56:50.39] [ComponentService] <INFO> 正在注册： vm-grid-user.vue文件 (ComponentService.plugin.js:249)
[09:56:50.40] [ComponentService] <INFO> 正在注册： vm-grid-usergroup.vue文件 (ComponentService.plugin.js:249)
[09:56:50.41] [ComponentService] <INFO> 正在注册： vm-nav-menu.vue文件 (ComponentService.plugin.js:249)
[09:56:50.41] [ComponentService] <INFO> 正在注册： vm-select-role.vue文件 (ComponentService.plugin.js:249)
[09:56:50.42] [ComponentService] <INFO> 正在注册： vm-select-usergroup.vue文件 (ComponentService.plugin.js:249)
[09:56:50.42] [ComponentService] <INFO> 正在注册： vm-tree-category.vue文件 (ComponentService.plugin.js:249)
[09:56:50.43] [ComponentService] <INFO> 正在注册： vm-tree-menu.vue文件 (ComponentService.plugin.js:249)
[09:56:50.44] [ComponentService] <INFO> 正在注册： vm-tree-role.vue文件 (ComponentService.plugin.js:249)
[09:56:49.100] [ComponentService] <INFO> 正在注册： vb-nav-menu.vue文件 (ComponentService.plugin.js:249)
[09:56:50.47] [ComponentService] <INFO> 正在注册： vm-form-device.vue文件 (ComponentService.plugin.js:249)
[09:56:50.48] [ComponentService] <INFO> 正在注册： vm-form-devicezone.vue文件 (ComponentService.plugin.js:249)
[09:56:50.49] [ComponentService] <INFO> 正在注册： vm-form-subsetzone.vue文件 (ComponentService.plugin.js:249)
[09:56:50.50] [ComponentService] <INFO> 正在注册： vm-grid-device.vue文件 (ComponentService.plugin.js:249)
[09:56:50.51] [ComponentService] <INFO> 正在注册： vm-grid-devicezone.vue文件 (ComponentService.plugin.js:249)
[09:56:50.51] [ComponentService] <INFO> 正在注册： vm-select-devicetype.vue文件 (ComponentService.plugin.js:249)
[09:56:50.52] [ComponentService] <INFO> 正在注册： vm-subset-devicezone.vue文件 (ComponentService.plugin.js:249)
[09:56:50.53] [ComponentService] <INFO> 正在注册： vm-form-company.vue文件 (ComponentService.plugin.js:249)
[09:56:50.56] [ComponentService] <INFO> 正在注册： vm-form-companyindex.vue文件 (ComponentService.plugin.js:249)
[09:56:50.57] [ComponentService] <INFO> 正在注册： vm-form-companyplugin.vue文件 (ComponentService.plugin.js:249)
[09:56:50.58] [ComponentService] <INFO> 正在注册： vm-grid-company.vue文件 (ComponentService.plugin.js:249)
[09:56:50.58] [ComponentService] <INFO> 正在注册： vm-transfer-chartoption.vue文件 (ComponentService.plugin.js:249)
[09:56:50.60] [ComponentService] <INFO> 正在注册： vm-transfer-indexoption.vue文件 (ComponentService.plugin.js:249)
[09:56:50.61] [ComponentService] <INFO> 正在注册： vm-grid-devicezonestatus.vue文件 (ComponentService.plugin.js:249)
[09:56:50.61] [ComponentService] <INFO> 正在注册： vd-company-physicallinkeddevice.vue文件 (ComponentService.plugin.js:249)
[09:56:50.62] [ComponentService] <INFO> 正在注册： vd-company-physicalunlinkeddevice.vue文件 (ComponentService.plugin.js:249)
[09:56:50.62] [ComponentService] <INFO> 正在注册： vm-grid-linkeddevicezone.vue文件 (ComponentService.plugin.js:249)
[09:56:50.63] [ComponentService] <INFO> 正在注册： vm-grid-unlinkeddevicezone.vue文件 (ComponentService.plugin.js:249)
[09:56:50.65] [ComponentService] <INFO> 正在注册： vm-scope-physicalzone.vue文件 (ComponentService.plugin.js:249)
[09:56:50.66] [ComponentService] <INFO> 正在注册： vm-select-company.vue文件 (ComponentService.plugin.js:249)
[09:56:50.67] [ComponentService] <INFO> 正在注册： vm-select-mall.vue文件 (ComponentService.plugin.js:249)
[09:56:50.67] [ComponentService] <INFO> 正在注册： vm-select-physicalzone.vue文件 (ComponentService.plugin.js:249)
[09:56:50.68] [ComponentService] <INFO> 正在注册： vb-form-location.vue文件 (ComponentService.plugin.js:249)
[09:56:50.69] [ComponentService] <INFO> 正在注册： vm-form-location.vue文件 (ComponentService.plugin.js:249)
[09:56:50.69] [ComponentService] <INFO> 正在注册： vm-grid-location.vue文件 (ComponentService.plugin.js:249)
[09:56:50.72] [ComponentService] <INFO> 正在注册： vm-tree-location.vue文件 (ComponentService.plugin.js:249)
[09:56:50.72] [ComponentService] <INFO> 正在注册： vm-cascader-city.vue文件 (ComponentService.plugin.js:249)
[09:56:50.73] [ComponentService] <INFO> 正在注册： vm-form-mall.vue文件 (ComponentService.plugin.js:249)
[09:56:50.73] [ComponentService] <INFO> 正在注册： vm-grid-mall.vue文件 (ComponentService.plugin.js:249)
[09:56:54.64] [ServiceLoader] <INFO> 注册服务ComponentService 成功！ (ServiceLoader.js:69)
[09:56:54.64] [ServiceLoader] <INFO> 注册服务PageService 成功！ (ServiceLoader.js:69)
