[10:05:09.43] [ConfigLoader] <INFO> init ConfigLoader (ConfigLoader.js:13)
[10:05:09.97] [ServiceLoader] <INFO> init ServiceLoader (ServiceLoader.js:27)
[10:05:09.98] [PluginLoader] <INFO> init PluginLoader (PluginLoader.js:18)
[10:05:11.13] [PluginLoader] <INFO> init ComponentService (PluginLoader.js:201)
[10:05:12.48] [PluginLoader] <INFO> init PageService (PluginLoader.js:201)
[10:05:12.49] [IntForce] <LOG> 启动组件开发测试环境，端口号：8160 (intforce.js:22)
[10:05:12.53] [ComponentService] <INFO> 正在注册： vx-basic-demo.vue文件 (ComponentService.plugin.js:251)
[10:05:12.54] [ComponentService] <INFO> 正在注册： vd-bd-activity.vue文件 (ComponentService.plugin.js:251)
[10:05:12.54] [ComponentService] <INFO> 正在注册： vd-bd-businesstime.vue文件 (ComponentService.plugin.js:251)
[10:05:12.55] [ComponentService] <INFO> 正在注册： vd-bd-datadetail.vue文件 (ComponentService.plugin.js:251)
[10:05:12.55] [ComponentService] <INFO> 正在注册： vd-bd-holiday.vue文件 (ComponentService.plugin.js:251)
[10:05:12.55] [ComponentService] <INFO> 正在注册： vd-bd-mallupdate.vue文件 (ComponentService.plugin.js:251)
[10:05:12.56] [ComponentService] <INFO> 正在注册： vd-bd-tag.vue文件 (ComponentService.plugin.js:251)
[10:05:12.56] [ComponentService] <INFO> 正在注册： vd-bd-weather.vue文件 (ComponentService.plugin.js:251)
[10:05:12.57] [ComponentService] <INFO> 正在注册： vd-bd-zoneupdate.vue文件 (ComponentService.plugin.js:251)
[10:05:12.57] [ComponentService] <INFO> 正在注册： vd-rpt-indexoption.vue文件 (ComponentService.plugin.js:251)
[10:05:12.58] [ComponentService] <INFO> 正在注册： vm-form-activity.vue文件 (ComponentService.plugin.js:251)
[10:05:12.58] [ComponentService] <INFO> 正在注册： vm-form-businesstime.vue文件 (ComponentService.plugin.js:251)
[10:05:12.59] [ComponentService] <INFO> 正在注册： vm-form-businesstimeplugin.vue文件 (ComponentService.plugin.js:251)
[10:05:12.59] [ComponentService] <INFO> 正在注册： vm-form-holiday.vue文件 (ComponentService.plugin.js:251)
[10:05:12.60] [ComponentService] <INFO> 正在注册： vm-form-mallupdate.vue文件 (ComponentService.plugin.js:251)
[10:05:12.60] [ComponentService] <INFO> 正在注册： vm-form-tag.vue文件 (ComponentService.plugin.js:251)
[10:05:12.61] [ComponentService] <INFO> 正在注册： vm-form-weather.vue文件 (ComponentService.plugin.js:251)
[10:05:12.61] [ComponentService] <INFO> 正在注册： vm-form-zoneupdate.vue文件 (ComponentService.plugin.js:251)
[10:05:12.61] [ComponentService] <INFO> 正在注册： vm-grid-activity.vue文件 (ComponentService.plugin.js:251)
[10:05:12.62] [ComponentService] <INFO> 正在注册： vm-grid-businesstime.vue文件 (ComponentService.plugin.js:251)
[10:05:12.62] [ComponentService] <INFO> 正在注册： vm-grid-historicalcount.vue文件 (ComponentService.plugin.js:251)
[10:05:12.63] [ComponentService] <INFO> 正在注册： vm-grid-historicaldwell.vue文件 (ComponentService.plugin.js:251)
[10:05:12.63] [ComponentService] <INFO> 正在注册： vm-grid-historicalfitting.vue文件 (ComponentService.plugin.js:251)
[10:05:12.63] [ComponentService] <INFO> 正在注册： vm-grid-historicalpassby.vue文件 (ComponentService.plugin.js:251)
[10:05:12.64] [ComponentService] <INFO> 正在注册： vm-grid-historicalsummary.vue文件 (ComponentService.plugin.js:251)
[10:05:12.64] [ComponentService] <INFO> 正在注册： vm-grid-holiday.vue文件 (ComponentService.plugin.js:251)
[10:05:12.65] [ComponentService] <INFO> 正在注册： vm-grid-tag.vue文件 (ComponentService.plugin.js:251)
[10:05:12.65] [ComponentService] <INFO> 正在注册： vm-grid-weather.vue文件 (ComponentService.plugin.js:251)
[10:05:12.65] [ComponentService] <INFO> 正在注册： vm-report-times.vue文件 (ComponentService.plugin.js:251)
[10:05:12.66] [ComponentService] <INFO> 正在注册： vm-select-devicecode.vue文件 (ComponentService.plugin.js:251)
[10:05:12.66] [ComponentService] <INFO> 正在注册： vm-transfer-tag.vue文件 (ComponentService.plugin.js:251)
[10:05:12.66] [ComponentService] <INFO> 正在注册： vb-cascader-city.vue文件 (ComponentService.plugin.js:251)
[10:05:12.67] [ComponentService] <INFO> 正在注册： vb-form-company.vue文件 (ComponentService.plugin.js:251)
[10:05:12.67] [ComponentService] <INFO> 正在注册： vb-form-companyplugin.vue文件 (ComponentService.plugin.js:251)
[10:05:12.68] [ComponentService] <INFO> 正在注册： vb-form-device.vue文件 (ComponentService.plugin.js:251)
[10:05:12.68] [ComponentService] <INFO> 正在注册： vb-form-devicezone.vue文件 (ComponentService.plugin.js:251)
[10:05:12.69] [ComponentService] <INFO> 正在注册： vb-form-location.vue文件 (ComponentService.plugin.js:251)
[10:05:12.69] [ComponentService] <INFO> 正在注册： vb-form-mall.vue文件 (ComponentService.plugin.js:251)
[10:05:12.70] [ComponentService] <INFO> 正在注册： vb-form-physicalzone.vue文件 (ComponentService.plugin.js:251)
[10:05:12.70] [ComponentService] <INFO> 正在注册： vb-form-physicalzoneplugin.vue文件 (ComponentService.plugin.js:251)
[10:05:12.71] [ComponentService] <INFO> 正在注册： vb-form-subsetzone.vue文件 (ComponentService.plugin.js:251)
[10:05:12.71] [ComponentService] <INFO> 正在注册： vb-form-tag.vue文件 (ComponentService.plugin.js:251)
[10:05:12.71] [ComponentService] <INFO> 正在注册： vb-form-transfer-mall.vue文件 (ComponentService.plugin.js:251)
[10:05:12.72] [ComponentService] <INFO> 正在注册： vb-grid-company.vue文件 (ComponentService.plugin.js:251)
[10:05:12.72] [ComponentService] <INFO> 正在注册： vb-grid-device.vue文件 (ComponentService.plugin.js:251)
[10:05:12.73] [ComponentService] <INFO> 正在注册： vb-grid-distribute.vue文件 (ComponentService.plugin.js:251)
[10:05:12.73] [ComponentService] <INFO> 正在注册： vb-grid-duration.vue文件 (ComponentService.plugin.js:251)
[10:05:12.73] [ComponentService] <INFO> 正在注册： vb-grid-fencezone.vue文件 (ComponentService.plugin.js:251)
[10:05:12.74] [ComponentService] <INFO> 正在注册： vb-grid-linkeddevicezone.vue文件 (ComponentService.plugin.js:251)
[10:05:12.74] [ComponentService] <INFO> 正在注册： vb-grid-location.vue文件 (ComponentService.plugin.js:251)
[10:05:12.75] [ComponentService] <INFO> 正在注册： vb-grid-mall.vue文件 (ComponentService.plugin.js:251)
[10:05:12.75] [ComponentService] <INFO> 正在注册： vb-grid-physicalzone.vue文件 (ComponentService.plugin.js:251)
[10:05:12.75] [ComponentService] <INFO> 正在注册： vb-grid-shop.vue文件 (ComponentService.plugin.js:251)
[10:05:12.76] [ComponentService] <INFO> 正在注册： vb-grid-tag.vue文件 (ComponentService.plugin.js:251)
[10:05:12.76] [ComponentService] <INFO> 正在注册： vb-grid-terminal.vue文件 (ComponentService.plugin.js:251)
[10:05:12.77] [ComponentService] <INFO> 正在注册： vb-grid-timesharing.vue文件 (ComponentService.plugin.js:251)
[10:05:12.77] [ComponentService] <INFO> 正在注册： vb-grid-unlinkeddevicezone.vue文件 (ComponentService.plugin.js:251)
[10:05:12.77] [ComponentService] <INFO> 正在注册： vb-page-company.vue文件 (ComponentService.plugin.js:251)
[10:05:12.78] [ComponentService] <INFO> 正在注册： vb-page-mall.vue文件 (ComponentService.plugin.js:251)
[10:05:12.78] [ComponentService] <INFO> 正在注册： vb-page-tag.vue文件 (ComponentService.plugin.js:251)
[10:05:12.78] [ComponentService] <INFO> 正在注册： vb-scope-duration.vue文件 (ComponentService.plugin.js:251)
[10:05:12.79] [ComponentService] <INFO> 正在注册： vb-scope-physicalzone.vue文件 (ComponentService.plugin.js:251)
[10:05:12.79] [ComponentService] <INFO> 正在注册： vb-select-camerazone.vue文件 (ComponentService.plugin.js:251)
[10:05:12.80] [ComponentService] <INFO> 正在注册： vb-select-company.vue文件 (ComponentService.plugin.js:251)
[10:05:12.80] [ComponentService] <INFO> 正在注册： vb-select-device.vue文件 (ComponentService.plugin.js:251)
[10:05:12.80] [ComponentService] <INFO> 正在注册： vb-select-fencezone.vue文件 (ComponentService.plugin.js:251)
[10:05:12.81] [ComponentService] <INFO> 正在注册： vb-select-floor.vue文件 (ComponentService.plugin.js:251)
[10:05:12.81] [ComponentService] <INFO> 正在注册： vb-select-mall.vue文件 (ComponentService.plugin.js:251)
[10:05:12.81] [ComponentService] <INFO> 正在注册： vb-select-physicalzone.vue文件 (ComponentService.plugin.js:251)
[10:05:12.82] [ComponentService] <INFO> 正在注册： vb-select-reportmenu.vue文件 (ComponentService.plugin.js:251)
[10:05:12.82] [ComponentService] <INFO> 正在注册： vb-select-zonetype.vue文件 (ComponentService.plugin.js:251)
[10:05:12.82] [ComponentService] <INFO> 正在注册： vb-subset-devicezone.vue文件 (ComponentService.plugin.js:251)
[10:05:12.83] [ComponentService] <INFO> 正在注册： vb-transfer-chartoption.vue文件 (ComponentService.plugin.js:251)
[10:05:12.83] [ComponentService] <INFO> 正在注册： vb-transfer-location.vue文件 (ComponentService.plugin.js:251)
[10:05:12.83] [ComponentService] <INFO> 正在注册： vb-transfer-mall.vue文件 (ComponentService.plugin.js:251)
[10:05:12.84] [ComponentService] <INFO> 正在注册： vb-transfer-physicalzone.vue文件 (ComponentService.plugin.js:251)
[10:05:12.84] [ComponentService] <INFO> 正在注册： vb-tree-location.vue文件 (ComponentService.plugin.js:251)
[10:05:12.84] [ComponentService] <INFO> 正在注册： vd-bd-cloumn.vue文件 (ComponentService.plugin.js:251)
[10:05:12.85] [ComponentService] <INFO> 正在注册： vd-bd-company.vue文件 (ComponentService.plugin.js:251)
[10:05:12.85] [ComponentService] <INFO> 正在注册： vd-bd-device.vue文件 (ComponentService.plugin.js:251)
[10:05:12.85] [ComponentService] <INFO> 正在注册： vd-bd-devicezone.vue文件 (ComponentService.plugin.js:251)
[10:05:12.86] [ComponentService] <INFO> 正在注册： vd-bd-duration.vue文件 (ComponentService.plugin.js:251)
[10:05:12.86] [ComponentService] <INFO> 正在注册： vd-bd-fencezone.vue文件 (ComponentService.plugin.js:251)
[10:05:12.87] [ComponentService] <INFO> 正在注册： vd-bd-location.vue文件 (ComponentService.plugin.js:251)
[10:05:12.87] [ComponentService] <INFO> 正在注册： vd-bd-mall.vue文件 (ComponentService.plugin.js:251)
[10:05:12.87] [ComponentService] <INFO> 正在注册： vd-bd-online.vue文件 (ComponentService.plugin.js:251)
[10:05:12.88] [ComponentService] <INFO> 正在注册： vd-bd-onlineuser.vue文件 (ComponentService.plugin.js:251)
[10:05:12.88] [ComponentService] <INFO> 正在注册： vd-bd-physicallinkeddevice.vue文件 (ComponentService.plugin.js:251)
[10:05:12.88] [ComponentService] <INFO> 正在注册： vd-bd-physicalunlinkeddevice.vue文件 (ComponentService.plugin.js:251)
[10:05:12.89] [ComponentService] <INFO> 正在注册： vd-bd-physicalzone.vue文件 (ComponentService.plugin.js:251)
[10:05:12.89] [ComponentService] <INFO> 正在注册： vd-bd-report.vue文件 (ComponentService.plugin.js:251)
[10:05:12.89] [ComponentService] <INFO> 正在注册： vd-bd-table.vue文件 (ComponentService.plugin.js:251)
[10:05:12.90] [ComponentService] <INFO> 正在注册： vb-page-servicelist.vue文件 (ComponentService.plugin.js:251)
[10:05:12.90] [ComponentService] <INFO> 正在注册： vb-page-user.vue文件 (ComponentService.plugin.js:251)
[10:05:12.90] [ComponentService] <INFO> 正在注册： vb-page-usergroup.vue文件 (ComponentService.plugin.js:251)
[10:05:12.91] [ComponentService] <INFO> 正在注册： vb-select-role.vue文件 (ComponentService.plugin.js:251)
[10:05:12.91] [ComponentService] <INFO> 正在注册： vb-tree-category.vue文件 (ComponentService.plugin.js:251)
[10:05:12.91] [ComponentService] <INFO> 正在注册： vb-select-usergroup.vue文件 (ComponentService.plugin.js:251)
[10:05:12.92] [ComponentService] <INFO> 正在注册： vb-tree-menu.vue文件 (ComponentService.plugin.js:251)
[10:05:12.92] [ComponentService] <INFO> 正在注册： vb-tree-role.vue文件 (ComponentService.plugin.js:251)
[10:05:12.93] [ComponentService] <INFO> 正在注册： vd-bd-category.vue文件 (ComponentService.plugin.js:251)
[10:05:12.93] [ComponentService] <INFO> 正在注册： vd-bd-componentslist.vue文件 (ComponentService.plugin.js:251)
[10:05:12.93] [ComponentService] <INFO> 正在注册： vd-bd-menu.vue文件 (ComponentService.plugin.js:251)
[10:05:12.94] [ComponentService] <INFO> 正在注册： vd-bd-role.vue文件 (ComponentService.plugin.js:251)
[10:05:12.94] [ComponentService] <INFO> 正在注册： vd-bd-servicelist.vue文件 (ComponentService.plugin.js:251)
[10:05:12.94] [ComponentService] <INFO> 正在注册： vd-bd-user.vue文件 (ComponentService.plugin.js:251)
[10:05:12.94] [ComponentService] <INFO> 正在注册： vd-bd-usergroup.vue文件 (ComponentService.plugin.js:251)
[10:05:12.95] [ComponentService] <INFO> 正在注册： vm-form-category.vue文件 (ComponentService.plugin.js:251)
[10:05:12.95] [ComponentService] <INFO> 正在注册： vm-form-componentslist.vue文件 (ComponentService.plugin.js:251)
[10:05:12.96] [ComponentService] <INFO> 正在注册： vm-form-menu.vue文件 (ComponentService.plugin.js:251)
[10:05:12.97] [ComponentService] <INFO> 正在注册： vm-form-menuplugin.vue文件 (ComponentService.plugin.js:251)
[10:05:12.97] [ComponentService] <INFO> 正在注册： vm-form-role.vue文件 (ComponentService.plugin.js:251)
[10:05:12.98] [ComponentService] <INFO> 正在注册： vm-form-roleplugin.vue文件 (ComponentService.plugin.js:251)
[10:05:12.98] [ComponentService] <INFO> 正在注册： vm-form-servicelist.vue文件 (ComponentService.plugin.js:251)
[10:05:12.98] [ComponentService] <INFO> 正在注册： vm-form-user.vue文件 (ComponentService.plugin.js:251)
[10:05:12.99] [ComponentService] <INFO> 正在注册： vm-form-usergroup.vue文件 (ComponentService.plugin.js:251)
[10:05:12.99] [ComponentService] <INFO> 正在注册： vm-form-usergroupplugin.vue文件 (ComponentService.plugin.js:251)
[10:05:12.100] [ComponentService] <INFO> 正在注册： vm-form-usergroupreportpage.vue文件 (ComponentService.plugin.js:251)
[10:05:13.00] [ComponentService] <INFO> 正在注册： vm-form-usergroupzone.vue文件 (ComponentService.plugin.js:251)
[10:05:13.01] [ComponentService] <INFO> 正在注册： vm-form-userplugin.vue文件 (ComponentService.plugin.js:251)
[10:05:13.01] [ComponentService] <INFO> 正在注册： vm-grid-category.vue文件 (ComponentService.plugin.js:251)
[10:05:13.01] [ComponentService] <INFO> 正在注册： vm-grid-componentslist.vue文件 (ComponentService.plugin.js:251)
[10:05:13.02] [ComponentService] <INFO> 正在注册： vm-grid-menu.vue文件 (ComponentService.plugin.js:251)
[10:05:13.02] [ComponentService] <INFO> 正在注册： vm-grid-role.vue文件 (ComponentService.plugin.js:251)
[10:05:13.03] [ComponentService] <INFO> 正在注册： vm-grid-servicelist.vue文件 (ComponentService.plugin.js:251)
[10:05:13.03] [ComponentService] <INFO> 正在注册： vm-grid-user.vue文件 (ComponentService.plugin.js:251)
[10:05:13.03] [ComponentService] <INFO> 正在注册： vm-grid-usergroup.vue文件 (ComponentService.plugin.js:251)
[10:05:13.04] [ComponentService] <INFO> 正在注册： vm-nav-menu.vue文件 (ComponentService.plugin.js:251)
[10:05:13.04] [ComponentService] <INFO> 正在注册： vm-page-category.vue文件 (ComponentService.plugin.js:251)
[10:05:13.05] [ComponentService] <INFO> 正在注册： vm-page-componentslist.vue文件 (ComponentService.plugin.js:251)
[10:05:13.05] [ComponentService] <INFO> 正在注册： vm-page-menu.vue文件 (ComponentService.plugin.js:251)
[10:05:13.06] [ComponentService] <INFO> 正在注册： vm-page-role.vue文件 (ComponentService.plugin.js:251)
[10:05:20.02] [ServiceLoader] <INFO> 注册服务ComponentService 成功！ (ServiceLoader.js:69)
[10:05:20.03] [ServiceLoader] <INFO> 注册服务PageService 成功！ (ServiceLoader.js:69)
