[15:08:49.78] [App] <ERROR> 404: Not Found ... /components/css-loader.css (app.js:100)
[15:08:50.58] [App] <ERROR> 404: Not Found ... /favicon.ico (app.js:100)
[15:09:15.61] [ComponentService] <INFO> 正在注册： vm-transfer-physicalzone.vue文件 (ComponentService.plugin.js:249)
[15:09:17.16] [App] <ERROR> 404: Not Found ... /components/css-loader.css (app.js:100)
[15:09:17.99] [App] <ERROR> 404: Not Found ... /favicon.ico (app.js:100)
[15:09:24.15] [ComponentService] <INFO> 正在注册： vm-transfer-physicalzone.vue文件 (ComponentService.plugin.js:249)
[15:09:25.18] [App] <ERROR> 404: Not Found ... /components/css-loader.css (app.js:100)
[15:09:25.89] [App] <ERROR> 404: Not Found ... /favicon.ico (app.js:100)
[15:09:33.21] [ComponentService] <INFO> 正在注册： vm-transfer-physicalzone.vue文件 (ComponentService.plugin.js:249)
[15:09:34.29] [App] <ERROR> 404: Not Found ... /components/css-loader.css (app.js:100)
[15:09:34.95] [App] <ERROR> 404: Not Found ... /favicon.ico (app.js:100)
[15:09:41.52] [ComponentService] <INFO> 正在注册： vm-transfer-physicalzone.vue文件 (ComponentService.plugin.js:249)
[15:09:42.50] [App] <ERROR> 404: Not Found ... /components/css-loader.css (app.js:100)
[15:09:43.16] [App] <ERROR> 404: Not Found ... /favicon.ico (app.js:100)
[15:09:48.43] [ComponentService] <INFO> 正在注册： vm-transfer-physicalzone.vue文件 (ComponentService.plugin.js:249)
[15:09:49.93] [App] <ERROR> 404: Not Found ... /components/css-loader.css (app.js:100)
[15:09:50.68] [App] <ERROR> 404: Not Found ... /favicon.ico (app.js:100)
[15:09:57.79] [ComponentService] <INFO> 正在注册： vm-transfer-physicalzone.vue文件 (ComponentService.plugin.js:249)
[15:09:58.72] [App] <ERROR> 404: Not Found ... /components/css-loader.css (app.js:100)
[15:09:59.53] [App] <ERROR> 404: Not Found ... /favicon.ico (app.js:100)
[15:10:24.56] [ComponentService] <INFO> 正在注册： vm-transfer-mall.vue文件 (ComponentService.plugin.js:249)
[15:10:25.86] [App] <ERROR> 404: Not Found ... /components/css-loader.css (app.js:100)
[15:10:26.52] [App] <ERROR> 404: Not Found ... /favicon.ico (app.js:100)
[15:10:32.68] [ComponentService] <INFO> 正在注册： vm-transfer-mall.vue文件 (ComponentService.plugin.js:249)
[15:10:33.65] [App] <ERROR> 404: Not Found ... /components/css-loader.css (app.js:100)
[15:10:34.52] [App] <ERROR> 404: Not Found ... /favicon.ico (app.js:100)
[15:10:43.02] [ComponentService] <INFO> 正在注册： vm-transfer-mall.vue文件 (ComponentService.plugin.js:249)
[15:10:44.09] [App] <ERROR> 404: Not Found ... /components/css-loader.css (app.js:100)
[15:10:44.92] [App] <ERROR> 404: Not Found ... /favicon.ico (app.js:100)
[15:11:03.59] [ComponentService] <INFO> 正在注册： vm-transfer-mall.vue文件 (ComponentService.plugin.js:249)
[15:11:04.48] [App] <ERROR> 404: Not Found ... /components/css-loader.css (app.js:100)
[15:11:05.27] [App] <ERROR> 404: Not Found ... /favicon.ico (app.js:100)
[15:11:37.59] [ComponentService] <INFO> 正在注册： vm-transfer-mall.vue文件 (ComponentService.plugin.js:249)
[15:11:39.24] [App] <ERROR> 404: Not Found ... /components/css-loader.css (app.js:100)
[15:11:40.09] [App] <ERROR> 404: Not Found ... /favicon.ico (app.js:100)
[15:12:05.36] [ComponentService] <INFO> 正在注册： vm-form-usergroupplugin.vue文件 (ComponentService.plugin.js:249)
[15:12:07.95] [ComponentService] <INFO> 正在注册： vm-form-usergroupplugin.vue文件 (ComponentService.plugin.js:249)
[15:12:23.24] [ComponentService] <INFO> 正在注册： vm-transfer-mall.vue文件 (ComponentService.plugin.js:249)
[15:12:24.37] [App] <ERROR> 404: Not Found ... /components/css-loader.css (app.js:100)
[15:12:25.20] [App] <ERROR> 404: Not Found ... /favicon.ico (app.js:100)
[15:12:46.12] [ComponentService] <INFO> 正在注册： vm-transfer-mall.vue文件 (ComponentService.plugin.js:249)
[15:12:47.62] [App] <ERROR> 404: Not Found ... /components/css-loader.css (app.js:100)
[15:12:48.50] [App] <ERROR> 404: Not Found ... /favicon.ico (app.js:100)
