[15:06:18.68] [App] <ERROR> 404: Not Found ... /components/css-loader.css (app.js:100)
[15:06:19.16] [App] <ERROR> 404: Not Found ... /favicon.ico (app.js:100)
[15:07:01.13] [App] <ERROR> 404: Not Found ... /components/css-loader.css (app.js:100)
[15:07:01.51] [App] <ERROR> 404: Not Found ... /favicon.ico (app.js:100)
[15:09:02.18] [ServiceLoader] <ERROR> ServiceLoader http://192.168.10.68:9109/ApiService.html?op=run connected err:  (ServiceLoader.js:204)
[15:09:02.19] [ServiceLoader] <ERROR> ServiceLoader { Error: socket hang up
    at createHangUpError (_http_client.js:331:15)
    at Socket.socketOnEnd (_http_client.js:423:23)
    at emitNone (events.js:111:20)
    at Socket.emit (events.js:208:7)
    at endReadableNT (_stream_readable.js:1055:12)
    at _combinedTickCallback (internal/process/next_tick.js:138:11)
    at process._tickCallback (internal/process/next_tick.js:180:9) code: 'ECONNRESET' } (ServiceLoader.js:205)
[15:11:02.15] [ServiceLoader] <ERROR> ServiceLoader http://192.168.10.68:9109/ApiService.html?op=run connected err:  (ServiceLoader.js:204)
[15:11:02.15] [ServiceLoader] <ERROR> ServiceLoader { Error: socket hang up
    at createHangUpError (_http_client.js:331:15)
    at Socket.socketOnEnd (_http_client.js:423:23)
    at emitNone (events.js:111:20)
    at Socket.emit (events.js:208:7)
    at endReadableNT (_stream_readable.js:1055:12)
    at _combinedTickCallback (internal/process/next_tick.js:138:11)
    at process._tickCallback (internal/process/next_tick.js:180:9) code: 'ECONNRESET' } (ServiceLoader.js:205)
