[14:12:45.21] [ConfigLoader] <INFO> init ConfigLoader (ConfigLoader.js:13)
[14:12:45.67] [ServiceLoader] <INFO> init ServiceLoader (ServiceLoader.js:27)
[14:12:45.67] [PluginLoader] <INFO> init PluginLoader (PluginLoader.js:18)
[14:12:48.14] [PluginLoader] <INFO> init ComponentService (PluginLoader.js:201)
[14:12:48.15] [PluginLoader] <INFO> init PageService (PluginLoader.js:201)
[14:12:48.15] [IntForce] <INFO> 启动组件开发测试环境，端口号：8160 (intforce.js:22)
[14:12:48.17] [ComponentService] <INFO> 正在加载： vx-basic-demo.vue文件 (ComponentService.plugin.js:54)
[14:12:48.24] [ComponentService] <INFO> 正在加载： vd-bd-company.vue文件 (ComponentService.plugin.js:54)
[14:12:48.24] [ComponentService] <INFO> 正在加载： vd-bd-device.vue文件 (ComponentService.plugin.js:54)
[14:12:48.23] [ComponentService] <INFO> 正在加载： vd-bd-cloumn.vue文件 (ComponentService.plugin.js:54)
[14:12:48.24] [ComponentService] <INFO> 正在加载： vd-bd-devicezone.vue文件 (ComponentService.plugin.js:54)
[14:12:48.25] [ComponentService] <INFO> 正在加载： vd-bd-duration.vue文件 (ComponentService.plugin.js:54)
[14:12:48.25] [ComponentService] <INFO> 正在加载： vd-bd-fencezone.vue文件 (ComponentService.plugin.js:54)
[14:12:48.26] [ComponentService] <INFO> 正在加载： vd-bd-location.vue文件 (ComponentService.plugin.js:54)
[14:12:48.26] [ComponentService] <INFO> 正在加载： vd-bd-mall.vue文件 (ComponentService.plugin.js:54)
[14:12:48.27] [ComponentService] <INFO> 正在加载： vd-bd-online.vue文件 (ComponentService.plugin.js:54)
[14:12:48.27] [ComponentService] <INFO> 正在加载： vd-bd-onlineuser.vue文件 (ComponentService.plugin.js:54)
[14:12:48.28] [ComponentService] <INFO> 正在加载： vd-bd-physicallinkeddevice.vue文件 (ComponentService.plugin.js:54)
[14:12:48.28] [ComponentService] <INFO> 正在加载： vd-bd-physicalunlinkeddevice.vue文件 (ComponentService.plugin.js:54)
[14:12:48.29] [ComponentService] <INFO> 正在加载： vd-bd-physicalzone.vue文件 (ComponentService.plugin.js:54)
[14:12:48.29] [ComponentService] <INFO> 正在加载： vd-bd-report.vue文件 (ComponentService.plugin.js:54)
[14:12:48.29] [ComponentService] <INFO> 正在加载： vd-bd-table.vue文件 (ComponentService.plugin.js:54)
[14:12:55.74] [ServiceLoader] <INFO> 注册服务ComponentService 成功！ (ServiceLoader.js:69)
[14:12:55.74] [ServiceLoader] <INFO> 注册服务PageService 成功！ (ServiceLoader.js:69)
[14:29:03.52] [ComponentService] <INFO> 正在加载： vd-bd-cloumn.vue文件 (ComponentService.plugin.js:54)
[15:17:51.75] [App] <ERROR> 404: Not Found ... /views/business/vb-page-mall.html (app.js:100)
[15:17:51.87] [App] <ERROR> 404: Not Found ... /favicon.ico (app.js:100)
[15:17:57.45] [App] <ERROR> 404: Not Found ... /components/css-loader.css (app.js:100)
[15:17:57.53] [App] <ERROR> 404: Not Found ... /scripts/common/languages.js (app.js:100)
[15:17:57.58] [App] <ERROR> 404: Not Found ... /scripts/common/jquery.style.js (app.js:100)
[15:17:57.59] [App] <ERROR> 404: Not Found ... /components/js-loader.js (app.js:100)
[15:17:57.95] [App] <ERROR> 404: Not Found ... /favicon.ico (app.js:100)
[15:17:59.12] [ComponentService] <ERROR> { Tags: [ 'vx-basic-button.vue' ] } { Error: connect ECONNREFUSED 192.168.20.34:8040
    at Object._errnoException (util.js:1022:11)
    at _exceptionWithHostPort (util.js:1044:20)
    at TCPConnectWrap.afterConnect [as oncomplete] (net.js:1182:14)
  code: 'ECONNREFUSED',
  errno: 'ECONNREFUSED',
  syscall: 'connect',
  address: '192.168.20.34',
  port: 8040 } (ComponentService.plugin.js:368)
[15:17:59.13] [ComponentService] <ERROR> { Error: connect ECONNREFUSED 192.168.20.34:8040
    at Object._errnoException (util.js:1022:11)
    at _exceptionWithHostPort (util.js:1044:20)
    at TCPConnectWrap.afterConnect [as oncomplete] (net.js:1182:14)
  code: 'ECONNREFUSED',
  errno: 'ECONNREFUSED',
  syscall: 'connect',
  address: '192.168.20.34',
  port: 8040 } (ComponentService.plugin.js:282)
[15:19:51.45] [App] <ERROR> 404: Not Found ... /components/css-loader.css (app.js:100)
[15:19:51.48] [App] <ERROR> 404: Not Found ... /scripts/common/languages.js (app.js:100)
[15:19:51.50] [App] <ERROR> 404: Not Found ... /scripts/common/jquery.style.js (app.js:100)
[15:19:51.51] [App] <ERROR> 404: Not Found ... /components/js-loader.js (app.js:100)
[15:19:51.98] [App] <ERROR> 404: Not Found ... /favicon.ico (app.js:100)
[15:19:52.84] [ComponentService] <ERROR> { Error: connect ECONNREFUSED 192.168.20.34:8040
    at Object._errnoException (util.js:1022:11)
    at _exceptionWithHostPort (util.js:1044:20)
    at TCPConnectWrap.afterConnect [as oncomplete] (net.js:1182:14)
  code: 'ECONNREFUSED',
  errno: 'ECONNREFUSED',
  syscall: 'connect',
  address: '192.168.20.34',
  port: 8040 } (ComponentService.plugin.js:282)
[15:19:52.84] [ComponentService] <ERROR> { Tags: [ 'vx-basic-button.vue' ] } { Error: connect ECONNREFUSED 192.168.20.34:8040
    at Object._errnoException (util.js:1022:11)
    at _exceptionWithHostPort (util.js:1044:20)
    at TCPConnectWrap.afterConnect [as oncomplete] (net.js:1182:14)
  code: 'ECONNREFUSED',
  errno: 'ECONNREFUSED',
  syscall: 'connect',
  address: '192.168.20.34',
  port: 8040 } (ComponentService.plugin.js:368)
[15:19:57.94] [ConfigLoader] <INFO> init ConfigLoader (ConfigLoader.js:13)
[15:19:58.39] [ServiceLoader] <INFO> init ServiceLoader (ServiceLoader.js:27)
[15:19:58.40] [PluginLoader] <INFO> init PluginLoader (PluginLoader.js:18)
[15:20:00.54] [PluginLoader] <INFO> init ComponentService (PluginLoader.js:201)
[15:20:00.55] [PluginLoader] <INFO> init PageService (PluginLoader.js:201)
[15:20:00.56] [IntForce] <INFO> 启动组件开发测试环境，端口号：8160 (intforce.js:22)
[15:20:00.57] [ComponentService] <INFO> 正在加载： vx-basic-demo.vue文件 (ComponentService.plugin.js:54)
[15:20:00.64] [ComponentService] <INFO> 正在加载： vb-form-company.vue文件 (ComponentService.plugin.js:54)
[15:20:00.65] [ComponentService] <INFO> 正在加载： vb-form-companyindex.vue文件 (ComponentService.plugin.js:54)
[15:20:00.65] [ComponentService] <INFO> 正在加载： vb-grid-mall.vue文件 (ComponentService.plugin.js:54)
[15:20:00.65] [ComponentService] <INFO> 正在加载： vd-bd-cloumn.vue文件 (ComponentService.plugin.js:54)
[15:20:00.66] [ComponentService] <INFO> 正在加载： vd-bd-company.vue文件 (ComponentService.plugin.js:54)
[15:20:00.66] [ComponentService] <INFO> 正在加载： vd-bd-device.vue文件 (ComponentService.plugin.js:54)
[15:20:00.67] [ComponentService] <INFO> 正在加载： vd-bd-devicezone.vue文件 (ComponentService.plugin.js:54)
[15:20:00.67] [ComponentService] <INFO> 正在加载： vd-bd-duration.vue文件 (ComponentService.plugin.js:54)
[15:20:00.67] [ComponentService] <INFO> 正在加载： vd-bd-fencezone.vue文件 (ComponentService.plugin.js:54)
[15:20:00.68] [ComponentService] <INFO> 正在加载： vd-bd-location.vue文件 (ComponentService.plugin.js:54)
[15:20:00.69] [ComponentService] <INFO> 正在加载： vd-bd-mall.vue文件 (ComponentService.plugin.js:54)
[15:20:00.69] [ComponentService] <INFO> 正在加载： vd-bd-online.vue文件 (ComponentService.plugin.js:54)
[15:20:00.70] [ComponentService] <INFO> 正在加载： vd-bd-onlineuser.vue文件 (ComponentService.plugin.js:54)
[15:20:00.70] [ComponentService] <INFO> 正在加载： vd-bd-physicallinkeddevice.vue文件 (ComponentService.plugin.js:54)
[15:20:00.70] [ComponentService] <INFO> 正在加载： vd-bd-physicalunlinkeddevice.vue文件 (ComponentService.plugin.js:54)
[15:20:00.71] [ComponentService] <INFO> 正在加载： vd-bd-physicalzone.vue文件 (ComponentService.plugin.js:54)
[15:20:00.71] [ComponentService] <INFO> 正在加载： vd-bd-report.vue文件 (ComponentService.plugin.js:54)
[15:20:00.71] [ComponentService] <INFO> 正在加载： vd-bd-table.vue文件 (ComponentService.plugin.js:54)
[15:20:04.31] [App] <ERROR> 404: Not Found ... /components/css-loader.css (app.js:100)
[15:20:04.36] [App] <ERROR> 404: Not Found ... /scripts/common/languages.js (app.js:100)
[15:20:04.38] [App] <ERROR> 404: Not Found ... /scripts/common/jquery.style.js (app.js:100)
[15:20:04.38] [App] <ERROR> 404: Not Found ... /components/js-loader.js (app.js:100)
[15:20:04.72] [App] <ERROR> 404: Not Found ... /favicon.ico (app.js:100)
[15:20:05.74] [ComponentService] <ERROR> { Tags: [ 'vx-basic-button.vue' ] } { Error: connect ECONNREFUSED 192.168.20.34:8040
    at Object._errnoException (util.js:1022:11)
    at _exceptionWithHostPort (util.js:1044:20)
    at TCPConnectWrap.afterConnect [as oncomplete] (net.js:1182:14)
  code: 'ECONNREFUSED',
  errno: 'ECONNREFUSED',
  syscall: 'connect',
  address: '192.168.20.34',
  port: 8040 } (ComponentService.plugin.js:368)
[15:20:05.75] [ComponentService] <ERROR> { Error: connect ECONNREFUSED 192.168.20.34:8040
    at Object._errnoException (util.js:1022:11)
    at _exceptionWithHostPort (util.js:1044:20)
    at TCPConnectWrap.afterConnect [as oncomplete] (net.js:1182:14)
  code: 'ECONNREFUSED',
  errno: 'ECONNREFUSED',
  syscall: 'connect',
  address: '192.168.20.34',
  port: 8040 } (ComponentService.plugin.js:282)
[15:20:08.43] [ServiceLoader] <INFO> 注册服务ComponentService 成功！ (ServiceLoader.js:69)
[15:20:08.43] [ServiceLoader] <INFO> 注册服务PageService 成功！ (ServiceLoader.js:69)
[15:20:35.75] [App] <ERROR> 404: Not Found ... /components/css-loader.css (app.js:100)
[15:20:35.78] [App] <ERROR> 404: Not Found ... /scripts/common/languages.js (app.js:100)
[15:20:35.81] [App] <ERROR> 404: Not Found ... /scripts/common/jquery.style.js (app.js:100)
[15:20:35.81] [App] <ERROR> 404: Not Found ... /components/js-loader.js (app.js:100)
[15:20:36.04] [App] <ERROR> 404: Not Found ... /favicon.ico (app.js:100)
[15:20:44.07] [ConfigLoader] <INFO> init ConfigLoader (ConfigLoader.js:13)
[15:20:44.47] [ServiceLoader] <INFO> init ServiceLoader (ServiceLoader.js:27)
[15:20:44.48] [PluginLoader] <INFO> init PluginLoader (PluginLoader.js:18)
[15:20:46.77] [PluginLoader] <INFO> init ComponentService (PluginLoader.js:201)
[15:20:46.78] [PluginLoader] <INFO> init PageService (PluginLoader.js:201)
[15:20:46.79] [IntForce] <INFO> 启动组件开发测试环境，端口号：8160 (intforce.js:22)
[15:20:46.81] [ComponentService] <INFO> 正在加载： vx-basic-demo.vue文件 (ComponentService.plugin.js:54)
[15:20:46.86] [ComponentService] <INFO> 正在加载： vb-form-company.vue文件 (ComponentService.plugin.js:54)
[15:20:46.87] [ComponentService] <INFO> 正在加载： vb-form-companyindex.vue文件 (ComponentService.plugin.js:54)
[15:20:46.88] [ComponentService] <INFO> 正在加载： vb-grid-mall.vue文件 (ComponentService.plugin.js:54)
[15:20:46.88] [ComponentService] <INFO> 正在加载： vd-bd-cloumn.vue文件 (ComponentService.plugin.js:54)
[15:20:46.89] [ComponentService] <INFO> 正在加载： vd-bd-company.vue文件 (ComponentService.plugin.js:54)
[15:20:46.89] [ComponentService] <INFO> 正在加载： vd-bd-device.vue文件 (ComponentService.plugin.js:54)
[15:20:46.90] [ComponentService] <INFO> 正在加载： vd-bd-devicezone.vue文件 (ComponentService.plugin.js:54)
[15:20:46.90] [ComponentService] <INFO> 正在加载： vd-bd-duration.vue文件 (ComponentService.plugin.js:54)
[15:20:46.91] [ComponentService] <INFO> 正在加载： vd-bd-fencezone.vue文件 (ComponentService.plugin.js:54)
[15:20:46.91] [ComponentService] <INFO> 正在加载： vd-bd-location.vue文件 (ComponentService.plugin.js:54)
[15:20:46.92] [ComponentService] <INFO> 正在加载： vd-bd-mall.vue文件 (ComponentService.plugin.js:54)
[15:20:46.92] [ComponentService] <INFO> 正在加载： vd-bd-online.vue文件 (ComponentService.plugin.js:54)
[15:20:46.93] [ComponentService] <INFO> 正在加载： vd-bd-onlineuser.vue文件 (ComponentService.plugin.js:54)
[15:20:46.93] [ComponentService] <INFO> 正在加载： vd-bd-physicallinkeddevice.vue文件 (ComponentService.plugin.js:54)
[15:20:46.94] [ComponentService] <INFO> 正在加载： vd-bd-physicalunlinkeddevice.vue文件 (ComponentService.plugin.js:54)
[15:20:46.94] [ComponentService] <INFO> 正在加载： vd-bd-physicalzone.vue文件 (ComponentService.plugin.js:54)
[15:20:46.94] [ComponentService] <INFO> 正在加载： vd-bd-report.vue文件 (ComponentService.plugin.js:54)
[15:20:46.95] [ComponentService] <INFO> 正在加载： vd-bd-table.vue文件 (ComponentService.plugin.js:54)
[15:20:48.11] [App] <ERROR> 404: Not Found ... /components/css-loader.css (app.js:100)
[15:20:48.15] [App] <ERROR> 404: Not Found ... /scripts/common/languages.js (app.js:100)
[15:20:48.16] [App] <ERROR> 404: Not Found ... /scripts/common/jquery.style.js (app.js:100)
[15:20:48.17] [App] <ERROR> 404: Not Found ... /components/js-loader.js (app.js:100)
[15:20:48.58] [App] <ERROR> 404: Not Found ... /favicon.ico (app.js:100)
[15:20:54.52] [ServiceLoader] <INFO> 注册服务ComponentService 成功！ (ServiceLoader.js:69)
[15:20:54.52] [ServiceLoader] <INFO> 注册服务PageService 成功！ (ServiceLoader.js:69)
[15:21:37.04] [App] <ERROR> 404: Not Found ... /favicon.ico (app.js:100)
[15:47:43.22] [App] <ERROR> 404: Not Found ... /favicon.ico (app.js:100)
[15:47:44.25] [ComponentService] <ERROR> { Tags: [ 'vx-basic-button.vue' ] } { Error: connect ECONNREFUSED 192.168.20.34:8040
    at Object._errnoException (util.js:1022:11)
    at _exceptionWithHostPort (util.js:1044:20)
    at TCPConnectWrap.afterConnect [as oncomplete] (net.js:1182:14)
  code: 'ECONNREFUSED',
  errno: 'ECONNREFUSED',
  syscall: 'connect',
  address: '192.168.20.34',
  port: 8040 } (ComponentService.plugin.js:368)
[15:47:44.26] [ComponentService] <ERROR> { Error: connect ECONNREFUSED 192.168.20.34:8040
    at Object._errnoException (util.js:1022:11)
    at _exceptionWithHostPort (util.js:1044:20)
    at TCPConnectWrap.afterConnect [as oncomplete] (net.js:1182:14)
  code: 'ECONNREFUSED',
  errno: 'ECONNREFUSED',
  syscall: 'connect',
  address: '192.168.20.34',
  port: 8040 } (ComponentService.plugin.js:282)
[15:47:51.69] [App] <ERROR> 404: Not Found ... /favicon.ico (app.js:100)
[15:47:57.93] [App] <ERROR> 404: Not Found ... /favicon.ico (app.js:100)
[16:01:47.38] [ComponentService] <INFO> 正在加载： vb-form-company.vue文件 (ComponentService.plugin.js:54)
[16:13:18.58] [ComponentService] <INFO> 正在加载： vb-form-company.vue文件 (ComponentService.plugin.js:54)
[16:14:23.63] [ComponentService] <INFO> 正在加载： vb-form-company.vue文件 (ComponentService.plugin.js:54)
[16:14:42.85] [ComponentService] <INFO> 正在加载： vb-form-company.vue文件 (ComponentService.plugin.js:54)
[16:21:50.23] [ComponentService] <INFO> 正在加载： vb-form-company.vue文件 (ComponentService.plugin.js:54)
