[14:04:03.85] [App] <ERROR> 404: Not Found ... /components/css-loader.css (app.js:100)
[14:04:04.44] [App] <ERROR> 404: Not Found ... /favicon.ico (app.js:100)
[14:04:10.89] [App] <ERROR> 404: Not Found ... /components/css-loader.css (app.js:100)
[14:04:11.55] [App] <ERROR> 404: Not Found ... /favicon.ico (app.js:100)
[14:04:48.19] [App] <ERROR> 404: Not Found ... /components/css-loader.css (app.js:100)
[14:04:48.71] [App] <ERROR> 404: Not Found ... /favicon.ico (app.js:100)
[14:04:56.64] [App] <ERROR> 404: Not Found ... /components/css-loader.css (app.js:100)
[14:04:57.20] [App] <ERROR> 404: Not Found ... /favicon.ico (app.js:100)
[14:05:07.01] [App] <ERROR> 404: Not Found ... /components/css-loader.css (app.js:100)
[14:05:07.55] [App] <ERROR> 404: Not Found ... /favicon.ico (app.js:100)
[14:05:19.24] [App] <ERROR> 404: Not Found ... /components/css-loader.css (app.js:100)
[14:05:19.81] [App] <ERROR> 404: Not Found ... /favicon.ico (app.js:100)
[14:05:55.65] [App] <ERROR> 404: Not Found ... /components/css-loader.css (app.js:100)
[14:05:56.29] [App] <ERROR> 404: Not Found ... /favicon.ico (app.js:100)
[14:06:28.84] [App] <ERROR> 404: Not Found ... /components/css-loader.css (app.js:100)
[14:06:29.38] [App] <ERROR> 404: Not Found ... /favicon.ico (app.js:100)
[14:06:38.78] [App] <ERROR> 404: Not Found ... /components/css-loader.css (app.js:100)
[14:06:39.34] [App] <ERROR> 404: Not Found ... /favicon.ico (app.js:100)
[14:17:09.72] [ComponentService] <INFO> 正在注册： vm-manager-datasummary.vue文件 (ComponentService.plugin.js:249)
[14:17:10.94] [App] <ERROR> 404: Not Found ... /scripts/plugins/underscore.min.js (app.js:100)
[14:17:24.92] [ComponentService] <INFO> 正在注册： vm-manager-datasummary.vue文件 (ComponentService.plugin.js:249)
[14:17:26.66] [App] <ERROR> 404: Not Found ... /scripts/plugins/underscore.min.js (app.js:100)
[14:17:40.23] [ComponentService] <INFO> 正在注册： vm-manager-datasummary.vue文件 (ComponentService.plugin.js:249)
[14:17:42.32] [App] <ERROR> 404: Not Found ... /scripts/plugins/underscore.min.js (app.js:100)
[14:17:51.07] [ComponentService] <INFO> 正在注册： vm-manager-datasummary.vue文件 (ComponentService.plugin.js:249)
[14:17:52.21] [App] <ERROR> 404: Not Found ... /scripts/plugins/underscore.min.js (app.js:100)
[14:17:59.41] [ComponentService] <INFO> 正在注册： vm-manager-datasummary.vue文件 (ComponentService.plugin.js:249)
[14:18:00.91] [App] <ERROR> 404: Not Found ... /scripts/plugins/underscore.min.js (app.js:100)
[14:18:11.26] [ComponentService] <INFO> 正在注册： vm-manager-datasummary.vue文件 (ComponentService.plugin.js:249)
[14:18:12.39] [App] <ERROR> 404: Not Found ... /scripts/plugins/underscore.min.js (app.js:100)
[14:18:48.11] [App] <ERROR> 404: Not Found ... /scripts/plugins/underscore.min.js (app.js:100)
[14:21:37.44] [ComponentService] <INFO> 正在注册： vm-manager-datasummary.vue文件 (ComponentService.plugin.js:249)
[14:21:38.76] [App] <ERROR> 404: Not Found ... /scripts/plugins/underscore.min.js (app.js:100)
[14:24:16.55] [ComponentService] <INFO> 正在注册： vm-manager-datasummary.vue文件 (ComponentService.plugin.js:249)
[14:24:17.99] [App] <ERROR> 404: Not Found ... /scripts/plugins/underscore.min.js (app.js:100)
[14:24:28.60] [ComponentService] <INFO> 正在注册： vm-manager-datasummary.vue文件 (ComponentService.plugin.js:249)
[14:24:29.32] [App] <ERROR> 404: Not Found ... /scripts/plugins/underscore.min.js (app.js:100)
[14:26:49.39] [ComponentService] <INFO> 正在注册： vm-manager-datasummary.vue文件 (ComponentService.plugin.js:249)
[14:29:51.07] [ComponentService] <INFO> 正在注册： vm-manager-datarecovery.vue文件 (ComponentService.plugin.js:249)
[14:29:52.59] [App] <ERROR> 404: Not Found ... /scripts/plugins/underscore.min.js (app.js:100)
[14:30:01.99] [App] <ERROR> 404: Not Found ... /scripts/plugins/underscore.min.js (app.js:100)
[14:30:32.17] [ComponentService] <INFO> 正在注册： vm-manager-datarecovery.vue文件 (ComponentService.plugin.js:249)
[14:30:46.79] [ComponentService] <INFO> 正在注册： vm-manager-datarecovery.vue文件 (ComponentService.plugin.js:249)
[14:30:49.79] [ComponentService] <INFO> 正在注册： vm-manager-datarecovery.vue文件 (ComponentService.plugin.js:249)
[14:30:49.99] [ComponentService] <INFO> 正在注册： vm-manager-datarecovery.vue文件 (ComponentService.plugin.js:249)
[14:30:51.51] [App] <ERROR> 404: Not Found ... /scripts/plugins/underscore.min.js (app.js:100)
[14:33:58.62] [ComponentService] <INFO> 正在注册： vm-manager-datarecovery.vue文件 (ComponentService.plugin.js:249)
[14:34:01.03] [ComponentService] <INFO> 正在注册： vm-manager-datarecovery.vue文件 (ComponentService.plugin.js:249)
[14:34:15.15] [App] <ERROR> 404: Not Found ... /scripts/plugins/underscore.min.js (app.js:100)
[14:35:09.78] [ComponentService] <INFO> 正在注册： vm-manager-datarecovery.vue文件 (ComponentService.plugin.js:249)
[14:35:14.10] [App] <ERROR> 404: Not Found ... /scripts/plugins/underscore.min.js (app.js:100)
[14:41:10.47] [App] <ERROR> 404: Not Found ... /components/css-loader.css (app.js:100)
[14:41:11.28] [App] <ERROR> 404: Not Found ... /favicon.ico (app.js:100)
[14:42:10.51] [App] <ERROR> 404: Not Found ... /components/css-loader.css (app.js:100)
[14:42:11.04] [App] <ERROR> 404: Not Found ... /favicon.ico (app.js:100)
[14:46:07.56] [App] <ERROR> 404: Not Found ... /components/css-loader.css (app.js:100)
[14:46:08.20] [App] <ERROR> 404: Not Found ... /favicon.ico (app.js:100)
[14:47:23.77] [App] <ERROR> 404: Not Found ... /components/css-loader.css (app.js:100)
[14:47:24.51] [App] <ERROR> 404: Not Found ... /favicon.ico (app.js:100)
[14:50:47.93] [ComponentService] <INFO> 正在注册： vm-grid-role.vue文件 (ComponentService.plugin.js:249)
[14:50:51.51] [ComponentService] <INFO> 正在注册： vm-grid-role.vue文件 (ComponentService.plugin.js:249)
[14:50:52.65] [App] <ERROR> 404: Not Found ... /components/css-loader.css (app.js:100)
[14:50:53.23] [App] <ERROR> 404: Not Found ... /favicon.ico (app.js:100)
[14:51:08.06] [App] <ERROR> 404: Not Found ... /components/css-loader.css (app.js:100)
[14:51:08.56] [App] <ERROR> 404: Not Found ... /favicon.ico (app.js:100)
[14:52:36.66] [ComponentService] <INFO> 正在注册： vm-grid-role.vue文件 (ComponentService.plugin.js:249)
[14:52:55.53] [App] <ERROR> 404: Not Found ... /components/css-loader.css (app.js:100)
[14:52:56.15] [App] <ERROR> 404: Not Found ... /favicon.ico (app.js:100)
[14:54:28.99] [ComponentService] <INFO> 正在注册： vm-grid-usergroup.vue文件 (ComponentService.plugin.js:249)
[14:54:29.16] [ComponentService] <INFO> 正在注册： vm-grid-usergroup.vue文件 (ComponentService.plugin.js:249)
[14:54:31.97] [ComponentService] <INFO> 正在注册： vm-grid-usergroup.vue文件 (ComponentService.plugin.js:249)
[14:54:33.31] [App] <ERROR> 404: Not Found ... /components/css-loader.css (app.js:100)
[14:54:33.99] [App] <ERROR> 404: Not Found ... /favicon.ico (app.js:100)
[14:54:53.08] [App] <ERROR> 404: Not Found ... /components/css-loader.css (app.js:100)
[14:54:53.71] [App] <ERROR> 404: Not Found ... /favicon.ico (app.js:100)
[14:56:45.47] [ComponentService] <INFO> 正在注册： vm-grid-usergroup.vue文件 (ComponentService.plugin.js:249)
[14:57:04.47] [ComponentService] <INFO> 正在注册： vm-form-usergroup.vue文件 (ComponentService.plugin.js:249)
[14:57:05.80] [App] <ERROR> 404: Not Found ... /components/css-loader.css (app.js:100)
[14:57:06.58] [App] <ERROR> 404: Not Found ... /favicon.ico (app.js:100)
[14:58:20.03] [App] <ERROR> 404: Not Found ... /components/css-loader.css (app.js:100)
[14:58:20.61] [App] <ERROR> 404: Not Found ... /favicon.ico (app.js:100)
[14:58:27.76] [ComponentService] <INFO> 正在注册： vm-grid-role.vue文件 (ComponentService.plugin.js:249)
