[14:11:46.63] [ComponentService] <INFO> 正在注册： vm-grid-kpitable.vue文件 (ComponentService.plugin.js:249)
[14:38:20.34] [App] <ERROR> 404: Not Found ... /scripts/plugins/underscore-min.map (app.js:100)
[14:39:21.17] [ComponentService] <INFO> 正在注册： vm-grid-kpitable.vue文件 (ComponentService.plugin.js:249)
[14:39:22.78] [ComponentService] <INFO> 正在注册： vm-grid-kpitable.vue文件 (ComponentService.plugin.js:249)
[14:39:29.41] [ComponentService] <INFO> 正在注册： vm-grid-kpitable.vue文件 (ComponentService.plugin.js:249)
[14:39:39.23] [App] <ERROR> 404: Not Found ... /scripts/plugins/underscore-min.map (app.js:100)
[14:40:17.29] [ServiceLoader] <ERROR> ServiceLoader http://192.168.10.68:9209/ApiService.html?op=run connected err:  (ServiceLoader.js:204)
[14:40:17.30] [ServiceLoader] <ERROR> ServiceLoader { Error: socket hang up
    at createHangUpError (_http_client.js:331:15)
    at Socket.socketOnEnd (_http_client.js:423:23)
    at emitNone (events.js:111:20)
    at Socket.emit (events.js:208:7)
    at endReadableNT (_stream_readable.js:1055:12)
    at _combinedTickCallback (internal/process/next_tick.js:138:11)
    at process._tickCallback (internal/process/next_tick.js:180:9) code: 'ECONNRESET' } (ServiceLoader.js:205)
[14:41:36.51] [ServiceLoader] <ERROR> ServiceLoader http://192.168.10.68:9209/ApiService.html?op=run connected err:  (ServiceLoader.js:204)
[14:41:36.52] [ServiceLoader] <ERROR> ServiceLoader { Error: socket hang up
    at createHangUpError (_http_client.js:331:15)
    at Socket.socketOnEnd (_http_client.js:423:23)
    at emitNone (events.js:111:20)
    at Socket.emit (events.js:208:7)
    at endReadableNT (_stream_readable.js:1055:12)
    at _combinedTickCallback (internal/process/next_tick.js:138:11)
    at process._tickCallback (internal/process/next_tick.js:180:9) code: 'ECONNRESET' } (ServiceLoader.js:205)
