[11:25:09.05] [ConfigLoader] <INFO> init ConfigLoader (ConfigLoader.js:13)
[11:25:09.88] [ServiceLoader] <INFO> init ServiceLoader (ServiceLoader.js:27)
[11:25:09.90] [PluginLoader] <INFO> init PluginLoader (PluginLoader.js:18)
[11:25:11.30] [PluginLoader] <INFO> init ComponentService (PluginLoader.js:201)
[11:25:13.25] [PluginLoader] <INFO> init PageService (PluginLoader.js:201)
[11:25:13.26] [IntForce] <LOG> 启动组件开发测试环境，端口号：8160 (intforce.js:22)
[11:25:13.29] [ComponentService] <INFO> 正在注册： vb-cascader-city.vue文件 (ComponentService.plugin.js:249)
[11:25:13.30] [ComponentService] <INFO> 正在注册： vb-form-activity.vue文件 (ComponentService.plugin.js:249)
[11:25:13.30] [ComponentService] <INFO> 正在注册： vb-form-businesstime.vue文件 (ComponentService.plugin.js:249)
[11:25:13.31] [ComponentService] <INFO> 正在注册： vb-form-businesstimeplugin.vue文件 (ComponentService.plugin.js:249)
[11:25:13.32] [ComponentService] <INFO> 正在注册： vb-form-chartoption.vue文件 (ComponentService.plugin.js:249)
[11:25:13.33] [ComponentService] <INFO> 正在注册： vb-form-chartstyle.vue文件 (ComponentService.plugin.js:249)
[11:25:13.33] [ComponentService] <INFO> 正在注册： vb-form-company.vue文件 (ComponentService.plugin.js:249)
[11:25:13.34] [ComponentService] <INFO> 正在注册： vb-form-conditionoption.vue文件 (ComponentService.plugin.js:249)
[11:25:13.34] [ComponentService] <INFO> 正在注册： vb-form-fencezone.vue文件 (ComponentService.plugin.js:249)
[11:25:13.35] [ComponentService] <INFO> 正在注册： vb-form-holiday.vue文件 (ComponentService.plugin.js:249)
[11:25:13.36] [ComponentService] <INFO> 正在注册： vb-form-indexoption.vue文件 (ComponentService.plugin.js:249)
[11:25:13.36] [ComponentService] <INFO> 正在注册： vb-form-location.vue文件 (ComponentService.plugin.js:249)
[11:25:13.37] [ComponentService] <INFO> 正在注册： vb-form-mall.vue文件 (ComponentService.plugin.js:249)
[11:25:13.38] [ComponentService] <INFO> 正在注册： vb-form-physicalzone.vue文件 (ComponentService.plugin.js:249)
[11:25:13.38] [ComponentService] <INFO> 正在注册： vb-form-reportmenu.vue文件 (ComponentService.plugin.js:249)
[11:25:13.39] [ComponentService] <INFO> 正在注册： vb-form-reportpage.vue文件 (ComponentService.plugin.js:249)
[11:25:13.39] [ComponentService] <INFO> 正在注册： vb-form-tag.vue文件 (ComponentService.plugin.js:249)
[11:25:13.40] [ComponentService] <INFO> 正在注册： vb-form-transfer-mall.vue文件 (ComponentService.plugin.js:249)
[11:25:13.41] [ComponentService] <INFO> 正在注册： vb-form-weather.vue文件 (ComponentService.plugin.js:249)
[11:25:13.41] [ComponentService] <INFO> 正在注册： vb-grid-activity.vue文件 (ComponentService.plugin.js:249)
[11:25:13.41] [ComponentService] <INFO> 正在注册： vb-grid-businesstime.vue文件 (ComponentService.plugin.js:249)
[11:25:13.42] [ComponentService] <INFO> 正在注册： vb-grid-chartoption.vue文件 (ComponentService.plugin.js:249)
[11:25:13.43] [ComponentService] <INFO> 正在注册： vb-grid-chartstyle.vue文件 (ComponentService.plugin.js:249)
[11:25:13.43] [ComponentService] <INFO> 正在注册： vb-grid-company.vue文件 (ComponentService.plugin.js:249)
[11:25:13.44] [ComponentService] <INFO> 正在注册： vb-grid-conditionoption.vue文件 (ComponentService.plugin.js:249)
[11:25:13.44] [ComponentService] <INFO> 正在注册： vb-grid-fencezone.vue文件 (ComponentService.plugin.js:249)
[11:25:13.45] [ComponentService] <INFO> 正在注册： vb-grid-holiday.vue文件 (ComponentService.plugin.js:249)
[11:25:13.45] [ComponentService] <INFO> 正在注册： vb-grid-indexoption.vue文件 (ComponentService.plugin.js:249)
[11:25:13.46] [ComponentService] <INFO> 正在注册： vb-grid-location.vue文件 (ComponentService.plugin.js:249)
[11:25:13.46] [ComponentService] <INFO> 正在注册： vb-grid-mall.vue文件 (ComponentService.plugin.js:249)
[11:25:13.47] [ComponentService] <INFO> 正在注册： vb-grid-physicalzone.vue文件 (ComponentService.plugin.js:249)
[11:25:13.47] [ComponentService] <INFO> 正在注册： vb-grid-reportmenu.vue文件 (ComponentService.plugin.js:249)
[11:25:13.47] [ComponentService] <INFO> 正在注册： vb-grid-reportpage.vue文件 (ComponentService.plugin.js:249)
[11:25:13.48] [ComponentService] <INFO> 正在注册： vb-grid-role.vue文件 (ComponentService.plugin.js:249)
[11:25:13.48] [ComponentService] <INFO> 正在注册： vb-grid-tag.vue文件 (ComponentService.plugin.js:249)
[11:25:13.49] [ComponentService] <INFO> 正在注册： vb-grid-user.vue文件 (ComponentService.plugin.js:249)
[11:25:13.49] [ComponentService] <INFO> 正在注册： vb-grid-weather.vue文件 (ComponentService.plugin.js:249)
[11:25:13.50] [ComponentService] <INFO> 正在注册： vb-log-malllog.vue文件 (ComponentService.plugin.js:249)
[11:25:13.50] [ComponentService] <INFO> 正在注册： vb-log-mallupdate.vue文件 (ComponentService.plugin.js:249)
[11:25:13.51] [ComponentService] <INFO> 正在注册： vb-log-zonelog.vue文件 (ComponentService.plugin.js:249)
[11:25:13.51] [ComponentService] <INFO> 正在注册： vb-log-zoneupdate.vue文件 (ComponentService.plugin.js:249)
[11:25:13.52] [ComponentService] <INFO> 正在注册： vb-page-activity.vue文件 (ComponentService.plugin.js:249)
[11:25:13.52] [ComponentService] <INFO> 正在注册： vb-page-businesstime.vue文件 (ComponentService.plugin.js:249)
[11:25:13.53] [ComponentService] <INFO> 正在注册： vb-page-chartoption.vue文件 (ComponentService.plugin.js:249)
[11:25:13.53] [ComponentService] <INFO> 正在注册： vb-page-chartstyle.vue文件 (ComponentService.plugin.js:249)
[11:25:13.54] [ComponentService] <INFO> 正在注册： vb-page-company.vue文件 (ComponentService.plugin.js:249)
[11:25:13.55] [ComponentService] <INFO> 正在注册： vb-page-conditionoption.vue文件 (ComponentService.plugin.js:249)
[11:25:13.55] [ComponentService] <INFO> 正在注册： vb-page-holiday.vue文件 (ComponentService.plugin.js:249)
[11:25:13.56] [ComponentService] <INFO> 正在注册： vb-page-indexoption.vue文件 (ComponentService.plugin.js:249)
[11:25:13.56] [ComponentService] <INFO> 正在注册： vb-page-mall.vue文件 (ComponentService.plugin.js:249)
[11:25:13.57] [ComponentService] <INFO> 正在注册： vb-page-reportmenu.vue文件 (ComponentService.plugin.js:249)
[11:25:13.57] [ComponentService] <INFO> 正在注册： vb-page-reportpage.vue文件 (ComponentService.plugin.js:249)
[11:25:13.58] [ComponentService] <INFO> 正在注册： vb-page-tag.vue文件 (ComponentService.plugin.js:249)
[11:25:13.58] [ComponentService] <INFO> 正在注册： vb-page-weather.vue文件 (ComponentService.plugin.js:249)
[11:25:13.59] [ComponentService] <INFO> 正在注册： vb-select-chartoption.vue文件 (ComponentService.plugin.js:249)
[11:25:13.60] [ComponentService] <INFO> 正在注册： vb-select-chartstyle.vue文件 (ComponentService.plugin.js:249)
[11:25:13.60] [ComponentService] <INFO> 正在注册： vb-select-company.vue文件 (ComponentService.plugin.js:249)
[11:25:13.60] [ComponentService] <INFO> 正在注册： vb-select-device.vue文件 (ComponentService.plugin.js:249)
[11:25:13.61] [ComponentService] <INFO> 正在注册： vb-select-fencezone.vue文件 (ComponentService.plugin.js:249)
[11:25:13.61] [ComponentService] <INFO> 正在注册： vb-select-indexoption.vue文件 (ComponentService.plugin.js:249)
[11:25:13.62] [ComponentService] <INFO> 正在注册： vb-select-mall.vue文件 (ComponentService.plugin.js:249)
[11:25:13.62] [ComponentService] <INFO> 正在注册： vb-select-menutype.vue文件 (ComponentService.plugin.js:249)
[11:25:13.63] [ComponentService] <INFO> 正在注册： vb-select-physicalzone.vue文件 (ComponentService.plugin.js:249)
[11:25:13.63] [ComponentService] <INFO> 正在注册： vb-select-reportmenu.vue文件 (ComponentService.plugin.js:249)
[11:25:13.64] [ComponentService] <INFO> 正在注册： vb-select-role.vue文件 (ComponentService.plugin.js:249)
[11:25:13.64] [ComponentService] <INFO> 正在注册： vb-select-usergroup.vue文件 (ComponentService.plugin.js:249)
[11:25:13.65] [ComponentService] <INFO> 正在注册： vb-select-zonetype.vue文件 (ComponentService.plugin.js:249)
[11:25:13.65] [ComponentService] <INFO> 正在注册： vb-transfer-chartoption.vue文件 (ComponentService.plugin.js:249)
[11:25:13.66] [ComponentService] <INFO> 正在注册： vb-transfer-conditionoption.vue文件 (ComponentService.plugin.js:249)
[11:25:13.66] [ComponentService] <INFO> 正在注册： vb-transfer-indexoption.vue文件 (ComponentService.plugin.js:249)
[11:25:13.66] [ComponentService] <INFO> 正在注册： vb-transfer-location.vue文件 (ComponentService.plugin.js:249)
[11:25:13.67] [ComponentService] <INFO> 正在注册： vb-transfer-mall.vue文件 (ComponentService.plugin.js:249)
[11:25:13.67] [ComponentService] <INFO> 正在注册： vb-transfer-physicalzone.vue文件 (ComponentService.plugin.js:249)
[11:25:13.68] [ComponentService] <INFO> 正在注册： vb-transfer-reportpage.vue文件 (ComponentService.plugin.js:249)
[11:25:13.68] [ComponentService] <INFO> 正在注册： vb-transfer-tag.vue文件 (ComponentService.plugin.js:249)
[11:25:13.69] [ComponentService] <INFO> 正在注册： vb-tree-category.vue文件 (ComponentService.plugin.js:249)
[11:25:13.69] [ComponentService] <INFO> 正在注册： vb-tree-location.vue文件 (ComponentService.plugin.js:249)
[11:25:13.70] [ComponentService] <INFO> 正在注册： vb-zonecamera-query.vue文件 (ComponentService.plugin.js:249)
[11:25:13.70] [ComponentService] <INFO> 正在注册： vd-bd-devicezone.vue文件 (ComponentService.plugin.js:249)
[11:25:13.71] [ComponentService] <INFO> 正在注册： vd-bd-fencezone.vue文件 (ComponentService.plugin.js:249)
[11:25:13.71] [ComponentService] <INFO> 正在注册： vd-bd-grid.vue文件 (ComponentService.plugin.js:249)
[11:25:13.72] [ComponentService] <INFO> 正在注册： vd-bd-loaddata.vue文件 (ComponentService.plugin.js:249)
[11:25:13.72] [ComponentService] <INFO> 正在注册： vd-bd-physicallinkeddevice.vue文件 (ComponentService.plugin.js:249)
[11:25:13.73] [ComponentService] <INFO> 正在注册： vd-bd-savedata.vue文件 (ComponentService.plugin.js:249)
[11:25:13.76] [ComponentService] <INFO> 正在注册： vx-basic-demo.vue文件 (ComponentService.plugin.js:249)
[11:25:13.80] [ComponentService] <INFO> 正在注册： vx-basic-button.vue文件 (ComponentService.plugin.js:249)
[11:25:13.80] [ComponentService] <INFO> 正在注册： vx-basic-tree.vue文件 (ComponentService.plugin.js:249)
[11:25:13.81] [ComponentService] <INFO> 正在注册： vx-container-col.vue文件 (ComponentService.plugin.js:249)
[11:25:13.82] [ComponentService] <INFO> 正在注册： vx-container-combo.vue文件 (ComponentService.plugin.js:249)
[11:25:13.83] [ComponentService] <INFO> 正在注册： vx-container-dialog.vue文件 (ComponentService.plugin.js:249)
[11:25:13.83] [ComponentService] <INFO> 正在注册： vx-container-gridster.vue文件 (ComponentService.plugin.js:249)
[11:25:13.84] [ComponentService] <INFO> 正在注册： vx-container-item.vue文件 (ComponentService.plugin.js:249)
[11:25:13.85] [ComponentService] <INFO> 正在注册： vx-container-row.vue文件 (ComponentService.plugin.js:249)
[11:25:13.86] [ComponentService] <INFO> 正在注册： vx-container-tabs.vue文件 (ComponentService.plugin.js:249)
[11:25:13.87] [ComponentService] <INFO> 正在注册： vx-form-cascader.vue文件 (ComponentService.plugin.js:249)
[11:25:13.88] [ComponentService] <INFO> 正在注册： vx-form-check.vue文件 (ComponentService.plugin.js:249)
[11:25:13.91] [ComponentService] <INFO> 正在注册： vx-form-clockpicker.vue文件 (ComponentService.plugin.js:249)
[11:25:13.91] [ComponentService] <INFO> 正在注册： vx-form-daterangepicker.vue文件 (ComponentService.plugin.js:249)
[11:25:13.92] [ComponentService] <INFO> 正在注册： vx-form-datesinglepicker.vue文件 (ComponentService.plugin.js:249)
[11:25:13.93] [ComponentService] <INFO> 正在注册： vx-form-group-select.vue文件 (ComponentService.plugin.js:249)
[11:25:13.94] [ComponentService] <INFO> 正在注册： vx-form-input.vue文件 (ComponentService.plugin.js:249)
[11:25:13.95] [ComponentService] <INFO> 正在注册： vx-form-location.vue文件 (ComponentService.plugin.js:249)
[11:25:13.96] [ComponentService] <INFO> 正在注册： vx-form-map.vue文件 (ComponentService.plugin.js:249)
[11:25:13.97] [ComponentService] <INFO> 正在注册： vx-form-mapmark.vue文件 (ComponentService.plugin.js:249)
[11:25:13.98] [ComponentService] <INFO> 正在注册： vx-form-number.vue文件 (ComponentService.plugin.js:249)
[11:25:13.99] [ComponentService] <INFO> 正在注册： vx-form-password.vue文件 (ComponentService.plugin.js:249)
[11:25:13.99] [ComponentService] <INFO> 正在注册： vx-form-radio.vue文件 (ComponentService.plugin.js:249)
[11:25:14.00] [ComponentService] <INFO> 正在注册： vx-form-select.vue文件 (ComponentService.plugin.js:249)
[11:25:14.01] [ComponentService] <INFO> 正在注册： vx-form-textarea.vue文件 (ComponentService.plugin.js:249)
[11:25:14.01] [ComponentService] <INFO> 正在注册： vx-form-transfer.vue文件 (ComponentService.plugin.js:249)
[11:25:14.02] [ComponentService] <INFO> 正在注册： vx-form-upload.vue文件 (ComponentService.plugin.js:249)
[11:25:14.03] [ComponentService] <INFO> 正在注册： vx-nav-breadcrumb.vue文件 (ComponentService.plugin.js:249)
[11:25:14.03] [ComponentService] <INFO> 正在注册： vx-nav-dropmenu.vue文件 (ComponentService.plugin.js:249)
[11:25:14.04] [ComponentService] <INFO> 正在注册： vx-nav-navmenu.vue文件 (ComponentService.plugin.js:249)
[11:25:14.05] [ComponentService] <INFO> 正在注册： vx-view-baidumap.vue文件 (ComponentService.plugin.js:249)
[11:25:14.05] [ComponentService] <INFO> 正在注册： vx-view-countup.vue文件 (ComponentService.plugin.js:249)
[11:25:14.07] [ComponentService] <INFO> 正在注册： vx-view-datatable.vue文件 (ComponentService.plugin.js:249)
[11:25:14.08] [ComponentService] <INFO> 正在注册： vx-view-dialog.vue文件 (ComponentService.plugin.js:249)
[11:25:14.09] [ComponentService] <INFO> 正在注册： vx-view-echart.vue文件 (ComponentService.plugin.js:249)
[11:25:14.09] [ComponentService] <INFO> 正在注册： vx-view-govmap.vue文件 (ComponentService.plugin.js:249)
[11:25:14.10] [ComponentService] <INFO> 正在注册： vx-view-heatmap.vue文件 (ComponentService.plugin.js:249)
[11:25:14.12] [ComponentService] <INFO> 正在注册： vx-view-linescroll.vue文件 (ComponentService.plugin.js:249)
[11:25:14.13] [ComponentService] <INFO> 正在注册： vx-view-map.vue文件 (ComponentService.plugin.js:249)
[11:25:14.14] [ComponentService] <INFO> 正在注册： vx-view-pagelist.vue文件 (ComponentService.plugin.js:249)
[11:25:14.14] [ComponentService] <INFO> 正在注册： vx-view-pagesize.vue文件 (ComponentService.plugin.js:249)
[11:25:14.15] [ComponentService] <INFO> 正在注册： vb-cascader-city.vue文件 (ComponentService.plugin.js:249)
[11:25:14.16] [ComponentService] <INFO> 正在注册： vb-form-company.vue文件 (ComponentService.plugin.js:249)
[11:25:14.18] [ComponentService] <INFO> 正在注册： vb-form-companyplugin.vue文件 (ComponentService.plugin.js:249)
[11:25:14.19] [ComponentService] <INFO> 正在注册： vb-form-device.vue文件 (ComponentService.plugin.js:249)
[11:25:14.20] [ComponentService] <INFO> 正在注册： vb-form-devicezone.vue文件 (ComponentService.plugin.js:249)
[11:25:14.20] [ComponentService] <INFO> 正在注册： vb-form-location.vue文件 (ComponentService.plugin.js:249)
[11:25:14.21] [ComponentService] <INFO> 正在注册： vb-form-mall.vue文件 (ComponentService.plugin.js:249)
[11:25:14.22] [ComponentService] <INFO> 正在注册： vb-form-physicalzone.vue文件 (ComponentService.plugin.js:249)
[11:25:14.22] [ComponentService] <INFO> 正在注册： vb-form-physicalzoneplugin.vue文件 (ComponentService.plugin.js:249)
[11:25:14.23] [ComponentService] <INFO> 正在注册： vb-form-subsetzone.vue文件 (ComponentService.plugin.js:249)
[11:25:14.23] [ComponentService] <INFO> 正在注册： vb-form-tag.vue文件 (ComponentService.plugin.js:249)
[11:25:14.24] [ComponentService] <INFO> 正在注册： vb-form-transfer-mall.vue文件 (ComponentService.plugin.js:249)
[11:25:14.24] [ComponentService] <INFO> 正在注册： vb-grid-company.vue文件 (ComponentService.plugin.js:249)
[11:25:14.25] [ComponentService] <INFO> 正在注册： vb-grid-device.vue文件 (ComponentService.plugin.js:249)
[11:25:14.25] [ComponentService] <INFO> 正在注册： vb-grid-distribute.vue文件 (ComponentService.plugin.js:249)
[11:25:14.26] [ComponentService] <INFO> 正在注册： vb-grid-duration.vue文件 (ComponentService.plugin.js:249)
[11:25:14.26] [ComponentService] <INFO> 正在注册： vb-grid-fencezone.vue文件 (ComponentService.plugin.js:249)
[11:25:14.27] [ComponentService] <INFO> 正在注册： vb-grid-linkeddevicezone.vue文件 (ComponentService.plugin.js:249)
[11:25:14.27] [ComponentService] <INFO> 正在注册： vb-grid-location.vue文件 (ComponentService.plugin.js:249)
[11:25:14.28] [ComponentService] <INFO> 正在注册： vb-grid-mall.vue文件 (ComponentService.plugin.js:249)
[11:25:14.28] [ComponentService] <INFO> 正在注册： vb-grid-physicalzone.vue文件 (ComponentService.plugin.js:249)
[11:25:14.29] [ComponentService] <INFO> 正在注册： vb-grid-shop.vue文件 (ComponentService.plugin.js:249)
[11:25:14.29] [ComponentService] <INFO> 正在注册： vb-grid-tag.vue文件 (ComponentService.plugin.js:249)
[11:25:14.30] [ComponentService] <INFO> 正在注册： vb-grid-terminal.vue文件 (ComponentService.plugin.js:249)
[11:25:14.30] [ComponentService] <INFO> 正在注册： vb-grid-timesharing.vue文件 (ComponentService.plugin.js:249)
[11:25:14.31] [ComponentService] <INFO> 正在注册： vb-grid-unlinkeddevicezone.vue文件 (ComponentService.plugin.js:249)
[11:25:14.32] [ComponentService] <INFO> 正在注册： vb-layout-content.vue文件 (ComponentService.plugin.js:249)
[11:25:14.33] [ComponentService] <INFO> 正在注册： vb-layout-footer.vue文件 (ComponentService.plugin.js:249)
[11:25:14.35] [ComponentService] <INFO> 正在注册： vb-layout-header.vue文件 (ComponentService.plugin.js:249)
[11:25:14.35] [ComponentService] <INFO> 正在注册： vb-layout-main.vue文件 (ComponentService.plugin.js:249)
[11:25:14.36] [ComponentService] <INFO> 正在注册： vb-layout-pageheader.vue文件 (ComponentService.plugin.js:249)
[11:25:14.37] [ComponentService] <INFO> 正在注册： vb-layout-right.vue文件 (ComponentService.plugin.js:249)
[11:25:14.40] [ComponentService] <INFO> 正在注册： vb-layout-sidemenu.vue文件 (ComponentService.plugin.js:249)
[11:25:14.40] [ComponentService] <INFO> 正在注册： vb-page-company.vue文件 (ComponentService.plugin.js:249)
[11:25:14.41] [ComponentService] <INFO> 正在注册： vb-page-mall.vue文件 (ComponentService.plugin.js:249)
[11:25:14.41] [ComponentService] <INFO> 正在注册： vb-page-tag.vue文件 (ComponentService.plugin.js:249)
[11:25:14.42] [ComponentService] <INFO> 正在注册： vb-scope-duration.vue文件 (ComponentService.plugin.js:249)
[11:25:14.43] [ComponentService] <INFO> 正在注册： vb-scope-physicalzone.vue文件 (ComponentService.plugin.js:249)
[11:25:14.44] [ComponentService] <INFO> 正在注册： vb-select-camerazone.vue文件 (ComponentService.plugin.js:249)
[11:25:14.44] [ComponentService] <INFO> 正在注册： vb-select-company.vue文件 (ComponentService.plugin.js:249)
[11:25:14.45] [ComponentService] <INFO> 正在注册： vb-select-device.vue文件 (ComponentService.plugin.js:249)
[11:25:14.46] [ComponentService] <INFO> 正在注册： vb-select-fencezone.vue文件 (ComponentService.plugin.js:249)
[11:25:14.46] [ComponentService] <INFO> 正在注册： vb-select-floor.vue文件 (ComponentService.plugin.js:249)
[11:25:14.47] [ComponentService] <INFO> 正在注册： vb-select-mall.vue文件 (ComponentService.plugin.js:249)
[11:25:14.48] [ComponentService] <INFO> 正在注册： vb-select-physicalzone.vue文件 (ComponentService.plugin.js:249)
[11:25:14.49] [ComponentService] <INFO> 正在注册： vb-select-reportmenu.vue文件 (ComponentService.plugin.js:249)
[11:25:14.49] [ComponentService] <INFO> 正在注册： vb-select-zonetype.vue文件 (ComponentService.plugin.js:249)
[11:25:14.50] [ComponentService] <INFO> 正在注册： vb-subset-devicezone.vue文件 (ComponentService.plugin.js:249)
[11:25:14.50] [ComponentService] <INFO> 正在注册： vb-transfer-chartoption.vue文件 (ComponentService.plugin.js:249)
[11:25:14.51] [ComponentService] <INFO> 正在注册： vb-transfer-location.vue文件 (ComponentService.plugin.js:249)
[11:25:14.51] [ComponentService] <INFO> 正在注册： vb-transfer-mall.vue文件 (ComponentService.plugin.js:249)
[11:25:14.52] [ComponentService] <INFO> 正在注册： vb-transfer-physicalzone.vue文件 (ComponentService.plugin.js:249)
[11:25:14.52] [ComponentService] <INFO> 正在注册： vb-tree-location.vue文件 (ComponentService.plugin.js:249)
[11:25:14.53] [ComponentService] <INFO> 正在注册： vd-bd-cloumn.vue文件 (ComponentService.plugin.js:249)
[11:25:14.53] [ComponentService] <INFO> 正在注册： vd-bd-company.vue文件 (ComponentService.plugin.js:249)
[11:25:14.54] [ComponentService] <INFO> 正在注册： vd-bd-device.vue文件 (ComponentService.plugin.js:249)
[11:25:14.54] [ComponentService] <INFO> 正在注册： vd-bd-devicezone.vue文件 (ComponentService.plugin.js:249)
[11:25:14.55] [ComponentService] <INFO> 正在注册： vd-bd-duration.vue文件 (ComponentService.plugin.js:249)
[11:25:14.55] [ComponentService] <INFO> 正在注册： vd-bd-fencezone.vue文件 (ComponentService.plugin.js:249)
[11:25:14.56] [ComponentService] <INFO> 正在注册： vd-bd-location.vue文件 (ComponentService.plugin.js:249)
[11:25:14.56] [ComponentService] <INFO> 正在注册： vd-bd-mall.vue文件 (ComponentService.plugin.js:249)
[11:25:14.57] [ComponentService] <INFO> 正在注册： vd-bd-online.vue文件 (ComponentService.plugin.js:249)
[11:25:14.57] [ComponentService] <INFO> 正在注册： vd-bd-onlineuser.vue文件 (ComponentService.plugin.js:249)
[11:25:14.58] [ComponentService] <INFO> 正在注册： vd-bd-physicallinkeddevice.vue文件 (ComponentService.plugin.js:249)
[11:25:14.59] [ComponentService] <INFO> 正在注册： vd-bd-physicalunlinkeddevice.vue文件 (ComponentService.plugin.js:249)
[11:25:14.59] [ComponentService] <INFO> 正在注册： vd-bd-physicalzone.vue文件 (ComponentService.plugin.js:249)
[11:25:14.60] [ComponentService] <INFO> 正在注册： vd-bd-report.vue文件 (ComponentService.plugin.js:249)
[11:25:14.60] [ComponentService] <INFO> 正在注册： vd-bd-table.vue文件 (ComponentService.plugin.js:249)
[11:25:14.61] [ComponentService] <INFO> 正在注册： vm-form-location.vue文件 (ComponentService.plugin.js:249)
[11:25:14.61] [ComponentService] <INFO> 正在注册： vm-grid-location.vue文件 (ComponentService.plugin.js:249)
[11:25:14.62] [ComponentService] <INFO> 正在注册： vm-select-company.vue文件 (ComponentService.plugin.js:249)
[11:25:14.62] [ComponentService] <INFO> 正在注册： vm-select-mall.vue文件 (ComponentService.plugin.js:249)
[11:25:14.63] [ComponentService] <INFO> 正在注册： vm-transfer-mall.vue文件 (ComponentService.plugin.js:249)
[11:25:14.64] [ComponentService] <INFO> 正在注册： vm-transfer-physicalzone.vue文件 (ComponentService.plugin.js:249)
[11:25:14.64] [ComponentService] <INFO> 正在注册： vm-transfer-reportpage.vue文件 (ComponentService.plugin.js:249)
[11:25:14.65] [ComponentService] <INFO> 正在注册： vm-tree-location.vue文件 (ComponentService.plugin.js:249)
[11:25:14.66] [ComponentService] <INFO> 正在注册： vp-footer-default.vue文件 (ComponentService.plugin.js:249)
[11:25:14.67] [ComponentService] <INFO> 正在注册： vp-header-default.vue文件 (ComponentService.plugin.js:249)
[11:25:14.69] [ComponentService] <INFO> 正在注册： vp-header-filer.vue文件 (ComponentService.plugin.js:249)
[11:25:14.69] [ComponentService] <INFO> 正在注册： vp-header-nav.vue文件 (ComponentService.plugin.js:249)
[11:25:14.70] [ComponentService] <INFO> 正在注册： vp-main-home-default.vue文件 (ComponentService.plugin.js:249)
[11:25:14.71] [ComponentService] <INFO> 正在注册： vp-main-report-default.vue文件 (ComponentService.plugin.js:249)
[11:25:14.71] [ComponentService] <INFO> 正在注册： vp-nav-homeicon.vue文件 (ComponentService.plugin.js:249)
[11:25:14.72] [ComponentService] <INFO> 正在注册： vp-page-grid.vue文件 (ComponentService.plugin.js:249)
[11:25:14.73] [ComponentService] <INFO> 正在注册： vp-widget-flowdistribution.vue文件 (ComponentService.plugin.js:249)
[11:25:14.74] [ComponentService] <INFO> 正在注册： vp-widget-flowtime.vue文件 (ComponentService.plugin.js:249)
[11:25:14.74] [ComponentService] <INFO> 正在注册： vp-widget-home-chart.vue文件 (ComponentService.plugin.js:249)
[11:25:14.75] [ComponentService] <INFO> 正在注册： vp-widget-home-data.vue文件 (ComponentService.plugin.js:249)
[11:25:14.76] [ComponentService] <INFO> 正在注册： vp-widget-home-ranking.vue文件 (ComponentService.plugin.js:249)
[11:25:14.77] [ComponentService] <INFO> 正在注册： vp-widget-report-compare.vue文件 (ComponentService.plugin.js:249)
[11:25:14.79] [ComponentService] <INFO> 正在注册： vp-widget-time-selection.vue文件 (ComponentService.plugin.js:249)
[11:25:14.80] [ComponentService] <INFO> 正在注册： vx-basic-button.vue文件 (ComponentService.plugin.js:249)
[11:25:14.80] [ComponentService] <INFO> 正在注册： vx-basic-tree.vue文件 (ComponentService.plugin.js:249)
[11:25:14.81] [ComponentService] <INFO> 正在注册： vx-container-col.vue文件 (ComponentService.plugin.js:249)
[11:25:14.82] [ComponentService] <INFO> 正在注册： vx-container-combo.vue文件 (ComponentService.plugin.js:249)
[11:25:14.83] [ComponentService] <INFO> 正在注册： vx-container-dialog.vue文件 (ComponentService.plugin.js:249)
[11:25:14.83] [ComponentService] <INFO> 正在注册： vx-container-gridster.vue文件 (ComponentService.plugin.js:249)
[11:25:14.84] [ComponentService] <INFO> 正在注册： vx-container-item.vue文件 (ComponentService.plugin.js:249)
[11:25:14.84] [ComponentService] <INFO> 正在注册： vx-container-row.vue文件 (ComponentService.plugin.js:249)
[11:25:14.85] [ComponentService] <INFO> 正在注册： vx-container-tab.vue文件 (ComponentService.plugin.js:249)
[11:25:14.85] [ComponentService] <INFO> 正在注册： vx-form-cascader.vue文件 (ComponentService.plugin.js:249)
[11:25:14.86] [ComponentService] <INFO> 正在注册： vx-form-check.vue文件 (ComponentService.plugin.js:249)
[11:25:14.87] [ComponentService] <INFO> 正在注册： vx-form-clockpicker.vue文件 (ComponentService.plugin.js:249)
[11:25:14.88] [ComponentService] <INFO> 正在注册： vx-form-daterangepicker.vue文件 (ComponentService.plugin.js:249)
[11:25:14.89] [ComponentService] <INFO> 正在注册： vx-form-datesinglepicker.vue文件 (ComponentService.plugin.js:249)
[11:25:14.89] [ComponentService] <INFO> 正在注册： vx-form-group-select.vue文件 (ComponentService.plugin.js:249)
[11:25:14.90] [ComponentService] <INFO> 正在注册： vx-form-input.vue文件 (ComponentService.plugin.js:249)
[11:25:14.90] [ComponentService] <INFO> 正在注册： vx-form-location.vue文件 (ComponentService.plugin.js:249)
[11:25:14.91] [ComponentService] <INFO> 正在注册： vx-form-number.vue文件 (ComponentService.plugin.js:249)
[11:25:14.92] [ComponentService] <INFO> 正在注册： vx-form-password.vue文件 (ComponentService.plugin.js:249)
[11:25:14.92] [ComponentService] <INFO> 正在注册： vx-form-radio.vue文件 (ComponentService.plugin.js:249)
[11:25:14.93] [ComponentService] <INFO> 正在注册： vx-form-select.vue文件 (ComponentService.plugin.js:249)
[11:25:14.93] [ComponentService] <INFO> 正在注册： vx-form-transfer.vue文件 (ComponentService.plugin.js:249)
[11:25:14.94] [ComponentService] <INFO> 正在注册： vx-nav-breadcrumb.vue文件 (ComponentService.plugin.js:249)
[11:25:14.95] [ComponentService] <INFO> 正在注册： vx-nav-dropmenu.vue文件 (ComponentService.plugin.js:249)
[11:25:14.95] [ComponentService] <INFO> 正在注册： vx-nav-navmenu.vue文件 (ComponentService.plugin.js:249)
[11:25:14.96] [ComponentService] <INFO> 正在注册： vx-tab-pane.vue文件 (ComponentService.plugin.js:249)
[11:25:14.96] [ComponentService] <INFO> 正在注册： vx-tabs.vue文件 (ComponentService.plugin.js:249)
[11:25:14.97] [ComponentService] <INFO> 正在注册： vx-view-baidumap.vue文件 (ComponentService.plugin.js:249)
[11:25:14.97] [ComponentService] <INFO> 正在注册： vx-view-countup.vue文件 (ComponentService.plugin.js:249)
[11:25:14.99] [ComponentService] <INFO> 正在注册： vx-view-datatable.vue文件 (ComponentService.plugin.js:249)
[11:25:14.99] [ComponentService] <INFO> 正在注册： vx-view-dialog.vue文件 (ComponentService.plugin.js:249)
[11:25:15.00] [ComponentService] <INFO> 正在注册： vx-view-echart.vue文件 (ComponentService.plugin.js:249)
[11:25:15.01] [ComponentService] <INFO> 正在注册： vx-view-govmap.vue文件 (ComponentService.plugin.js:249)
[11:25:15.02] [ComponentService] <INFO> 正在注册： vx-view-heatmap.vue文件 (ComponentService.plugin.js:249)
[11:25:15.02] [ComponentService] <INFO> 正在注册： vx-view-linescroll.vue文件 (ComponentService.plugin.js:249)
[11:25:15.03] [ComponentService] <INFO> 正在注册： vx-view-map.vue文件 (ComponentService.plugin.js:249)
[11:25:15.04] [ComponentService] <INFO> 正在注册： vx-view-pagelist.vue文件 (ComponentService.plugin.js:249)
[11:25:15.04] [ComponentService] <INFO> 正在注册： vx-view-pagesize.vue文件 (ComponentService.plugin.js:249)
[11:25:15.06] [ComponentService] <INFO> 正在注册： vm-form-activity.vue文件 (ComponentService.plugin.js:249)
[11:25:15.06] [ComponentService] <INFO> 正在注册： vm-form-activityplugin.vue文件 (ComponentService.plugin.js:249)
[11:25:15.08] [ComponentService] <INFO> 正在注册： vm-form-businesstimeplugin.vue文件 (ComponentService.plugin.js:249)
[11:25:15.09] [ComponentService] <INFO> 正在注册： vm-form-changepassword.vue文件 (ComponentService.plugin.js:249)
[11:25:15.09] [ComponentService] <INFO> 正在注册： vm-form-holiday.vue文件 (ComponentService.plugin.js:249)
[11:25:15.07] [ComponentService] <INFO> 正在注册： vm-form-businesstime.vue文件 (ComponentService.plugin.js:249)
[11:25:15.11] [ComponentService] <INFO> 正在注册： vm-form-mallupdate.vue文件 (ComponentService.plugin.js:249)
[11:25:15.10] [ComponentService] <INFO> 正在注册： vm-form-mall.vue文件 (ComponentService.plugin.js:249)
[11:25:15.11] [ComponentService] <INFO> 正在注册： vm-form-selectxy.vue文件 (ComponentService.plugin.js:249)
[11:25:15.12] [ComponentService] <INFO> 正在注册： vm-form-tag.vue文件 (ComponentService.plugin.js:249)
[11:25:15.13] [ComponentService] <INFO> 正在注册： vm-form-weather.vue文件 (ComponentService.plugin.js:249)
[11:25:15.13] [ComponentService] <INFO> 正在注册： vm-form-zoneupdate.vue文件 (ComponentService.plugin.js:249)
[11:25:15.14] [ComponentService] <INFO> 正在注册： vm-grid-activity.vue文件 (ComponentService.plugin.js:249)
[11:25:15.14] [ComponentService] <INFO> 正在注册： vm-grid-businesstime.vue文件 (ComponentService.plugin.js:249)
[11:25:15.14] [ComponentService] <INFO> 正在注册： vm-grid-historicalcount.vue文件 (ComponentService.plugin.js:249)
[11:25:15.15] [ComponentService] <INFO> 正在注册： vm-grid-historicaldwell.vue文件 (ComponentService.plugin.js:249)
[11:25:15.16] [ComponentService] <INFO> 正在注册： vm-grid-historicalfitting.vue文件 (ComponentService.plugin.js:249)
[11:25:15.16] [ComponentService] <INFO> 正在注册： vm-grid-historicalsummary.vue文件 (ComponentService.plugin.js:249)
[11:25:15.16] [ComponentService] <INFO> 正在注册： vm-grid-historicalpassby.vue文件 (ComponentService.plugin.js:249)
[11:25:15.17] [ComponentService] <INFO> 正在注册： vm-grid-holiday.vue文件 (ComponentService.plugin.js:249)
[11:25:15.17] [ComponentService] <INFO> 正在注册： vm-grid-mall.vue文件 (ComponentService.plugin.js:249)
[11:25:15.18] [ComponentService] <INFO> 正在注册： vm-grid-tag.vue文件 (ComponentService.plugin.js:249)
[11:25:15.19] [ComponentService] <INFO> 正在注册： vm-grid-zonerelated.vue文件 (ComponentService.plugin.js:249)
[11:25:15.18] [ComponentService] <INFO> 正在注册： vm-grid-weather.vue文件 (ComponentService.plugin.js:249)
[11:25:15.19] [ComponentService] <INFO> 正在注册： vm-log-mallupdate.vue文件 (ComponentService.plugin.js:249)
[11:25:15.20] [ComponentService] <INFO> 正在注册： vm-log-zoneupdate.vue文件 (ComponentService.plugin.js:249)
[11:25:15.20] [ComponentService] <INFO> 正在注册： vm-manager-dataadjustment.vue文件 (ComponentService.plugin.js:249)
[11:25:15.20] [ComponentService] <INFO> 正在注册： vm-manager-datasummary.vue文件 (ComponentService.plugin.js:249)
[11:25:15.22] [ComponentService] <INFO> 正在注册： vm-report-times.vue文件 (ComponentService.plugin.js:249)
[11:25:15.23] [ComponentService] <INFO> 正在注册： vm-transfer-tag.vue文件 (ComponentService.plugin.js:249)
[11:25:15.22] [ComponentService] <INFO> 正在注册： vm-select-devicecode.vue文件 (ComponentService.plugin.js:249)
[11:25:15.23] [ComponentService] <INFO> 正在注册： vm-cascader-city.vue文件 (ComponentService.plugin.js:249)
[11:25:15.24] [ComponentService] <INFO> 正在注册： vm-cascader-location.vue文件 (ComponentService.plugin.js:249)
[11:25:15.24] [ComponentService] <INFO> 正在注册： vm-form-company.vue文件 (ComponentService.plugin.js:249)
[11:25:15.25] [ComponentService] <INFO> 正在注册： vm-form-companyindex.vue文件 (ComponentService.plugin.js:249)
[11:25:15.26] [ComponentService] <INFO> 正在注册： vm-form-device.vue文件 (ComponentService.plugin.js:249)
[11:25:15.25] [ComponentService] <INFO> 正在注册： vm-form-companyplugin.vue文件 (ComponentService.plugin.js:249)
[11:25:15.26] [ComponentService] <INFO> 正在注册： vm-form-devicezone.vue文件 (ComponentService.plugin.js:249)
[11:25:15.27] [ComponentService] <INFO> 正在注册： vm-form-location.vue文件 (ComponentService.plugin.js:249)
[11:25:15.29] [ComponentService] <INFO> 正在注册： vm-form-physicalzone.vue文件 (ComponentService.plugin.js:249)
[11:25:15.30] [ComponentService] <INFO> 正在注册： vm-form-physicalzoneplugin.vue文件 (ComponentService.plugin.js:249)
[11:25:15.30] [ComponentService] <INFO> 正在注册： vm-form-subsetzone.vue文件 (ComponentService.plugin.js:249)
[11:25:15.31] [ComponentService] <INFO> 正在注册： vm-form-transfer-mall.vue文件 (ComponentService.plugin.js:249)
[11:25:15.28] [ComponentService] <INFO> 正在注册： vm-form-mall.vue文件 (ComponentService.plugin.js:249)
[11:25:15.32] [ComponentService] <INFO> 正在注册： vm-grid-company.vue文件 (ComponentService.plugin.js:249)
[11:25:15.33] [ComponentService] <INFO> 正在注册： vm-grid-linkeddevicezone.vue文件 (ComponentService.plugin.js:249)
[11:25:15.32] [ComponentService] <INFO> 正在注册： vm-grid-device.vue文件 (ComponentService.plugin.js:249)
[11:25:15.34] [ComponentService] <INFO> 正在注册： vm-grid-location.vue文件 (ComponentService.plugin.js:249)
[11:25:15.34] [ComponentService] <INFO> 正在注册： vm-grid-mall.vue文件 (ComponentService.plugin.js:249)
[11:25:15.35] [ComponentService] <INFO> 正在注册： vm-grid-physicalzone.vue文件 (ComponentService.plugin.js:249)
[11:25:15.35] [ComponentService] <INFO> 正在注册： vm-grid-unlinkeddevicezone.vue文件 (ComponentService.plugin.js:249)
[11:25:15.36] [ComponentService] <INFO> 正在注册： vm-page-company.vue文件 (ComponentService.plugin.js:249)
[11:25:15.37] [ComponentService] <INFO> 正在注册： vm-page-mall.vue文件 (ComponentService.plugin.js:249)
[11:25:15.38] [ComponentService] <INFO> 正在注册： vm-scope-physicalzone.vue文件 (ComponentService.plugin.js:249)
[11:25:15.39] [ComponentService] <INFO> 正在注册： vm-select-camerazone.vue文件 (ComponentService.plugin.js:249)
[11:25:15.39] [ComponentService] <INFO> 正在注册： vm-select-company.vue文件 (ComponentService.plugin.js:249)
[11:25:15.40] [ComponentService] <INFO> 正在注册： vm-select-device.vue文件 (ComponentService.plugin.js:249)
[11:25:15.40] [ComponentService] <INFO> 正在注册： vm-select-floor.vue文件 (ComponentService.plugin.js:249)
[11:25:15.42] [ComponentService] <INFO> 正在注册： vm-select-physicalzone.vue文件 (ComponentService.plugin.js:249)
[11:25:15.41] [ComponentService] <INFO> 正在注册： vm-select-mall.vue文件 (ComponentService.plugin.js:249)
[11:25:15.43] [ComponentService] <INFO> 正在注册： vm-subset-devicezone.vue文件 (ComponentService.plugin.js:249)
[11:25:15.43] [ComponentService] <INFO> 正在注册： vm-select-zonetype.vue文件 (ComponentService.plugin.js:249)
[11:25:15.44] [ComponentService] <INFO> 正在注册： vm-transfer-location.vue文件 (ComponentService.plugin.js:249)
[11:25:15.44] [ComponentService] <INFO> 正在注册： vm-transfer-mall.vue文件 (ComponentService.plugin.js:249)
[11:25:15.45] [ComponentService] <INFO> 正在注册： vm-transfer-physicalzone.vue文件 (ComponentService.plugin.js:249)
[11:25:15.45] [ComponentService] <INFO> 正在注册： vm-tree-location.vue文件 (ComponentService.plugin.js:249)
[11:25:15.46] [ComponentService] <INFO> 正在注册： vm-check-location.vue文件 (ComponentService.plugin.js:249)
[11:25:15.48] [ComponentService] <INFO> 正在注册： vm-choose-locationchoose.vue文件 (ComponentService.plugin.js:249)
[11:25:15.48] [ComponentService] <INFO> 正在注册： vm-form-chartoption.vue文件 (ComponentService.plugin.js:249)
[11:25:15.50] [ComponentService] <INFO> 正在注册： vm-form-chartstyle.vue文件 (ComponentService.plugin.js:249)
[11:25:15.50] [ComponentService] <INFO> 正在注册： vm-form-conditionoption.vue文件 (ComponentService.plugin.js:249)
[11:25:15.51] [ComponentService] <INFO> 正在注册： vm-form-indexoption.vue文件 (ComponentService.plugin.js:249)
[11:25:15.52] [ComponentService] <INFO> 正在注册： vm-form-reportmenu.vue文件 (ComponentService.plugin.js:249)
[11:25:15.53] [ComponentService] <INFO> 正在注册： vm-form-reportpage.vue文件 (ComponentService.plugin.js:249)
[11:25:15.54] [ComponentService] <INFO> 正在注册： vm-form-transfer-chartoption.vue文件 (ComponentService.plugin.js:249)
[11:25:15.54] [ComponentService] <INFO> 正在注册： vm-form-transfer-chartstyle.vue文件 (ComponentService.plugin.js:249)
[11:25:15.55] [ComponentService] <INFO> 正在注册： vm-form-transfer-conditionoption.vue文件 (ComponentService.plugin.js:249)
[11:25:15.56] [ComponentService] <INFO> 正在注册： vm-form-transfer-indexoption.vue文件 (ComponentService.plugin.js:249)
[11:25:15.56] [ComponentService] <INFO> 正在注册： vm-grid-chartoption.vue文件 (ComponentService.plugin.js:249)
[11:25:15.57] [ComponentService] <INFO> 正在注册： vm-grid-chartstyle.vue文件 (ComponentService.plugin.js:249)
[11:25:15.58] [ComponentService] <INFO> 正在注册： vm-grid-conditionoption.vue文件 (ComponentService.plugin.js:249)
[11:25:15.58] [ComponentService] <INFO> 正在注册： vm-grid-indexoption.vue文件 (ComponentService.plugin.js:249)
[11:25:15.59] [ComponentService] <INFO> 正在注册： vm-grid-reportmenu.vue文件 (ComponentService.plugin.js:249)
[11:25:15.59] [ComponentService] <INFO> 正在注册： vm-grid-reportpage.vue文件 (ComponentService.plugin.js:249)
[11:25:15.59] [ComponentService] <INFO> 正在注册： vm-mall-locations-mall.vue文件 (ComponentService.plugin.js:249)
[11:25:15.60] [ComponentService] <INFO> 正在注册： vm-select-chartoption.vue文件 (ComponentService.plugin.js:249)
[11:25:15.61] [ComponentService] <INFO> 正在注册： vm-select-chartstyle.vue文件 (ComponentService.plugin.js:249)
[11:25:15.62] [ComponentService] <INFO> 正在注册： vm-select-conditionoption.vue文件 (ComponentService.plugin.js:249)
[11:25:15.62] [ComponentService] <INFO> 正在注册： vm-select-indexoption.vue文件 (ComponentService.plugin.js:249)
[11:25:15.63] [ComponentService] <INFO> 正在注册： vm-select-menutype.vue文件 (ComponentService.plugin.js:249)
[11:25:15.64] [ComponentService] <INFO> 正在注册： vm-select-reportmenu.vue文件 (ComponentService.plugin.js:249)
[11:25:15.64] [ComponentService] <INFO> 正在注册： vm-select-serviceid.vue文件 (ComponentService.plugin.js:249)
[11:25:15.65] [ComponentService] <INFO> 正在注册： vm-transfer-chartoption.vue文件 (ComponentService.plugin.js:249)
[11:25:15.65] [ComponentService] <INFO> 正在注册： vm-transfer-chartstyle.vue文件 (ComponentService.plugin.js:249)
[11:25:15.66] [ComponentService] <INFO> 正在注册： vm-transfer-conditionoption.vue文件 (ComponentService.plugin.js:249)
[11:25:15.66] [ComponentService] <INFO> 正在注册： vm-transfer-indexoption.vue文件 (ComponentService.plugin.js:249)
[11:25:15.67] [ComponentService] <INFO> 正在注册： vm-transfer-reportpage.vue文件 (ComponentService.plugin.js:249)
[11:25:15.68] [ComponentService] <INFO> 正在注册： vb-nav-menu.vue文件 (ComponentService.plugin.js:249)
[11:25:15.69] [ComponentService] <INFO> 正在注册： vp-footer-default.vue文件 (ComponentService.plugin.js:249)
[11:25:15.70] [ComponentService] <INFO> 正在注册： vp-header-default.vue文件 (ComponentService.plugin.js:249)
[11:25:15.71] [ComponentService] <INFO> 正在注册： vp-layout-content.vue文件 (ComponentService.plugin.js:249)
[11:25:15.72] [ComponentService] <INFO> 正在注册： vp-layout-main.vue文件 (ComponentService.plugin.js:249)
[11:25:15.72] [ComponentService] <INFO> 正在注册： vp-layout-menumain-tree.vue文件 (ComponentService.plugin.js:249)
[11:25:15.73] [ComponentService] <INFO> 正在注册： vp-layout-menumain.vue文件 (ComponentService.plugin.js:249)
[11:25:15.74] [ComponentService] <INFO> 正在注册： vp-layout-right.vue文件 (ComponentService.plugin.js:249)
[11:25:15.75] [ComponentService] <INFO> 正在注册： vp-nav-breadcrumb.vue文件 (ComponentService.plugin.js:249)
[11:25:15.75] [ComponentService] <INFO> 正在注册： vp-nav-leftmenu.vue文件 (ComponentService.plugin.js:249)
[11:25:15.76] [ComponentService] <INFO> 正在注册： vp-nav-menu.vue文件 (ComponentService.plugin.js:249)
[11:25:15.77] [ComponentService] <INFO> 正在注册： vp-nav-pageinfo.vue文件 (ComponentService.plugin.js:249)
[11:25:15.78] [ComponentService] <INFO> 正在注册： vm-form-category.vue文件 (ComponentService.plugin.js:249)
[11:25:15.80] [ComponentService] <INFO> 正在注册： vm-form-componentslist.vue文件 (ComponentService.plugin.js:249)
[11:25:15.80] [ComponentService] <INFO> 正在注册： vm-form-menu.vue文件 (ComponentService.plugin.js:249)
[11:25:15.81] [ComponentService] <INFO> 正在注册： vm-form-menuplugin.vue文件 (ComponentService.plugin.js:249)
[11:25:15.81] [ComponentService] <INFO> 正在注册： vm-form-role.vue文件 (ComponentService.plugin.js:249)
[11:25:15.82] [ComponentService] <INFO> 正在注册： vm-form-roleplugin.vue文件 (ComponentService.plugin.js:249)
[11:25:15.83] [ComponentService] <INFO> 正在注册： vm-form-servicelist.vue文件 (ComponentService.plugin.js:249)
[11:25:15.83] [ComponentService] <INFO> 正在注册： vm-form-user.vue文件 (ComponentService.plugin.js:249)
[11:25:15.84] [ComponentService] <INFO> 正在注册： vm-form-usergroup.vue文件 (ComponentService.plugin.js:249)
[11:25:15.84] [ComponentService] <INFO> 正在注册： vm-form-usergroupplugin.vue文件 (ComponentService.plugin.js:249)
[11:25:15.85] [ComponentService] <INFO> 正在注册： vm-form-usergroupreportpage.vue文件 (ComponentService.plugin.js:249)
[11:25:15.85] [ComponentService] <INFO> 正在注册： vm-form-usergroupzone.vue文件 (ComponentService.plugin.js:249)
[11:25:15.86] [ComponentService] <INFO> 正在注册： vm-form-userplugin.vue文件 (ComponentService.plugin.js:249)
[11:25:15.86] [ComponentService] <INFO> 正在注册： vm-grid-category.vue文件 (ComponentService.plugin.js:249)
[11:25:15.87] [ComponentService] <INFO> 正在注册： vm-grid-componentslist.vue文件 (ComponentService.plugin.js:249)
[11:25:15.87] [ComponentService] <INFO> 正在注册： vm-grid-menu.vue文件 (ComponentService.plugin.js:249)
[11:25:15.88] [ComponentService] <INFO> 正在注册： vm-grid-role.vue文件 (ComponentService.plugin.js:249)
[11:25:15.89] [ComponentService] <INFO> 正在注册： vm-grid-servicelist.vue文件 (ComponentService.plugin.js:249)
[11:25:15.89] [ComponentService] <INFO> 正在注册： vm-grid-user.vue文件 (ComponentService.plugin.js:249)
[11:25:15.89] [ComponentService] <INFO> 正在注册： vm-grid-usergroup.vue文件 (ComponentService.plugin.js:249)
[11:25:15.90] [ComponentService] <INFO> 正在注册： vm-nav-menu.vue文件 (ComponentService.plugin.js:249)
[11:25:15.90] [ComponentService] <INFO> 正在注册： vm-select-role.vue文件 (ComponentService.plugin.js:249)
[11:25:15.91] [ComponentService] <INFO> 正在注册： vm-select-usergroup.vue文件 (ComponentService.plugin.js:249)
[11:25:15.91] [ComponentService] <INFO> 正在注册： vm-tree-category.vue文件 (ComponentService.plugin.js:249)
[11:25:15.92] [ComponentService] <INFO> 正在注册： vm-tree-menu.vue文件 (ComponentService.plugin.js:249)
[11:25:15.93] [ComponentService] <INFO> 正在注册： vm-tree-role.vue文件 (ComponentService.plugin.js:249)
[11:25:15.93] [ComponentService] <INFO> 正在注册： vm-layout-page.vue文件 (ComponentService.plugin.js:249)
[11:25:15.93] [ComponentService] <INFO> 正在注册： vm-page-grid.vue文件 (ComponentService.plugin.js:249)
[11:25:15.94] [ComponentService] <INFO> 正在注册： vp-layout-page.vue文件 (ComponentService.plugin.js:249)
[11:25:15.94] [ComponentService] <INFO> 正在注册： vp-page-grid.vue文件 (ComponentService.plugin.js:249)
[11:25:15.95] [ComponentService] <INFO> 正在注册： vx-basic-button.vue文件 (ComponentService.plugin.js:249)
[11:25:15.95] [ComponentService] <INFO> 正在注册： vx-basic-tree.vue文件 (ComponentService.plugin.js:249)
[11:25:15.96] [ComponentService] <INFO> 正在注册： vx-container-col.vue文件 (ComponentService.plugin.js:249)
[11:25:15.96] [ComponentService] <INFO> 正在注册： vx-container-combo.vue文件 (ComponentService.plugin.js:249)
[11:25:15.97] [ComponentService] <INFO> 正在注册： vx-container-dialog.vue文件 (ComponentService.plugin.js:249)
[11:25:15.97] [ComponentService] <INFO> 正在注册： vx-container-gridster.vue文件 (ComponentService.plugin.js:249)
[11:25:15.98] [ComponentService] <INFO> 正在注册： vx-container-item.vue文件 (ComponentService.plugin.js:249)
[11:25:15.98] [ComponentService] <INFO> 正在注册： vx-container-row.vue文件 (ComponentService.plugin.js:249)
[11:25:15.99] [ComponentService] <INFO> 正在注册： vx-container-tab.vue文件 (ComponentService.plugin.js:249)
[11:25:15.99] [ComponentService] <INFO> 正在注册： vx-form-cascader.vue文件 (ComponentService.plugin.js:249)
[11:25:15.100] [ComponentService] <INFO> 正在注册： vx-form-check.vue文件 (ComponentService.plugin.js:249)
[11:25:16.01] [ComponentService] <INFO> 正在注册： vx-form-clockpicker.vue文件 (ComponentService.plugin.js:249)
[11:25:16.01] [ComponentService] <INFO> 正在注册： vx-form-daterangepicker.vue文件 (ComponentService.plugin.js:249)
[11:25:16.02] [ComponentService] <INFO> 正在注册： vx-form-datesinglepicker.vue文件 (ComponentService.plugin.js:249)
[11:25:16.03] [ComponentService] <INFO> 正在注册： vx-form-group-select.vue文件 (ComponentService.plugin.js:249)
[11:25:16.04] [ComponentService] <INFO> 正在注册： vx-form-input.vue文件 (ComponentService.plugin.js:249)
[11:25:16.04] [ComponentService] <INFO> 正在注册： vx-form-location.vue文件 (ComponentService.plugin.js:249)
[11:25:16.05] [ComponentService] <INFO> 正在注册： vx-form-number.vue文件 (ComponentService.plugin.js:249)
[11:25:16.06] [ComponentService] <INFO> 正在注册： vx-form-password.vue文件 (ComponentService.plugin.js:249)
[11:25:16.06] [ComponentService] <INFO> 正在注册： vx-form-radio.vue文件 (ComponentService.plugin.js:249)
[11:25:16.07] [ComponentService] <INFO> 正在注册： vx-form-select.vue文件 (ComponentService.plugin.js:249)
[11:25:16.07] [ComponentService] <INFO> 正在注册： vx-form-tooltip.vue文件 (ComponentService.plugin.js:249)
[11:25:16.08] [ComponentService] <INFO> 正在注册： vx-form-transfer.vue文件 (ComponentService.plugin.js:249)
[11:25:16.09] [ComponentService] <INFO> 正在注册： vx-nav-breadcrumb.vue文件 (ComponentService.plugin.js:249)
[11:25:16.10] [ComponentService] <INFO> 正在注册： vx-nav-dropmenu.vue文件 (ComponentService.plugin.js:249)
[11:25:16.11] [ComponentService] <INFO> 正在注册： vx-nav-navmenu.vue文件 (ComponentService.plugin.js:249)
[11:25:16.11] [ComponentService] <INFO> 正在注册： vx-tab-pane.vue文件 (ComponentService.plugin.js:249)
[11:25:16.12] [ComponentService] <INFO> 正在注册： vx-tabs.vue文件 (ComponentService.plugin.js:249)
[11:25:16.12] [ComponentService] <INFO> 正在注册： vx-view-baidumap.vue文件 (ComponentService.plugin.js:249)
[11:25:16.13] [ComponentService] <INFO> 正在注册： vx-view-countup.vue文件 (ComponentService.plugin.js:249)
[11:25:16.14] [ComponentService] <INFO> 正在注册： vx-view-datatable.vue文件 (ComponentService.plugin.js:249)
[11:25:16.15] [ComponentService] <INFO> 正在注册： vx-view-dialog.vue文件 (ComponentService.plugin.js:249)
[11:25:16.16] [ComponentService] <INFO> 正在注册： vx-view-echart.vue文件 (ComponentService.plugin.js:249)
[11:25:16.16] [ComponentService] <INFO> 正在注册： vx-view-govmap.vue文件 (ComponentService.plugin.js:249)
[11:25:16.17] [ComponentService] <INFO> 正在注册： vx-view-heatmap.vue文件 (ComponentService.plugin.js:249)
[11:25:16.19] [ComponentService] <INFO> 正在注册： vx-view-linescroll.vue文件 (ComponentService.plugin.js:249)
[11:25:16.20] [ComponentService] <INFO> 正在注册： vx-view-map.vue文件 (ComponentService.plugin.js:249)
[11:25:16.21] [ComponentService] <INFO> 正在注册： vx-view-pagelist.vue文件 (ComponentService.plugin.js:249)
[11:25:16.21] [ComponentService] <INFO> 正在注册： vx-view-pagesize.vue文件 (ComponentService.plugin.js:249)
[11:25:16.22] [ComponentService] <INFO> 正在注册： vd-bd-column.vue文件 (ComponentService.plugin.js:249)
[11:25:16.23] [ComponentService] <INFO> 正在注册： vd-bd-componentslist.vue文件 (ComponentService.plugin.js:249)
[11:25:16.23] [ComponentService] <INFO> 正在注册： vd-bd-datadetail.vue文件 (ComponentService.plugin.js:249)
[11:25:16.24] [ComponentService] <INFO> 正在注册： vd-bd-fencezone.vue文件 (ComponentService.plugin.js:249)
[11:25:16.24] [ComponentService] <INFO> 正在注册： vd-bd-grid.vue文件 (ComponentService.plugin.js:249)
[11:25:16.24] [ComponentService] <INFO> 正在注册： vd-bd-loaddata.vue文件 (ComponentService.plugin.js:249)
[11:25:16.25] [ComponentService] <INFO> 正在注册： vd-bd-login.vue文件 (ComponentService.plugin.js:249)
[11:25:16.25] [ComponentService] <INFO> 正在注册： vd-bd-savedata.vue文件 (ComponentService.plugin.js:249)
[11:25:16.26] [ComponentService] <INFO> 正在注册： vd-bd-servicelist.vue文件 (ComponentService.plugin.js:249)
[11:25:16.26] [ComponentService] <INFO> 正在注册： vd-bd-table.vue文件 (ComponentService.plugin.js:249)
[11:25:16.27] [ComponentService] <INFO> 正在注册： vd-company-activity.vue文件 (ComponentService.plugin.js:249)
[11:25:16.27] [ComponentService] <INFO> 正在注册： vd-company-businesstime.vue文件 (ComponentService.plugin.js:249)
[11:25:16.28] [ComponentService] <INFO> 正在注册： vd-company-company.vue文件 (ComponentService.plugin.js:249)
[11:25:16.28] [ComponentService] <INFO> 正在注册： vd-company-device.vue文件 (ComponentService.plugin.js:249)
[11:25:16.29] [ComponentService] <INFO> 正在注册： vd-company-devicezone.vue文件 (ComponentService.plugin.js:249)
[11:25:16.29] [ComponentService] <INFO> 正在注册： vd-company-holiday.vue文件 (ComponentService.plugin.js:249)
[11:25:16.29] [ComponentService] <INFO> 正在注册： vd-company-mall.vue文件 (ComponentService.plugin.js:249)
[11:25:16.30] [ComponentService] <INFO> 正在注册： vd-company-physicalzone.vue文件 (ComponentService.plugin.js:249)
[11:25:16.30] [ComponentService] <INFO> 正在注册： vd-company-tag.vue文件 (ComponentService.plugin.js:249)
[11:25:16.31] [ComponentService] <INFO> 正在注册： vd-log-mallupdate.vue文件 (ComponentService.plugin.js:249)
[11:25:16.31] [ComponentService] <INFO> 正在注册： vd-log-weather.vue文件 (ComponentService.plugin.js:249)
[11:25:16.31] [ComponentService] <INFO> 正在注册： vd-log-zoneupdate.vue文件 (ComponentService.plugin.js:249)
[11:25:16.32] [ComponentService] <INFO> 正在注册： vd-report-chartoption.vue文件 (ComponentService.plugin.js:249)
[11:25:16.32] [ComponentService] <INFO> 正在注册： vd-report-chartstyle.vue文件 (ComponentService.plugin.js:249)
[11:25:16.33] [ComponentService] <INFO> 正在注册： vd-report-conditionoption.vue文件 (ComponentService.plugin.js:249)
[11:25:16.33] [ComponentService] <INFO> 正在注册： vd-report-indexoption.vue文件 (ComponentService.plugin.js:249)
[11:25:16.34] [ComponentService] <INFO> 正在注册： vd-report-reportmenu.vue文件 (ComponentService.plugin.js:249)
[11:25:16.34] [ComponentService] <INFO> 正在注册： vd-report-reportpage.vue文件 (ComponentService.plugin.js:249)
[11:25:16.35] [ComponentService] <INFO> 正在注册： vd-report-servicelist.vue文件 (ComponentService.plugin.js:249)
[11:25:16.35] [ComponentService] <INFO> 正在注册： vd-system-category.vue文件 (ComponentService.plugin.js:249)
[11:25:16.36] [ComponentService] <INFO> 正在注册： vd-system-location.vue文件 (ComponentService.plugin.js:249)
[11:25:16.36] [ComponentService] <INFO> 正在注册： vd-system-menu.vue文件 (ComponentService.plugin.js:249)
[11:25:16.36] [ComponentService] <INFO> 正在注册： vd-system-role.vue文件 (ComponentService.plugin.js:249)
[11:25:16.37] [ComponentService] <INFO> 正在注册： vd-system-user.vue文件 (ComponentService.plugin.js:249)
[11:25:16.37] [ComponentService] <INFO> 正在注册： vd-system-usergroup.vue文件 (ComponentService.plugin.js:249)
[11:25:16.38] [ComponentService] <INFO> 正在注册： vm-form-activity.vue文件 (ComponentService.plugin.js:249)
[11:25:16.38] [ComponentService] <INFO> 正在注册： vm-form-activityplugin.vue文件 (ComponentService.plugin.js:249)
[11:25:16.39] [ComponentService] <INFO> 正在注册： vm-form-businesstime.vue文件 (ComponentService.plugin.js:249)
[11:25:16.39] [ComponentService] <INFO> 正在注册： vm-form-businesstimeplugin.vue文件 (ComponentService.plugin.js:249)
[11:25:16.40] [ComponentService] <INFO> 正在注册： vm-form-holiday.vue文件 (ComponentService.plugin.js:249)
[11:25:16.40] [ComponentService] <INFO> 正在注册： vm-form-mall.vue文件 (ComponentService.plugin.js:249)
[11:25:16.41] [ComponentService] <INFO> 正在注册： vm-form-mallupdate.vue文件 (ComponentService.plugin.js:249)
[11:25:16.41] [ComponentService] <INFO> 正在注册： vm-form-tag.vue文件 (ComponentService.plugin.js:249)
[11:25:16.42] [ComponentService] <INFO> 正在注册： vm-form-weather.vue文件 (ComponentService.plugin.js:249)
[11:25:16.42] [ComponentService] <INFO> 正在注册： vm-form-zoneupdate.vue文件 (ComponentService.plugin.js:249)
[11:25:16.43] [ComponentService] <INFO> 正在注册： vm-grid-activity.vue文件 (ComponentService.plugin.js:249)
[11:25:16.43] [ComponentService] <INFO> 正在注册： vm-grid-businesstime.vue文件 (ComponentService.plugin.js:249)
[11:25:16.43] [ComponentService] <INFO> 正在注册： vm-grid-historicalcount.vue文件 (ComponentService.plugin.js:249)
[11:25:16.44] [ComponentService] <INFO> 正在注册： vm-grid-historicaldwell.vue文件 (ComponentService.plugin.js:249)
[11:25:16.44] [ComponentService] <INFO> 正在注册： vm-grid-historicalfitting.vue文件 (ComponentService.plugin.js:249)
[11:25:16.45] [ComponentService] <INFO> 正在注册： vm-grid-historicalpassby.vue文件 (ComponentService.plugin.js:249)
[11:25:16.45] [ComponentService] <INFO> 正在注册： vm-grid-historicalsummary.vue文件 (ComponentService.plugin.js:249)
[11:25:16.46] [ComponentService] <INFO> 正在注册： vm-grid-holiday.vue文件 (ComponentService.plugin.js:249)
[11:25:16.46] [ComponentService] <INFO> 正在注册： vm-grid-mall.vue文件 (ComponentService.plugin.js:249)
[11:25:16.46] [ComponentService] <INFO> 正在注册： vm-grid-tag.vue文件 (ComponentService.plugin.js:249)
[11:25:16.47] [ComponentService] <INFO> 正在注册： vm-grid-weather.vue文件 (ComponentService.plugin.js:249)
[11:25:16.47] [ComponentService] <INFO> 正在注册： vm-manager-dataadjustment.vue文件 (ComponentService.plugin.js:249)
[11:25:16.48] [ComponentService] <INFO> 正在注册： vm-manager-datarecovery.vue文件 (ComponentService.plugin.js:249)
[11:25:16.48] [ComponentService] <INFO> 正在注册： vm-manager-datasummary.vue文件 (ComponentService.plugin.js:249)
[11:25:16.49] [ComponentService] <INFO> 正在注册： vm-manager-salesDataMaintenance.vue文件 (ComponentService.plugin.js:249)
[11:25:16.49] [ComponentService] <INFO> 正在注册： vm-report-times.vue文件 (ComponentService.plugin.js:249)
[11:25:16.50] [ComponentService] <INFO> 正在注册： vm-select-devicecode.vue文件 (ComponentService.plugin.js:249)
[11:25:16.50] [ComponentService] <INFO> 正在注册： vm-transfer-tag.vue文件 (ComponentService.plugin.js:249)
[11:25:16.52] [ComponentService] <INFO> 正在注册： vb-layout-footer.vue文件 (ComponentService.plugin.js:249)
[11:25:16.51] [ComponentService] <INFO> 正在注册： vb-layout-content.vue文件 (ComponentService.plugin.js:249)
[11:25:16.53] [ComponentService] <INFO> 正在注册： vb-layout-header.vue文件 (ComponentService.plugin.js:249)
[11:25:16.53] [ComponentService] <INFO> 正在注册： vb-layout-main.vue文件 (ComponentService.plugin.js:249)
[11:25:16.54] [ComponentService] <INFO> 正在注册： vb-layout-pageheader.vue文件 (ComponentService.plugin.js:249)
[11:25:16.55] [ComponentService] <INFO> 正在注册： vb-layout-right.vue文件 (ComponentService.plugin.js:249)
[11:25:16.55] [ComponentService] <INFO> 正在注册： vb-layout-sidemenu.vue文件 (ComponentService.plugin.js:249)
[11:25:16.56] [ComponentService] <INFO> 正在注册： vb-nav-breadcrumb.vue文件 (ComponentService.plugin.js:249)
[11:25:16.56] [ComponentService] <INFO> 正在注册： vb-nav-menu.vue文件 (ComponentService.plugin.js:249)
[11:25:16.57] [ComponentService] <INFO> 正在注册： vp-footer-default.vue文件 (ComponentService.plugin.js:249)
[11:25:16.58] [ComponentService] <INFO> 正在注册： vp-header-default.vue文件 (ComponentService.plugin.js:249)
[11:25:16.59] [ComponentService] <INFO> 正在注册： vp-header-filer.vue文件 (ComponentService.plugin.js:249)
[11:25:16.60] [ComponentService] <INFO> 正在注册： vp-header-nav.vue文件 (ComponentService.plugin.js:249)
[11:25:16.61] [ComponentService] <INFO> 正在注册： vp-main-home-default.vue文件 (ComponentService.plugin.js:249)
[11:25:16.62] [ComponentService] <INFO> 正在注册： vp-main-report-default.vue文件 (ComponentService.plugin.js:249)
[11:25:16.62] [ComponentService] <INFO> 正在注册： vp-nav-homeicon.vue文件 (ComponentService.plugin.js:249)
[11:25:16.63] [ComponentService] <INFO> 正在注册： vp-page-grid.vue文件 (ComponentService.plugin.js:249)
[11:25:16.63] [ComponentService] <INFO> 正在注册： vp-widget-flowdistribution.vue文件 (ComponentService.plugin.js:249)
[11:25:16.64] [ComponentService] <INFO> 正在注册： vp-widget-flowtime.vue文件 (ComponentService.plugin.js:249)
[11:25:16.65] [ComponentService] <INFO> 正在注册： vp-widget-home-chart.vue文件 (ComponentService.plugin.js:249)
[11:25:16.66] [ComponentService] <INFO> 正在注册： vp-widget-home-data.vue文件 (ComponentService.plugin.js:249)
[11:25:16.68] [ComponentService] <INFO> 正在注册： vp-widget-home-ranking.vue文件 (ComponentService.plugin.js:249)
[11:25:16.70] [ComponentService] <INFO> 正在注册： vp-widget-report-compare.vue文件 (ComponentService.plugin.js:249)
[11:25:16.72] [ComponentService] <INFO> 正在注册： vp-widget-time-selection.vue文件 (ComponentService.plugin.js:249)
[11:25:16.73] [ComponentService] <INFO> 正在注册： vm-form-componentslist.vue文件 (ComponentService.plugin.js:249)
[11:25:16.74] [ComponentService] <INFO> 正在注册： vm-form-menu.vue文件 (ComponentService.plugin.js:249)
[11:25:16.75] [ComponentService] <INFO> 正在注册： vm-form-menuplugin.vue文件 (ComponentService.plugin.js:249)
[11:25:16.73] [ComponentService] <INFO> 正在注册： vm-form-category.vue文件 (ComponentService.plugin.js:249)
[11:25:16.75] [ComponentService] <INFO> 正在注册： vm-form-role.vue文件 (ComponentService.plugin.js:249)
[11:25:16.76] [ComponentService] <INFO> 正在注册： vm-form-roleplugin.vue文件 (ComponentService.plugin.js:249)
[11:25:16.76] [ComponentService] <INFO> 正在注册： vm-form-servicelist.vue文件 (ComponentService.plugin.js:249)
[11:25:16.77] [ComponentService] <INFO> 正在注册： vm-form-usergroup.vue文件 (ComponentService.plugin.js:249)
[11:25:16.78] [ComponentService] <INFO> 正在注册： vm-form-usergroupplugin.vue文件 (ComponentService.plugin.js:249)
[11:25:16.79] [ComponentService] <INFO> 正在注册： vm-form-usergroupreportpage.vue文件 (ComponentService.plugin.js:249)
[11:25:16.77] [ComponentService] <INFO> 正在注册： vm-form-user.vue文件 (ComponentService.plugin.js:249)
[11:25:16.79] [ComponentService] <INFO> 正在注册： vm-form-usergroupzone.vue文件 (ComponentService.plugin.js:249)
[11:25:16.80] [ComponentService] <INFO> 正在注册： vm-form-userplugin.vue文件 (ComponentService.plugin.js:249)
[11:25:16.81] [ComponentService] <INFO> 正在注册： vm-grid-category.vue文件 (ComponentService.plugin.js:249)
[11:25:16.82] [ComponentService] <INFO> 正在注册： vm-grid-menu.vue文件 (ComponentService.plugin.js:249)
[11:25:16.82] [ComponentService] <INFO> 正在注册： vm-grid-role.vue文件 (ComponentService.plugin.js:249)
[11:25:16.83] [ComponentService] <INFO> 正在注册： vm-grid-servicelist.vue文件 (ComponentService.plugin.js:249)
[11:25:16.81] [ComponentService] <INFO> 正在注册： vm-grid-componentslist.vue文件 (ComponentService.plugin.js:249)
[11:25:16.83] [ComponentService] <INFO> 正在注册： vm-grid-user.vue文件 (ComponentService.plugin.js:249)
[11:25:16.84] [ComponentService] <INFO> 正在注册： vm-grid-usergroup.vue文件 (ComponentService.plugin.js:249)
[11:25:16.84] [ComponentService] <INFO> 正在注册： vm-nav-menu.vue文件 (ComponentService.plugin.js:249)
[11:25:16.85] [ComponentService] <INFO> 正在注册： vm-select-role.vue文件 (ComponentService.plugin.js:249)
[11:25:16.85] [ComponentService] <INFO> 正在注册： vm-select-usergroup.vue文件 (ComponentService.plugin.js:249)
[11:25:16.85] [ComponentService] <INFO> 正在注册： vm-tree-category.vue文件 (ComponentService.plugin.js:249)
[11:25:16.86] [ComponentService] <INFO> 正在注册： vm-tree-menu.vue文件 (ComponentService.plugin.js:249)
[11:25:16.87] [ComponentService] <INFO> 正在注册： vm-tree-role.vue文件 (ComponentService.plugin.js:249)
[11:25:16.90] [ComponentService] <INFO> 正在注册： vm-form-company.vue文件 (ComponentService.plugin.js:249)
[11:25:16.91] [ComponentService] <INFO> 正在注册： vm-form-companyindex.vue文件 (ComponentService.plugin.js:249)
[11:25:16.91] [ComponentService] <INFO> 正在注册： vm-form-companyplugin.vue文件 (ComponentService.plugin.js:249)
[11:25:16.92] [ComponentService] <INFO> 正在注册： vm-grid-company.vue文件 (ComponentService.plugin.js:249)
[11:25:16.92] [ComponentService] <INFO> 正在注册： vm-transfer-chartoption.vue文件 (ComponentService.plugin.js:249)
[11:25:16.93] [ComponentService] <INFO> 正在注册： vm-transfer-indexoption.vue文件 (ComponentService.plugin.js:249)
[11:25:16.94] [ComponentService] <INFO> 正在注册： vm-form-device.vue文件 (ComponentService.plugin.js:249)
[11:25:16.94] [ComponentService] <INFO> 正在注册： vm-form-devicezone.vue文件 (ComponentService.plugin.js:249)
[11:25:16.95] [ComponentService] <INFO> 正在注册： vm-form-subsetzone.vue文件 (ComponentService.plugin.js:249)
[11:25:16.95] [ComponentService] <INFO> 正在注册： vm-grid-device.vue文件 (ComponentService.plugin.js:249)
[11:25:16.96] [ComponentService] <INFO> 正在注册： vm-grid-devicezone.vue文件 (ComponentService.plugin.js:249)
[11:25:16.96] [ComponentService] <INFO> 正在注册： vm-select-devicetype.vue文件 (ComponentService.plugin.js:249)
[11:25:16.98] [ComponentService] <INFO> 正在注册： vm-subset-devicezone.vue文件 (ComponentService.plugin.js:249)
[11:25:16.98] [ComponentService] <INFO> 正在注册： vm-grid-devicezonestatus.vue文件 (ComponentService.plugin.js:249)
[11:25:16.99] [ComponentService] <INFO> 正在注册： vd-company-physicallinkeddevice.vue文件 (ComponentService.plugin.js:249)
[11:25:16.99] [ComponentService] <INFO> 正在注册： vd-company-physicalunlinkeddevice.vue文件 (ComponentService.plugin.js:249)
[11:25:16.100] [ComponentService] <INFO> 正在注册： vm-grid-linkeddevicezone.vue文件 (ComponentService.plugin.js:249)
[11:25:17.00] [ComponentService] <INFO> 正在注册： vm-grid-unlinkeddevicezone.vue文件 (ComponentService.plugin.js:249)
[11:25:17.01] [ComponentService] <INFO> 正在注册： vm-select-company.vue文件 (ComponentService.plugin.js:249)
[11:25:17.01] [ComponentService] <INFO> 正在注册： vm-scope-physicalzone.vue文件 (ComponentService.plugin.js:249)
[11:25:17.02] [ComponentService] <INFO> 正在注册： vm-select-mall.vue文件 (ComponentService.plugin.js:249)
[11:25:17.02] [ComponentService] <INFO> 正在注册： vm-select-physicalzone.vue文件 (ComponentService.plugin.js:249)
[11:25:17.03] [ComponentService] <INFO> 正在注册： vb-form-location.vue文件 (ComponentService.plugin.js:249)
[11:25:17.03] [ComponentService] <INFO> 正在注册： vm-form-location.vue文件 (ComponentService.plugin.js:249)
[11:25:17.04] [ComponentService] <INFO> 正在注册： vm-grid-location.vue文件 (ComponentService.plugin.js:249)
[11:25:17.04] [ComponentService] <INFO> 正在注册： vm-tree-location.vue文件 (ComponentService.plugin.js:249)
[11:25:17.04] [ComponentService] <INFO> 正在注册： vm-cascader-city.vue文件 (ComponentService.plugin.js:249)
[11:25:17.05] [ComponentService] <INFO> 正在注册： vm-form-mall.vue文件 (ComponentService.plugin.js:249)
[11:25:17.06] [ComponentService] <INFO> 正在注册： vm-grid-mall.vue文件 (ComponentService.plugin.js:249)
[11:25:17.06] [ComponentService] <INFO> 正在注册： vm-grid-domaintable.vue文件 (ComponentService.plugin.js:249)
[11:25:17.07] [ComponentService] <INFO> 正在注册： vm-grid-kpitable.vue文件 (ComponentService.plugin.js:249)
[11:25:29.91] [ServiceLoader] <INFO> 注册服务ComponentService 成功！ (ServiceLoader.js:69)
[11:25:29.92] [ServiceLoader] <INFO> 注册服务PageService 成功！ (ServiceLoader.js:69)
[11:25:40.91] [ServiceLoader] <ERROR> ServiceLoader http://192.168.10.234:9109/ApiService.html?op=register connected err:  (ServiceLoader.js:204)
[11:25:40.91] [ServiceLoader] <ERROR> ServiceLoader { Error: connect ETIMEDOUT 192.168.10.234:9109
    at Object._errnoException (util.js:1022:11)
    at _exceptionWithHostPort (util.js:1044:20)
    at TCPConnectWrap.afterConnect [as oncomplete] (net.js:1182:14)
  code: 'ETIMEDOUT',
  errno: 'ETIMEDOUT',
  syscall: 'connect',
  address: '192.168.10.234',
  port: 9109 } (ServiceLoader.js:205)
[11:25:40.91] [ServiceLoader] <ERROR> 注册服务ComponentService 时失败：Error: connect ETIMEDOUT 192.168.10.234:9109 (ServiceLoader.js:66)
[11:25:40.92] [ServiceLoader] <ERROR> ServiceLoader http://192.168.10.234:9109/ApiService.html?op=register connected err:  (ServiceLoader.js:204)
[11:25:40.92] [ServiceLoader] <ERROR> ServiceLoader { Error: connect ETIMEDOUT 192.168.10.234:9109
    at Object._errnoException (util.js:1022:11)
    at _exceptionWithHostPort (util.js:1044:20)
    at TCPConnectWrap.afterConnect [as oncomplete] (net.js:1182:14)
  code: 'ETIMEDOUT',
  errno: 'ETIMEDOUT',
  syscall: 'connect',
  address: '192.168.10.234',
  port: 9109 } (ServiceLoader.js:205)
[11:25:40.92] [ServiceLoader] <ERROR> 注册服务PageService 时失败：Error: connect ETIMEDOUT 192.168.10.234:9109 (ServiceLoader.js:66)
[11:25:49.91] [ServiceLoader] <INFO> 注册服务ComponentService 成功！ (ServiceLoader.js:69)
[11:25:49.91] [ServiceLoader] <INFO> 注册服务PageService 成功！ (ServiceLoader.js:69)
[11:26:02.13] [App] <ERROR> 404: Not Found ... /favicon.ico (app.js:100)
[11:26:02.33] [App] <ERROR> 404: Not Found ... /undefined (app.js:100)
