[17:00:03.08] [ComponentService] <INFO> 正在注册： vm-grid-kpitable.vue文件 (ComponentService.plugin.js:249)
[17:00:03.28] [ComponentService] <INFO> 正在注册： vm-grid-kpitable.vue文件 (ComponentService.plugin.js:249)
[17:00:03.48] [ComponentService] <INFO> 正在注册： vm-grid-kpitable.vue文件 (ComponentService.plugin.js:249)
[17:00:06.65] [App] <ERROR> 404: Not Found ... /scripts/plugins/underscore-min.map (app.js:100)
[17:00:35.24] [ComponentService] <INFO> 正在注册： vm-grid-kpitable.vue文件 (ComponentService.plugin.js:249)
[17:00:37.25] [App] <ERROR> 404: Not Found ... /scripts/plugins/underscore-min.map (app.js:100)
[17:01:04.91] [ComponentService] <INFO> 正在注册： vm-grid-kpitable.vue文件 (ComponentService.plugin.js:249)
[17:01:43.54] [ComponentService] <INFO> 正在注册： vm-grid-kpitable.vue文件 (ComponentService.plugin.js:249)
[17:01:43.76] [ComponentService] <INFO> 正在注册： vm-grid-kpitable.vue文件 (ComponentService.plugin.js:249)
[17:01:44.34] [ComponentService] <INFO> 正在注册： vm-grid-kpitable.vue文件 (ComponentService.plugin.js:249)
[17:09:57.05] [ComponentService] <INFO> 正在注册： vm-grid-kpitable.vue文件 (ComponentService.plugin.js:249)
[17:10:02.48] [ComponentService] <INFO> 正在注册： vm-grid-kpitable.vue文件 (ComponentService.plugin.js:249)
[17:10:07.69] [ComponentService] <INFO> 正在注册： vm-grid-kpitable.vue文件 (ComponentService.plugin.js:249)
[17:12:56.07] [ComponentService] <INFO> 正在注册： vm-grid-kpitable.vue文件 (ComponentService.plugin.js:249)
[17:12:59.08] [ComponentService] <INFO> 正在注册： vm-grid-kpitable.vue文件 (ComponentService.plugin.js:249)
[17:13:01.49] [ComponentService] <INFO> 正在注册： vm-grid-kpitable.vue文件 (ComponentService.plugin.js:249)
[17:13:01.69] [ComponentService] <INFO> 正在注册： vm-grid-kpitable.vue文件 (ComponentService.plugin.js:249)
[17:13:01.89] [ComponentService] <INFO> 正在注册： vm-grid-kpitable.vue文件 (ComponentService.plugin.js:249)
[17:13:18.30] [ComponentService] <INFO> 正在注册： vm-grid-kpitable.vue文件 (ComponentService.plugin.js:249)
[17:13:26.70] [ComponentService] <INFO> 正在注册： vm-grid-kpitable.vue文件 (ComponentService.plugin.js:249)
[17:13:28.91] [ComponentService] <INFO> 正在注册： vm-grid-kpitable.vue文件 (ComponentService.plugin.js:249)
[17:13:43.27] [App] <ERROR> 404: Not Found ... /scripts/plugins/underscore-min.map (app.js:100)
[17:14:32.86] [ComponentService] <INFO> 正在注册： vm-grid-kpitable.vue文件 (ComponentService.plugin.js:249)
[17:14:36.41] [App] <ERROR> 404: Not Found ... /scripts/plugins/underscore-min.map (app.js:100)
[17:15:30.61] [ComponentService] <INFO> 正在注册： vm-grid-kpitable.vue文件 (ComponentService.plugin.js:249)
[17:15:39.41] [ComponentService] <INFO> 正在注册： vm-grid-kpitable.vue文件 (ComponentService.plugin.js:249)
[17:15:42.21] [ComponentService] <INFO> 正在注册： vm-grid-kpitable.vue文件 (ComponentService.plugin.js:249)
[17:15:42.41] [ComponentService] <INFO> 正在注册： vm-grid-kpitable.vue文件 (ComponentService.plugin.js:249)
[17:15:42.61] [ComponentService] <INFO> 正在注册： vm-grid-kpitable.vue文件 (ComponentService.plugin.js:249)
[17:15:42.81] [ComponentService] <INFO> 正在注册： vm-grid-kpitable.vue文件 (ComponentService.plugin.js:249)
[17:15:43.81] [ComponentService] <INFO> 正在注册： vm-grid-kpitable.vue文件 (ComponentService.plugin.js:249)
[17:15:46.79] [App] <ERROR> 404: Not Found ... /scripts/plugins/underscore-min.map (app.js:100)
[17:26:23.79] [App] <ERROR> 404: Not Found ... /scripts/plugins/underscore-min.map (app.js:100)
[17:26:56.26] [ComponentService] <INFO> 正在注册： vm-grid-kpitable.vue文件 (ComponentService.plugin.js:249)
[17:26:58.86] [App] <ERROR> 404: Not Found ... /scripts/plugins/underscore-min.map (app.js:100)
[17:27:07.68] [ComponentService] <INFO> 正在注册： vm-grid-kpitable.vue文件 (ComponentService.plugin.js:249)
[17:27:29.10] [ComponentService] <INFO> 正在注册： vm-grid-kpitable.vue文件 (ComponentService.plugin.js:249)
[17:27:31.38] [App] <ERROR> 404: Not Found ... /scripts/plugins/underscore-min.map (app.js:100)
[17:27:40.77] [ComponentService] <INFO> 正在注册： vm-grid-kpitable.vue文件 (ComponentService.plugin.js:249)
[17:27:41.76] [ComponentService] <INFO> 正在注册： vm-grid-kpitable.vue文件 (ComponentService.plugin.js:249)
[17:27:44.11] [App] <ERROR> 404: Not Found ... /scripts/plugins/underscore-min.map (app.js:100)
[17:27:52.16] [ComponentService] <INFO> 正在注册： vm-grid-kpitable.vue文件 (ComponentService.plugin.js:249)
[17:27:53.86] [App] <ERROR> 404: Not Found ... /scripts/plugins/underscore-min.map (app.js:100)
[17:28:12.11] [ComponentService] <INFO> 正在注册： vm-grid-kpitable.vue文件 (ComponentService.plugin.js:249)
[17:28:43.35] [ComponentService] <INFO> 正在注册： vm-grid-kpitable.vue文件 (ComponentService.plugin.js:249)
[17:51:07.32] [App] <ERROR> 404: Not Found ... /scripts/plugins/underscore-min.map (app.js:100)
[17:51:54.81] [App] <ERROR> 404: Not Found ... /scripts/plugins/underscore-min.map (app.js:100)
[17:52:04.40] [App] <ERROR> 404: Not Found ... /scripts/plugins/underscore-min.map (app.js:100)
[17:56:59.61] [App] <ERROR> 404: Not Found ... /scripts/plugins/underscore-min.map (app.js:100)
[17:57:25.37] [App] <ERROR> 404: Not Found ... /scripts/plugins/underscore-min.map (app.js:100)
[17:58:08.85] [ComponentService] <INFO> 正在注册： vm-grid-kpitable.vue文件 (ComponentService.plugin.js:249)
[17:58:14.65] [ComponentService] <INFO> 正在注册： vm-grid-kpitable.vue文件 (ComponentService.plugin.js:249)
[17:58:17.64] [ComponentService] <INFO> 正在注册： vm-grid-kpitable.vue文件 (ComponentService.plugin.js:249)
[17:58:19.64] [ComponentService] <INFO> 正在注册： vm-grid-kpitable.vue文件 (ComponentService.plugin.js:249)
[17:58:36.47] [ComponentService] <INFO> 正在注册： vm-grid-kpitable.vue文件 (ComponentService.plugin.js:249)
[17:58:39.84] [App] <ERROR> 404: Not Found ... /scripts/plugins/underscore-min.map (app.js:100)
[17:59:02.38] [ServiceLoader] <ERROR> ServiceLoader http://192.168.10.68:9209/ApiService.html?op=run connected err:  (ServiceLoader.js:204)
[17:59:02.39] [ServiceLoader] <ERROR> ServiceLoader { Error: socket hang up
    at createHangUpError (_http_client.js:331:15)
    at Socket.socketOnEnd (_http_client.js:423:23)
    at emitNone (events.js:111:20)
    at Socket.emit (events.js:208:7)
    at endReadableNT (_stream_readable.js:1055:12)
    at _combinedTickCallback (internal/process/next_tick.js:138:11)
    at process._tickCallback (internal/process/next_tick.js:180:9) code: 'ECONNRESET' } (ServiceLoader.js:205)
