[18:00:49.50] [ServiceLoader] <ERROR> ServiceLoader http://192.168.10.68:9209/ApiService.html?op=run connected err:  (ServiceLoader.js:204)
[18:00:49.51] [ServiceLoader] <ERROR> ServiceLoader { Error: socket hang up
    at createHangUpError (_http_client.js:331:15)
    at Socket.socketOnEnd (_http_client.js:423:23)
    at emitNone (events.js:111:20)
    at Socket.emit (events.js:208:7)
    at endReadableNT (_stream_readable.js:1055:12)
    at _combinedTickCallback (internal/process/next_tick.js:138:11)
    at process._tickCallback (internal/process/next_tick.js:180:9) code: 'ECONNRESET' } (ServiceLoader.js:205)
[18:01:35.46] [ComponentService] <INFO> 正在注册： vm-grid-kpitable.vue文件 (ComponentService.plugin.js:249)
[18:01:55.49] [ComponentService] <INFO> 正在注册： vm-grid-kpitable.vue文件 (ComponentService.plugin.js:249)
[18:01:59.29] [ComponentService] <INFO> 正在注册： vm-grid-kpitable.vue文件 (ComponentService.plugin.js:249)
[18:02:04.64] [App] <ERROR> 404: Not Found ... /scripts/plugins/underscore-min.map (app.js:100)
[18:02:33.76] [ComponentService] <INFO> 正在注册： vm-grid-kpitable.vue文件 (ComponentService.plugin.js:249)
[18:02:34.54] [ComponentService] <INFO> 正在注册： vm-grid-kpitable.vue文件 (ComponentService.plugin.js:249)
[18:02:37.96] [ComponentService] <INFO> 正在注册： vm-grid-kpitable.vue文件 (ComponentService.plugin.js:249)
[18:02:41.74] [ComponentService] <INFO> 正在注册： vm-grid-kpitable.vue文件 (ComponentService.plugin.js:249)
[18:02:44.32] [App] <ERROR> 404: Not Found ... /scripts/plugins/underscore-min.map (app.js:100)
[18:02:49.48] [ServiceLoader] <ERROR> ServiceLoader http://192.168.10.68:9209/ApiService.html?op=run connected err:  (ServiceLoader.js:204)
[18:02:49.48] [ServiceLoader] <ERROR> ServiceLoader { Error: socket hang up
    at createHangUpError (_http_client.js:331:15)
    at Socket.socketOnEnd (_http_client.js:423:23)
    at emitNone (events.js:111:20)
    at Socket.emit (events.js:208:7)
    at endReadableNT (_stream_readable.js:1055:12)
    at _combinedTickCallback (internal/process/next_tick.js:138:11)
    at process._tickCallback (internal/process/next_tick.js:180:9) code: 'ECONNRESET' } (ServiceLoader.js:205)
[18:03:25.20] [ComponentService] <INFO> 正在注册： vm-grid-kpitable.vue文件 (ComponentService.plugin.js:249)
[18:03:27.40] [ComponentService] <INFO> 正在注册： vm-grid-kpitable.vue文件 (ComponentService.plugin.js:249)
[18:03:47.06] [App] <ERROR> 404: Not Found ... /scripts/plugins/underscore-min.map (app.js:100)
[18:03:55.48] [App] <ERROR> 404: Not Found ... /scripts/plugins/underscore-min.map (app.js:100)
[18:04:07.22] [ServiceLoader] <ERROR> ServiceLoader http://192.168.10.68:9209/ApiService.html?op=run connected err:  (ServiceLoader.js:204)
[18:04:07.22] [ServiceLoader] <ERROR> ServiceLoader { Error: socket hang up
    at createHangUpError (_http_client.js:331:15)
    at Socket.socketOnEnd (_http_client.js:423:23)
    at emitNone (events.js:111:20)
    at Socket.emit (events.js:208:7)
    at endReadableNT (_stream_readable.js:1055:12)
    at _combinedTickCallback (internal/process/next_tick.js:138:11)
    at process._tickCallback (internal/process/next_tick.js:180:9) code: 'ECONNRESET' } (ServiceLoader.js:205)
[18:04:15.39] [ComponentService] <INFO> 正在注册： vm-grid-kpitable.vue文件 (ComponentService.plugin.js:249)
[18:04:18.21] [App] <ERROR> 404: Not Found ... /scripts/plugins/underscore-min.map (app.js:100)
[18:04:29.31] [ComponentService] <INFO> 正在注册： vm-grid-kpitable.vue文件 (ComponentService.plugin.js:249)
[18:04:32.51] [ComponentService] <INFO> 正在注册： vm-grid-kpitable.vue文件 (ComponentService.plugin.js:249)
[18:04:37.53] [App] <ERROR> 404: Not Found ... /scripts/plugins/underscore-min.map (app.js:100)
[18:04:46.72] [ServiceLoader] <ERROR> ServiceLoader http://192.168.10.68:9209/ApiService.html?op=run connected err:  (ServiceLoader.js:204)
[18:04:46.73] [ServiceLoader] <ERROR> ServiceLoader { Error: socket hang up
    at createHangUpError (_http_client.js:331:15)
    at Socket.socketOnEnd (_http_client.js:423:23)
    at emitNone (events.js:111:20)
    at Socket.emit (events.js:208:7)
    at endReadableNT (_stream_readable.js:1055:12)
    at _combinedTickCallback (internal/process/next_tick.js:138:11)
    at process._tickCallback (internal/process/next_tick.js:180:9) code: 'ECONNRESET' } (ServiceLoader.js:205)
