[16:19:10.90] [PageService] <ERROR> SyntaxError: Unexpected identifier
    at loadComponent (C:\Users\INTFORCE170914-1\Documents\项目开发\智慧商业4.0\00_组件开发环境\plugins\ComponentService\PageService.plugin.js:172:55)
    at loadTags (C:\Users\INTFORCE170914-1\Documents\项目开发\智慧商业4.0\00_组件开发环境\plugins\ComponentService\PageService.plugin.js:126:19)
    at iService.op_loadTags (C:\Users\INTFORCE170914-1\Documents\项目开发\智慧商业4.0\00_组件开发环境\plugins\ComponentService\PageService.plugin.js:102:7)
    at async.auto.RunService (C:\Users\INTFORCE170914-1\Documents\项目开发\智慧商业4.0\00_组件开发环境\plugins\ServiceLoader.js:126:56)
    at runTask (C:\Users\INTFORCE170914-1\Documents\项目开发\智慧商业4.0\00_组件开发环境\node_modules\async\dist\async.js:1632:13)
    at C:\Users\INTFORCE170914-1\Documents\项目开发\智慧商业4.0\00_组件开发环境\node_modules\async\dist\async.js:1572:13
    at processQueue (C:\Users\INTFORCE170914-1\Documents\项目开发\智慧商业4.0\00_组件开发环境\node_modules\async\dist\async.js:1582:13)
    at taskComplete (C:\Users\INTFORCE170914-1\Documents\项目开发\智慧商业4.0\00_组件开发环境\node_modules\async\dist\async.js:1601:9)
    at C:\Users\INTFORCE170914-1\Documents\项目开发\智慧商业4.0\00_组件开发环境\node_modules\async\dist\async.js:1625:17
    at C:\Users\INTFORCE170914-1\Documents\项目开发\智慧商业4.0\00_组件开发环境\node_modules\async\dist\async.js:969:16 (PageService.plugin.js:182)
[16:19:10.91] [PageService] <ERROR> {return key in obj?Object.defineProperty(obj,key,{value:value,enumerable:!0,configurable:!0,writable:!0}):obj[key]=value,obj}Vue.component("vm-form-devicezone",{data:function(){var _FormData;return{FormData:(_FormData={Id:null,Enabled:1,MallId:null,MallName:null,DeviceCode:null,IPAddress:null,Location:null,DeviceType:null},_defineProperty(_FormData,"Location",null),_defineProperty(_FormData,"RemoteCode",null),_defineProperty(_FormData,"DataClass",null),_defineProperty(_FormData,"Vendor",null),_defineProperty(_FormData,"CompanyId",null),_defineProperty(_FormData,"CompanyName",null),_defineProperty(_FormData,"DeviceZones",null),_defineProperty(_FormData,"HostDeviceId",null),_FormData),Rules:{CompanyId:{required:!0},MallId:{required:!0},DeviceCode:{required:!0},IPAddress:{required:!0},DeviceType:{required:!0},Location:{required:!0},RemoteCode:{required:!0},DataClass:{required:!0}}}},created:function(){var me=this;this.$Bus.$on("DeviceZoneForm.Visible",function(data){console.log("fromdata"),console.log(data),me.FormData.DeviceCode=data.DeviceCode,me.FormData.Vendor=data.Vendor,me.FormData.DeviceZones=data.DeviceZones,me.FormData.Id=data.Id})},methods:{Close:function(){this.Visible=!1,this.$Bus.$emit("DeviceZoneClear.Form")},Save:function(){this.FormData.DeviceZoneCode=this.FormData.DeviceCode+"#"+this.FormData.Vendor,this.$Bus.$emit("DeviceZoneSave.Grid",this.FormData)}},mixins:["defaultBusinessForm"]} (PageService.plugin.js:183)
[16:20:33.46] [PageService] <ERROR> SyntaxError: Unexpected identifier
    at loadComponent (C:\Users\INTFORCE170914-1\Documents\项目开发\智慧商业4.0\00_组件开发环境\plugins\ComponentService\PageService.plugin.js:172:55)
    at loadTags (C:\Users\INTFORCE170914-1\Documents\项目开发\智慧商业4.0\00_组件开发环境\plugins\ComponentService\PageService.plugin.js:126:19)
    at iService.op_loadTags (C:\Users\INTFORCE170914-1\Documents\项目开发\智慧商业4.0\00_组件开发环境\plugins\ComponentService\PageService.plugin.js:102:7)
    at async.auto.RunService (C:\Users\INTFORCE170914-1\Documents\项目开发\智慧商业4.0\00_组件开发环境\plugins\ServiceLoader.js:126:56)
    at runTask (C:\Users\INTFORCE170914-1\Documents\项目开发\智慧商业4.0\00_组件开发环境\node_modules\async\dist\async.js:1632:13)
    at C:\Users\INTFORCE170914-1\Documents\项目开发\智慧商业4.0\00_组件开发环境\node_modules\async\dist\async.js:1572:13
    at processQueue (C:\Users\INTFORCE170914-1\Documents\项目开发\智慧商业4.0\00_组件开发环境\node_modules\async\dist\async.js:1582:13)
    at taskComplete (C:\Users\INTFORCE170914-1\Documents\项目开发\智慧商业4.0\00_组件开发环境\node_modules\async\dist\async.js:1601:9)
    at C:\Users\INTFORCE170914-1\Documents\项目开发\智慧商业4.0\00_组件开发环境\node_modules\async\dist\async.js:1625:17
    at C:\Users\INTFORCE170914-1\Documents\项目开发\智慧商业4.0\00_组件开发环境\node_modules\async\dist\async.js:969:16 (PageService.plugin.js:182)
[16:20:33.46] [PageService] <ERROR> {return key in obj?Object.defineProperty(obj,key,{value:value,enumerable:!0,configurable:!0,writable:!0}):obj[key]=value,obj}Vue.component("vm-form-devicezone",{data:function(){var _FormData;return{FormData:(_FormData={Id:null,Enabled:1,MallId:null,MallName:null,DeviceCode:null,IPAddress:null,Location:null,DeviceType:null},_defineProperty(_FormData,"Location",null),_defineProperty(_FormData,"RemoteCode",null),_defineProperty(_FormData,"DataClass",null),_defineProperty(_FormData,"Vendor",null),_defineProperty(_FormData,"CompanyId",null),_defineProperty(_FormData,"CompanyName",null),_defineProperty(_FormData,"DeviceZones",null),_defineProperty(_FormData,"HostDeviceId",null),_FormData),Rules:{CompanyId:{required:!0},MallId:{required:!0},DeviceCode:{required:!0},IPAddress:{required:!0},DeviceType:{required:!0},Location:{required:!0},RemoteCode:{required:!0},DataClass:{required:!0}}}},created:function(){var me=this;this.$Bus.$on("DeviceZoneForm.Visible",function(data){console.log("fromdata"),console.log(data),me.FormData.DeviceCode=data.DeviceCode,me.FormData.Vendor=data.Vendor,me.FormData.DeviceZones=data.DeviceZones,me.FormData.Id=data.Id})},methods:{Close:function(){this.Visible=!1,this.$Bus.$emit("DeviceZoneClear.Form")},Save:function(){this.FormData.DeviceZoneCode=this.FormData.DeviceCode+"#"+this.FormData.Vendor,this.$Bus.$emit("DeviceZoneSave.Grid",this.FormData)}},mixins:["defaultBusinessForm"]} (PageService.plugin.js:183)
[16:21:48.34] [PageService] <ERROR> SyntaxError: Unexpected identifier
    at loadComponent (C:\Users\INTFORCE170914-1\Documents\项目开发\智慧商业4.0\00_组件开发环境\plugins\ComponentService\PageService.plugin.js:172:55)
    at loadTags (C:\Users\INTFORCE170914-1\Documents\项目开发\智慧商业4.0\00_组件开发环境\plugins\ComponentService\PageService.plugin.js:126:19)
    at iService.op_loadTags (C:\Users\INTFORCE170914-1\Documents\项目开发\智慧商业4.0\00_组件开发环境\plugins\ComponentService\PageService.plugin.js:102:7)
    at async.auto.RunService (C:\Users\INTFORCE170914-1\Documents\项目开发\智慧商业4.0\00_组件开发环境\plugins\ServiceLoader.js:126:56)
    at runTask (C:\Users\INTFORCE170914-1\Documents\项目开发\智慧商业4.0\00_组件开发环境\node_modules\async\dist\async.js:1632:13)
    at C:\Users\INTFORCE170914-1\Documents\项目开发\智慧商业4.0\00_组件开发环境\node_modules\async\dist\async.js:1572:13
    at processQueue (C:\Users\INTFORCE170914-1\Documents\项目开发\智慧商业4.0\00_组件开发环境\node_modules\async\dist\async.js:1582:13)
    at taskComplete (C:\Users\INTFORCE170914-1\Documents\项目开发\智慧商业4.0\00_组件开发环境\node_modules\async\dist\async.js:1601:9)
    at C:\Users\INTFORCE170914-1\Documents\项目开发\智慧商业4.0\00_组件开发环境\node_modules\async\dist\async.js:1625:17
    at C:\Users\INTFORCE170914-1\Documents\项目开发\智慧商业4.0\00_组件开发环境\node_modules\async\dist\async.js:969:16 (PageService.plugin.js:182)
[16:21:48.34] [PageService] <ERROR> {return key in obj?Object.defineProperty(obj,key,{value:value,enumerable:!0,configurable:!0,writable:!0}):obj[key]=value,obj}Vue.component("vm-form-devicezone",{data:function(){var _FormData;return{FormData:(_FormData={Id:null,Enabled:1,MallId:null,MallName:null,DeviceCode:null,IPAddress:null,Location:null,DeviceType:null},_defineProperty(_FormData,"Location",null),_defineProperty(_FormData,"RemoteCode",null),_defineProperty(_FormData,"DataClass",null),_defineProperty(_FormData,"Vendor",null),_defineProperty(_FormData,"CompanyId",null),_defineProperty(_FormData,"CompanyName",null),_defineProperty(_FormData,"DeviceZones",null),_defineProperty(_FormData,"HostDeviceId",null),_FormData),Rules:{CompanyId:{required:!0},MallId:{required:!0},DeviceCode:{required:!0},IPAddress:{required:!0},DeviceType:{required:!0},Location:{required:!0},RemoteCode:{required:!0},DataClass:{required:!0}}}},created:function(){var me=this;this.$Bus.$on("DeviceZoneForm.Visible",function(data){console.log("fromdata"),console.log(data),me.FormData.DeviceCode=data.DeviceCode,me.FormData.Vendor=data.Vendor,me.FormData.DeviceZones=data.DeviceZones,me.FormData.Id=data.Id})},methods:{Close:function(){this.Visible=!1,this.$Bus.$emit("DeviceZoneClear.Form")},Save:function(){this.FormData.DeviceZoneCode=this.FormData.DeviceCode+"#"+this.FormData.Vendor,this.$Bus.$emit("DeviceZoneSave.Grid",this.FormData)}},mixins:["defaultBusinessForm"]} (PageService.plugin.js:183)
[16:23:10.47] [PageService] <ERROR> SyntaxError: Unexpected identifier
    at loadComponent (C:\Users\INTFORCE170914-1\Documents\项目开发\智慧商业4.0\00_组件开发环境\plugins\ComponentService\PageService.plugin.js:172:55)
    at loadTags (C:\Users\INTFORCE170914-1\Documents\项目开发\智慧商业4.0\00_组件开发环境\plugins\ComponentService\PageService.plugin.js:126:19)
    at iService.op_loadTags (C:\Users\INTFORCE170914-1\Documents\项目开发\智慧商业4.0\00_组件开发环境\plugins\ComponentService\PageService.plugin.js:102:7)
    at async.auto.RunService (C:\Users\INTFORCE170914-1\Documents\项目开发\智慧商业4.0\00_组件开发环境\plugins\ServiceLoader.js:126:56)
    at runTask (C:\Users\INTFORCE170914-1\Documents\项目开发\智慧商业4.0\00_组件开发环境\node_modules\async\dist\async.js:1632:13)
    at C:\Users\INTFORCE170914-1\Documents\项目开发\智慧商业4.0\00_组件开发环境\node_modules\async\dist\async.js:1572:13
    at processQueue (C:\Users\INTFORCE170914-1\Documents\项目开发\智慧商业4.0\00_组件开发环境\node_modules\async\dist\async.js:1582:13)
    at taskComplete (C:\Users\INTFORCE170914-1\Documents\项目开发\智慧商业4.0\00_组件开发环境\node_modules\async\dist\async.js:1601:9)
    at C:\Users\INTFORCE170914-1\Documents\项目开发\智慧商业4.0\00_组件开发环境\node_modules\async\dist\async.js:1625:17
    at C:\Users\INTFORCE170914-1\Documents\项目开发\智慧商业4.0\00_组件开发环境\node_modules\async\dist\async.js:969:16 (PageService.plugin.js:182)
[16:23:10.48] [PageService] <ERROR> {return key in obj?Object.defineProperty(obj,key,{value:value,enumerable:!0,configurable:!0,writable:!0}):obj[key]=value,obj}Vue.component("vm-form-device",{data:function(){var _FormData;return{FormData:(_FormData={Id:null,Enabled:1,MallId:null,MallName:null,DeviceCode:null,IPAddress:null,Location:null,DeviceType:null},_defineProperty(_FormData,"Location",null),_defineProperty(_FormData,"RemoteCode",null),_defineProperty(_FormData,"DataClass",null),_defineProperty(_FormData,"Vendor",null),_defineProperty(_FormData,"CompanyId",null),_defineProperty(_FormData,"CompanyName",null),_defineProperty(_FormData,"DeviceZones",null),_defineProperty(_FormData,"HostDeviceId",null),_FormData),Rules:{CompanyId:{required:!0},MallId:{required:!0},DeviceCode:{required:!0},IPAddress:{required:!0},DeviceType:{required:!0},Location:{required:!0},RemoteCode:{required:!0},DataClass:{required:!0}}}},methods:{Close:function(){this.Visible=!1,this.$Bus.$emit("DeviceZoneClear.Form")},Save:function(){this.FormData.DeviceZoneCode=this.FormData.DeviceCode+"#"+this.FormData.Vendor,this.$Bus.$emit("DeviceZoneSave.Grid",this.FormData)}},mixins:["defaultBusinessForm"]} (PageService.plugin.js:183)
[16:23:21.27] [PageService] <ERROR> SyntaxError: Unexpected identifier
    at loadComponent (C:\Users\INTFORCE170914-1\Documents\项目开发\智慧商业4.0\00_组件开发环境\plugins\ComponentService\PageService.plugin.js:172:55)
    at loadTags (C:\Users\INTFORCE170914-1\Documents\项目开发\智慧商业4.0\00_组件开发环境\plugins\ComponentService\PageService.plugin.js:126:19)
    at iService.op_loadTags (C:\Users\INTFORCE170914-1\Documents\项目开发\智慧商业4.0\00_组件开发环境\plugins\ComponentService\PageService.plugin.js:102:7)
    at async.auto.RunService (C:\Users\INTFORCE170914-1\Documents\项目开发\智慧商业4.0\00_组件开发环境\plugins\ServiceLoader.js:126:56)
    at runTask (C:\Users\INTFORCE170914-1\Documents\项目开发\智慧商业4.0\00_组件开发环境\node_modules\async\dist\async.js:1632:13)
    at C:\Users\INTFORCE170914-1\Documents\项目开发\智慧商业4.0\00_组件开发环境\node_modules\async\dist\async.js:1572:13
    at processQueue (C:\Users\INTFORCE170914-1\Documents\项目开发\智慧商业4.0\00_组件开发环境\node_modules\async\dist\async.js:1582:13)
    at taskComplete (C:\Users\INTFORCE170914-1\Documents\项目开发\智慧商业4.0\00_组件开发环境\node_modules\async\dist\async.js:1601:9)
    at C:\Users\INTFORCE170914-1\Documents\项目开发\智慧商业4.0\00_组件开发环境\node_modules\async\dist\async.js:1625:17
    at C:\Users\INTFORCE170914-1\Documents\项目开发\智慧商业4.0\00_组件开发环境\node_modules\async\dist\async.js:969:16 (PageService.plugin.js:182)
[16:23:21.27] [PageService] <ERROR> {return key in obj?Object.defineProperty(obj,key,{value:value,enumerable:!0,configurable:!0,writable:!0}):obj[key]=value,obj}Vue.component("vm-form-device",{data:function(){var _FormData;return{FormData:(_FormData={Id:null,Enabled:1,MallId:null,MallName:null,DeviceCode:null,IPAddress:null,Location:null,DeviceType:null},_defineProperty(_FormData,"Location",null),_defineProperty(_FormData,"RemoteCode",null),_defineProperty(_FormData,"DataClass",null),_defineProperty(_FormData,"Vendor",null),_defineProperty(_FormData,"CompanyId",null),_defineProperty(_FormData,"CompanyName",null),_defineProperty(_FormData,"DeviceZones",null),_defineProperty(_FormData,"HostDeviceId",null),_FormData),Rules:{CompanyId:{required:!0},MallId:{required:!0},DeviceCode:{required:!0},IPAddress:{required:!0},DeviceType:{required:!0},Location:{required:!0},RemoteCode:{required:!0},DataClass:{required:!0}}}},methods:{Close:function(){this.Visible=!1,this.$Bus.$emit("DeviceZoneClear.Form")},Save:function(){this.FormData.DeviceZoneCode=this.FormData.DeviceCode+"#"+this.FormData.Vendor,this.$Bus.$emit("DeviceZoneSave.Grid",this.FormData)}},mixins:["defaultBusinessForm"]} (PageService.plugin.js:183)
[16:23:36.11] [PageService] <ERROR> SyntaxError: Unexpected identifier
    at loadComponent (C:\Users\INTFORCE170914-1\Documents\项目开发\智慧商业4.0\00_组件开发环境\plugins\ComponentService\PageService.plugin.js:172:55)
    at loadTags (C:\Users\INTFORCE170914-1\Documents\项目开发\智慧商业4.0\00_组件开发环境\plugins\ComponentService\PageService.plugin.js:126:19)
    at iService.op_loadTags (C:\Users\INTFORCE170914-1\Documents\项目开发\智慧商业4.0\00_组件开发环境\plugins\ComponentService\PageService.plugin.js:102:7)
    at async.auto.RunService (C:\Users\INTFORCE170914-1\Documents\项目开发\智慧商业4.0\00_组件开发环境\plugins\ServiceLoader.js:126:56)
    at runTask (C:\Users\INTFORCE170914-1\Documents\项目开发\智慧商业4.0\00_组件开发环境\node_modules\async\dist\async.js:1632:13)
    at C:\Users\INTFORCE170914-1\Documents\项目开发\智慧商业4.0\00_组件开发环境\node_modules\async\dist\async.js:1572:13
    at processQueue (C:\Users\INTFORCE170914-1\Documents\项目开发\智慧商业4.0\00_组件开发环境\node_modules\async\dist\async.js:1582:13)
    at taskComplete (C:\Users\INTFORCE170914-1\Documents\项目开发\智慧商业4.0\00_组件开发环境\node_modules\async\dist\async.js:1601:9)
    at C:\Users\INTFORCE170914-1\Documents\项目开发\智慧商业4.0\00_组件开发环境\node_modules\async\dist\async.js:1625:17
    at C:\Users\INTFORCE170914-1\Documents\项目开发\智慧商业4.0\00_组件开发环境\node_modules\async\dist\async.js:969:16 (PageService.plugin.js:182)
[16:23:36.12] [PageService] <ERROR> {return key in obj?Object.defineProperty(obj,key,{value:value,enumerable:!0,configurable:!0,writable:!0}):obj[key]=value,obj}Vue.component("vm-form-devicezone",{data:function(){var _FormData;return{FormData:(_FormData={Id:null,Enabled:1,MallId:null,MallName:null,DeviceCode:null,IPAddress:null,Location:null,DeviceType:null},_defineProperty(_FormData,"Location",null),_defineProperty(_FormData,"RemoteCode",null),_defineProperty(_FormData,"DataClass",null),_defineProperty(_FormData,"Vendor",null),_defineProperty(_FormData,"CompanyId",null),_defineProperty(_FormData,"CompanyName",null),_defineProperty(_FormData,"DeviceZones",null),_defineProperty(_FormData,"HostDeviceId",null),_FormData),Rules:{CompanyId:{required:!0},MallId:{required:!0},DeviceCode:{required:!0},IPAddress:{required:!0},DeviceType:{required:!0},Location:{required:!0},RemoteCode:{required:!0},DataClass:{required:!0}}}},methods:{Close:function(){this.Visible=!1,this.$Bus.$emit("DeviceZoneClear.Form")},Save:function(){this.FormData.DeviceZoneCode=this.FormData.DeviceCode+"#"+this.FormData.Vendor,this.$Bus.$emit("DeviceZoneSave.Grid",this.FormData)}},mixins:["defaultBusinessForm"]} (PageService.plugin.js:183)
[16:23:56.50] [PageService] <ERROR> SyntaxError: Unexpected identifier
    at loadComponent (C:\Users\INTFORCE170914-1\Documents\项目开发\智慧商业4.0\00_组件开发环境\plugins\ComponentService\PageService.plugin.js:172:55)
    at loadTags (C:\Users\INTFORCE170914-1\Documents\项目开发\智慧商业4.0\00_组件开发环境\plugins\ComponentService\PageService.plugin.js:126:19)
    at iService.op_loadTags (C:\Users\INTFORCE170914-1\Documents\项目开发\智慧商业4.0\00_组件开发环境\plugins\ComponentService\PageService.plugin.js:102:7)
    at async.auto.RunService (C:\Users\INTFORCE170914-1\Documents\项目开发\智慧商业4.0\00_组件开发环境\plugins\ServiceLoader.js:126:56)
    at runTask (C:\Users\INTFORCE170914-1\Documents\项目开发\智慧商业4.0\00_组件开发环境\node_modules\async\dist\async.js:1632:13)
    at C:\Users\INTFORCE170914-1\Documents\项目开发\智慧商业4.0\00_组件开发环境\node_modules\async\dist\async.js:1572:13
    at processQueue (C:\Users\INTFORCE170914-1\Documents\项目开发\智慧商业4.0\00_组件开发环境\node_modules\async\dist\async.js:1582:13)
    at taskComplete (C:\Users\INTFORCE170914-1\Documents\项目开发\智慧商业4.0\00_组件开发环境\node_modules\async\dist\async.js:1601:9)
    at C:\Users\INTFORCE170914-1\Documents\项目开发\智慧商业4.0\00_组件开发环境\node_modules\async\dist\async.js:1625:17
    at C:\Users\INTFORCE170914-1\Documents\项目开发\智慧商业4.0\00_组件开发环境\node_modules\async\dist\async.js:969:16 (PageService.plugin.js:182)
[16:23:56.50] [PageService] <ERROR> {return key in obj?Object.defineProperty(obj,key,{value:value,enumerable:!0,configurable:!0,writable:!0}):obj[key]=value,obj}Vue.component("vm-form-devicezone",{data:function(){var _FormData;return{FormData:(_FormData={Id:null,Enabled:1,MallId:null,MallName:null,DeviceCode:null,IPAddress:null,Location:null,DeviceType:null},_defineProperty(_FormData,"Location",null),_defineProperty(_FormData,"RemoteCode",null),_defineProperty(_FormData,"DataClass",null),_defineProperty(_FormData,"Vendor",null),_defineProperty(_FormData,"CompanyId",null),_defineProperty(_FormData,"CompanyName",null),_defineProperty(_FormData,"DeviceZones",null),_defineProperty(_FormData,"HostDeviceId",null),_FormData),Rules:{CompanyId:{required:!0},MallId:{required:!0},DeviceCode:{required:!0},IPAddress:{required:!0},DeviceType:{required:!0},Location:{required:!0},RemoteCode:{required:!0},DataClass:{required:!0}}}},methods:{Close:function(){this.Visible=!1,this.$Bus.$emit("DeviceZoneClear.Form")},Save:function(){this.FormData.DeviceZoneCode=this.FormData.DeviceCode+"#"+this.FormData.Vendor,this.$Bus.$emit("DeviceZoneSave.Grid",this.FormData)}},mixins:["defaultBusinessForm"]} (PageService.plugin.js:183)
[16:24:38.58] [PageService] <ERROR> SyntaxError: Unexpected identifier
    at loadComponent (C:\Users\INTFORCE170914-1\Documents\项目开发\智慧商业4.0\00_组件开发环境\plugins\ComponentService\PageService.plugin.js:172:55)
    at loadTags (C:\Users\INTFORCE170914-1\Documents\项目开发\智慧商业4.0\00_组件开发环境\plugins\ComponentService\PageService.plugin.js:126:19)
    at iService.op_loadTags (C:\Users\INTFORCE170914-1\Documents\项目开发\智慧商业4.0\00_组件开发环境\plugins\ComponentService\PageService.plugin.js:102:7)
    at async.auto.RunService (C:\Users\INTFORCE170914-1\Documents\项目开发\智慧商业4.0\00_组件开发环境\plugins\ServiceLoader.js:126:56)
    at runTask (C:\Users\INTFORCE170914-1\Documents\项目开发\智慧商业4.0\00_组件开发环境\node_modules\async\dist\async.js:1632:13)
    at C:\Users\INTFORCE170914-1\Documents\项目开发\智慧商业4.0\00_组件开发环境\node_modules\async\dist\async.js:1572:13
    at processQueue (C:\Users\INTFORCE170914-1\Documents\项目开发\智慧商业4.0\00_组件开发环境\node_modules\async\dist\async.js:1582:13)
    at taskComplete (C:\Users\INTFORCE170914-1\Documents\项目开发\智慧商业4.0\00_组件开发环境\node_modules\async\dist\async.js:1601:9)
    at C:\Users\INTFORCE170914-1\Documents\项目开发\智慧商业4.0\00_组件开发环境\node_modules\async\dist\async.js:1625:17
    at C:\Users\INTFORCE170914-1\Documents\项目开发\智慧商业4.0\00_组件开发环境\node_modules\async\dist\async.js:969:16 (PageService.plugin.js:182)
[16:24:38.58] [PageService] <ERROR> {return key in obj?Object.defineProperty(obj,key,{value:value,enumerable:!0,configurable:!0,writable:!0}):obj[key]=value,obj}Vue.component("vm-form-devicezone",{data:function(){var _FormData;return{FormData:(_FormData={Id:null,Enabled:1,MallId:null,MallName:null,DeviceCode:null,IPAddress:null,Location:null,DeviceType:null},_defineProperty(_FormData,"Location",null),_defineProperty(_FormData,"RemoteCode",null),_defineProperty(_FormData,"DataClass",null),_defineProperty(_FormData,"Vendor",null),_defineProperty(_FormData,"CompanyId",null),_defineProperty(_FormData,"CompanyName",null),_defineProperty(_FormData,"DeviceZones",null),_defineProperty(_FormData,"HostDeviceId",null),_FormData),Rules:{CompanyId:{required:!0},MallId:{required:!0},DeviceCode:{required:!0},IPAddress:{required:!0},DeviceType:{required:!0},Location:{required:!0},RemoteCode:{required:!0},DataClass:{required:!0}}}},methods:{Close:function(){this.Visible=!1,this.$Bus.$emit("DeviceZoneClear.Form")},Save:function(){this.FormData.DeviceZoneCode=this.FormData.DeviceCode+"#"+this.FormData.Vendor,this.$Bus.$emit("DeviceZoneSave.Grid",this.FormData)}},mixins:["defaultBusinessForm"]} (PageService.plugin.js:183)
[16:27:42.81] [PageService] <ERROR> SyntaxError: Unexpected identifier
    at loadComponent (C:\Users\INTFORCE170914-1\Documents\项目开发\智慧商业4.0\00_组件开发环境\plugins\ComponentService\PageService.plugin.js:172:55)
    at loadTags (C:\Users\INTFORCE170914-1\Documents\项目开发\智慧商业4.0\00_组件开发环境\plugins\ComponentService\PageService.plugin.js:126:19)
    at iService.op_loadTags (C:\Users\INTFORCE170914-1\Documents\项目开发\智慧商业4.0\00_组件开发环境\plugins\ComponentService\PageService.plugin.js:102:7)
    at async.auto.RunService (C:\Users\INTFORCE170914-1\Documents\项目开发\智慧商业4.0\00_组件开发环境\plugins\ServiceLoader.js:126:56)
    at runTask (C:\Users\INTFORCE170914-1\Documents\项目开发\智慧商业4.0\00_组件开发环境\node_modules\async\dist\async.js:1632:13)
    at C:\Users\INTFORCE170914-1\Documents\项目开发\智慧商业4.0\00_组件开发环境\node_modules\async\dist\async.js:1572:13
    at processQueue (C:\Users\INTFORCE170914-1\Documents\项目开发\智慧商业4.0\00_组件开发环境\node_modules\async\dist\async.js:1582:13)
    at taskComplete (C:\Users\INTFORCE170914-1\Documents\项目开发\智慧商业4.0\00_组件开发环境\node_modules\async\dist\async.js:1601:9)
    at C:\Users\INTFORCE170914-1\Documents\项目开发\智慧商业4.0\00_组件开发环境\node_modules\async\dist\async.js:1625:17
    at C:\Users\INTFORCE170914-1\Documents\项目开发\智慧商业4.0\00_组件开发环境\node_modules\async\dist\async.js:969:16 (PageService.plugin.js:182)
[16:27:42.81] [PageService] <ERROR> {return key in obj?Object.defineProperty(obj,key,{value:value,enumerable:!0,configurable:!0,writable:!0}):obj[key]=value,obj}Vue.component("vm-form-devicezone",{data:function(){var _FormData;return{FormData:(_FormData={Id:null,Enabled:1,MallId:null,MallName:null,DeviceCode:null,IPAddress:null,Location:null,DeviceType:null},_defineProperty(_FormData,"Location",null),_defineProperty(_FormData,"RemoteCode",null),_defineProperty(_FormData,"DataClass",null),_defineProperty(_FormData,"Vendor",null),_defineProperty(_FormData,"CompanyId",null),_defineProperty(_FormData,"CompanyName",null),_defineProperty(_FormData,"DeviceZones",null),_defineProperty(_FormData,"HostDeviceId",null),_FormData),Rules:{CompanyId:{required:!0},MallId:{required:!0},DeviceCode:{required:!0},IPAddress:{required:!0},DeviceType:{required:!0},Location:{required:!0},RemoteCode:{required:!0},DataClass:{required:!0}}}},methods:{Close:function(){this.Visible=!1,this.$Bus.$emit("DeviceZoneClear.Form")},Save:function(){this.FormData.DeviceZoneCode=this.FormData.DeviceCode+"#"+this.FormData.Vendor,this.$Bus.$emit("DeviceZoneSave.Grid",this.FormData)}},mixins:["defaultBusinessForm"]} (PageService.plugin.js:183)
[16:28:28.18] [PageService] <ERROR> SyntaxError: Unexpected identifier
    at loadComponent (C:\Users\INTFORCE170914-1\Documents\项目开发\智慧商业4.0\00_组件开发环境\plugins\ComponentService\PageService.plugin.js:172:55)
    at loadTags (C:\Users\INTFORCE170914-1\Documents\项目开发\智慧商业4.0\00_组件开发环境\plugins\ComponentService\PageService.plugin.js:126:19)
    at iService.op_loadTags (C:\Users\INTFORCE170914-1\Documents\项目开发\智慧商业4.0\00_组件开发环境\plugins\ComponentService\PageService.plugin.js:102:7)
    at async.auto.RunService (C:\Users\INTFORCE170914-1\Documents\项目开发\智慧商业4.0\00_组件开发环境\plugins\ServiceLoader.js:126:56)
    at runTask (C:\Users\INTFORCE170914-1\Documents\项目开发\智慧商业4.0\00_组件开发环境\node_modules\async\dist\async.js:1632:13)
    at C:\Users\INTFORCE170914-1\Documents\项目开发\智慧商业4.0\00_组件开发环境\node_modules\async\dist\async.js:1572:13
    at processQueue (C:\Users\INTFORCE170914-1\Documents\项目开发\智慧商业4.0\00_组件开发环境\node_modules\async\dist\async.js:1582:13)
    at taskComplete (C:\Users\INTFORCE170914-1\Documents\项目开发\智慧商业4.0\00_组件开发环境\node_modules\async\dist\async.js:1601:9)
    at C:\Users\INTFORCE170914-1\Documents\项目开发\智慧商业4.0\00_组件开发环境\node_modules\async\dist\async.js:1625:17
    at C:\Users\INTFORCE170914-1\Documents\项目开发\智慧商业4.0\00_组件开发环境\node_modules\async\dist\async.js:969:16 (PageService.plugin.js:182)
[16:28:28.18] [PageService] <ERROR> {return key in obj?Object.defineProperty(obj,key,{value:value,enumerable:!0,configurable:!0,writable:!0}):obj[key]=value,obj}Vue.component("vm-form-devicezone",{data:function(){var _FormData;return{FormData:(_FormData={Id:null,Enabled:1,MallId:null,MallName:null,DeviceCode:null,IPAddress:null,Location:null,DeviceType:null},_defineProperty(_FormData,"Location",null),_defineProperty(_FormData,"RemoteCode",null),_defineProperty(_FormData,"DataClass",null),_defineProperty(_FormData,"Vendor",null),_defineProperty(_FormData,"CompanyId",null),_defineProperty(_FormData,"CompanyName",null),_defineProperty(_FormData,"DeviceZones",null),_defineProperty(_FormData,"HostDeviceId",null),_FormData),Rules:{CompanyId:{required:!0},MallId:{required:!0},DeviceCode:{required:!0},IPAddress:{required:!0},DeviceType:{required:!0},Location:{required:!0},RemoteCode:{required:!0},DataClass:{required:!0}}}},mixins:["defaultBusinessForm"]} (PageService.plugin.js:183)
[16:32:24.86] [PageService] <ERROR> SyntaxError: Unexpected identifier
    at loadComponent (C:\Users\INTFORCE170914-1\Documents\项目开发\智慧商业4.0\00_组件开发环境\plugins\ComponentService\PageService.plugin.js:172:55)
    at loadTags (C:\Users\INTFORCE170914-1\Documents\项目开发\智慧商业4.0\00_组件开发环境\plugins\ComponentService\PageService.plugin.js:126:19)
    at iService.op_loadTags (C:\Users\INTFORCE170914-1\Documents\项目开发\智慧商业4.0\00_组件开发环境\plugins\ComponentService\PageService.plugin.js:102:7)
    at async.auto.RunService (C:\Users\INTFORCE170914-1\Documents\项目开发\智慧商业4.0\00_组件开发环境\plugins\ServiceLoader.js:126:56)
    at runTask (C:\Users\INTFORCE170914-1\Documents\项目开发\智慧商业4.0\00_组件开发环境\node_modules\async\dist\async.js:1632:13)
    at C:\Users\INTFORCE170914-1\Documents\项目开发\智慧商业4.0\00_组件开发环境\node_modules\async\dist\async.js:1572:13
    at processQueue (C:\Users\INTFORCE170914-1\Documents\项目开发\智慧商业4.0\00_组件开发环境\node_modules\async\dist\async.js:1582:13)
    at taskComplete (C:\Users\INTFORCE170914-1\Documents\项目开发\智慧商业4.0\00_组件开发环境\node_modules\async\dist\async.js:1601:9)
    at C:\Users\INTFORCE170914-1\Documents\项目开发\智慧商业4.0\00_组件开发环境\node_modules\async\dist\async.js:1625:17
    at C:\Users\INTFORCE170914-1\Documents\项目开发\智慧商业4.0\00_组件开发环境\node_modules\async\dist\async.js:969:16 (PageService.plugin.js:182)
[16:32:24.87] [PageService] <ERROR> {return key in obj?Object.defineProperty(obj,key,{value:value,enumerable:!0,configurable:!0,writable:!0}):obj[key]=value,obj}Vue.component("vm-form-devicezone",{data:function(){var _FormData;return{FormData:(_FormData={Id:null,Enabled:1,MallId:null,MallName:null,DeviceCode:null,IPAddress:null,Location:null,DeviceType:null},_defineProperty(_FormData,"Location",null),_defineProperty(_FormData,"RemoteCode",null),_defineProperty(_FormData,"DataClass",null),_defineProperty(_FormData,"Vendor",null),_defineProperty(_FormData,"CompanyId",null),_defineProperty(_FormData,"CompanyName",null),_defineProperty(_FormData,"DeviceZones",null),_defineProperty(_FormData,"HostDeviceId",null),_FormData),Rules:{CompanyId:{required:!0},MallId:{required:!0},DeviceCode:{required:!0},IPAddress:{required:!0},DeviceType:{required:!0},Location:{required:!0},RemoteCode:{required:!0},DataClass:{required:!0}}}},created:function(){var me=this;PubSub.subscribe("DeviceZoneForm.Visible",function(msg,data){console.log("fromdata"),console.log(data),me.FormData.DeviceCode=data.DeviceCode,me.FormData.Vendor=data.Vendor,me.FormData.DeviceZones=data.DeviceZones,me.FormData.Id=data.Id})},methods:{Close:function(){this.Visible=!1,PubSub.publish("DeviceZoneClear.Form")},Save:function(){this.FormData.DeviceZoneCode=this.FormData.DeviceCode+"#"+this.FormData.Vendor,PubSub.publish("DeviceZoneSave.Grid",this.FormData)}},mixins:["defaultBusinessForm"]} (PageService.plugin.js:183)
[16:32:43.79] [PageService] <ERROR> SyntaxError: Unexpected identifier
    at loadComponent (C:\Users\INTFORCE170914-1\Documents\项目开发\智慧商业4.0\00_组件开发环境\plugins\ComponentService\PageService.plugin.js:172:55)
    at loadTags (C:\Users\INTFORCE170914-1\Documents\项目开发\智慧商业4.0\00_组件开发环境\plugins\ComponentService\PageService.plugin.js:126:19)
    at iService.op_loadTags (C:\Users\INTFORCE170914-1\Documents\项目开发\智慧商业4.0\00_组件开发环境\plugins\ComponentService\PageService.plugin.js:102:7)
    at async.auto.RunService (C:\Users\INTFORCE170914-1\Documents\项目开发\智慧商业4.0\00_组件开发环境\plugins\ServiceLoader.js:126:56)
    at runTask (C:\Users\INTFORCE170914-1\Documents\项目开发\智慧商业4.0\00_组件开发环境\node_modules\async\dist\async.js:1632:13)
    at C:\Users\INTFORCE170914-1\Documents\项目开发\智慧商业4.0\00_组件开发环境\node_modules\async\dist\async.js:1572:13
    at processQueue (C:\Users\INTFORCE170914-1\Documents\项目开发\智慧商业4.0\00_组件开发环境\node_modules\async\dist\async.js:1582:13)
    at taskComplete (C:\Users\INTFORCE170914-1\Documents\项目开发\智慧商业4.0\00_组件开发环境\node_modules\async\dist\async.js:1601:9)
    at C:\Users\INTFORCE170914-1\Documents\项目开发\智慧商业4.0\00_组件开发环境\node_modules\async\dist\async.js:1625:17
    at C:\Users\INTFORCE170914-1\Documents\项目开发\智慧商业4.0\00_组件开发环境\node_modules\async\dist\async.js:969:16 (PageService.plugin.js:182)
[16:32:43.80] [PageService] <ERROR> {return key in obj?Object.defineProperty(obj,key,{value:value,enumerable:!0,configurable:!0,writable:!0}):obj[key]=value,obj}Vue.component("vm-form-devicezone",{data:function(){var _FormData;return{FormData:(_FormData={Id:null,Enabled:1,MallId:null,MallName:null,DeviceCode:null,IPAddress:null,Location:null,DeviceType:null},_defineProperty(_FormData,"Location",null),_defineProperty(_FormData,"RemoteCode",null),_defineProperty(_FormData,"DataClass",null),_defineProperty(_FormData,"Vendor",null),_defineProperty(_FormData,"CompanyId",null),_defineProperty(_FormData,"CompanyName",null),_defineProperty(_FormData,"DeviceZones",null),_defineProperty(_FormData,"HostDeviceId",null),_FormData),Rules:{CompanyId:{required:!0},MallId:{required:!0},DeviceCode:{required:!0},IPAddress:{required:!0},DeviceType:{required:!0},Location:{required:!0},RemoteCode:{required:!0},DataClass:{required:!0}}}},mixins:["defaultBusinessForm"]} (PageService.plugin.js:183)
[16:33:33.44] [PageService] <ERROR> SyntaxError: Unexpected identifier
    at loadComponent (C:\Users\INTFORCE170914-1\Documents\项目开发\智慧商业4.0\00_组件开发环境\plugins\ComponentService\PageService.plugin.js:172:55)
    at loadTags (C:\Users\INTFORCE170914-1\Documents\项目开发\智慧商业4.0\00_组件开发环境\plugins\ComponentService\PageService.plugin.js:126:19)
    at iService.op_loadTags (C:\Users\INTFORCE170914-1\Documents\项目开发\智慧商业4.0\00_组件开发环境\plugins\ComponentService\PageService.plugin.js:102:7)
    at async.auto.RunService (C:\Users\INTFORCE170914-1\Documents\项目开发\智慧商业4.0\00_组件开发环境\plugins\ServiceLoader.js:126:56)
    at runTask (C:\Users\INTFORCE170914-1\Documents\项目开发\智慧商业4.0\00_组件开发环境\node_modules\async\dist\async.js:1632:13)
    at C:\Users\INTFORCE170914-1\Documents\项目开发\智慧商业4.0\00_组件开发环境\node_modules\async\dist\async.js:1572:13
    at processQueue (C:\Users\INTFORCE170914-1\Documents\项目开发\智慧商业4.0\00_组件开发环境\node_modules\async\dist\async.js:1582:13)
    at taskComplete (C:\Users\INTFORCE170914-1\Documents\项目开发\智慧商业4.0\00_组件开发环境\node_modules\async\dist\async.js:1601:9)
    at C:\Users\INTFORCE170914-1\Documents\项目开发\智慧商业4.0\00_组件开发环境\node_modules\async\dist\async.js:1625:17
    at C:\Users\INTFORCE170914-1\Documents\项目开发\智慧商业4.0\00_组件开发环境\node_modules\async\dist\async.js:969:16 (PageService.plugin.js:182)
[16:33:33.45] [PageService] <ERROR> {return key in obj?Object.defineProperty(obj,key,{value:value,enumerable:!0,configurable:!0,writable:!0}):obj[key]=value,obj}Vue.component("vm-form-devicezone",{data:function(){var _FormData;return{FormData:(_FormData={Id:null,Enabled:1,MallId:null,MallName:null,DeviceCode:null,IPAddress:null,Location:null,DeviceType:null},_defineProperty(_FormData,"Location",null),_defineProperty(_FormData,"RemoteCode",null),_defineProperty(_FormData,"DataClass",null),_defineProperty(_FormData,"Vendor",null),_defineProperty(_FormData,"CompanyId",null),_defineProperty(_FormData,"CompanyName",null),_defineProperty(_FormData,"DeviceZones",null),_defineProperty(_FormData,"HostDeviceId",null),_FormData),Rules:{CompanyId:{required:!0},MallId:{required:!0},DeviceCode:{required:!0},IPAddress:{required:!0},DeviceType:{required:!0},Location:{required:!0},RemoteCode:{required:!0},DataClass:{required:!0}}}},mixins:["defaultBusinessForm"]} (PageService.plugin.js:183)
[16:34:40.52] [PageService] <ERROR> SyntaxError: Unexpected identifier
    at loadComponent (C:\Users\INTFORCE170914-1\Documents\项目开发\智慧商业4.0\00_组件开发环境\plugins\ComponentService\PageService.plugin.js:172:55)
    at loadTags (C:\Users\INTFORCE170914-1\Documents\项目开发\智慧商业4.0\00_组件开发环境\plugins\ComponentService\PageService.plugin.js:126:19)
    at iService.op_loadTags (C:\Users\INTFORCE170914-1\Documents\项目开发\智慧商业4.0\00_组件开发环境\plugins\ComponentService\PageService.plugin.js:102:7)
    at async.auto.RunService (C:\Users\INTFORCE170914-1\Documents\项目开发\智慧商业4.0\00_组件开发环境\plugins\ServiceLoader.js:126:56)
    at runTask (C:\Users\INTFORCE170914-1\Documents\项目开发\智慧商业4.0\00_组件开发环境\node_modules\async\dist\async.js:1632:13)
    at C:\Users\INTFORCE170914-1\Documents\项目开发\智慧商业4.0\00_组件开发环境\node_modules\async\dist\async.js:1572:13
    at processQueue (C:\Users\INTFORCE170914-1\Documents\项目开发\智慧商业4.0\00_组件开发环境\node_modules\async\dist\async.js:1582:13)
    at taskComplete (C:\Users\INTFORCE170914-1\Documents\项目开发\智慧商业4.0\00_组件开发环境\node_modules\async\dist\async.js:1601:9)
    at C:\Users\INTFORCE170914-1\Documents\项目开发\智慧商业4.0\00_组件开发环境\node_modules\async\dist\async.js:1625:17
    at C:\Users\INTFORCE170914-1\Documents\项目开发\智慧商业4.0\00_组件开发环境\node_modules\async\dist\async.js:969:16 (PageService.plugin.js:182)
[16:34:40.52] [PageService] <ERROR> {return key in obj?Object.defineProperty(obj,key,{value:value,enumerable:!0,configurable:!0,writable:!0}):obj[key]=value,obj}Vue.component("vm-form-devicezone",{data:function(){var _FormData;return{FormData:(_FormData={Id:null,Enabled:1,MallId:null,MallName:null,DeviceCode:null,IPAddress:null,Location:null,DeviceType:null},_defineProperty(_FormData,"Location",null),_defineProperty(_FormData,"RemoteCode",null),_defineProperty(_FormData,"DataClass",null),_defineProperty(_FormData,"Vendor",null),_defineProperty(_FormData,"CompanyId",null),_defineProperty(_FormData,"CompanyName",null),_defineProperty(_FormData,"DeviceZones",null),_defineProperty(_FormData,"HostDeviceId",null),_FormData),Rules:{CompanyId:{required:!0},MallId:{required:!0},DeviceCode:{required:!0}}}},mixins:["defaultBusinessForm"]} (PageService.plugin.js:183)
[16:39:00.37] [PageService] <ERROR> SyntaxError: Unexpected identifier
    at loadComponent (C:\Users\INTFORCE170914-1\Documents\项目开发\智慧商业4.0\00_组件开发环境\plugins\ComponentService\PageService.plugin.js:172:55)
    at loadTags (C:\Users\INTFORCE170914-1\Documents\项目开发\智慧商业4.0\00_组件开发环境\plugins\ComponentService\PageService.plugin.js:126:19)
    at iService.op_loadTags (C:\Users\INTFORCE170914-1\Documents\项目开发\智慧商业4.0\00_组件开发环境\plugins\ComponentService\PageService.plugin.js:102:7)
    at async.auto.RunService (C:\Users\INTFORCE170914-1\Documents\项目开发\智慧商业4.0\00_组件开发环境\plugins\ServiceLoader.js:126:56)
    at runTask (C:\Users\INTFORCE170914-1\Documents\项目开发\智慧商业4.0\00_组件开发环境\node_modules\async\dist\async.js:1632:13)
    at C:\Users\INTFORCE170914-1\Documents\项目开发\智慧商业4.0\00_组件开发环境\node_modules\async\dist\async.js:1572:13
    at processQueue (C:\Users\INTFORCE170914-1\Documents\项目开发\智慧商业4.0\00_组件开发环境\node_modules\async\dist\async.js:1582:13)
    at taskComplete (C:\Users\INTFORCE170914-1\Documents\项目开发\智慧商业4.0\00_组件开发环境\node_modules\async\dist\async.js:1601:9)
    at C:\Users\INTFORCE170914-1\Documents\项目开发\智慧商业4.0\00_组件开发环境\node_modules\async\dist\async.js:1625:17
    at C:\Users\INTFORCE170914-1\Documents\项目开发\智慧商业4.0\00_组件开发环境\node_modules\async\dist\async.js:969:16 (PageService.plugin.js:182)
[16:39:00.37] [PageService] <ERROR> {return key in obj?Object.defineProperty(obj,key,{value:value,enumerable:!0,configurable:!0,writable:!0}):obj[key]=value,obj}Vue.component("vm-form-devicezone",{data:function(){var _FormData;return{FormData:(_FormData={DeviceCode:null,IPAddress:null,Location:null,DeviceType:null},_defineProperty(_FormData,"Location",null),_defineProperty(_FormData,"RemoteCode",null),_defineProperty(_FormData,"DataClass",null),_defineProperty(_FormData,"Vendor",null),_defineProperty(_FormData,"CompanyId",null),_defineProperty(_FormData,"CompanyName",null),_defineProperty(_FormData,"DeviceZones",null),_defineProperty(_FormData,"HostDeviceId",null),_FormData),Rules:{CompanyId:{required:!0},MallId:{required:!0},DeviceCode:{required:!0}}}},created:function(){var me=this;this.$Bus.$on("DeviceZoneForm.Visible",function(msg,data){console.log("fromdata"),console.log(data),me.FormData.DeviceCode=data.DeviceCode,me.FormData.Vendor=data.Vendor,me.FormData.DeviceZones=data.DeviceZones,me.FormData.Id=data.Id})},methods:{Close:function(){this.Visible=!1,this.$Bus.$emit("DeviceZoneClear.Form")},Save:function(){this.FormData.DeviceZoneCode=this.FormData.DeviceCode+"#"+this.FormData.Vendor,this.$Bus.$emit("DeviceZoneSave.Grid",this.FormData)}},mixins:["defaultBusinessForm"]} (PageService.plugin.js:183)
[16:43:29.91] [PageService] <ERROR> SyntaxError: Unexpected identifier
    at loadComponent (C:\Users\INTFORCE170914-1\Documents\项目开发\智慧商业4.0\00_组件开发环境\plugins\ComponentService\PageService.plugin.js:172:55)
    at loadTags (C:\Users\INTFORCE170914-1\Documents\项目开发\智慧商业4.0\00_组件开发环境\plugins\ComponentService\PageService.plugin.js:126:19)
    at iService.op_loadTags (C:\Users\INTFORCE170914-1\Documents\项目开发\智慧商业4.0\00_组件开发环境\plugins\ComponentService\PageService.plugin.js:102:7)
    at async.auto.RunService (C:\Users\INTFORCE170914-1\Documents\项目开发\智慧商业4.0\00_组件开发环境\plugins\ServiceLoader.js:126:56)
    at runTask (C:\Users\INTFORCE170914-1\Documents\项目开发\智慧商业4.0\00_组件开发环境\node_modules\async\dist\async.js:1632:13)
    at C:\Users\INTFORCE170914-1\Documents\项目开发\智慧商业4.0\00_组件开发环境\node_modules\async\dist\async.js:1572:13
    at processQueue (C:\Users\INTFORCE170914-1\Documents\项目开发\智慧商业4.0\00_组件开发环境\node_modules\async\dist\async.js:1582:13)
    at taskComplete (C:\Users\INTFORCE170914-1\Documents\项目开发\智慧商业4.0\00_组件开发环境\node_modules\async\dist\async.js:1601:9)
    at C:\Users\INTFORCE170914-1\Documents\项目开发\智慧商业4.0\00_组件开发环境\node_modules\async\dist\async.js:1625:17
    at C:\Users\INTFORCE170914-1\Documents\项目开发\智慧商业4.0\00_组件开发环境\node_modules\async\dist\async.js:969:16 (PageService.plugin.js:182)
[16:43:29.92] [PageService] <ERROR> {return key in obj?Object.defineProperty(obj,key,{value:value,enumerable:!0,configurable:!0,writable:!0}):obj[key]=value,obj}Vue.component("vm-form-devicezone",{data:function(){var _FormData;return{FormData:(_FormData={Id:null,Enabled:1,MallId:null,MallName:null,DeviceCode:null,IPAddress:null,Location:null,DeviceType:null},_defineProperty(_FormData,"Location",null),_defineProperty(_FormData,"CompanyName",null),_defineProperty(_FormData,"DeviceZones",null),_defineProperty(_FormData,"HostDeviceId",null),_FormData),Rules:{CompanyId:{required:!0},MallId:{required:!0},DeviceCode:{required:!0}}}},created:function(){var me=this;this.$Bus.$on("DeviceZoneForm.Visible",function(data){console.log("fromdata"),console.log(data),me.FormData.DeviceCode=data.DeviceCode,me.FormData.Vendor=data.Vendor,me.FormData.DeviceZones=data.DeviceZones,me.FormData.Id=data.Id})},methods:{Close:function(){this.Visible=!1,this.$Bus.$emit("DeviceZoneClear.Form")},Save:function(){this.FormData.DeviceZoneCode=this.FormData.DeviceCode+"#"+this.FormData.Vendor,this.$Bus.$emit("DeviceZoneSave.Grid",this.FormData)}},mixins:["defaultBusinessForm"]} (PageService.plugin.js:183)
