[09:55:42.73] [ComponentService] <INFO> 正在注册： vb-cascader-city.vue文件 (ComponentService.plugin.js:251)
[09:55:42.74] [ComponentService] <INFO> 正在注册： vb-form-businesstime.vue文件 (ComponentService.plugin.js:251)
[09:55:42.74] [ComponentService] <INFO> 正在注册： vb-form-businesstimeplugin.vue文件 (ComponentService.plugin.js:251)
[09:55:42.75] [ComponentService] <INFO> 正在注册： vb-form-chartoption.vue文件 (ComponentService.plugin.js:251)
[09:55:42.76] [ComponentService] <INFO> 正在注册： vb-form-chartstyle.vue文件 (ComponentService.plugin.js:251)
[09:55:42.76] [ComponentService] <INFO> 正在注册： vb-form-company.vue文件 (ComponentService.plugin.js:251)
[09:55:42.77] [ComponentService] <INFO> 正在注册： vb-form-conditionoption.vue文件 (ComponentService.plugin.js:251)
[09:55:42.78] [ComponentService] <INFO> 正在注册： vb-form-fencezone.vue文件 (ComponentService.plugin.js:251)
[09:55:42.79] [ComponentService] <INFO> 正在注册： vb-form-holiday.vue文件 (ComponentService.plugin.js:251)
[09:55:42.80] [ComponentService] <INFO> 正在注册： vb-form-indexoption.vue文件 (ComponentService.plugin.js:251)
[09:55:42.80] [ComponentService] <INFO> 正在注册： vb-form-location.vue文件 (ComponentService.plugin.js:251)
[09:55:42.81] [ComponentService] <INFO> 正在注册： vb-form-mall.vue文件 (ComponentService.plugin.js:251)
[09:55:42.82] [ComponentService] <INFO> 正在注册： vb-form-physicalzone.vue文件 (ComponentService.plugin.js:251)
[09:55:42.82] [ComponentService] <INFO> 正在注册： vb-form-reportmenu.vue文件 (ComponentService.plugin.js:251)
[09:55:42.83] [ComponentService] <INFO> 正在注册： vb-form-reportpage.vue文件 (ComponentService.plugin.js:251)
[09:55:42.84] [ComponentService] <INFO> 正在注册： vb-form-tag.vue文件 (ComponentService.plugin.js:251)
[09:55:42.85] [ComponentService] <INFO> 正在注册： vb-form-transfer-mall.vue文件 (ComponentService.plugin.js:251)
[09:55:42.85] [ComponentService] <INFO> 正在注册： vb-form-weather.vue文件 (ComponentService.plugin.js:251)
[09:55:42.86] [ComponentService] <INFO> 正在注册： vb-grid-activity.vue文件 (ComponentService.plugin.js:251)
[09:55:42.87] [ComponentService] <INFO> 正在注册： vb-grid-businesstime.vue文件 (ComponentService.plugin.js:251)
[09:55:42.87] [ComponentService] <INFO> 正在注册： vb-grid-chartoption.vue文件 (ComponentService.plugin.js:251)
[09:55:42.87] [ComponentService] <INFO> 正在注册： vb-grid-chartstyle.vue文件 (ComponentService.plugin.js:251)
[09:55:42.88] [ComponentService] <INFO> 正在注册： vb-grid-company.vue文件 (ComponentService.plugin.js:251)
[09:55:42.88] [ComponentService] <INFO> 正在注册： vb-grid-conditionoption.vue文件 (ComponentService.plugin.js:251)
[09:55:42.89] [ComponentService] <INFO> 正在注册： vb-grid-fencezone.vue文件 (ComponentService.plugin.js:251)
[09:55:42.89] [ComponentService] <INFO> 正在注册： vb-grid-holiday.vue文件 (ComponentService.plugin.js:251)
[09:55:42.90] [ComponentService] <INFO> 正在注册： vb-grid-indexoption.vue文件 (ComponentService.plugin.js:251)
[09:55:42.91] [ComponentService] <INFO> 正在注册： vb-grid-location.vue文件 (ComponentService.plugin.js:251)
[09:55:42.91] [ComponentService] <INFO> 正在注册： vb-grid-mall.vue文件 (ComponentService.plugin.js:251)
[09:55:42.91] [ComponentService] <INFO> 正在注册： vb-grid-physicalzone.vue文件 (ComponentService.plugin.js:251)
[09:55:42.92] [ComponentService] <INFO> 正在注册： vb-grid-reportmenu.vue文件 (ComponentService.plugin.js:251)
[09:55:42.92] [ComponentService] <INFO> 正在注册： vb-grid-reportpage.vue文件 (ComponentService.plugin.js:251)
[09:55:42.93] [ComponentService] <INFO> 正在注册： vb-grid-role.vue文件 (ComponentService.plugin.js:251)
[09:55:42.93] [ComponentService] <INFO> 正在注册： vb-grid-tag.vue文件 (ComponentService.plugin.js:251)
[09:55:42.94] [ComponentService] <INFO> 正在注册： vb-grid-user.vue文件 (ComponentService.plugin.js:251)
[09:55:42.94] [ComponentService] <INFO> 正在注册： vb-grid-weather.vue文件 (ComponentService.plugin.js:251)
[09:55:42.95] [ComponentService] <INFO> 正在注册： vb-log-malllog.vue文件 (ComponentService.plugin.js:251)
[09:55:42.95] [ComponentService] <INFO> 正在注册： vb-log-mallupdate.vue文件 (ComponentService.plugin.js:251)
[09:55:42.96] [ComponentService] <INFO> 正在注册： vb-log-zonelog.vue文件 (ComponentService.plugin.js:251)
[09:55:42.96] [ComponentService] <INFO> 正在注册： vb-log-zoneupdate.vue文件 (ComponentService.plugin.js:251)
[09:55:42.96] [ComponentService] <INFO> 正在注册： vb-page-activity.vue文件 (ComponentService.plugin.js:251)
[09:55:42.97] [ComponentService] <INFO> 正在注册： vb-page-businesstime.vue文件 (ComponentService.plugin.js:251)
[09:55:42.97] [ComponentService] <INFO> 正在注册： vb-page-chartoption.vue文件 (ComponentService.plugin.js:251)
[09:55:42.98] [ComponentService] <INFO> 正在注册： vb-page-chartstyle.vue文件 (ComponentService.plugin.js:251)
[09:55:42.98] [ComponentService] <INFO> 正在注册： vb-page-company.vue文件 (ComponentService.plugin.js:251)
[09:55:42.99] [ComponentService] <INFO> 正在注册： vb-page-conditionoption.vue文件 (ComponentService.plugin.js:251)
[09:55:42.99] [ComponentService] <INFO> 正在注册： vb-page-holiday.vue文件 (ComponentService.plugin.js:251)
[09:55:42.100] [ComponentService] <INFO> 正在注册： vb-page-indexoption.vue文件 (ComponentService.plugin.js:251)
[09:55:43.00] [ComponentService] <INFO> 正在注册： vb-page-mall.vue文件 (ComponentService.plugin.js:251)
[09:55:43.01] [ComponentService] <INFO> 正在注册： vb-page-reportmenu.vue文件 (ComponentService.plugin.js:251)
[09:55:43.01] [ComponentService] <INFO> 正在注册： vb-page-reportpage.vue文件 (ComponentService.plugin.js:251)
[09:55:43.01] [ComponentService] <INFO> 正在注册： vb-page-tag.vue文件 (ComponentService.plugin.js:251)
[09:55:43.02] [ComponentService] <INFO> 正在注册： vb-page-weather.vue文件 (ComponentService.plugin.js:251)
[09:55:43.02] [ComponentService] <INFO> 正在注册： vb-select-chartoption.vue文件 (ComponentService.plugin.js:251)
[09:55:43.03] [ComponentService] <INFO> 正在注册： vb-select-chartstyle.vue文件 (ComponentService.plugin.js:251)
[09:55:43.03] [ComponentService] <INFO> 正在注册： vb-select-company.vue文件 (ComponentService.plugin.js:251)
[09:55:43.04] [ComponentService] <INFO> 正在注册： vb-select-device.vue文件 (ComponentService.plugin.js:251)
[09:55:43.04] [ComponentService] <INFO> 正在注册： vb-select-fencezone.vue文件 (ComponentService.plugin.js:251)
[09:55:43.05] [ComponentService] <INFO> 正在注册： vb-select-indexoption.vue文件 (ComponentService.plugin.js:251)
[09:55:43.05] [ComponentService] <INFO> 正在注册： vb-select-mall.vue文件 (ComponentService.plugin.js:251)
[09:55:43.06] [ComponentService] <INFO> 正在注册： vb-select-menutype.vue文件 (ComponentService.plugin.js:251)
[09:55:43.06] [ComponentService] <INFO> 正在注册： vb-select-physicalzone.vue文件 (ComponentService.plugin.js:251)
[09:55:43.06] [ComponentService] <INFO> 正在注册： vb-select-reportmenu.vue文件 (ComponentService.plugin.js:251)
[09:55:43.07] [ComponentService] <INFO> 正在注册： vb-select-role.vue文件 (ComponentService.plugin.js:251)
[09:55:43.07] [ComponentService] <INFO> 正在注册： vb-select-usergroup.vue文件 (ComponentService.plugin.js:251)
[09:55:43.08] [ComponentService] <INFO> 正在注册： vb-select-zonetype.vue文件 (ComponentService.plugin.js:251)
[09:55:43.08] [ComponentService] <INFO> 正在注册： vb-transfer-chartoption.vue文件 (ComponentService.plugin.js:251)
[09:55:43.09] [ComponentService] <INFO> 正在注册： vb-transfer-conditionoption.vue文件 (ComponentService.plugin.js:251)
[09:55:43.09] [ComponentService] <INFO> 正在注册： vb-transfer-indexoption.vue文件 (ComponentService.plugin.js:251)
[09:55:43.10] [ComponentService] <INFO> 正在注册： vb-transfer-location.vue文件 (ComponentService.plugin.js:251)
[09:55:43.10] [ComponentService] <INFO> 正在注册： vb-transfer-mall.vue文件 (ComponentService.plugin.js:251)
[09:55:43.11] [ComponentService] <INFO> 正在注册： vb-transfer-physicalzone.vue文件 (ComponentService.plugin.js:251)
[09:55:43.11] [ComponentService] <INFO> 正在注册： vb-transfer-reportpage.vue文件 (ComponentService.plugin.js:251)
[09:55:43.12] [ComponentService] <INFO> 正在注册： vb-transfer-tag.vue文件 (ComponentService.plugin.js:251)
[09:55:43.12] [ComponentService] <INFO> 正在注册： vb-tree-category.vue文件 (ComponentService.plugin.js:251)
[09:55:43.13] [ComponentService] <INFO> 正在注册： vb-tree-location.vue文件 (ComponentService.plugin.js:251)
[09:55:43.13] [ComponentService] <INFO> 正在注册： vb-zonecamera-query.vue文件 (ComponentService.plugin.js:251)
[09:55:43.16] [ComponentService] <INFO> 正在注册： vx-basic-demo.vue文件 (ComponentService.plugin.js:251)
[09:55:43.18] [ComponentService] <INFO> 正在注册： vm-form-location.vue文件 (ComponentService.plugin.js:251)
[09:55:43.18] [ComponentService] <INFO> 正在注册： vm-grid-location.vue文件 (ComponentService.plugin.js:251)
[09:55:43.19] [ComponentService] <INFO> 正在注册： vm-select-company.vue文件 (ComponentService.plugin.js:251)
[09:55:43.19] [ComponentService] <INFO> 正在注册： vm-transfer-mall.vue文件 (ComponentService.plugin.js:251)
[09:55:43.20] [ComponentService] <INFO> 正在注册： vm-transfer-physicalzone.vue文件 (ComponentService.plugin.js:251)
[09:55:43.20] [ComponentService] <INFO> 正在注册： vm-transfer-reportpage.vue文件 (ComponentService.plugin.js:251)
[09:55:43.21] [ComponentService] <INFO> 正在注册： vm-tree-location.vue文件 (ComponentService.plugin.js:251)
[09:55:43.24] [ComponentService] <INFO> 正在注册： vm-page-grid.vue文件 (ComponentService.plugin.js:251)
[09:55:43.25] [ComponentService] <INFO> 正在注册： vx-basic-button.vue文件 (ComponentService.plugin.js:251)
[09:55:43.26] [ComponentService] <INFO> 正在注册： vx-basic-tree.vue文件 (ComponentService.plugin.js:251)
[09:55:43.26] [ComponentService] <INFO> 正在注册： vx-container-col.vue文件 (ComponentService.plugin.js:251)
[09:55:43.27] [ComponentService] <INFO> 正在注册： vx-container-combo.vue文件 (ComponentService.plugin.js:251)
[09:55:43.29] [ComponentService] <INFO> 正在注册： vx-container-dialog.vue文件 (ComponentService.plugin.js:251)
[09:55:43.29] [ComponentService] <INFO> 正在注册： vx-container-gridster.vue文件 (ComponentService.plugin.js:251)
[09:55:43.30] [ComponentService] <INFO> 正在注册： vx-container-item.vue文件 (ComponentService.plugin.js:251)
[09:55:43.31] [ComponentService] <INFO> 正在注册： vx-container-row.vue文件 (ComponentService.plugin.js:251)
[09:55:43.32] [ComponentService] <INFO> 正在注册： vx-container-tab.vue文件 (ComponentService.plugin.js:251)
[09:55:43.33] [ComponentService] <INFO> 正在注册： vx-form-cascader.vue文件 (ComponentService.plugin.js:251)
[09:55:43.33] [ComponentService] <INFO> 正在注册： vx-form-check.vue文件 (ComponentService.plugin.js:251)
[09:55:43.36] [ComponentService] <INFO> 正在注册： vx-form-clockpicker.vue文件 (ComponentService.plugin.js:251)
[09:55:43.38] [ComponentService] <INFO> 正在注册： vx-form-daterangepicker.vue文件 (ComponentService.plugin.js:251)
[09:55:43.38] [ComponentService] <INFO> 正在注册： vx-form-datesinglepicker.vue文件 (ComponentService.plugin.js:251)
[09:55:43.39] [ComponentService] <INFO> 正在注册： vx-form-group-select.vue文件 (ComponentService.plugin.js:251)
[09:55:43.40] [ComponentService] <INFO> 正在注册： vx-form-input.vue文件 (ComponentService.plugin.js:251)
[09:55:43.41] [ComponentService] <INFO> 正在注册： vx-form-location.vue文件 (ComponentService.plugin.js:251)
[09:55:43.42] [ComponentService] <INFO> 正在注册： vx-form-number.vue文件 (ComponentService.plugin.js:251)
[09:55:43.43] [ComponentService] <INFO> 正在注册： vx-form-password.vue文件 (ComponentService.plugin.js:251)
[09:55:43.43] [ComponentService] <INFO> 正在注册： vx-form-radio.vue文件 (ComponentService.plugin.js:251)
[09:55:43.44] [ComponentService] <INFO> 正在注册： vx-form-select.vue文件 (ComponentService.plugin.js:251)
[09:55:43.44] [ComponentService] <INFO> 正在注册： vx-form-transfer.vue文件 (ComponentService.plugin.js:251)
[09:55:43.45] [ComponentService] <INFO> 正在注册： vx-nav-breadcrumb.vue文件 (ComponentService.plugin.js:251)
[09:55:43.46] [ComponentService] <INFO> 正在注册： vx-nav-dropmenu.vue文件 (ComponentService.plugin.js:251)
[09:55:43.47] [ComponentService] <INFO> 正在注册： vx-nav-navmenu.vue文件 (ComponentService.plugin.js:251)
[09:55:43.47] [ComponentService] <INFO> 正在注册： vx-tab-pane.vue文件 (ComponentService.plugin.js:251)
[09:55:43.47] [ComponentService] <INFO> 正在注册： vx-tabs.vue文件 (ComponentService.plugin.js:251)
[09:55:43.48] [ComponentService] <INFO> 正在注册： vx-view-baidumap.vue文件 (ComponentService.plugin.js:251)
[09:55:43.49] [ComponentService] <INFO> 正在注册： vx-view-countup.vue文件 (ComponentService.plugin.js:251)
[09:55:43.51] [ComponentService] <INFO> 正在注册： vx-view-datatable.vue文件 (ComponentService.plugin.js:251)
[09:55:43.52] [ComponentService] <INFO> 正在注册： vx-view-dialog.vue文件 (ComponentService.plugin.js:251)
[09:55:43.53] [ComponentService] <INFO> 正在注册： vx-view-echart.vue文件 (ComponentService.plugin.js:251)
[09:55:43.53] [ComponentService] <INFO> 正在注册： vx-view-govmap.vue文件 (ComponentService.plugin.js:251)
[09:55:43.54] [ComponentService] <INFO> 正在注册： vx-view-heatmap.vue文件 (ComponentService.plugin.js:251)
[09:55:43.57] [ComponentService] <INFO> 正在注册： vx-view-linescroll.vue文件 (ComponentService.plugin.js:251)
[09:55:43.57] [ComponentService] <INFO> 正在注册： vx-view-map.vue文件 (ComponentService.plugin.js:251)
[09:55:43.59] [ComponentService] <INFO> 正在注册： vx-view-pagelist.vue文件 (ComponentService.plugin.js:251)
[09:55:43.60] [ComponentService] <INFO> 正在注册： vx-view-pagesize.vue文件 (ComponentService.plugin.js:251)
[09:55:43.60] [ComponentService] <INFO> 正在注册： vd-bd-loaddata.vue文件 (ComponentService.plugin.js:251)
[09:55:43.61] [ComponentService] <INFO> 正在注册： vd-bd-savedata.vue文件 (ComponentService.plugin.js:251)
[09:55:43.61] [ComponentService] <INFO> 正在注册： vd-company-activity.vue文件 (ComponentService.plugin.js:251)
[09:55:43.62] [ComponentService] <INFO> 正在注册： vd-company-businesstime.vue文件 (ComponentService.plugin.js:251)
[09:55:43.62] [ComponentService] <INFO> 正在注册： vd-company-company.vue文件 (ComponentService.plugin.js:251)
[09:55:43.63] [ComponentService] <INFO> 正在注册： vd-company-device.vue文件 (ComponentService.plugin.js:251)
[09:55:43.64] [ComponentService] <INFO> 正在注册： vd-company-holiday.vue文件 (ComponentService.plugin.js:251)
[09:55:43.65] [ComponentService] <INFO> 正在注册： vd-company-mall.vue文件 (ComponentService.plugin.js:251)
[09:55:43.65] [ComponentService] <INFO> 正在注册： vd-company-physicalzone.vue文件 (ComponentService.plugin.js:251)
[09:55:43.66] [ComponentService] <INFO> 正在注册： vd-company-tag.vue文件 (ComponentService.plugin.js:251)
[09:55:43.66] [ComponentService] <INFO> 正在注册： vd-log-mallupdate.vue文件 (ComponentService.plugin.js:251)
[09:55:43.67] [ComponentService] <INFO> 正在注册： vd-log-weather.vue文件 (ComponentService.plugin.js:251)
[09:55:43.67] [ComponentService] <INFO> 正在注册： vd-log-zoneupdate.vue文件 (ComponentService.plugin.js:251)
[09:55:43.68] [ComponentService] <INFO> 正在注册： vd-report-chartoption.vue文件 (ComponentService.plugin.js:251)
[09:55:43.68] [ComponentService] <INFO> 正在注册： vd-report-chartstyle.vue文件 (ComponentService.plugin.js:251)
[09:55:43.69] [ComponentService] <INFO> 正在注册： vd-report-conditionoption.vue文件 (ComponentService.plugin.js:251)
[09:55:43.69] [ComponentService] <INFO> 正在注册： vd-report-indexoption.vue文件 (ComponentService.plugin.js:251)
[09:55:43.69] [ComponentService] <INFO> 正在注册： vd-report-reportmenu.vue文件 (ComponentService.plugin.js:251)
[09:55:43.70] [ComponentService] <INFO> 正在注册： vd-report-reportpage.vue文件 (ComponentService.plugin.js:251)
[09:55:43.70] [ComponentService] <INFO> 正在注册： vd-report-servicelist.vue文件 (ComponentService.plugin.js:251)
[09:55:43.71] [ComponentService] <INFO> 正在注册： vd-system-category.vue文件 (ComponentService.plugin.js:251)
[09:55:43.71] [ComponentService] <INFO> 正在注册： vd-system-location.vue文件 (ComponentService.plugin.js:251)
[09:55:43.72] [ComponentService] <INFO> 正在注册： vd-system-menu.vue文件 (ComponentService.plugin.js:251)
[09:55:43.72] [ComponentService] <INFO> 正在注册： vd-system-role.vue文件 (ComponentService.plugin.js:251)
[09:55:43.73] [ComponentService] <INFO> 正在注册： vd-system-user.vue文件 (ComponentService.plugin.js:251)
[09:55:43.73] [ComponentService] <INFO> 正在注册： vd-system-usergroup.vue文件 (ComponentService.plugin.js:251)
[09:55:43.74] [ComponentService] <INFO> 正在注册： vm-form-activity.vue文件 (ComponentService.plugin.js:251)
[09:55:43.74] [ComponentService] <INFO> 正在注册： vm-form-businesstime.vue文件 (ComponentService.plugin.js:251)
[09:55:43.74] [ComponentService] <INFO> 正在注册： vm-form-businesstimeplugin.vue文件 (ComponentService.plugin.js:251)
[09:55:43.76] [ComponentService] <INFO> 正在注册： vm-form-holiday.vue文件 (ComponentService.plugin.js:251)
[09:55:43.77] [ComponentService] <INFO> 正在注册： vm-form-mall.vue文件 (ComponentService.plugin.js:251)
[09:55:43.78] [ComponentService] <INFO> 正在注册： vm-form-mallupdate.vue文件 (ComponentService.plugin.js:251)
[09:55:43.79] [ComponentService] <INFO> 正在注册： vm-form-tag.vue文件 (ComponentService.plugin.js:251)
[09:55:43.80] [ComponentService] <INFO> 正在注册： vm-form-weather.vue文件 (ComponentService.plugin.js:251)
[09:55:43.80] [ComponentService] <INFO> 正在注册： vm-form-zoneupdate.vue文件 (ComponentService.plugin.js:251)
[09:55:43.81] [ComponentService] <INFO> 正在注册： vm-grid-activity.vue文件 (ComponentService.plugin.js:251)
[09:55:43.82] [ComponentService] <INFO> 正在注册： vm-grid-businesstime.vue文件 (ComponentService.plugin.js:251)
[09:55:43.82] [ComponentService] <INFO> 正在注册： vm-grid-historicalcount.vue文件 (ComponentService.plugin.js:251)
[09:55:43.83] [ComponentService] <INFO> 正在注册： vm-grid-historicaldwell.vue文件 (ComponentService.plugin.js:251)
[09:55:43.83] [ComponentService] <INFO> 正在注册： vm-grid-historicalfitting.vue文件 (ComponentService.plugin.js:251)
[09:55:43.84] [ComponentService] <INFO> 正在注册： vm-grid-historicalpassby.vue文件 (ComponentService.plugin.js:251)
[09:55:43.84] [ComponentService] <INFO> 正在注册： vm-grid-historicalsummary.vue文件 (ComponentService.plugin.js:251)
[09:55:43.86] [ComponentService] <INFO> 正在注册： vm-grid-holiday.vue文件 (ComponentService.plugin.js:251)
[09:55:43.87] [ComponentService] <INFO> 正在注册： vm-grid-mall.vue文件 (ComponentService.plugin.js:251)
[09:55:43.88] [ComponentService] <INFO> 正在注册： vm-grid-tag.vue文件 (ComponentService.plugin.js:251)
[09:55:43.88] [ComponentService] <INFO> 正在注册： vm-grid-weather.vue文件 (ComponentService.plugin.js:251)
[09:55:43.89] [ComponentService] <INFO> 正在注册： vm-report-times.vue文件 (ComponentService.plugin.js:251)
[09:55:43.90] [ComponentService] <INFO> 正在注册： vm-select-devicecode.vue文件 (ComponentService.plugin.js:251)
[09:55:43.92] [ComponentService] <INFO> 正在注册： vm-transfer-tag.vue文件 (ComponentService.plugin.js:251)
[09:55:43.93] [ComponentService] <INFO> 正在注册： vm-form-category.vue文件 (ComponentService.plugin.js:251)
[09:55:43.96] [ComponentService] <INFO> 正在注册： vm-form-componentslist.vue文件 (ComponentService.plugin.js:251)
[09:55:43.97] [ComponentService] <INFO> 正在注册： vm-form-menu.vue文件 (ComponentService.plugin.js:251)
[09:55:43.98] [ComponentService] <INFO> 正在注册： vm-form-menuplugin.vue文件 (ComponentService.plugin.js:251)
[09:55:43.98] [ComponentService] <INFO> 正在注册： vm-form-role.vue文件 (ComponentService.plugin.js:251)
[09:55:43.99] [ComponentService] <INFO> 正在注册： vm-form-roleplugin.vue文件 (ComponentService.plugin.js:251)
[09:55:43.100] [ComponentService] <INFO> 正在注册： vm-form-servicelist.vue文件 (ComponentService.plugin.js:251)
[09:55:44.01] [ComponentService] <INFO> 正在注册： vm-form-user.vue文件 (ComponentService.plugin.js:251)
[09:55:44.02] [ComponentService] <INFO> 正在注册： vm-form-usergroup.vue文件 (ComponentService.plugin.js:251)
[09:55:44.02] [ComponentService] <INFO> 正在注册： vm-form-usergroupplugin.vue文件 (ComponentService.plugin.js:251)
[09:55:44.03] [ComponentService] <INFO> 正在注册： vm-form-usergroupreportpage.vue文件 (ComponentService.plugin.js:251)
[09:55:44.03] [ComponentService] <INFO> 正在注册： vm-form-usergroupzone.vue文件 (ComponentService.plugin.js:251)
[09:55:44.04] [ComponentService] <INFO> 正在注册： vm-form-userplugin.vue文件 (ComponentService.plugin.js:251)
[09:55:44.05] [ComponentService] <INFO> 正在注册： vm-grid-category.vue文件 (ComponentService.plugin.js:251)
[09:55:44.06] [ComponentService] <INFO> 正在注册： vm-grid-componentslist.vue文件 (ComponentService.plugin.js:251)
[09:55:44.06] [ComponentService] <INFO> 正在注册： vm-grid-menu.vue文件 (ComponentService.plugin.js:251)
[09:55:44.07] [ComponentService] <INFO> 正在注册： vm-grid-role.vue文件 (ComponentService.plugin.js:251)
[09:55:44.07] [ComponentService] <INFO> 正在注册： vm-grid-servicelist.vue文件 (ComponentService.plugin.js:251)
[09:55:44.08] [ComponentService] <INFO> 正在注册： vm-grid-user.vue文件 (ComponentService.plugin.js:251)
[09:55:44.09] [ComponentService] <INFO> 正在注册： vm-grid-usergroup.vue文件 (ComponentService.plugin.js:251)
[09:55:44.09] [ComponentService] <INFO> 正在注册： vm-nav-menu.vue文件 (ComponentService.plugin.js:251)
[09:55:44.10] [ComponentService] <INFO> 正在注册： vm-select-role.vue文件 (ComponentService.plugin.js:251)
[09:55:44.10] [ComponentService] <INFO> 正在注册： vm-select-usergroup.vue文件 (ComponentService.plugin.js:251)
[09:55:44.11] [ComponentService] <INFO> 正在注册： vm-tree-category.vue文件 (ComponentService.plugin.js:251)
[09:55:44.12] [ComponentService] <INFO> 正在注册： vm-tree-menu.vue文件 (ComponentService.plugin.js:251)
[09:55:44.13] [ComponentService] <INFO> 正在注册： vm-tree-role.vue文件 (ComponentService.plugin.js:251)
[10:19:05.30] [ComponentService] <INFO> 正在注册： vm-page-grid.vue文件 (ComponentService.plugin.js:251)
[10:19:09.53] [ComponentService] <INFO> 正在注册： vm-page-grid.vue文件 (ComponentService.plugin.js:251)
[10:19:14.19] [ComponentService] <INFO> 正在注册： vm-page-grid.vue文件 (ComponentService.plugin.js:251)
[10:20:41.79] [ComponentService] <INFO> 正在注册： vm-page-grid.vue文件 (ComponentService.plugin.js:251)
[10:20:45.82] [ComponentService] <INFO> 正在注册： vm-page-grid.vue文件 (ComponentService.plugin.js:251)
[10:20:58.55] [ComponentService] <INFO> 正在注册： vm-page-grid.vue文件 (ComponentService.plugin.js:251)
[10:22:33.71] [ComponentService] <INFO> 正在注册： vm-page-grid.vue文件 (ComponentService.plugin.js:251)
[10:22:59.76] [ComponentService] <INFO> 正在注册： vm-page-grid.vue文件 (ComponentService.plugin.js:251)
[10:23:08.28] [ComponentService] <INFO> 正在注册： vm-page-grid.vue文件 (ComponentService.plugin.js:251)
[10:23:11.08] [ComponentService] <INFO> 正在注册： vm-page-grid.vue文件 (ComponentService.plugin.js:251)
[10:23:14.91] [ComponentService] <INFO> 正在注册： vm-page-grid.vue文件 (ComponentService.plugin.js:251)
[10:51:26.54] [ComponentService] <INFO> 正在注册： vm-grid-activity.vue文件 (ComponentService.plugin.js:251)
[10:51:35.96] [ComponentService] <INFO> 正在注册： vm-grid-activity.vue文件 (ComponentService.plugin.js:251)
[10:51:39.75] [ComponentService] <INFO> 正在注册： vm-grid-activity.vue文件 (ComponentService.plugin.js:251)
[10:51:45.56] [ComponentService] <INFO> 正在注册： vm-grid-activity.vue文件 (ComponentService.plugin.js:251)
[10:51:48.16] [ComponentService] <INFO> 正在注册： vm-grid-activity.vue文件 (ComponentService.plugin.js:251)
[10:52:05.97] [ComponentService] <INFO> 正在注册： vm-grid-activity.vue文件 (ComponentService.plugin.js:251)
[10:56:45.50] [ComponentService] <INFO> 正在注册： vm-grid-activity.vue文件 (ComponentService.plugin.js:251)
[10:56:48.09] [ComponentService] <INFO> 正在注册： vm-grid-activity.vue文件 (ComponentService.plugin.js:251)
[10:57:04.94] [ComponentService] <INFO> 正在注册： vb-cascader-city.vue文件 (ComponentService.plugin.js:251)
[10:57:04.95] [ComponentService] <INFO> 正在注册： vb-form-businesstime.vue文件 (ComponentService.plugin.js:251)
[10:57:04.95] [ComponentService] <INFO> 正在注册： vb-form-businesstimeplugin.vue文件 (ComponentService.plugin.js:251)
[10:57:04.96] [ComponentService] <INFO> 正在注册： vb-form-chartoption.vue文件 (ComponentService.plugin.js:251)
[10:57:04.96] [ComponentService] <INFO> 正在注册： vb-form-chartstyle.vue文件 (ComponentService.plugin.js:251)
[10:57:04.97] [ComponentService] <INFO> 正在注册： vb-form-company.vue文件 (ComponentService.plugin.js:251)
[10:57:04.97] [ComponentService] <INFO> 正在注册： vb-form-conditionoption.vue文件 (ComponentService.plugin.js:251)
[10:57:04.98] [ComponentService] <INFO> 正在注册： vb-form-fencezone.vue文件 (ComponentService.plugin.js:251)
[10:57:04.98] [ComponentService] <INFO> 正在注册： vb-form-holiday.vue文件 (ComponentService.plugin.js:251)
[10:57:04.99] [ComponentService] <INFO> 正在注册： vb-form-indexoption.vue文件 (ComponentService.plugin.js:251)
[10:57:04.99] [ComponentService] <INFO> 正在注册： vb-form-location.vue文件 (ComponentService.plugin.js:251)
[10:57:05.00] [ComponentService] <INFO> 正在注册： vb-form-mall.vue文件 (ComponentService.plugin.js:251)
[10:57:05.01] [ComponentService] <INFO> 正在注册： vb-form-physicalzone.vue文件 (ComponentService.plugin.js:251)
[10:57:05.01] [ComponentService] <INFO> 正在注册： vb-form-reportmenu.vue文件 (ComponentService.plugin.js:251)
[10:57:05.01] [ComponentService] <INFO> 正在注册： vb-form-reportpage.vue文件 (ComponentService.plugin.js:251)
[10:57:05.02] [ComponentService] <INFO> 正在注册： vb-form-tag.vue文件 (ComponentService.plugin.js:251)
[10:57:05.02] [ComponentService] <INFO> 正在注册： vb-form-transfer-mall.vue文件 (ComponentService.plugin.js:251)
[10:57:05.03] [ComponentService] <INFO> 正在注册： vb-form-weather.vue文件 (ComponentService.plugin.js:251)
[10:57:05.03] [ComponentService] <INFO> 正在注册： vb-grid-activity.vue文件 (ComponentService.plugin.js:251)
[10:57:05.03] [ComponentService] <INFO> 正在注册： vb-grid-businesstime.vue文件 (ComponentService.plugin.js:251)
[10:57:05.04] [ComponentService] <INFO> 正在注册： vb-grid-chartoption.vue文件 (ComponentService.plugin.js:251)
[10:57:05.04] [ComponentService] <INFO> 正在注册： vb-grid-chartstyle.vue文件 (ComponentService.plugin.js:251)
[10:57:05.05] [ComponentService] <INFO> 正在注册： vb-grid-company.vue文件 (ComponentService.plugin.js:251)
[10:57:05.05] [ComponentService] <INFO> 正在注册： vb-grid-conditionoption.vue文件 (ComponentService.plugin.js:251)
[10:57:05.05] [ComponentService] <INFO> 正在注册： vb-grid-fencezone.vue文件 (ComponentService.plugin.js:251)
[10:57:05.06] [ComponentService] <INFO> 正在注册： vb-grid-holiday.vue文件 (ComponentService.plugin.js:251)
[10:57:05.06] [ComponentService] <INFO> 正在注册： vb-grid-indexoption.vue文件 (ComponentService.plugin.js:251)
[10:57:05.06] [ComponentService] <INFO> 正在注册： vb-grid-location.vue文件 (ComponentService.plugin.js:251)
[10:57:05.07] [ComponentService] <INFO> 正在注册： vb-grid-mall.vue文件 (ComponentService.plugin.js:251)
[10:57:05.07] [ComponentService] <INFO> 正在注册： vb-grid-physicalzone.vue文件 (ComponentService.plugin.js:251)
[10:57:05.08] [ComponentService] <INFO> 正在注册： vb-grid-reportmenu.vue文件 (ComponentService.plugin.js:251)
[10:57:05.08] [ComponentService] <INFO> 正在注册： vb-grid-reportpage.vue文件 (ComponentService.plugin.js:251)
[10:57:05.09] [ComponentService] <INFO> 正在注册： vb-grid-role.vue文件 (ComponentService.plugin.js:251)
[10:57:05.09] [ComponentService] <INFO> 正在注册： vb-grid-tag.vue文件 (ComponentService.plugin.js:251)
[10:57:05.10] [ComponentService] <INFO> 正在注册： vb-grid-user.vue文件 (ComponentService.plugin.js:251)
[10:57:05.10] [ComponentService] <INFO> 正在注册： vb-grid-weather.vue文件 (ComponentService.plugin.js:251)
[10:57:05.11] [ComponentService] <INFO> 正在注册： vb-log-malllog.vue文件 (ComponentService.plugin.js:251)
[10:57:05.11] [ComponentService] <INFO> 正在注册： vb-log-mallupdate.vue文件 (ComponentService.plugin.js:251)
[10:57:05.12] [ComponentService] <INFO> 正在注册： vb-log-zonelog.vue文件 (ComponentService.plugin.js:251)
[10:57:05.12] [ComponentService] <INFO> 正在注册： vb-log-zoneupdate.vue文件 (ComponentService.plugin.js:251)
[10:57:05.13] [ComponentService] <INFO> 正在注册： vb-page-activity.vue文件 (ComponentService.plugin.js:251)
[10:57:05.13] [ComponentService] <INFO> 正在注册： vb-page-businesstime.vue文件 (ComponentService.plugin.js:251)
[10:57:05.13] [ComponentService] <INFO> 正在注册： vb-page-chartoption.vue文件 (ComponentService.plugin.js:251)
[10:57:05.14] [ComponentService] <INFO> 正在注册： vb-page-chartstyle.vue文件 (ComponentService.plugin.js:251)
[10:57:05.14] [ComponentService] <INFO> 正在注册： vb-page-company.vue文件 (ComponentService.plugin.js:251)
[10:57:05.15] [ComponentService] <INFO> 正在注册： vb-page-conditionoption.vue文件 (ComponentService.plugin.js:251)
[10:57:05.15] [ComponentService] <INFO> 正在注册： vb-page-holiday.vue文件 (ComponentService.plugin.js:251)
[10:57:05.15] [ComponentService] <INFO> 正在注册： vb-page-indexoption.vue文件 (ComponentService.plugin.js:251)
[10:57:05.16] [ComponentService] <INFO> 正在注册： vb-page-mall.vue文件 (ComponentService.plugin.js:251)
[10:57:05.16] [ComponentService] <INFO> 正在注册： vb-page-reportmenu.vue文件 (ComponentService.plugin.js:251)
[10:57:05.17] [ComponentService] <INFO> 正在注册： vb-page-reportpage.vue文件 (ComponentService.plugin.js:251)
[10:57:05.18] [ComponentService] <INFO> 正在注册： vb-page-tag.vue文件 (ComponentService.plugin.js:251)
[10:57:05.19] [ComponentService] <INFO> 正在注册： vb-page-weather.vue文件 (ComponentService.plugin.js:251)
[10:57:05.19] [ComponentService] <INFO> 正在注册： vb-select-chartoption.vue文件 (ComponentService.plugin.js:251)
[10:57:05.20] [ComponentService] <INFO> 正在注册： vb-select-chartstyle.vue文件 (ComponentService.plugin.js:251)
[10:57:05.21] [ComponentService] <INFO> 正在注册： vb-select-company.vue文件 (ComponentService.plugin.js:251)
[10:57:05.22] [ComponentService] <INFO> 正在注册： vb-select-device.vue文件 (ComponentService.plugin.js:251)
[10:57:05.23] [ComponentService] <INFO> 正在注册： vb-select-fencezone.vue文件 (ComponentService.plugin.js:251)
[10:57:05.24] [ComponentService] <INFO> 正在注册： vb-select-indexoption.vue文件 (ComponentService.plugin.js:251)
[10:57:05.24] [ComponentService] <INFO> 正在注册： vb-select-mall.vue文件 (ComponentService.plugin.js:251)
[10:57:05.25] [ComponentService] <INFO> 正在注册： vb-select-menutype.vue文件 (ComponentService.plugin.js:251)
[10:57:05.26] [ComponentService] <INFO> 正在注册： vb-select-physicalzone.vue文件 (ComponentService.plugin.js:251)
[10:57:05.27] [ComponentService] <INFO> 正在注册： vb-select-reportmenu.vue文件 (ComponentService.plugin.js:251)
[10:57:05.28] [ComponentService] <INFO> 正在注册： vb-select-role.vue文件 (ComponentService.plugin.js:251)
[10:57:05.28] [ComponentService] <INFO> 正在注册： vb-select-usergroup.vue文件 (ComponentService.plugin.js:251)
[10:57:05.29] [ComponentService] <INFO> 正在注册： vb-select-zonetype.vue文件 (ComponentService.plugin.js:251)
[10:57:05.30] [ComponentService] <INFO> 正在注册： vb-transfer-chartoption.vue文件 (ComponentService.plugin.js:251)
[10:57:05.30] [ComponentService] <INFO> 正在注册： vb-transfer-conditionoption.vue文件 (ComponentService.plugin.js:251)
[10:57:05.31] [ComponentService] <INFO> 正在注册： vb-transfer-indexoption.vue文件 (ComponentService.plugin.js:251)
[10:57:05.31] [ComponentService] <INFO> 正在注册： vb-transfer-location.vue文件 (ComponentService.plugin.js:251)
[10:57:05.31] [ComponentService] <INFO> 正在注册： vb-transfer-mall.vue文件 (ComponentService.plugin.js:251)
[10:57:05.32] [ComponentService] <INFO> 正在注册： vb-transfer-physicalzone.vue文件 (ComponentService.plugin.js:251)
[10:57:05.33] [ComponentService] <INFO> 正在注册： vb-transfer-reportpage.vue文件 (ComponentService.plugin.js:251)
[10:57:05.33] [ComponentService] <INFO> 正在注册： vb-transfer-tag.vue文件 (ComponentService.plugin.js:251)
[10:57:05.34] [ComponentService] <INFO> 正在注册： vb-tree-category.vue文件 (ComponentService.plugin.js:251)
[10:57:05.34] [ComponentService] <INFO> 正在注册： vb-tree-location.vue文件 (ComponentService.plugin.js:251)
[10:57:05.35] [ComponentService] <INFO> 正在注册： vb-zonecamera-query.vue文件 (ComponentService.plugin.js:251)
[10:57:05.40] [ComponentService] <INFO> 正在注册： vx-basic-demo.vue文件 (ComponentService.plugin.js:251)
[10:57:05.41] [ComponentService] <INFO> 正在注册： vm-form-location.vue文件 (ComponentService.plugin.js:251)
[10:57:05.42] [ComponentService] <INFO> 正在注册： vm-grid-location.vue文件 (ComponentService.plugin.js:251)
[10:57:05.43] [ComponentService] <INFO> 正在注册： vm-select-company.vue文件 (ComponentService.plugin.js:251)
[10:57:05.44] [ComponentService] <INFO> 正在注册： vm-transfer-mall.vue文件 (ComponentService.plugin.js:251)
[10:57:05.44] [ComponentService] <INFO> 正在注册： vm-transfer-physicalzone.vue文件 (ComponentService.plugin.js:251)
[10:57:05.45] [ComponentService] <INFO> 正在注册： vm-transfer-reportpage.vue文件 (ComponentService.plugin.js:251)
[10:57:05.45] [ComponentService] <INFO> 正在注册： vm-tree-location.vue文件 (ComponentService.plugin.js:251)
[10:57:05.48] [ComponentService] <INFO> 正在注册： vm-page-grid.vue文件 (ComponentService.plugin.js:251)
[10:57:05.51] [ComponentService] <INFO> 正在注册： vx-basic-button.vue文件 (ComponentService.plugin.js:251)
[10:57:05.51] [ComponentService] <INFO> 正在注册： vx-basic-tree.vue文件 (ComponentService.plugin.js:251)
[10:57:05.52] [ComponentService] <INFO> 正在注册： vx-container-col.vue文件 (ComponentService.plugin.js:251)
[10:57:05.53] [ComponentService] <INFO> 正在注册： vx-container-combo.vue文件 (ComponentService.plugin.js:251)
[10:57:05.54] [ComponentService] <INFO> 正在注册： vx-container-dialog.vue文件 (ComponentService.plugin.js:251)
[10:57:05.55] [ComponentService] <INFO> 正在注册： vx-container-gridster.vue文件 (ComponentService.plugin.js:251)
[10:57:05.56] [ComponentService] <INFO> 正在注册： vx-container-item.vue文件 (ComponentService.plugin.js:251)
[10:57:05.56] [ComponentService] <INFO> 正在注册： vx-container-row.vue文件 (ComponentService.plugin.js:251)
[10:57:05.57] [ComponentService] <INFO> 正在注册： vx-form-cascader.vue文件 (ComponentService.plugin.js:251)
[10:57:05.58] [ComponentService] <INFO> 正在注册： vx-form-check.vue文件 (ComponentService.plugin.js:251)
[10:57:05.66] [ComponentService] <INFO> 正在注册： vx-form-clockpicker.vue文件 (ComponentService.plugin.js:251)
[10:57:05.68] [ComponentService] <INFO> 正在注册： vx-form-daterangepicker.vue文件 (ComponentService.plugin.js:251)
[10:57:05.69] [ComponentService] <INFO> 正在注册： vx-form-datesinglepicker.vue文件 (ComponentService.plugin.js:251)
[10:57:05.70] [ComponentService] <INFO> 正在注册： vx-form-group-select.vue文件 (ComponentService.plugin.js:251)
[10:57:05.70] [ComponentService] <INFO> 正在注册： vx-form-input.vue文件 (ComponentService.plugin.js:251)
[10:57:05.71] [ComponentService] <INFO> 正在注册： vx-form-location.vue文件 (ComponentService.plugin.js:251)
[10:57:05.56] [ComponentService] <INFO> 正在注册： vx-container-tab.vue文件 (ComponentService.plugin.js:251)
[10:57:05.71] [ComponentService] <INFO> 正在注册： vx-form-number.vue文件 (ComponentService.plugin.js:251)
[10:57:05.72] [ComponentService] <INFO> 正在注册： vx-form-password.vue文件 (ComponentService.plugin.js:251)
[10:57:05.72] [ComponentService] <INFO> 正在注册： vx-form-radio.vue文件 (ComponentService.plugin.js:251)
[10:57:05.73] [ComponentService] <INFO> 正在注册： vx-form-select.vue文件 (ComponentService.plugin.js:251)
[10:57:05.73] [ComponentService] <INFO> 正在注册： vx-form-transfer.vue文件 (ComponentService.plugin.js:251)
[10:57:05.74] [ComponentService] <INFO> 正在注册： vx-nav-breadcrumb.vue文件 (ComponentService.plugin.js:251)
[10:57:05.74] [ComponentService] <INFO> 正在注册： vx-nav-dropmenu.vue文件 (ComponentService.plugin.js:251)
[10:57:05.75] [ComponentService] <INFO> 正在注册： vx-nav-navmenu.vue文件 (ComponentService.plugin.js:251)
[10:57:05.76] [ComponentService] <INFO> 正在注册： vx-tab-pane.vue文件 (ComponentService.plugin.js:251)
[10:57:05.76] [ComponentService] <INFO> 正在注册： vx-tabs.vue文件 (ComponentService.plugin.js:251)
[10:57:05.76] [ComponentService] <INFO> 正在注册： vx-view-baidumap.vue文件 (ComponentService.plugin.js:251)
[10:57:05.77] [ComponentService] <INFO> 正在注册： vx-view-countup.vue文件 (ComponentService.plugin.js:251)
[10:57:05.78] [ComponentService] <INFO> 正在注册： vx-view-datatable.vue文件 (ComponentService.plugin.js:251)
[10:57:05.78] [ComponentService] <INFO> 正在注册： vx-view-dialog.vue文件 (ComponentService.plugin.js:251)
[10:57:05.79] [ComponentService] <INFO> 正在注册： vx-view-echart.vue文件 (ComponentService.plugin.js:251)
[10:57:05.79] [ComponentService] <INFO> 正在注册： vx-view-govmap.vue文件 (ComponentService.plugin.js:251)
[10:57:05.80] [ComponentService] <INFO> 正在注册： vx-view-heatmap.vue文件 (ComponentService.plugin.js:251)
[10:57:05.81] [ComponentService] <INFO> 正在注册： vx-view-linescroll.vue文件 (ComponentService.plugin.js:251)
[10:57:05.81] [ComponentService] <INFO> 正在注册： vx-view-map.vue文件 (ComponentService.plugin.js:251)
[10:57:05.82] [ComponentService] <INFO> 正在注册： vx-view-pagelist.vue文件 (ComponentService.plugin.js:251)
[10:57:05.83] [ComponentService] <INFO> 正在注册： vx-view-pagesize.vue文件 (ComponentService.plugin.js:251)
[10:57:05.83] [ComponentService] <INFO> 正在注册： vd-bd-loaddata.vue文件 (ComponentService.plugin.js:251)
[10:57:05.83] [ComponentService] <INFO> 正在注册： vd-bd-savedata.vue文件 (ComponentService.plugin.js:251)
[10:57:05.84] [ComponentService] <INFO> 正在注册： vd-company-activity.vue文件 (ComponentService.plugin.js:251)
[10:57:05.84] [ComponentService] <INFO> 正在注册： vd-company-businesstime.vue文件 (ComponentService.plugin.js:251)
[10:57:05.85] [ComponentService] <INFO> 正在注册： vd-company-company.vue文件 (ComponentService.plugin.js:251)
[10:57:05.85] [ComponentService] <INFO> 正在注册： vd-company-device.vue文件 (ComponentService.plugin.js:251)
[10:57:05.86] [ComponentService] <INFO> 正在注册： vd-company-holiday.vue文件 (ComponentService.plugin.js:251)
[10:57:05.86] [ComponentService] <INFO> 正在注册： vd-company-mall.vue文件 (ComponentService.plugin.js:251)
[10:57:05.86] [ComponentService] <INFO> 正在注册： vd-company-physicalzone.vue文件 (ComponentService.plugin.js:251)
[10:57:05.87] [ComponentService] <INFO> 正在注册： vd-company-tag.vue文件 (ComponentService.plugin.js:251)
[10:57:05.87] [ComponentService] <INFO> 正在注册： vd-log-mallupdate.vue文件 (ComponentService.plugin.js:251)
[10:57:05.88] [ComponentService] <INFO> 正在注册： vd-log-weather.vue文件 (ComponentService.plugin.js:251)
[10:57:05.88] [ComponentService] <INFO> 正在注册： vd-log-zoneupdate.vue文件 (ComponentService.plugin.js:251)
[10:57:05.88] [ComponentService] <INFO> 正在注册： vd-report-chartoption.vue文件 (ComponentService.plugin.js:251)
[10:57:05.89] [ComponentService] <INFO> 正在注册： vd-report-chartstyle.vue文件 (ComponentService.plugin.js:251)
[10:57:05.89] [ComponentService] <INFO> 正在注册： vd-report-conditionoption.vue文件 (ComponentService.plugin.js:251)
[10:57:05.89] [ComponentService] <INFO> 正在注册： vd-report-indexoption.vue文件 (ComponentService.plugin.js:251)
[10:57:05.90] [ComponentService] <INFO> 正在注册： vd-report-reportmenu.vue文件 (ComponentService.plugin.js:251)
[10:57:05.90] [ComponentService] <INFO> 正在注册： vd-report-reportpage.vue文件 (ComponentService.plugin.js:251)
[10:57:05.91] [ComponentService] <INFO> 正在注册： vd-report-servicelist.vue文件 (ComponentService.plugin.js:251)
[10:57:05.91] [ComponentService] <INFO> 正在注册： vd-system-category.vue文件 (ComponentService.plugin.js:251)
[10:57:05.91] [ComponentService] <INFO> 正在注册： vd-system-location.vue文件 (ComponentService.plugin.js:251)
[10:57:05.92] [ComponentService] <INFO> 正在注册： vd-system-menu.vue文件 (ComponentService.plugin.js:251)
[10:57:05.92] [ComponentService] <INFO> 正在注册： vd-system-role.vue文件 (ComponentService.plugin.js:251)
[10:57:05.93] [ComponentService] <INFO> 正在注册： vd-system-user.vue文件 (ComponentService.plugin.js:251)
[10:57:05.93] [ComponentService] <INFO> 正在注册： vd-system-usergroup.vue文件 (ComponentService.plugin.js:251)
[10:57:05.93] [ComponentService] <INFO> 正在注册： vm-form-activity.vue文件 (ComponentService.plugin.js:251)
[10:57:05.94] [ComponentService] <INFO> 正在注册： vm-form-activityplugin.vue文件 (ComponentService.plugin.js:251)
[10:57:05.94] [ComponentService] <INFO> 正在注册： vm-form-businesstime.vue文件 (ComponentService.plugin.js:251)
[10:57:05.95] [ComponentService] <INFO> 正在注册： vm-form-businesstimeplugin.vue文件 (ComponentService.plugin.js:251)
[10:57:05.95] [ComponentService] <INFO> 正在注册： vm-form-holiday.vue文件 (ComponentService.plugin.js:251)
[10:57:05.96] [ComponentService] <INFO> 正在注册： vm-form-mall.vue文件 (ComponentService.plugin.js:251)
[10:57:05.96] [ComponentService] <INFO> 正在注册： vm-form-mallupdate.vue文件 (ComponentService.plugin.js:251)
[10:57:05.97] [ComponentService] <INFO> 正在注册： vm-form-tag.vue文件 (ComponentService.plugin.js:251)
[10:57:05.98] [ComponentService] <INFO> 正在注册： vm-form-weather.vue文件 (ComponentService.plugin.js:251)
[10:57:05.98] [ComponentService] <INFO> 正在注册： vm-form-zoneupdate.vue文件 (ComponentService.plugin.js:251)
[10:57:05.99] [ComponentService] <INFO> 正在注册： vm-grid-activity.vue文件 (ComponentService.plugin.js:251)
[10:57:05.99] [ComponentService] <INFO> 正在注册： vm-grid-businesstime.vue文件 (ComponentService.plugin.js:251)
[10:57:05.100] [ComponentService] <INFO> 正在注册： vm-grid-historicalcount.vue文件 (ComponentService.plugin.js:251)
[10:57:06.01] [ComponentService] <INFO> 正在注册： vm-grid-historicaldwell.vue文件 (ComponentService.plugin.js:251)
[10:57:06.01] [ComponentService] <INFO> 正在注册： vm-grid-historicalfitting.vue文件 (ComponentService.plugin.js:251)
[10:57:06.01] [ComponentService] <INFO> 正在注册： vm-grid-historicalpassby.vue文件 (ComponentService.plugin.js:251)
[10:57:06.02] [ComponentService] <INFO> 正在注册： vm-grid-historicalsummary.vue文件 (ComponentService.plugin.js:251)
[10:57:06.02] [ComponentService] <INFO> 正在注册： vm-grid-holiday.vue文件 (ComponentService.plugin.js:251)
[10:57:06.03] [ComponentService] <INFO> 正在注册： vm-grid-mall.vue文件 (ComponentService.plugin.js:251)
[10:57:06.03] [ComponentService] <INFO> 正在注册： vm-grid-tag.vue文件 (ComponentService.plugin.js:251)
[10:57:06.04] [ComponentService] <INFO> 正在注册： vm-grid-weather.vue文件 (ComponentService.plugin.js:251)
[10:57:06.04] [ComponentService] <INFO> 正在注册： vm-report-times.vue文件 (ComponentService.plugin.js:251)
[10:57:06.05] [ComponentService] <INFO> 正在注册： vm-select-devicecode.vue文件 (ComponentService.plugin.js:251)
[10:57:06.06] [ComponentService] <INFO> 正在注册： vm-transfer-tag.vue文件 (ComponentService.plugin.js:251)
[10:57:06.08] [ComponentService] <INFO> 正在注册： vm-form-menu.vue文件 (ComponentService.plugin.js:251)
[10:57:06.06] [ComponentService] <INFO> 正在注册： vm-form-category.vue文件 (ComponentService.plugin.js:251)
[10:57:06.09] [ComponentService] <INFO> 正在注册： vm-form-menuplugin.vue文件 (ComponentService.plugin.js:251)
[10:57:06.08] [ComponentService] <INFO> 正在注册： vm-form-componentslist.vue文件 (ComponentService.plugin.js:251)
[10:57:06.12] [ComponentService] <INFO> 正在注册： vm-form-servicelist.vue文件 (ComponentService.plugin.js:251)
[10:57:06.11] [ComponentService] <INFO> 正在注册： vm-form-roleplugin.vue文件 (ComponentService.plugin.js:251)
[10:57:06.09] [ComponentService] <INFO> 正在注册： vm-form-role.vue文件 (ComponentService.plugin.js:251)
[10:57:06.13] [ComponentService] <INFO> 正在注册： vm-form-user.vue文件 (ComponentService.plugin.js:251)
[10:57:06.14] [ComponentService] <INFO> 正在注册： vm-form-usergroupplugin.vue文件 (ComponentService.plugin.js:251)
[10:57:06.15] [ComponentService] <INFO> 正在注册： vm-form-usergroupreportpage.vue文件 (ComponentService.plugin.js:251)
[10:57:06.13] [ComponentService] <INFO> 正在注册： vm-form-usergroup.vue文件 (ComponentService.plugin.js:251)
[10:57:06.16] [ComponentService] <INFO> 正在注册： vm-form-userplugin.vue文件 (ComponentService.plugin.js:251)
[10:57:06.16] [ComponentService] <INFO> 正在注册： vm-form-usergroupzone.vue文件 (ComponentService.plugin.js:251)
[10:57:06.17] [ComponentService] <INFO> 正在注册： vm-grid-category.vue文件 (ComponentService.plugin.js:251)
[10:57:06.18] [ComponentService] <INFO> 正在注册： vm-grid-componentslist.vue文件 (ComponentService.plugin.js:251)
[10:57:06.18] [ComponentService] <INFO> 正在注册： vm-grid-menu.vue文件 (ComponentService.plugin.js:251)
[10:57:06.19] [ComponentService] <INFO> 正在注册： vm-grid-role.vue文件 (ComponentService.plugin.js:251)
[10:57:06.19] [ComponentService] <INFO> 正在注册： vm-grid-servicelist.vue文件 (ComponentService.plugin.js:251)
[10:57:06.20] [ComponentService] <INFO> 正在注册： vm-grid-user.vue文件 (ComponentService.plugin.js:251)
[10:57:06.20] [ComponentService] <INFO> 正在注册： vm-grid-usergroup.vue文件 (ComponentService.plugin.js:251)
[10:57:06.21] [ComponentService] <INFO> 正在注册： vm-nav-menu.vue文件 (ComponentService.plugin.js:251)
[10:57:06.21] [ComponentService] <INFO> 正在注册： vm-select-role.vue文件 (ComponentService.plugin.js:251)
[10:57:06.21] [ComponentService] <INFO> 正在注册： vm-select-usergroup.vue文件 (ComponentService.plugin.js:251)
[10:57:06.22] [ComponentService] <INFO> 正在注册： vm-tree-category.vue文件 (ComponentService.plugin.js:251)
[10:57:06.23] [ComponentService] <INFO> 正在注册： vm-tree-menu.vue文件 (ComponentService.plugin.js:251)
[10:57:06.23] [ComponentService] <INFO> 正在注册： vm-tree-role.vue文件 (ComponentService.plugin.js:251)
[10:57:24.63] [ComponentService] <INFO> 正在注册： vm-form-activityplugin.vue文件 (ComponentService.plugin.js:251)
[10:57:28.63] [ComponentService] <INFO> 正在注册： vm-form-activityplugin.vue文件 (ComponentService.plugin.js:251)
[10:57:51.85] [ComponentService] <INFO> 正在注册： vm-form-activity.vue文件 (ComponentService.plugin.js:251)
[10:59:08.64] [ComponentService] <INFO> 正在注册： vm-form-activity.vue文件 (ComponentService.plugin.js:251)
[11:03:05.36] [ComponentService] <INFO> 正在注册： vm-form-activity.vue文件 (ComponentService.plugin.js:251)
[16:30:46.59] [ComponentService] <INFO> 正在注册： vm-report-times.vue文件 (ComponentService.plugin.js:251)
