[14:24:06.57] [ComponentService] <INFO> 正在注册： vb-cascader-city.vue文件 (ComponentService.plugin.js:249)
[14:24:06.58] [ComponentService] <INFO> 正在注册： vb-form-activity.vue文件 (ComponentService.plugin.js:249)
[14:24:06.59] [ComponentService] <INFO> 正在注册： vb-form-businesstime.vue文件 (ComponentService.plugin.js:249)
[14:24:06.60] [ComponentService] <INFO> 正在注册： vb-form-businesstimeplugin.vue文件 (ComponentService.plugin.js:249)
[14:24:06.61] [ComponentService] <INFO> 正在注册： vb-form-chartoption.vue文件 (ComponentService.plugin.js:249)
[14:24:06.62] [ComponentService] <INFO> 正在注册： vb-form-chartstyle.vue文件 (ComponentService.plugin.js:249)
[14:24:06.62] [ComponentService] <INFO> 正在注册： vb-form-company.vue文件 (ComponentService.plugin.js:249)
[14:24:06.63] [ComponentService] <INFO> 正在注册： vb-form-conditionoption.vue文件 (ComponentService.plugin.js:249)
[14:24:06.64] [ComponentService] <INFO> 正在注册： vb-form-fencezone.vue文件 (ComponentService.plugin.js:249)
[14:24:06.64] [ComponentService] <INFO> 正在注册： vb-form-holiday.vue文件 (ComponentService.plugin.js:249)
[14:24:06.65] [ComponentService] <INFO> 正在注册： vb-form-indexoption.vue文件 (ComponentService.plugin.js:249)
[14:24:06.66] [ComponentService] <INFO> 正在注册： vb-form-location.vue文件 (ComponentService.plugin.js:249)
[14:24:06.66] [ComponentService] <INFO> 正在注册： vb-form-mall.vue文件 (ComponentService.plugin.js:249)
[14:24:06.67] [ComponentService] <INFO> 正在注册： vb-form-physicalzone.vue文件 (ComponentService.plugin.js:249)
[14:24:06.68] [ComponentService] <INFO> 正在注册： vb-form-reportmenu.vue文件 (ComponentService.plugin.js:249)
[14:24:06.68] [ComponentService] <INFO> 正在注册： vb-form-reportpage.vue文件 (ComponentService.plugin.js:249)
[14:24:06.69] [ComponentService] <INFO> 正在注册： vb-form-tag.vue文件 (ComponentService.plugin.js:249)
[14:24:06.69] [ComponentService] <INFO> 正在注册： vb-form-transfer-mall.vue文件 (ComponentService.plugin.js:249)
[14:24:06.70] [ComponentService] <INFO> 正在注册： vb-form-weather.vue文件 (ComponentService.plugin.js:249)
[14:24:06.70] [ComponentService] <INFO> 正在注册： vb-grid-activity.vue文件 (ComponentService.plugin.js:249)
[14:24:06.71] [ComponentService] <INFO> 正在注册： vb-grid-businesstime.vue文件 (ComponentService.plugin.js:249)
[14:24:06.72] [ComponentService] <INFO> 正在注册： vb-grid-chartoption.vue文件 (ComponentService.plugin.js:249)
[14:24:06.72] [ComponentService] <INFO> 正在注册： vb-grid-chartstyle.vue文件 (ComponentService.plugin.js:249)
[14:24:06.73] [ComponentService] <INFO> 正在注册： vb-grid-company.vue文件 (ComponentService.plugin.js:249)
[14:24:06.73] [ComponentService] <INFO> 正在注册： vb-grid-conditionoption.vue文件 (ComponentService.plugin.js:249)
[14:24:06.74] [ComponentService] <INFO> 正在注册： vb-grid-fencezone.vue文件 (ComponentService.plugin.js:249)
[14:24:06.75] [ComponentService] <INFO> 正在注册： vb-grid-holiday.vue文件 (ComponentService.plugin.js:249)
[14:24:06.75] [ComponentService] <INFO> 正在注册： vb-grid-indexoption.vue文件 (ComponentService.plugin.js:249)
[14:24:06.76] [ComponentService] <INFO> 正在注册： vb-grid-location.vue文件 (ComponentService.plugin.js:249)
[14:24:06.76] [ComponentService] <INFO> 正在注册： vb-grid-mall.vue文件 (ComponentService.plugin.js:249)
[14:24:06.77] [ComponentService] <INFO> 正在注册： vb-grid-physicalzone.vue文件 (ComponentService.plugin.js:249)
[14:24:06.77] [ComponentService] <INFO> 正在注册： vb-grid-reportmenu.vue文件 (ComponentService.plugin.js:249)
[14:24:06.78] [ComponentService] <INFO> 正在注册： vb-grid-reportpage.vue文件 (ComponentService.plugin.js:249)
[14:24:06.79] [ComponentService] <INFO> 正在注册： vb-grid-role.vue文件 (ComponentService.plugin.js:249)
[14:24:06.79] [ComponentService] <INFO> 正在注册： vb-grid-tag.vue文件 (ComponentService.plugin.js:249)
[14:24:06.80] [ComponentService] <INFO> 正在注册： vb-grid-user.vue文件 (ComponentService.plugin.js:249)
[14:24:06.80] [ComponentService] <INFO> 正在注册： vb-grid-weather.vue文件 (ComponentService.plugin.js:249)
[14:24:06.81] [ComponentService] <INFO> 正在注册： vb-log-malllog.vue文件 (ComponentService.plugin.js:249)
[14:24:06.81] [ComponentService] <INFO> 正在注册： vb-log-mallupdate.vue文件 (ComponentService.plugin.js:249)
[14:24:06.82] [ComponentService] <INFO> 正在注册： vb-log-zonelog.vue文件 (ComponentService.plugin.js:249)
[14:24:06.82] [ComponentService] <INFO> 正在注册： vb-log-zoneupdate.vue文件 (ComponentService.plugin.js:249)
[14:24:06.83] [ComponentService] <INFO> 正在注册： vb-page-activity.vue文件 (ComponentService.plugin.js:249)
[14:24:06.83] [ComponentService] <INFO> 正在注册： vb-page-businesstime.vue文件 (ComponentService.plugin.js:249)
[14:24:06.84] [ComponentService] <INFO> 正在注册： vb-page-chartoption.vue文件 (ComponentService.plugin.js:249)
[14:24:06.84] [ComponentService] <INFO> 正在注册： vb-page-chartstyle.vue文件 (ComponentService.plugin.js:249)
[14:24:06.85] [ComponentService] <INFO> 正在注册： vb-page-company.vue文件 (ComponentService.plugin.js:249)
[14:24:06.86] [ComponentService] <INFO> 正在注册： vb-page-conditionoption.vue文件 (ComponentService.plugin.js:249)
[14:24:06.86] [ComponentService] <INFO> 正在注册： vb-page-holiday.vue文件 (ComponentService.plugin.js:249)
[14:24:06.87] [ComponentService] <INFO> 正在注册： vb-page-indexoption.vue文件 (ComponentService.plugin.js:249)
[14:24:06.87] [ComponentService] <INFO> 正在注册： vb-page-mall.vue文件 (ComponentService.plugin.js:249)
[14:24:06.88] [ComponentService] <INFO> 正在注册： vb-page-reportmenu.vue文件 (ComponentService.plugin.js:249)
[14:24:06.88] [ComponentService] <INFO> 正在注册： vb-page-reportpage.vue文件 (ComponentService.plugin.js:249)
[14:24:06.89] [ComponentService] <INFO> 正在注册： vb-page-tag.vue文件 (ComponentService.plugin.js:249)
[14:24:06.89] [ComponentService] <INFO> 正在注册： vb-page-weather.vue文件 (ComponentService.plugin.js:249)
[14:24:06.90] [ComponentService] <INFO> 正在注册： vb-select-chartoption.vue文件 (ComponentService.plugin.js:249)
[14:24:06.90] [ComponentService] <INFO> 正在注册： vb-select-chartstyle.vue文件 (ComponentService.plugin.js:249)
[14:24:06.91] [ComponentService] <INFO> 正在注册： vb-select-company.vue文件 (ComponentService.plugin.js:249)
[14:24:06.91] [ComponentService] <INFO> 正在注册： vb-select-device.vue文件 (ComponentService.plugin.js:249)
[14:24:06.92] [ComponentService] <INFO> 正在注册： vb-select-fencezone.vue文件 (ComponentService.plugin.js:249)
[14:24:06.92] [ComponentService] <INFO> 正在注册： vb-select-indexoption.vue文件 (ComponentService.plugin.js:249)
[14:24:06.93] [ComponentService] <INFO> 正在注册： vb-select-mall.vue文件 (ComponentService.plugin.js:249)
[14:24:06.93] [ComponentService] <INFO> 正在注册： vb-select-menutype.vue文件 (ComponentService.plugin.js:249)
[14:24:06.94] [ComponentService] <INFO> 正在注册： vb-select-physicalzone.vue文件 (ComponentService.plugin.js:249)
[14:24:06.94] [ComponentService] <INFO> 正在注册： vb-select-reportmenu.vue文件 (ComponentService.plugin.js:249)
[14:24:06.95] [ComponentService] <INFO> 正在注册： vb-select-role.vue文件 (ComponentService.plugin.js:249)
[14:24:06.95] [ComponentService] <INFO> 正在注册： vb-select-usergroup.vue文件 (ComponentService.plugin.js:249)
[14:24:06.96] [ComponentService] <INFO> 正在注册： vb-select-zonetype.vue文件 (ComponentService.plugin.js:249)
[14:24:06.96] [ComponentService] <INFO> 正在注册： vb-transfer-chartoption.vue文件 (ComponentService.plugin.js:249)
[14:24:06.97] [ComponentService] <INFO> 正在注册： vb-transfer-conditionoption.vue文件 (ComponentService.plugin.js:249)
[14:24:06.98] [ComponentService] <INFO> 正在注册： vb-transfer-indexoption.vue文件 (ComponentService.plugin.js:249)
[14:24:06.98] [ComponentService] <INFO> 正在注册： vb-transfer-location.vue文件 (ComponentService.plugin.js:249)
[14:24:06.99] [ComponentService] <INFO> 正在注册： vb-transfer-mall.vue文件 (ComponentService.plugin.js:249)
[14:24:06.99] [ComponentService] <INFO> 正在注册： vb-transfer-physicalzone.vue文件 (ComponentService.plugin.js:249)
[14:24:06.100] [ComponentService] <INFO> 正在注册： vb-transfer-reportpage.vue文件 (ComponentService.plugin.js:249)
[14:24:07.00] [ComponentService] <INFO> 正在注册： vb-transfer-tag.vue文件 (ComponentService.plugin.js:249)
[14:24:07.01] [ComponentService] <INFO> 正在注册： vb-tree-category.vue文件 (ComponentService.plugin.js:249)
[14:24:07.01] [ComponentService] <INFO> 正在注册： vb-tree-location.vue文件 (ComponentService.plugin.js:249)
[14:24:07.02] [ComponentService] <INFO> 正在注册： vb-zonecamera-query.vue文件 (ComponentService.plugin.js:249)
[14:24:07.02] [ComponentService] <INFO> 正在注册： vd-bd-devicezone.vue文件 (ComponentService.plugin.js:249)
[14:24:07.03] [ComponentService] <INFO> 正在注册： vd-bd-fencezone.vue文件 (ComponentService.plugin.js:249)
[14:24:07.04] [ComponentService] <INFO> 正在注册： vd-bd-grid.vue文件 (ComponentService.plugin.js:249)
[14:24:07.04] [ComponentService] <INFO> 正在注册： vd-bd-loaddata.vue文件 (ComponentService.plugin.js:249)
[14:24:07.05] [ComponentService] <INFO> 正在注册： vd-bd-physicallinkeddevice.vue文件 (ComponentService.plugin.js:249)
[14:24:07.05] [ComponentService] <INFO> 正在注册： vd-bd-savedata.vue文件 (ComponentService.plugin.js:249)
[14:24:07.10] [ComponentService] <INFO> 正在注册： vx-basic-demo.vue文件 (ComponentService.plugin.js:249)
[14:24:07.13] [ComponentService] <INFO> 正在注册： vm-form-location.vue文件 (ComponentService.plugin.js:249)
[14:24:07.13] [ComponentService] <INFO> 正在注册： vm-grid-location.vue文件 (ComponentService.plugin.js:249)
[14:24:07.14] [ComponentService] <INFO> 正在注册： vm-select-company.vue文件 (ComponentService.plugin.js:249)
[14:24:07.15] [ComponentService] <INFO> 正在注册： vm-select-mall.vue文件 (ComponentService.plugin.js:249)
[14:24:07.15] [ComponentService] <INFO> 正在注册： vm-transfer-mall.vue文件 (ComponentService.plugin.js:249)
[14:24:07.16] [ComponentService] <INFO> 正在注册： vm-transfer-physicalzone.vue文件 (ComponentService.plugin.js:249)
[14:24:07.16] [ComponentService] <INFO> 正在注册： vm-transfer-reportpage.vue文件 (ComponentService.plugin.js:249)
[14:24:07.17] [ComponentService] <INFO> 正在注册： vm-tree-location.vue文件 (ComponentService.plugin.js:249)
[14:24:07.18] [ComponentService] <INFO> 正在注册： vp-footer-default.vue文件 (ComponentService.plugin.js:249)
[14:24:07.20] [ComponentService] <INFO> 正在注册： vp-header-default.vue文件 (ComponentService.plugin.js:249)
[14:24:07.22] [ComponentService] <INFO> 正在注册： vp-header-filer.vue文件 (ComponentService.plugin.js:249)
[14:24:07.25] [ComponentService] <INFO> 正在注册： vp-header-nav.vue文件 (ComponentService.plugin.js:249)
[14:24:07.26] [ComponentService] <INFO> 正在注册： vp-main-home-default.vue文件 (ComponentService.plugin.js:249)
[14:24:07.26] [ComponentService] <INFO> 正在注册： vp-main-report-default.vue文件 (ComponentService.plugin.js:249)
[14:24:07.28] [ComponentService] <INFO> 正在注册： vp-nav-homeicon.vue文件 (ComponentService.plugin.js:249)
[14:24:07.28] [ComponentService] <INFO> 正在注册： vp-page-grid.vue文件 (ComponentService.plugin.js:249)
[14:24:07.29] [ComponentService] <INFO> 正在注册： vp-widget-flowdistribution.vue文件 (ComponentService.plugin.js:249)
[14:24:07.30] [ComponentService] <INFO> 正在注册： vp-widget-flowtime.vue文件 (ComponentService.plugin.js:249)
[14:24:07.30] [ComponentService] <INFO> 正在注册： vp-widget-home-chart.vue文件 (ComponentService.plugin.js:249)
[14:24:07.31] [ComponentService] <INFO> 正在注册： vp-widget-home-data.vue文件 (ComponentService.plugin.js:249)
[14:24:07.33] [ComponentService] <INFO> 正在注册： vp-widget-home-ranking.vue文件 (ComponentService.plugin.js:249)
[14:24:07.36] [ComponentService] <INFO> 正在注册： vp-widget-report-compare.vue文件 (ComponentService.plugin.js:249)
[14:24:07.38] [ComponentService] <INFO> 正在注册： vp-widget-time-selection.vue文件 (ComponentService.plugin.js:249)
[14:24:07.41] [ComponentService] <INFO> 正在注册： vm-layout-page.vue文件 (ComponentService.plugin.js:249)
[14:24:07.41] [ComponentService] <INFO> 正在注册： vx-basic-button.vue文件 (ComponentService.plugin.js:249)
[14:24:07.42] [ComponentService] <INFO> 正在注册： vx-basic-tree.vue文件 (ComponentService.plugin.js:249)
[14:24:07.42] [ComponentService] <INFO> 正在注册： vx-container-col.vue文件 (ComponentService.plugin.js:249)
[14:24:07.43] [ComponentService] <INFO> 正在注册： vx-container-combo.vue文件 (ComponentService.plugin.js:249)
[14:24:07.44] [ComponentService] <INFO> 正在注册： vx-container-dialog.vue文件 (ComponentService.plugin.js:249)
[14:24:07.44] [ComponentService] <INFO> 正在注册： vx-container-gridster.vue文件 (ComponentService.plugin.js:249)
[14:24:07.45] [ComponentService] <INFO> 正在注册： vx-container-item.vue文件 (ComponentService.plugin.js:249)
[14:24:07.45] [ComponentService] <INFO> 正在注册： vx-container-row.vue文件 (ComponentService.plugin.js:249)
[14:24:07.46] [ComponentService] <INFO> 正在注册： vx-container-tab.vue文件 (ComponentService.plugin.js:249)
[14:24:07.46] [ComponentService] <INFO> 正在注册： vx-form-cascader.vue文件 (ComponentService.plugin.js:249)
[14:24:07.47] [ComponentService] <INFO> 正在注册： vx-form-check.vue文件 (ComponentService.plugin.js:249)
[14:24:07.48] [ComponentService] <INFO> 正在注册： vx-form-clockpicker.vue文件 (ComponentService.plugin.js:249)
[14:24:07.49] [ComponentService] <INFO> 正在注册： vx-form-daterangepicker.vue文件 (ComponentService.plugin.js:249)
[14:24:07.50] [ComponentService] <INFO> 正在注册： vx-form-datesinglepicker.vue文件 (ComponentService.plugin.js:249)
[14:24:07.51] [ComponentService] <INFO> 正在注册： vx-form-group-select.vue文件 (ComponentService.plugin.js:249)
[14:24:07.52] [ComponentService] <INFO> 正在注册： vx-form-input.vue文件 (ComponentService.plugin.js:249)
[14:24:07.53] [ComponentService] <INFO> 正在注册： vx-form-location.vue文件 (ComponentService.plugin.js:249)
[14:24:07.54] [ComponentService] <INFO> 正在注册： vx-form-number.vue文件 (ComponentService.plugin.js:249)
[14:24:07.54] [ComponentService] <INFO> 正在注册： vx-form-password.vue文件 (ComponentService.plugin.js:249)
[14:24:07.55] [ComponentService] <INFO> 正在注册： vx-form-radio.vue文件 (ComponentService.plugin.js:249)
[14:24:07.55] [ComponentService] <INFO> 正在注册： vx-form-select.vue文件 (ComponentService.plugin.js:249)
[14:24:07.56] [ComponentService] <INFO> 正在注册： vx-form-transfer.vue文件 (ComponentService.plugin.js:249)
[14:24:07.57] [ComponentService] <INFO> 正在注册： vx-nav-breadcrumb.vue文件 (ComponentService.plugin.js:249)
[14:24:07.57] [ComponentService] <INFO> 正在注册： vx-nav-dropmenu.vue文件 (ComponentService.plugin.js:249)
[14:24:07.58] [ComponentService] <INFO> 正在注册： vx-nav-navmenu.vue文件 (ComponentService.plugin.js:249)
[14:24:07.59] [ComponentService] <INFO> 正在注册： vx-tab-pane.vue文件 (ComponentService.plugin.js:249)
[14:24:07.59] [ComponentService] <INFO> 正在注册： vx-tabs.vue文件 (ComponentService.plugin.js:249)
[14:24:07.60] [ComponentService] <INFO> 正在注册： vx-view-baidumap.vue文件 (ComponentService.plugin.js:249)
[14:24:07.61] [ComponentService] <INFO> 正在注册： vx-view-countup.vue文件 (ComponentService.plugin.js:249)
[14:24:07.64] [ComponentService] <INFO> 正在注册： vx-view-dialog.vue文件 (ComponentService.plugin.js:249)
[14:24:07.65] [ComponentService] <INFO> 正在注册： vx-view-echart.vue文件 (ComponentService.plugin.js:249)
[14:24:07.66] [ComponentService] <INFO> 正在注册： vx-view-heatmap.vue文件 (ComponentService.plugin.js:249)
[14:24:07.63] [ComponentService] <INFO> 正在注册： vx-view-datatable.vue文件 (ComponentService.plugin.js:249)
[14:24:07.67] [ComponentService] <INFO> 正在注册： vx-view-linescroll.vue文件 (ComponentService.plugin.js:249)
[14:24:07.65] [ComponentService] <INFO> 正在注册： vx-view-govmap.vue文件 (ComponentService.plugin.js:249)
[14:24:07.67] [ComponentService] <INFO> 正在注册： vx-view-map.vue文件 (ComponentService.plugin.js:249)
[14:24:07.69] [ComponentService] <INFO> 正在注册： vx-view-pagesize.vue文件 (ComponentService.plugin.js:249)
[14:24:07.68] [ComponentService] <INFO> 正在注册： vx-view-pagelist.vue文件 (ComponentService.plugin.js:249)
[14:24:07.69] [ComponentService] <INFO> 正在注册： vd-bd-componentslist.vue文件 (ComponentService.plugin.js:249)
[14:24:07.70] [ComponentService] <INFO> 正在注册： vd-bd-datadetail.vue文件 (ComponentService.plugin.js:249)
[14:24:07.70] [ComponentService] <INFO> 正在注册： vd-bd-fencezone.vue文件 (ComponentService.plugin.js:249)
[14:24:07.71] [ComponentService] <INFO> 正在注册： vd-bd-grid.vue文件 (ComponentService.plugin.js:249)
[14:24:07.71] [ComponentService] <INFO> 正在注册： vd-bd-loaddata.vue文件 (ComponentService.plugin.js:249)
[14:24:07.72] [ComponentService] <INFO> 正在注册： vd-bd-login.vue文件 (ComponentService.plugin.js:249)
[14:24:07.72] [ComponentService] <INFO> 正在注册： vd-bd-savedata.vue文件 (ComponentService.plugin.js:249)
[14:24:07.75] [ComponentService] <INFO> 正在注册： vd-bd-servicelist.vue文件 (ComponentService.plugin.js:249)
[14:24:07.76] [ComponentService] <INFO> 正在注册： vd-company-activity.vue文件 (ComponentService.plugin.js:249)
[14:24:07.77] [ComponentService] <INFO> 正在注册： vd-company-businesstime.vue文件 (ComponentService.plugin.js:249)
[14:24:07.79] [ComponentService] <INFO> 正在注册： vd-company-company.vue文件 (ComponentService.plugin.js:249)
[14:24:07.79] [ComponentService] <INFO> 正在注册： vd-company-device.vue文件 (ComponentService.plugin.js:249)
[14:24:07.80] [ComponentService] <INFO> 正在注册： vd-company-devicezone.vue文件 (ComponentService.plugin.js:249)
[14:24:07.81] [ComponentService] <INFO> 正在注册： vd-company-holiday.vue文件 (ComponentService.plugin.js:249)
[14:24:07.82] [ComponentService] <INFO> 正在注册： vd-company-physicalzone.vue文件 (ComponentService.plugin.js:249)
[14:24:07.81] [ComponentService] <INFO> 正在注册： vd-company-mall.vue文件 (ComponentService.plugin.js:249)
[14:24:07.82] [ComponentService] <INFO> 正在注册： vd-company-tag.vue文件 (ComponentService.plugin.js:249)
[14:24:07.83] [ComponentService] <INFO> 正在注册： vd-log-mallupdate.vue文件 (ComponentService.plugin.js:249)
[14:24:07.83] [ComponentService] <INFO> 正在注册： vd-log-weather.vue文件 (ComponentService.plugin.js:249)
[14:24:07.83] [ComponentService] <INFO> 正在注册： vd-log-zoneupdate.vue文件 (ComponentService.plugin.js:249)
[14:24:07.84] [ComponentService] <INFO> 正在注册： vd-report-chartoption.vue文件 (ComponentService.plugin.js:249)
[14:24:07.84] [ComponentService] <INFO> 正在注册： vd-report-chartstyle.vue文件 (ComponentService.plugin.js:249)
[14:24:07.85] [ComponentService] <INFO> 正在注册： vd-report-conditionoption.vue文件 (ComponentService.plugin.js:249)
[14:24:07.85] [ComponentService] <INFO> 正在注册： vd-report-indexoption.vue文件 (ComponentService.plugin.js:249)
[14:24:07.85] [ComponentService] <INFO> 正在注册： vd-report-reportmenu.vue文件 (ComponentService.plugin.js:249)
[14:24:07.86] [ComponentService] <INFO> 正在注册： vd-report-reportpage.vue文件 (ComponentService.plugin.js:249)
[14:24:07.86] [ComponentService] <INFO> 正在注册： vd-report-servicelist.vue文件 (ComponentService.plugin.js:249)
[14:24:07.87] [ComponentService] <INFO> 正在注册： vd-system-category.vue文件 (ComponentService.plugin.js:249)
[14:24:07.87] [ComponentService] <INFO> 正在注册： vd-system-location.vue文件 (ComponentService.plugin.js:249)
[14:24:07.88] [ComponentService] <INFO> 正在注册： vd-system-menu.vue文件 (ComponentService.plugin.js:249)
[14:24:07.88] [ComponentService] <INFO> 正在注册： vd-system-role.vue文件 (ComponentService.plugin.js:249)
[14:24:07.89] [ComponentService] <INFO> 正在注册： vd-system-user.vue文件 (ComponentService.plugin.js:249)
[14:24:07.89] [ComponentService] <INFO> 正在注册： vd-system-usergroup.vue文件 (ComponentService.plugin.js:249)
[14:24:07.90] [ComponentService] <INFO> 正在注册： vm-form-activityplugin.vue文件 (ComponentService.plugin.js:249)
[14:24:07.89] [ComponentService] <INFO> 正在注册： vm-form-activity.vue文件 (ComponentService.plugin.js:249)
[14:24:07.90] [ComponentService] <INFO> 正在注册： vm-form-businesstime.vue文件 (ComponentService.plugin.js:249)
[14:24:07.91] [ComponentService] <INFO> 正在注册： vm-form-businesstimeplugin.vue文件 (ComponentService.plugin.js:249)
[14:24:07.91] [ComponentService] <INFO> 正在注册： vm-form-holiday.vue文件 (ComponentService.plugin.js:249)
[14:24:07.92] [ComponentService] <INFO> 正在注册： vm-form-mall.vue文件 (ComponentService.plugin.js:249)
[14:24:07.92] [ComponentService] <INFO> 正在注册： vm-form-mallupdate.vue文件 (ComponentService.plugin.js:249)
[14:24:07.93] [ComponentService] <INFO> 正在注册： vm-form-tag.vue文件 (ComponentService.plugin.js:249)
[14:24:07.93] [ComponentService] <INFO> 正在注册： vm-form-weather.vue文件 (ComponentService.plugin.js:249)
[14:24:07.93] [ComponentService] <INFO> 正在注册： vm-form-zoneupdate.vue文件 (ComponentService.plugin.js:249)
[14:24:07.94] [ComponentService] <INFO> 正在注册： vm-grid-activity.vue文件 (ComponentService.plugin.js:249)
[14:24:07.94] [ComponentService] <INFO> 正在注册： vm-grid-businesstime.vue文件 (ComponentService.plugin.js:249)
[14:24:07.95] [ComponentService] <INFO> 正在注册： vm-grid-historicalcount.vue文件 (ComponentService.plugin.js:249)
[14:24:07.95] [ComponentService] <INFO> 正在注册： vm-grid-historicaldwell.vue文件 (ComponentService.plugin.js:249)
[14:24:07.95] [ComponentService] <INFO> 正在注册： vm-grid-historicalfitting.vue文件 (ComponentService.plugin.js:249)
[14:24:07.96] [ComponentService] <INFO> 正在注册： vm-grid-historicalpassby.vue文件 (ComponentService.plugin.js:249)
[14:24:07.96] [ComponentService] <INFO> 正在注册： vm-grid-historicalsummary.vue文件 (ComponentService.plugin.js:249)
[14:24:07.97] [ComponentService] <INFO> 正在注册： vm-grid-holiday.vue文件 (ComponentService.plugin.js:249)
[14:24:07.97] [ComponentService] <INFO> 正在注册： vm-grid-mall.vue文件 (ComponentService.plugin.js:249)
[14:24:07.97] [ComponentService] <INFO> 正在注册： vm-grid-tag.vue文件 (ComponentService.plugin.js:249)
[14:24:07.98] [ComponentService] <INFO> 正在注册： vm-grid-weather.vue文件 (ComponentService.plugin.js:249)
[14:24:07.98] [ComponentService] <INFO> 正在注册： vm-manager-dataadjustment.vue文件 (ComponentService.plugin.js:249)
[14:24:07.99] [ComponentService] <INFO> 正在注册： vm-manager-datarecovery.vue文件 (ComponentService.plugin.js:249)
[14:24:07.100] [ComponentService] <INFO> 正在注册： vm-manager-datasummary.vue文件 (ComponentService.plugin.js:249)
[14:24:08.00] [ComponentService] <INFO> 正在注册： vm-manager-salesDataMaintenance.vue文件 (ComponentService.plugin.js:249)
[14:24:08.01] [ComponentService] <INFO> 正在注册： vm-report-times.vue文件 (ComponentService.plugin.js:249)
[14:24:08.01] [ComponentService] <INFO> 正在注册： vm-select-devicecode.vue文件 (ComponentService.plugin.js:249)
[14:24:08.02] [ComponentService] <INFO> 正在注册： vm-transfer-tag.vue文件 (ComponentService.plugin.js:249)
[14:24:08.02] [ComponentService] <INFO> 正在注册： vm-form-device.vue文件 (ComponentService.plugin.js:249)
[14:24:08.03] [ComponentService] <INFO> 正在注册： vm-form-devicezone.vue文件 (ComponentService.plugin.js:249)
[14:24:08.03] [ComponentService] <INFO> 正在注册： vm-form-subsetzone.vue文件 (ComponentService.plugin.js:249)
[14:24:08.04] [ComponentService] <INFO> 正在注册： vm-grid-device.vue文件 (ComponentService.plugin.js:249)
[14:24:08.04] [ComponentService] <INFO> 正在注册： vm-grid-devicezone.vue文件 (ComponentService.plugin.js:249)
[14:24:08.05] [ComponentService] <INFO> 正在注册： vm-subset-devicezone.vue文件 (ComponentService.plugin.js:249)
[14:24:08.05] [ComponentService] <INFO> 正在注册： vb-layout-content.vue文件 (ComponentService.plugin.js:249)
[14:24:08.06] [ComponentService] <INFO> 正在注册： vb-layout-footer.vue文件 (ComponentService.plugin.js:249)
[14:24:08.07] [ComponentService] <INFO> 正在注册： vb-layout-header.vue文件 (ComponentService.plugin.js:249)
[14:24:08.08] [ComponentService] <INFO> 正在注册： vb-layout-main.vue文件 (ComponentService.plugin.js:249)
[14:24:08.09] [ComponentService] <INFO> 正在注册： vb-layout-pageheader.vue文件 (ComponentService.plugin.js:249)
[14:24:08.10] [ComponentService] <INFO> 正在注册： vb-layout-right.vue文件 (ComponentService.plugin.js:249)
[14:24:08.10] [ComponentService] <INFO> 正在注册： vb-layout-sidemenu.vue文件 (ComponentService.plugin.js:249)
[14:24:08.10] [ComponentService] <INFO> 正在注册： vb-nav-breadcrumb.vue文件 (ComponentService.plugin.js:249)
[14:24:08.11] [ComponentService] <INFO> 正在注册： vb-nav-menu.vue文件 (ComponentService.plugin.js:249)
[14:24:08.11] [ComponentService] <INFO> 正在注册： vp-footer-default.vue文件 (ComponentService.plugin.js:249)
[14:24:08.12] [ComponentService] <INFO> 正在注册： vp-header-default.vue文件 (ComponentService.plugin.js:249)
[14:24:08.13] [ComponentService] <INFO> 正在注册： vp-header-filer.vue文件 (ComponentService.plugin.js:249)
[14:24:08.14] [ComponentService] <INFO> 正在注册： vp-header-nav.vue文件 (ComponentService.plugin.js:249)
[14:24:08.15] [ComponentService] <INFO> 正在注册： vp-main-home-default.vue文件 (ComponentService.plugin.js:249)
[14:24:08.16] [ComponentService] <INFO> 正在注册： vp-main-report-default.vue文件 (ComponentService.plugin.js:249)
[14:24:08.16] [ComponentService] <INFO> 正在注册： vp-nav-homeicon.vue文件 (ComponentService.plugin.js:249)
[14:24:08.17] [ComponentService] <INFO> 正在注册： vp-page-grid.vue文件 (ComponentService.plugin.js:249)
[14:24:08.17] [ComponentService] <INFO> 正在注册： vp-widget-flowdistribution.vue文件 (ComponentService.plugin.js:249)
[14:24:08.18] [ComponentService] <INFO> 正在注册： vp-widget-flowtime.vue文件 (ComponentService.plugin.js:249)
[14:24:08.19] [ComponentService] <INFO> 正在注册： vp-widget-home-chart.vue文件 (ComponentService.plugin.js:249)
[14:24:08.19] [ComponentService] <INFO> 正在注册： vp-widget-home-data.vue文件 (ComponentService.plugin.js:249)
[14:24:08.21] [ComponentService] <INFO> 正在注册： vp-widget-home-ranking.vue文件 (ComponentService.plugin.js:249)
[14:24:08.22] [ComponentService] <INFO> 正在注册： vp-widget-report-compare.vue文件 (ComponentService.plugin.js:249)
[14:24:08.24] [ComponentService] <INFO> 正在注册： vp-widget-time-selection.vue文件 (ComponentService.plugin.js:249)
[14:24:08.25] [ComponentService] <INFO> 正在注册： vm-form-category.vue文件 (ComponentService.plugin.js:249)
[14:24:08.26] [ComponentService] <INFO> 正在注册： vm-form-componentslist.vue文件 (ComponentService.plugin.js:249)
[14:24:08.26] [ComponentService] <INFO> 正在注册： vm-form-menu.vue文件 (ComponentService.plugin.js:249)
[14:24:08.27] [ComponentService] <INFO> 正在注册： vm-form-menuplugin.vue文件 (ComponentService.plugin.js:249)
[14:24:08.27] [ComponentService] <INFO> 正在注册： vm-form-role.vue文件 (ComponentService.plugin.js:249)
[14:24:08.28] [ComponentService] <INFO> 正在注册： vm-form-roleplugin.vue文件 (ComponentService.plugin.js:249)
[14:24:08.28] [ComponentService] <INFO> 正在注册： vm-form-servicelist.vue文件 (ComponentService.plugin.js:249)
[14:24:08.29] [ComponentService] <INFO> 正在注册： vm-form-user.vue文件 (ComponentService.plugin.js:249)
[14:24:08.29] [ComponentService] <INFO> 正在注册： vm-form-usergroup.vue文件 (ComponentService.plugin.js:249)
[14:24:08.30] [ComponentService] <INFO> 正在注册： vm-form-usergroupplugin.vue文件 (ComponentService.plugin.js:249)
[14:24:08.30] [ComponentService] <INFO> 正在注册： vm-form-usergroupreportpage.vue文件 (ComponentService.plugin.js:249)
[14:24:08.30] [ComponentService] <INFO> 正在注册： vm-form-usergroupzone.vue文件 (ComponentService.plugin.js:249)
[14:24:08.31] [ComponentService] <INFO> 正在注册： vm-form-userplugin.vue文件 (ComponentService.plugin.js:249)
[14:24:08.31] [ComponentService] <INFO> 正在注册： vm-grid-category.vue文件 (ComponentService.plugin.js:249)
[14:24:08.32] [ComponentService] <INFO> 正在注册： vm-grid-componentslist.vue文件 (ComponentService.plugin.js:249)
[14:24:08.32] [ComponentService] <INFO> 正在注册： vm-grid-menu.vue文件 (ComponentService.plugin.js:249)
[14:24:08.33] [ComponentService] <INFO> 正在注册： vm-grid-role.vue文件 (ComponentService.plugin.js:249)
[14:24:08.33] [ComponentService] <INFO> 正在注册： vm-grid-servicelist.vue文件 (ComponentService.plugin.js:249)
[14:24:08.33] [ComponentService] <INFO> 正在注册： vm-grid-user.vue文件 (ComponentService.plugin.js:249)
[14:24:08.34] [ComponentService] <INFO> 正在注册： vm-grid-usergroup.vue文件 (ComponentService.plugin.js:249)
[14:24:08.34] [ComponentService] <INFO> 正在注册： vm-nav-menu.vue文件 (ComponentService.plugin.js:249)
[14:24:08.35] [ComponentService] <INFO> 正在注册： vm-select-role.vue文件 (ComponentService.plugin.js:249)
[14:24:08.35] [ComponentService] <INFO> 正在注册： vm-select-usergroup.vue文件 (ComponentService.plugin.js:249)
[14:24:08.36] [ComponentService] <INFO> 正在注册： vm-tree-category.vue文件 (ComponentService.plugin.js:249)
[14:24:08.36] [ComponentService] <INFO> 正在注册： vm-tree-menu.vue文件 (ComponentService.plugin.js:249)
[14:24:08.37] [ComponentService] <INFO> 正在注册： vm-tree-role.vue文件 (ComponentService.plugin.js:249)
[14:40:53.92] [ComponentService] <INFO> 正在注册： vb-cascader-city.vue文件 (ComponentService.plugin.js:249)
[14:40:53.93] [ComponentService] <INFO> 正在注册： vb-form-activity.vue文件 (ComponentService.plugin.js:249)
[14:40:53.94] [ComponentService] <INFO> 正在注册： vb-form-businesstime.vue文件 (ComponentService.plugin.js:249)
[14:40:53.94] [ComponentService] <INFO> 正在注册： vb-form-businesstimeplugin.vue文件 (ComponentService.plugin.js:249)
[14:40:53.95] [ComponentService] <INFO> 正在注册： vb-form-chartoption.vue文件 (ComponentService.plugin.js:249)
[14:40:53.95] [ComponentService] <INFO> 正在注册： vb-form-chartstyle.vue文件 (ComponentService.plugin.js:249)
[14:40:53.96] [ComponentService] <INFO> 正在注册： vb-form-company.vue文件 (ComponentService.plugin.js:249)
[14:40:53.97] [ComponentService] <INFO> 正在注册： vb-form-conditionoption.vue文件 (ComponentService.plugin.js:249)
[14:40:53.97] [ComponentService] <INFO> 正在注册： vb-form-fencezone.vue文件 (ComponentService.plugin.js:249)
[14:40:53.98] [ComponentService] <INFO> 正在注册： vb-form-holiday.vue文件 (ComponentService.plugin.js:249)
[14:40:53.98] [ComponentService] <INFO> 正在注册： vb-form-indexoption.vue文件 (ComponentService.plugin.js:249)
[14:40:53.99] [ComponentService] <INFO> 正在注册： vb-form-location.vue文件 (ComponentService.plugin.js:249)
[14:40:53.99] [ComponentService] <INFO> 正在注册： vb-form-mall.vue文件 (ComponentService.plugin.js:249)
[14:40:53.100] [ComponentService] <INFO> 正在注册： vb-form-physicalzone.vue文件 (ComponentService.plugin.js:249)
[14:40:54.00] [ComponentService] <INFO> 正在注册： vb-form-reportmenu.vue文件 (ComponentService.plugin.js:249)
[14:40:54.01] [ComponentService] <INFO> 正在注册： vb-form-reportpage.vue文件 (ComponentService.plugin.js:249)
[14:40:54.01] [ComponentService] <INFO> 正在注册： vb-form-tag.vue文件 (ComponentService.plugin.js:249)
[14:40:54.01] [ComponentService] <INFO> 正在注册： vb-form-transfer-mall.vue文件 (ComponentService.plugin.js:249)
[14:40:54.02] [ComponentService] <INFO> 正在注册： vb-form-weather.vue文件 (ComponentService.plugin.js:249)
[14:40:54.02] [ComponentService] <INFO> 正在注册： vb-grid-activity.vue文件 (ComponentService.plugin.js:249)
[14:40:54.03] [ComponentService] <INFO> 正在注册： vb-grid-businesstime.vue文件 (ComponentService.plugin.js:249)
[14:40:54.03] [ComponentService] <INFO> 正在注册： vb-grid-chartoption.vue文件 (ComponentService.plugin.js:249)
[14:40:54.04] [ComponentService] <INFO> 正在注册： vb-grid-chartstyle.vue文件 (ComponentService.plugin.js:249)
[14:40:54.04] [ComponentService] <INFO> 正在注册： vb-grid-company.vue文件 (ComponentService.plugin.js:249)
[14:40:54.05] [ComponentService] <INFO> 正在注册： vb-grid-conditionoption.vue文件 (ComponentService.plugin.js:249)
[14:40:54.05] [ComponentService] <INFO> 正在注册： vb-grid-fencezone.vue文件 (ComponentService.plugin.js:249)
[14:40:54.05] [ComponentService] <INFO> 正在注册： vb-grid-holiday.vue文件 (ComponentService.plugin.js:249)
[14:40:54.06] [ComponentService] <INFO> 正在注册： vb-grid-indexoption.vue文件 (ComponentService.plugin.js:249)
[14:40:54.06] [ComponentService] <INFO> 正在注册： vb-grid-location.vue文件 (ComponentService.plugin.js:249)
[14:40:54.07] [ComponentService] <INFO> 正在注册： vb-grid-mall.vue文件 (ComponentService.plugin.js:249)
[14:40:54.07] [ComponentService] <INFO> 正在注册： vb-grid-physicalzone.vue文件 (ComponentService.plugin.js:249)
[14:40:54.08] [ComponentService] <INFO> 正在注册： vb-grid-reportmenu.vue文件 (ComponentService.plugin.js:249)
[14:40:54.08] [ComponentService] <INFO> 正在注册： vb-grid-reportpage.vue文件 (ComponentService.plugin.js:249)
[14:40:54.08] [ComponentService] <INFO> 正在注册： vb-grid-role.vue文件 (ComponentService.plugin.js:249)
[14:40:54.09] [ComponentService] <INFO> 正在注册： vb-grid-tag.vue文件 (ComponentService.plugin.js:249)
[14:40:54.09] [ComponentService] <INFO> 正在注册： vb-grid-user.vue文件 (ComponentService.plugin.js:249)
[14:40:54.10] [ComponentService] <INFO> 正在注册： vb-grid-weather.vue文件 (ComponentService.plugin.js:249)
[14:40:54.10] [ComponentService] <INFO> 正在注册： vb-log-malllog.vue文件 (ComponentService.plugin.js:249)
[14:40:54.11] [ComponentService] <INFO> 正在注册： vb-log-mallupdate.vue文件 (ComponentService.plugin.js:249)
[14:40:54.11] [ComponentService] <INFO> 正在注册： vb-log-zonelog.vue文件 (ComponentService.plugin.js:249)
[14:40:54.11] [ComponentService] <INFO> 正在注册： vb-log-zoneupdate.vue文件 (ComponentService.plugin.js:249)
[14:40:54.12] [ComponentService] <INFO> 正在注册： vb-page-activity.vue文件 (ComponentService.plugin.js:249)
[14:40:54.12] [ComponentService] <INFO> 正在注册： vb-page-businesstime.vue文件 (ComponentService.plugin.js:249)
[14:40:54.13] [ComponentService] <INFO> 正在注册： vb-page-chartoption.vue文件 (ComponentService.plugin.js:249)
[14:40:54.13] [ComponentService] <INFO> 正在注册： vb-page-chartstyle.vue文件 (ComponentService.plugin.js:249)
[14:40:54.14] [ComponentService] <INFO> 正在注册： vb-page-company.vue文件 (ComponentService.plugin.js:249)
[14:40:54.14] [ComponentService] <INFO> 正在注册： vb-page-conditionoption.vue文件 (ComponentService.plugin.js:249)
[14:40:54.15] [ComponentService] <INFO> 正在注册： vb-page-holiday.vue文件 (ComponentService.plugin.js:249)
[14:40:54.15] [ComponentService] <INFO> 正在注册： vb-page-indexoption.vue文件 (ComponentService.plugin.js:249)
[14:40:54.15] [ComponentService] <INFO> 正在注册： vb-page-mall.vue文件 (ComponentService.plugin.js:249)
[14:40:54.16] [ComponentService] <INFO> 正在注册： vb-page-reportmenu.vue文件 (ComponentService.plugin.js:249)
[14:40:54.16] [ComponentService] <INFO> 正在注册： vb-page-reportpage.vue文件 (ComponentService.plugin.js:249)
[14:40:54.17] [ComponentService] <INFO> 正在注册： vb-page-tag.vue文件 (ComponentService.plugin.js:249)
[14:40:54.17] [ComponentService] <INFO> 正在注册： vb-page-weather.vue文件 (ComponentService.plugin.js:249)
[14:40:54.17] [ComponentService] <INFO> 正在注册： vb-select-chartoption.vue文件 (ComponentService.plugin.js:249)
[14:40:54.18] [ComponentService] <INFO> 正在注册： vb-select-chartstyle.vue文件 (ComponentService.plugin.js:249)
[14:40:54.18] [ComponentService] <INFO> 正在注册： vb-select-company.vue文件 (ComponentService.plugin.js:249)
[14:40:54.19] [ComponentService] <INFO> 正在注册： vb-select-device.vue文件 (ComponentService.plugin.js:249)
[14:40:54.19] [ComponentService] <INFO> 正在注册： vb-select-fencezone.vue文件 (ComponentService.plugin.js:249)
[14:40:54.19] [ComponentService] <INFO> 正在注册： vb-select-indexoption.vue文件 (ComponentService.plugin.js:249)
[14:40:54.20] [ComponentService] <INFO> 正在注册： vb-select-mall.vue文件 (ComponentService.plugin.js:249)
[14:40:54.20] [ComponentService] <INFO> 正在注册： vb-select-menutype.vue文件 (ComponentService.plugin.js:249)
[14:40:54.21] [ComponentService] <INFO> 正在注册： vb-select-physicalzone.vue文件 (ComponentService.plugin.js:249)
[14:40:54.21] [ComponentService] <INFO> 正在注册： vb-select-reportmenu.vue文件 (ComponentService.plugin.js:249)
[14:40:54.22] [ComponentService] <INFO> 正在注册： vb-select-role.vue文件 (ComponentService.plugin.js:249)
[14:40:54.22] [ComponentService] <INFO> 正在注册： vb-select-usergroup.vue文件 (ComponentService.plugin.js:249)
[14:40:54.22] [ComponentService] <INFO> 正在注册： vb-select-zonetype.vue文件 (ComponentService.plugin.js:249)
[14:40:54.23] [ComponentService] <INFO> 正在注册： vb-transfer-chartoption.vue文件 (ComponentService.plugin.js:249)
[14:40:54.23] [ComponentService] <INFO> 正在注册： vb-transfer-conditionoption.vue文件 (ComponentService.plugin.js:249)
[14:40:54.24] [ComponentService] <INFO> 正在注册： vb-transfer-indexoption.vue文件 (ComponentService.plugin.js:249)
[14:40:54.24] [ComponentService] <INFO> 正在注册： vb-transfer-location.vue文件 (ComponentService.plugin.js:249)
[14:40:54.24] [ComponentService] <INFO> 正在注册： vb-transfer-mall.vue文件 (ComponentService.plugin.js:249)
[14:40:54.25] [ComponentService] <INFO> 正在注册： vb-transfer-physicalzone.vue文件 (ComponentService.plugin.js:249)
[14:40:54.25] [ComponentService] <INFO> 正在注册： vb-transfer-reportpage.vue文件 (ComponentService.plugin.js:249)
[14:40:54.26] [ComponentService] <INFO> 正在注册： vb-transfer-tag.vue文件 (ComponentService.plugin.js:249)
[14:40:54.27] [ComponentService] <INFO> 正在注册： vb-tree-category.vue文件 (ComponentService.plugin.js:249)
[14:40:54.28] [ComponentService] <INFO> 正在注册： vb-tree-location.vue文件 (ComponentService.plugin.js:249)
[14:40:54.29] [ComponentService] <INFO> 正在注册： vb-zonecamera-query.vue文件 (ComponentService.plugin.js:249)
[14:40:54.29] [ComponentService] <INFO> 正在注册： vd-bd-devicezone.vue文件 (ComponentService.plugin.js:249)
[14:40:54.30] [ComponentService] <INFO> 正在注册： vd-bd-fencezone.vue文件 (ComponentService.plugin.js:249)
[14:40:54.31] [ComponentService] <INFO> 正在注册： vd-bd-grid.vue文件 (ComponentService.plugin.js:249)
[14:40:54.32] [ComponentService] <INFO> 正在注册： vd-bd-loaddata.vue文件 (ComponentService.plugin.js:249)
[14:40:54.32] [ComponentService] <INFO> 正在注册： vd-bd-physicallinkeddevice.vue文件 (ComponentService.plugin.js:249)
[14:40:54.33] [ComponentService] <INFO> 正在注册： vd-bd-savedata.vue文件 (ComponentService.plugin.js:249)
[14:40:54.38] [ComponentService] <INFO> 正在注册： vx-basic-demo.vue文件 (ComponentService.plugin.js:249)
[14:40:54.42] [ComponentService] <INFO> 正在注册： vm-form-location.vue文件 (ComponentService.plugin.js:249)
[14:40:54.43] [ComponentService] <INFO> 正在注册： vm-grid-location.vue文件 (ComponentService.plugin.js:249)
[14:40:54.44] [ComponentService] <INFO> 正在注册： vm-select-company.vue文件 (ComponentService.plugin.js:249)
[14:40:54.44] [ComponentService] <INFO> 正在注册： vm-select-mall.vue文件 (ComponentService.plugin.js:249)
[14:40:54.46] [ComponentService] <INFO> 正在注册： vm-transfer-mall.vue文件 (ComponentService.plugin.js:249)
[14:40:54.47] [ComponentService] <INFO> 正在注册： vm-transfer-physicalzone.vue文件 (ComponentService.plugin.js:249)
[14:40:54.48] [ComponentService] <INFO> 正在注册： vm-transfer-reportpage.vue文件 (ComponentService.plugin.js:249)
[14:40:54.49] [ComponentService] <INFO> 正在注册： vm-tree-location.vue文件 (ComponentService.plugin.js:249)
[14:40:54.50] [ComponentService] <INFO> 正在注册： vp-footer-default.vue文件 (ComponentService.plugin.js:249)
[14:40:54.54] [ComponentService] <INFO> 正在注册： vp-header-default.vue文件 (ComponentService.plugin.js:249)
[14:40:54.58] [ComponentService] <INFO> 正在注册： vp-header-filer.vue文件 (ComponentService.plugin.js:249)
[14:40:54.60] [ComponentService] <INFO> 正在注册： vp-header-nav.vue文件 (ComponentService.plugin.js:249)
[14:40:54.61] [ComponentService] <INFO> 正在注册： vp-main-home-default.vue文件 (ComponentService.plugin.js:249)
[14:40:54.62] [ComponentService] <INFO> 正在注册： vp-main-report-default.vue文件 (ComponentService.plugin.js:249)
[14:40:54.63] [ComponentService] <INFO> 正在注册： vp-nav-homeicon.vue文件 (ComponentService.plugin.js:249)
[14:40:54.63] [ComponentService] <INFO> 正在注册： vp-page-grid.vue文件 (ComponentService.plugin.js:249)
[14:40:54.63] [ComponentService] <INFO> 正在注册： vp-widget-flowdistribution.vue文件 (ComponentService.plugin.js:249)
[14:40:54.64] [ComponentService] <INFO> 正在注册： vp-widget-flowtime.vue文件 (ComponentService.plugin.js:249)
[14:40:54.65] [ComponentService] <INFO> 正在注册： vp-widget-home-chart.vue文件 (ComponentService.plugin.js:249)
[14:40:54.65] [ComponentService] <INFO> 正在注册： vp-widget-home-data.vue文件 (ComponentService.plugin.js:249)
[14:40:54.67] [ComponentService] <INFO> 正在注册： vp-widget-home-ranking.vue文件 (ComponentService.plugin.js:249)
[14:40:54.69] [ComponentService] <INFO> 正在注册： vp-widget-report-compare.vue文件 (ComponentService.plugin.js:249)
[14:40:54.71] [ComponentService] <INFO> 正在注册： vp-widget-time-selection.vue文件 (ComponentService.plugin.js:249)
[14:40:54.73] [ComponentService] <INFO> 正在注册： vm-layout-page.vue文件 (ComponentService.plugin.js:249)
[14:40:54.73] [ComponentService] <INFO> 正在注册： vx-basic-button.vue文件 (ComponentService.plugin.js:249)
[14:40:54.74] [ComponentService] <INFO> 正在注册： vx-basic-tree.vue文件 (ComponentService.plugin.js:249)
[14:40:54.74] [ComponentService] <INFO> 正在注册： vx-container-col.vue文件 (ComponentService.plugin.js:249)
[14:40:54.75] [ComponentService] <INFO> 正在注册： vx-container-combo.vue文件 (ComponentService.plugin.js:249)
[14:40:54.75] [ComponentService] <INFO> 正在注册： vx-container-dialog.vue文件 (ComponentService.plugin.js:249)
[14:40:54.76] [ComponentService] <INFO> 正在注册： vx-container-gridster.vue文件 (ComponentService.plugin.js:249)
[14:40:54.76] [ComponentService] <INFO> 正在注册： vx-container-item.vue文件 (ComponentService.plugin.js:249)
[14:40:54.77] [ComponentService] <INFO> 正在注册： vx-container-row.vue文件 (ComponentService.plugin.js:249)
[14:40:54.77] [ComponentService] <INFO> 正在注册： vx-container-tab.vue文件 (ComponentService.plugin.js:249)
[14:40:54.78] [ComponentService] <INFO> 正在注册： vx-form-cascader.vue文件 (ComponentService.plugin.js:249)
[14:40:54.79] [ComponentService] <INFO> 正在注册： vx-form-check.vue文件 (ComponentService.plugin.js:249)
[14:40:54.80] [ComponentService] <INFO> 正在注册： vx-form-clockpicker.vue文件 (ComponentService.plugin.js:249)
[14:40:54.81] [ComponentService] <INFO> 正在注册： vx-form-daterangepicker.vue文件 (ComponentService.plugin.js:249)
[14:40:54.82] [ComponentService] <INFO> 正在注册： vx-form-datesinglepicker.vue文件 (ComponentService.plugin.js:249)
[14:40:54.83] [ComponentService] <INFO> 正在注册： vx-form-group-select.vue文件 (ComponentService.plugin.js:249)
[14:40:54.84] [ComponentService] <INFO> 正在注册： vx-form-input.vue文件 (ComponentService.plugin.js:249)
[14:40:54.85] [ComponentService] <INFO> 正在注册： vx-form-location.vue文件 (ComponentService.plugin.js:249)
[14:40:54.85] [ComponentService] <INFO> 正在注册： vx-form-number.vue文件 (ComponentService.plugin.js:249)
[14:40:54.86] [ComponentService] <INFO> 正在注册： vx-form-password.vue文件 (ComponentService.plugin.js:249)
[14:40:54.87] [ComponentService] <INFO> 正在注册： vx-form-radio.vue文件 (ComponentService.plugin.js:249)
[14:40:54.87] [ComponentService] <INFO> 正在注册： vx-form-select.vue文件 (ComponentService.plugin.js:249)
[14:40:54.88] [ComponentService] <INFO> 正在注册： vx-form-transfer.vue文件 (ComponentService.plugin.js:249)
[14:40:54.89] [ComponentService] <INFO> 正在注册： vx-nav-breadcrumb.vue文件 (ComponentService.plugin.js:249)
[14:40:54.89] [ComponentService] <INFO> 正在注册： vx-nav-dropmenu.vue文件 (ComponentService.plugin.js:249)
[14:40:54.90] [ComponentService] <INFO> 正在注册： vx-nav-navmenu.vue文件 (ComponentService.plugin.js:249)
[14:40:54.91] [ComponentService] <INFO> 正在注册： vx-tab-pane.vue文件 (ComponentService.plugin.js:249)
[14:40:54.91] [ComponentService] <INFO> 正在注册： vx-tabs.vue文件 (ComponentService.plugin.js:249)
[14:40:54.92] [ComponentService] <INFO> 正在注册： vx-view-baidumap.vue文件 (ComponentService.plugin.js:249)
[14:40:54.93] [ComponentService] <INFO> 正在注册： vx-view-countup.vue文件 (ComponentService.plugin.js:249)
[14:40:54.96] [ComponentService] <INFO> 正在注册： vx-view-datatable.vue文件 (ComponentService.plugin.js:249)
[14:40:54.97] [ComponentService] <INFO> 正在注册： vx-view-dialog.vue文件 (ComponentService.plugin.js:249)
[14:40:54.97] [ComponentService] <INFO> 正在注册： vx-view-echart.vue文件 (ComponentService.plugin.js:249)
[14:40:54.98] [ComponentService] <INFO> 正在注册： vx-view-govmap.vue文件 (ComponentService.plugin.js:249)
[14:40:54.99] [ComponentService] <INFO> 正在注册： vx-view-heatmap.vue文件 (ComponentService.plugin.js:249)
[14:40:55.00] [ComponentService] <INFO> 正在注册： vx-view-linescroll.vue文件 (ComponentService.plugin.js:249)
[14:40:55.01] [ComponentService] <INFO> 正在注册： vx-view-map.vue文件 (ComponentService.plugin.js:249)
[14:40:55.02] [ComponentService] <INFO> 正在注册： vx-view-pagelist.vue文件 (ComponentService.plugin.js:249)
[14:40:55.02] [ComponentService] <INFO> 正在注册： vx-view-pagesize.vue文件 (ComponentService.plugin.js:249)
[14:40:55.03] [ComponentService] <INFO> 正在注册： vd-bd-componentslist.vue文件 (ComponentService.plugin.js:249)
[14:40:55.04] [ComponentService] <INFO> 正在注册： vd-bd-datadetail.vue文件 (ComponentService.plugin.js:249)
[14:40:55.05] [ComponentService] <INFO> 正在注册： vd-bd-fencezone.vue文件 (ComponentService.plugin.js:249)
[14:40:55.05] [ComponentService] <INFO> 正在注册： vd-bd-grid.vue文件 (ComponentService.plugin.js:249)
[14:40:55.05] [ComponentService] <INFO> 正在注册： vd-bd-loaddata.vue文件 (ComponentService.plugin.js:249)
[14:40:55.06] [ComponentService] <INFO> 正在注册： vd-bd-login.vue文件 (ComponentService.plugin.js:249)
[14:40:55.07] [ComponentService] <INFO> 正在注册： vd-bd-savedata.vue文件 (ComponentService.plugin.js:249)
[14:40:55.07] [ComponentService] <INFO> 正在注册： vd-bd-servicelist.vue文件 (ComponentService.plugin.js:249)
[14:40:55.08] [ComponentService] <INFO> 正在注册： vd-company-activity.vue文件 (ComponentService.plugin.js:249)
[14:40:55.08] [ComponentService] <INFO> 正在注册： vd-company-businesstime.vue文件 (ComponentService.plugin.js:249)
[14:40:55.09] [ComponentService] <INFO> 正在注册： vd-company-company.vue文件 (ComponentService.plugin.js:249)
[14:40:55.09] [ComponentService] <INFO> 正在注册： vd-company-device.vue文件 (ComponentService.plugin.js:249)
[14:40:55.10] [ComponentService] <INFO> 正在注册： vd-company-devicezone.vue文件 (ComponentService.plugin.js:249)
[14:40:55.10] [ComponentService] <INFO> 正在注册： vd-company-holiday.vue文件 (ComponentService.plugin.js:249)
[14:40:55.11] [ComponentService] <INFO> 正在注册： vd-company-mall.vue文件 (ComponentService.plugin.js:249)
[14:40:55.11] [ComponentService] <INFO> 正在注册： vd-company-physicalzone.vue文件 (ComponentService.plugin.js:249)
[14:40:55.12] [ComponentService] <INFO> 正在注册： vd-company-tag.vue文件 (ComponentService.plugin.js:249)
[14:40:55.12] [ComponentService] <INFO> 正在注册： vd-log-mallupdate.vue文件 (ComponentService.plugin.js:249)
[14:40:55.13] [ComponentService] <INFO> 正在注册： vd-log-weather.vue文件 (ComponentService.plugin.js:249)
[14:40:55.13] [ComponentService] <INFO> 正在注册： vd-log-zoneupdate.vue文件 (ComponentService.plugin.js:249)
[14:40:55.14] [ComponentService] <INFO> 正在注册： vd-report-chartoption.vue文件 (ComponentService.plugin.js:249)
[14:40:55.14] [ComponentService] <INFO> 正在注册： vd-report-chartstyle.vue文件 (ComponentService.plugin.js:249)
[14:40:55.14] [ComponentService] <INFO> 正在注册： vd-report-conditionoption.vue文件 (ComponentService.plugin.js:249)
[14:40:55.15] [ComponentService] <INFO> 正在注册： vd-report-indexoption.vue文件 (ComponentService.plugin.js:249)
[14:40:55.15] [ComponentService] <INFO> 正在注册： vd-report-reportmenu.vue文件 (ComponentService.plugin.js:249)
[14:40:55.16] [ComponentService] <INFO> 正在注册： vd-report-reportpage.vue文件 (ComponentService.plugin.js:249)
[14:40:55.16] [ComponentService] <INFO> 正在注册： vd-report-servicelist.vue文件 (ComponentService.plugin.js:249)
[14:40:55.17] [ComponentService] <INFO> 正在注册： vd-system-category.vue文件 (ComponentService.plugin.js:249)
[14:40:55.17] [ComponentService] <INFO> 正在注册： vd-system-location.vue文件 (ComponentService.plugin.js:249)
[14:40:55.18] [ComponentService] <INFO> 正在注册： vd-system-menu.vue文件 (ComponentService.plugin.js:249)
[14:40:55.18] [ComponentService] <INFO> 正在注册： vd-system-role.vue文件 (ComponentService.plugin.js:249)
[14:40:55.19] [ComponentService] <INFO> 正在注册： vd-system-user.vue文件 (ComponentService.plugin.js:249)
[14:40:55.20] [ComponentService] <INFO> 正在注册： vd-system-usergroup.vue文件 (ComponentService.plugin.js:249)
[14:40:55.20] [ComponentService] <INFO> 正在注册： vm-form-activity.vue文件 (ComponentService.plugin.js:249)
[14:40:55.21] [ComponentService] <INFO> 正在注册： vm-form-activityplugin.vue文件 (ComponentService.plugin.js:249)
[14:40:55.21] [ComponentService] <INFO> 正在注册： vm-form-businesstime.vue文件 (ComponentService.plugin.js:249)
[14:40:55.22] [ComponentService] <INFO> 正在注册： vm-form-businesstimeplugin.vue文件 (ComponentService.plugin.js:249)
[14:40:55.23] [ComponentService] <INFO> 正在注册： vm-form-holiday.vue文件 (ComponentService.plugin.js:249)
[14:40:55.24] [ComponentService] <INFO> 正在注册： vm-form-mall.vue文件 (ComponentService.plugin.js:249)
[14:40:55.24] [ComponentService] <INFO> 正在注册： vm-form-mallupdate.vue文件 (ComponentService.plugin.js:249)
[14:40:55.25] [ComponentService] <INFO> 正在注册： vm-form-tag.vue文件 (ComponentService.plugin.js:249)
[14:40:55.26] [ComponentService] <INFO> 正在注册： vm-form-weather.vue文件 (ComponentService.plugin.js:249)
[14:40:55.26] [ComponentService] <INFO> 正在注册： vm-form-zoneupdate.vue文件 (ComponentService.plugin.js:249)
[14:40:55.27] [ComponentService] <INFO> 正在注册： vm-grid-activity.vue文件 (ComponentService.plugin.js:249)
[14:40:55.27] [ComponentService] <INFO> 正在注册： vm-grid-businesstime.vue文件 (ComponentService.plugin.js:249)
[14:40:55.28] [ComponentService] <INFO> 正在注册： vm-grid-historicalcount.vue文件 (ComponentService.plugin.js:249)
[14:40:55.28] [ComponentService] <INFO> 正在注册： vm-grid-historicaldwell.vue文件 (ComponentService.plugin.js:249)
[14:40:55.28] [ComponentService] <INFO> 正在注册： vm-grid-historicalfitting.vue文件 (ComponentService.plugin.js:249)
[14:40:55.29] [ComponentService] <INFO> 正在注册： vm-grid-historicalpassby.vue文件 (ComponentService.plugin.js:249)
[14:40:55.29] [ComponentService] <INFO> 正在注册： vm-grid-historicalsummary.vue文件 (ComponentService.plugin.js:249)
[14:40:55.30] [ComponentService] <INFO> 正在注册： vm-grid-holiday.vue文件 (ComponentService.plugin.js:249)
[14:40:55.30] [ComponentService] <INFO> 正在注册： vm-grid-mall.vue文件 (ComponentService.plugin.js:249)
[14:40:55.31] [ComponentService] <INFO> 正在注册： vm-grid-tag.vue文件 (ComponentService.plugin.js:249)
[14:40:55.31] [ComponentService] <INFO> 正在注册： vm-grid-weather.vue文件 (ComponentService.plugin.js:249)
[14:40:55.32] [ComponentService] <INFO> 正在注册： vm-manager-dataadjustment.vue文件 (ComponentService.plugin.js:249)
[14:40:55.33] [ComponentService] <INFO> 正在注册： vm-manager-datarecovery.vue文件 (ComponentService.plugin.js:249)
[14:40:55.33] [ComponentService] <INFO> 正在注册： vm-manager-datasummary.vue文件 (ComponentService.plugin.js:249)
[14:40:55.34] [ComponentService] <INFO> 正在注册： vm-manager-salesDataMaintenance.vue文件 (ComponentService.plugin.js:249)
[14:40:55.35] [ComponentService] <INFO> 正在注册： vm-report-times.vue文件 (ComponentService.plugin.js:249)
[14:40:55.36] [ComponentService] <INFO> 正在注册： vm-select-devicecode.vue文件 (ComponentService.plugin.js:249)
[14:40:55.37] [ComponentService] <INFO> 正在注册： vm-transfer-tag.vue文件 (ComponentService.plugin.js:249)
[14:40:55.38] [ComponentService] <INFO> 正在注册： vm-form-device.vue文件 (ComponentService.plugin.js:249)
[14:40:55.39] [ComponentService] <INFO> 正在注册： vm-form-devicezone.vue文件 (ComponentService.plugin.js:249)
[14:40:55.40] [ComponentService] <INFO> 正在注册： vm-form-subsetzone.vue文件 (ComponentService.plugin.js:249)
[14:40:55.41] [ComponentService] <INFO> 正在注册： vm-grid-device.vue文件 (ComponentService.plugin.js:249)
[14:40:55.41] [ComponentService] <INFO> 正在注册： vm-grid-devicezone.vue文件 (ComponentService.plugin.js:249)
[14:40:55.42] [ComponentService] <INFO> 正在注册： vm-subset-devicezone.vue文件 (ComponentService.plugin.js:249)
[14:40:55.43] [ComponentService] <INFO> 正在注册： vb-layout-content.vue文件 (ComponentService.plugin.js:249)
[14:40:55.44] [ComponentService] <INFO> 正在注册： vb-layout-footer.vue文件 (ComponentService.plugin.js:249)
[14:40:55.45] [ComponentService] <INFO> 正在注册： vb-layout-header.vue文件 (ComponentService.plugin.js:249)
[14:40:55.45] [ComponentService] <INFO> 正在注册： vb-layout-main.vue文件 (ComponentService.plugin.js:249)
[14:40:55.47] [ComponentService] <INFO> 正在注册： vb-layout-pageheader.vue文件 (ComponentService.plugin.js:249)
[14:40:55.47] [ComponentService] <INFO> 正在注册： vb-layout-right.vue文件 (ComponentService.plugin.js:249)
[14:40:55.48] [ComponentService] <INFO> 正在注册： vb-layout-sidemenu.vue文件 (ComponentService.plugin.js:249)
[14:40:55.48] [ComponentService] <INFO> 正在注册： vb-nav-breadcrumb.vue文件 (ComponentService.plugin.js:249)
[14:40:55.49] [ComponentService] <INFO> 正在注册： vb-nav-menu.vue文件 (ComponentService.plugin.js:249)
[14:40:55.50] [ComponentService] <INFO> 正在注册： vp-footer-default.vue文件 (ComponentService.plugin.js:249)
[14:40:55.51] [ComponentService] <INFO> 正在注册： vp-header-default.vue文件 (ComponentService.plugin.js:249)
[14:40:55.52] [ComponentService] <INFO> 正在注册： vp-header-filer.vue文件 (ComponentService.plugin.js:249)
[14:40:55.53] [ComponentService] <INFO> 正在注册： vp-header-nav.vue文件 (ComponentService.plugin.js:249)
[14:40:55.55] [ComponentService] <INFO> 正在注册： vp-main-home-default.vue文件 (ComponentService.plugin.js:249)
[14:40:55.55] [ComponentService] <INFO> 正在注册： vp-main-report-default.vue文件 (ComponentService.plugin.js:249)
[14:40:55.56] [ComponentService] <INFO> 正在注册： vp-nav-homeicon.vue文件 (ComponentService.plugin.js:249)
[14:40:55.57] [ComponentService] <INFO> 正在注册： vp-page-grid.vue文件 (ComponentService.plugin.js:249)
[14:40:55.57] [ComponentService] <INFO> 正在注册： vp-widget-flowdistribution.vue文件 (ComponentService.plugin.js:249)
[14:40:55.58] [ComponentService] <INFO> 正在注册： vp-widget-flowtime.vue文件 (ComponentService.plugin.js:249)
[14:40:55.58] [ComponentService] <INFO> 正在注册： vp-widget-home-chart.vue文件 (ComponentService.plugin.js:249)
[14:40:55.59] [ComponentService] <INFO> 正在注册： vp-widget-home-data.vue文件 (ComponentService.plugin.js:249)
[14:40:55.60] [ComponentService] <INFO> 正在注册： vp-widget-home-ranking.vue文件 (ComponentService.plugin.js:249)
[14:40:55.61] [ComponentService] <INFO> 正在注册： vp-widget-report-compare.vue文件 (ComponentService.plugin.js:249)
[14:40:55.63] [ComponentService] <INFO> 正在注册： vp-widget-time-selection.vue文件 (ComponentService.plugin.js:249)
[14:40:55.64] [ComponentService] <INFO> 正在注册： vm-form-category.vue文件 (ComponentService.plugin.js:249)
[14:40:55.65] [ComponentService] <INFO> 正在注册： vm-form-componentslist.vue文件 (ComponentService.plugin.js:249)
[14:40:55.66] [ComponentService] <INFO> 正在注册： vm-form-menu.vue文件 (ComponentService.plugin.js:249)
[14:40:55.66] [ComponentService] <INFO> 正在注册： vm-form-menuplugin.vue文件 (ComponentService.plugin.js:249)
[14:40:55.67] [ComponentService] <INFO> 正在注册： vm-form-role.vue文件 (ComponentService.plugin.js:249)
[14:40:55.67] [ComponentService] <INFO> 正在注册： vm-form-roleplugin.vue文件 (ComponentService.plugin.js:249)
[14:40:55.68] [ComponentService] <INFO> 正在注册： vm-form-servicelist.vue文件 (ComponentService.plugin.js:249)
[14:40:55.68] [ComponentService] <INFO> 正在注册： vm-form-user.vue文件 (ComponentService.plugin.js:249)
[14:40:55.69] [ComponentService] <INFO> 正在注册： vm-form-usergroup.vue文件 (ComponentService.plugin.js:249)
[14:40:55.69] [ComponentService] <INFO> 正在注册： vm-form-usergroupplugin.vue文件 (ComponentService.plugin.js:249)
[14:40:55.70] [ComponentService] <INFO> 正在注册： vm-form-usergroupreportpage.vue文件 (ComponentService.plugin.js:249)
[14:40:55.70] [ComponentService] <INFO> 正在注册： vm-form-usergroupzone.vue文件 (ComponentService.plugin.js:249)
[14:40:55.71] [ComponentService] <INFO> 正在注册： vm-form-userplugin.vue文件 (ComponentService.plugin.js:249)
[14:40:55.71] [ComponentService] <INFO> 正在注册： vm-grid-category.vue文件 (ComponentService.plugin.js:249)
[14:40:55.71] [ComponentService] <INFO> 正在注册： vm-grid-componentslist.vue文件 (ComponentService.plugin.js:249)
[14:40:55.72] [ComponentService] <INFO> 正在注册： vm-grid-menu.vue文件 (ComponentService.plugin.js:249)
[14:40:55.72] [ComponentService] <INFO> 正在注册： vm-grid-role.vue文件 (ComponentService.plugin.js:249)
[14:40:55.73] [ComponentService] <INFO> 正在注册： vm-grid-servicelist.vue文件 (ComponentService.plugin.js:249)
[14:40:55.73] [ComponentService] <INFO> 正在注册： vm-grid-user.vue文件 (ComponentService.plugin.js:249)
[14:40:55.73] [ComponentService] <INFO> 正在注册： vm-grid-usergroup.vue文件 (ComponentService.plugin.js:249)
[14:40:55.74] [ComponentService] <INFO> 正在注册： vm-nav-menu.vue文件 (ComponentService.plugin.js:249)
[14:40:55.74] [ComponentService] <INFO> 正在注册： vm-select-role.vue文件 (ComponentService.plugin.js:249)
[14:40:55.74] [ComponentService] <INFO> 正在注册： vm-select-usergroup.vue文件 (ComponentService.plugin.js:249)
[14:40:55.75] [ComponentService] <INFO> 正在注册： vm-tree-category.vue文件 (ComponentService.plugin.js:249)
[14:40:55.75] [ComponentService] <INFO> 正在注册： vm-tree-menu.vue文件 (ComponentService.plugin.js:249)
[14:40:55.76] [ComponentService] <INFO> 正在注册： vm-tree-role.vue文件 (ComponentService.plugin.js:249)
[14:58:40.76] [ComponentService] <INFO> 正在注册： vb-cascader-city.vue文件 (ComponentService.plugin.js:249)
[14:58:40.76] [ComponentService] <INFO> 正在注册： vb-form-activity.vue文件 (ComponentService.plugin.js:249)
[14:58:40.77] [ComponentService] <INFO> 正在注册： vb-form-businesstime.vue文件 (ComponentService.plugin.js:249)
[14:58:40.77] [ComponentService] <INFO> 正在注册： vb-form-businesstimeplugin.vue文件 (ComponentService.plugin.js:249)
[14:58:40.78] [ComponentService] <INFO> 正在注册： vb-form-chartoption.vue文件 (ComponentService.plugin.js:249)
[14:58:40.79] [ComponentService] <INFO> 正在注册： vb-form-chartstyle.vue文件 (ComponentService.plugin.js:249)
[14:58:40.79] [ComponentService] <INFO> 正在注册： vb-form-company.vue文件 (ComponentService.plugin.js:249)
[14:58:40.80] [ComponentService] <INFO> 正在注册： vb-form-conditionoption.vue文件 (ComponentService.plugin.js:249)
[14:58:40.80] [ComponentService] <INFO> 正在注册： vb-form-fencezone.vue文件 (ComponentService.plugin.js:249)
[14:58:40.81] [ComponentService] <INFO> 正在注册： vb-form-holiday.vue文件 (ComponentService.plugin.js:249)
[14:58:40.81] [ComponentService] <INFO> 正在注册： vb-form-indexoption.vue文件 (ComponentService.plugin.js:249)
[14:58:40.81] [ComponentService] <INFO> 正在注册： vb-form-location.vue文件 (ComponentService.plugin.js:249)
[14:58:40.82] [ComponentService] <INFO> 正在注册： vb-form-mall.vue文件 (ComponentService.plugin.js:249)
[14:58:40.82] [ComponentService] <INFO> 正在注册： vb-form-physicalzone.vue文件 (ComponentService.plugin.js:249)
[14:58:40.83] [ComponentService] <INFO> 正在注册： vb-form-reportmenu.vue文件 (ComponentService.plugin.js:249)
[14:58:40.83] [ComponentService] <INFO> 正在注册： vb-form-reportpage.vue文件 (ComponentService.plugin.js:249)
[14:58:40.84] [ComponentService] <INFO> 正在注册： vb-form-tag.vue文件 (ComponentService.plugin.js:249)
[14:58:40.84] [ComponentService] <INFO> 正在注册： vb-form-transfer-mall.vue文件 (ComponentService.plugin.js:249)
[14:58:40.84] [ComponentService] <INFO> 正在注册： vb-form-weather.vue文件 (ComponentService.plugin.js:249)
[14:58:40.85] [ComponentService] <INFO> 正在注册： vb-grid-activity.vue文件 (ComponentService.plugin.js:249)
[14:58:40.85] [ComponentService] <INFO> 正在注册： vb-grid-businesstime.vue文件 (ComponentService.plugin.js:249)
[14:58:40.86] [ComponentService] <INFO> 正在注册： vb-grid-chartoption.vue文件 (ComponentService.plugin.js:249)
[14:58:40.86] [ComponentService] <INFO> 正在注册： vb-grid-chartstyle.vue文件 (ComponentService.plugin.js:249)
[14:58:40.87] [ComponentService] <INFO> 正在注册： vb-grid-company.vue文件 (ComponentService.plugin.js:249)
[14:58:40.87] [ComponentService] <INFO> 正在注册： vb-grid-conditionoption.vue文件 (ComponentService.plugin.js:249)
[14:58:40.87] [ComponentService] <INFO> 正在注册： vb-grid-fencezone.vue文件 (ComponentService.plugin.js:249)
[14:58:40.88] [ComponentService] <INFO> 正在注册： vb-grid-holiday.vue文件 (ComponentService.plugin.js:249)
[14:58:40.88] [ComponentService] <INFO> 正在注册： vb-grid-indexoption.vue文件 (ComponentService.plugin.js:249)
[14:58:40.89] [ComponentService] <INFO> 正在注册： vb-grid-location.vue文件 (ComponentService.plugin.js:249)
[14:58:40.89] [ComponentService] <INFO> 正在注册： vb-grid-mall.vue文件 (ComponentService.plugin.js:249)
[14:58:40.89] [ComponentService] <INFO> 正在注册： vb-grid-physicalzone.vue文件 (ComponentService.plugin.js:249)
[14:58:40.90] [ComponentService] <INFO> 正在注册： vb-grid-reportmenu.vue文件 (ComponentService.plugin.js:249)
[14:58:40.90] [ComponentService] <INFO> 正在注册： vb-grid-reportpage.vue文件 (ComponentService.plugin.js:249)
[14:58:40.90] [ComponentService] <INFO> 正在注册： vb-grid-role.vue文件 (ComponentService.plugin.js:249)
[14:58:40.91] [ComponentService] <INFO> 正在注册： vb-grid-tag.vue文件 (ComponentService.plugin.js:249)
[14:58:40.91] [ComponentService] <INFO> 正在注册： vb-grid-user.vue文件 (ComponentService.plugin.js:249)
[14:58:40.92] [ComponentService] <INFO> 正在注册： vb-grid-weather.vue文件 (ComponentService.plugin.js:249)
[14:58:40.92] [ComponentService] <INFO> 正在注册： vb-log-malllog.vue文件 (ComponentService.plugin.js:249)
[14:58:40.92] [ComponentService] <INFO> 正在注册： vb-log-mallupdate.vue文件 (ComponentService.plugin.js:249)
[14:58:40.93] [ComponentService] <INFO> 正在注册： vb-log-zonelog.vue文件 (ComponentService.plugin.js:249)
[14:58:40.93] [ComponentService] <INFO> 正在注册： vb-log-zoneupdate.vue文件 (ComponentService.plugin.js:249)
[14:58:40.94] [ComponentService] <INFO> 正在注册： vb-page-activity.vue文件 (ComponentService.plugin.js:249)
[14:58:40.95] [ComponentService] <INFO> 正在注册： vb-page-businesstime.vue文件 (ComponentService.plugin.js:249)
[14:58:40.95] [ComponentService] <INFO> 正在注册： vb-page-chartoption.vue文件 (ComponentService.plugin.js:249)
[14:58:40.96] [ComponentService] <INFO> 正在注册： vb-page-chartstyle.vue文件 (ComponentService.plugin.js:249)
[14:58:40.96] [ComponentService] <INFO> 正在注册： vb-page-company.vue文件 (ComponentService.plugin.js:249)
[14:58:40.96] [ComponentService] <INFO> 正在注册： vb-page-conditionoption.vue文件 (ComponentService.plugin.js:249)
[14:58:40.96] [ComponentService] <INFO> 正在注册： vb-page-holiday.vue文件 (ComponentService.plugin.js:249)
[14:58:40.96] [ComponentService] <INFO> 正在注册： vb-page-indexoption.vue文件 (ComponentService.plugin.js:249)
[14:58:40.97] [ComponentService] <INFO> 正在注册： vb-page-mall.vue文件 (ComponentService.plugin.js:249)
[14:58:40.97] [ComponentService] <INFO> 正在注册： vb-page-reportmenu.vue文件 (ComponentService.plugin.js:249)
[14:58:40.97] [ComponentService] <INFO> 正在注册： vb-page-reportpage.vue文件 (ComponentService.plugin.js:249)
[14:58:40.98] [ComponentService] <INFO> 正在注册： vb-page-tag.vue文件 (ComponentService.plugin.js:249)
[14:58:40.98] [ComponentService] <INFO> 正在注册： vb-page-weather.vue文件 (ComponentService.plugin.js:249)
[14:58:40.98] [ComponentService] <INFO> 正在注册： vb-select-chartoption.vue文件 (ComponentService.plugin.js:249)
[14:58:40.99] [ComponentService] <INFO> 正在注册： vb-select-chartstyle.vue文件 (ComponentService.plugin.js:249)
[14:58:40.99] [ComponentService] <INFO> 正在注册： vb-select-company.vue文件 (ComponentService.plugin.js:249)
[14:58:41.00] [ComponentService] <INFO> 正在注册： vb-select-device.vue文件 (ComponentService.plugin.js:249)
[14:58:41.00] [ComponentService] <INFO> 正在注册： vb-select-fencezone.vue文件 (ComponentService.plugin.js:249)
[14:58:41.00] [ComponentService] <INFO> 正在注册： vb-select-indexoption.vue文件 (ComponentService.plugin.js:249)
[14:58:41.01] [ComponentService] <INFO> 正在注册： vb-select-mall.vue文件 (ComponentService.plugin.js:249)
[14:58:41.01] [ComponentService] <INFO> 正在注册： vb-select-menutype.vue文件 (ComponentService.plugin.js:249)
[14:58:41.02] [ComponentService] <INFO> 正在注册： vb-select-physicalzone.vue文件 (ComponentService.plugin.js:249)
[14:58:41.02] [ComponentService] <INFO> 正在注册： vb-select-reportmenu.vue文件 (ComponentService.plugin.js:249)
[14:58:41.03] [ComponentService] <INFO> 正在注册： vb-select-role.vue文件 (ComponentService.plugin.js:249)
[14:58:41.03] [ComponentService] <INFO> 正在注册： vb-select-usergroup.vue文件 (ComponentService.plugin.js:249)
[14:58:41.03] [ComponentService] <INFO> 正在注册： vb-select-zonetype.vue文件 (ComponentService.plugin.js:249)
[14:58:41.04] [ComponentService] <INFO> 正在注册： vb-transfer-chartoption.vue文件 (ComponentService.plugin.js:249)
[14:58:41.04] [ComponentService] <INFO> 正在注册： vb-transfer-conditionoption.vue文件 (ComponentService.plugin.js:249)
[14:58:41.04] [ComponentService] <INFO> 正在注册： vb-transfer-indexoption.vue文件 (ComponentService.plugin.js:249)
[14:58:41.05] [ComponentService] <INFO> 正在注册： vb-transfer-location.vue文件 (ComponentService.plugin.js:249)
[14:58:41.05] [ComponentService] <INFO> 正在注册： vb-transfer-mall.vue文件 (ComponentService.plugin.js:249)
[14:58:41.06] [ComponentService] <INFO> 正在注册： vb-transfer-physicalzone.vue文件 (ComponentService.plugin.js:249)
[14:58:41.06] [ComponentService] <INFO> 正在注册： vb-transfer-reportpage.vue文件 (ComponentService.plugin.js:249)
[14:58:41.06] [ComponentService] <INFO> 正在注册： vb-transfer-tag.vue文件 (ComponentService.plugin.js:249)
[14:58:41.07] [ComponentService] <INFO> 正在注册： vb-tree-category.vue文件 (ComponentService.plugin.js:249)
[14:58:41.07] [ComponentService] <INFO> 正在注册： vb-tree-location.vue文件 (ComponentService.plugin.js:249)
[14:58:41.08] [ComponentService] <INFO> 正在注册： vb-zonecamera-query.vue文件 (ComponentService.plugin.js:249)
[14:58:41.08] [ComponentService] <INFO> 正在注册： vd-bd-devicezone.vue文件 (ComponentService.plugin.js:249)
[14:58:41.08] [ComponentService] <INFO> 正在注册： vd-bd-fencezone.vue文件 (ComponentService.plugin.js:249)
[14:58:41.09] [ComponentService] <INFO> 正在注册： vd-bd-grid.vue文件 (ComponentService.plugin.js:249)
[14:58:41.09] [ComponentService] <INFO> 正在注册： vd-bd-loaddata.vue文件 (ComponentService.plugin.js:249)
[14:58:41.09] [ComponentService] <INFO> 正在注册： vd-bd-physicallinkeddevice.vue文件 (ComponentService.plugin.js:249)
[14:58:41.10] [ComponentService] <INFO> 正在注册： vd-bd-savedata.vue文件 (ComponentService.plugin.js:249)
[14:58:41.12] [ComponentService] <INFO> 正在注册： vx-basic-demo.vue文件 (ComponentService.plugin.js:249)
[14:58:41.13] [ComponentService] <INFO> 正在注册： vm-form-location.vue文件 (ComponentService.plugin.js:249)
[14:58:41.14] [ComponentService] <INFO> 正在注册： vm-grid-location.vue文件 (ComponentService.plugin.js:249)
[14:58:41.14] [ComponentService] <INFO> 正在注册： vm-select-company.vue文件 (ComponentService.plugin.js:249)
[14:58:41.15] [ComponentService] <INFO> 正在注册： vm-select-mall.vue文件 (ComponentService.plugin.js:249)
[14:58:41.15] [ComponentService] <INFO> 正在注册： vm-transfer-mall.vue文件 (ComponentService.plugin.js:249)
[14:58:41.15] [ComponentService] <INFO> 正在注册： vm-transfer-physicalzone.vue文件 (ComponentService.plugin.js:249)
[14:58:41.16] [ComponentService] <INFO> 正在注册： vm-transfer-reportpage.vue文件 (ComponentService.plugin.js:249)
[14:58:41.16] [ComponentService] <INFO> 正在注册： vm-tree-location.vue文件 (ComponentService.plugin.js:249)
[14:58:41.17] [ComponentService] <INFO> 正在注册： vp-footer-default.vue文件 (ComponentService.plugin.js:249)
[14:58:41.18] [ComponentService] <INFO> 正在注册： vp-header-default.vue文件 (ComponentService.plugin.js:249)
[14:58:41.20] [ComponentService] <INFO> 正在注册： vp-header-filer.vue文件 (ComponentService.plugin.js:249)
[14:58:41.22] [ComponentService] <INFO> 正在注册： vp-header-nav.vue文件 (ComponentService.plugin.js:249)
[14:58:41.23] [ComponentService] <INFO> 正在注册： vp-main-home-default.vue文件 (ComponentService.plugin.js:249)
[14:58:41.23] [ComponentService] <INFO> 正在注册： vp-main-report-default.vue文件 (ComponentService.plugin.js:249)
[14:58:41.25] [ComponentService] <INFO> 正在注册： vp-nav-homeicon.vue文件 (ComponentService.plugin.js:249)
[14:58:41.26] [ComponentService] <INFO> 正在注册： vp-page-grid.vue文件 (ComponentService.plugin.js:249)
[14:58:41.26] [ComponentService] <INFO> 正在注册： vp-widget-flowdistribution.vue文件 (ComponentService.plugin.js:249)
[14:58:41.27] [ComponentService] <INFO> 正在注册： vp-widget-flowtime.vue文件 (ComponentService.plugin.js:249)
[14:58:41.28] [ComponentService] <INFO> 正在注册： vp-widget-home-chart.vue文件 (ComponentService.plugin.js:249)
[14:58:41.29] [ComponentService] <INFO> 正在注册： vp-widget-home-data.vue文件 (ComponentService.plugin.js:249)
[14:58:41.32] [ComponentService] <INFO> 正在注册： vp-widget-home-ranking.vue文件 (ComponentService.plugin.js:249)
[14:58:41.34] [ComponentService] <INFO> 正在注册： vp-widget-report-compare.vue文件 (ComponentService.plugin.js:249)
[14:58:41.37] [ComponentService] <INFO> 正在注册： vp-widget-time-selection.vue文件 (ComponentService.plugin.js:249)
[14:58:41.41] [ComponentService] <INFO> 正在注册： vm-layout-page.vue文件 (ComponentService.plugin.js:249)
[14:58:41.42] [ComponentService] <INFO> 正在注册： vx-basic-button.vue文件 (ComponentService.plugin.js:249)
[14:58:41.44] [ComponentService] <INFO> 正在注册： vx-container-col.vue文件 (ComponentService.plugin.js:249)
[14:58:41.43] [ComponentService] <INFO> 正在注册： vx-basic-tree.vue文件 (ComponentService.plugin.js:249)
[14:58:41.45] [ComponentService] <INFO> 正在注册： vx-container-dialog.vue文件 (ComponentService.plugin.js:249)
[14:58:41.46] [ComponentService] <INFO> 正在注册： vx-container-gridster.vue文件 (ComponentService.plugin.js:249)
[14:58:41.45] [ComponentService] <INFO> 正在注册： vx-container-combo.vue文件 (ComponentService.plugin.js:249)
[14:58:41.47] [ComponentService] <INFO> 正在注册： vx-container-item.vue文件 (ComponentService.plugin.js:249)
[14:58:41.47] [ComponentService] <INFO> 正在注册： vx-container-row.vue文件 (ComponentService.plugin.js:249)
[14:58:41.48] [ComponentService] <INFO> 正在注册： vx-container-tab.vue文件 (ComponentService.plugin.js:249)
[14:58:41.48] [ComponentService] <INFO> 正在注册： vx-form-cascader.vue文件 (ComponentService.plugin.js:249)
[14:58:41.49] [ComponentService] <INFO> 正在注册： vx-form-check.vue文件 (ComponentService.plugin.js:249)
[14:58:41.50] [ComponentService] <INFO> 正在注册： vx-form-clockpicker.vue文件 (ComponentService.plugin.js:249)
[14:58:41.50] [ComponentService] <INFO> 正在注册： vx-form-daterangepicker.vue文件 (ComponentService.plugin.js:249)
[14:58:41.51] [ComponentService] <INFO> 正在注册： vx-form-datesinglepicker.vue文件 (ComponentService.plugin.js:249)
[14:58:41.52] [ComponentService] <INFO> 正在注册： vx-form-group-select.vue文件 (ComponentService.plugin.js:249)
[14:58:41.52] [ComponentService] <INFO> 正在注册： vx-form-input.vue文件 (ComponentService.plugin.js:249)
[14:58:41.53] [ComponentService] <INFO> 正在注册： vx-form-location.vue文件 (ComponentService.plugin.js:249)
[14:58:41.54] [ComponentService] <INFO> 正在注册： vx-form-number.vue文件 (ComponentService.plugin.js:249)
[14:58:41.54] [ComponentService] <INFO> 正在注册： vx-form-password.vue文件 (ComponentService.plugin.js:249)
[14:58:41.55] [ComponentService] <INFO> 正在注册： vx-form-radio.vue文件 (ComponentService.plugin.js:249)
[14:58:41.56] [ComponentService] <INFO> 正在注册： vx-form-select.vue文件 (ComponentService.plugin.js:249)
[14:58:41.57] [ComponentService] <INFO> 正在注册： vx-form-transfer.vue文件 (ComponentService.plugin.js:249)
[14:58:41.58] [ComponentService] <INFO> 正在注册： vx-nav-breadcrumb.vue文件 (ComponentService.plugin.js:249)
[14:58:41.58] [ComponentService] <INFO> 正在注册： vx-nav-dropmenu.vue文件 (ComponentService.plugin.js:249)
[14:58:41.59] [ComponentService] <INFO> 正在注册： vx-nav-navmenu.vue文件 (ComponentService.plugin.js:249)
[14:58:41.59] [ComponentService] <INFO> 正在注册： vx-tab-pane.vue文件 (ComponentService.plugin.js:249)
[14:58:41.60] [ComponentService] <INFO> 正在注册： vx-tabs.vue文件 (ComponentService.plugin.js:249)
[14:58:41.60] [ComponentService] <INFO> 正在注册： vx-view-baidumap.vue文件 (ComponentService.plugin.js:249)
[14:58:41.60] [ComponentService] <INFO> 正在注册： vx-view-countup.vue文件 (ComponentService.plugin.js:249)
[14:58:41.63] [ComponentService] <INFO> 正在注册： vx-view-datatable.vue文件 (ComponentService.plugin.js:249)
[14:58:41.63] [ComponentService] <INFO> 正在注册： vx-view-dialog.vue文件 (ComponentService.plugin.js:249)
[14:58:41.63] [ComponentService] <INFO> 正在注册： vx-view-echart.vue文件 (ComponentService.plugin.js:249)
[14:58:41.64] [ComponentService] <INFO> 正在注册： vx-view-govmap.vue文件 (ComponentService.plugin.js:249)
[14:58:41.65] [ComponentService] <INFO> 正在注册： vx-view-heatmap.vue文件 (ComponentService.plugin.js:249)
[14:58:41.65] [ComponentService] <INFO> 正在注册： vx-view-linescroll.vue文件 (ComponentService.plugin.js:249)
[14:58:41.66] [ComponentService] <INFO> 正在注册： vx-view-map.vue文件 (ComponentService.plugin.js:249)
[14:58:41.67] [ComponentService] <INFO> 正在注册： vx-view-pagelist.vue文件 (ComponentService.plugin.js:249)
[14:58:41.67] [ComponentService] <INFO> 正在注册： vx-view-pagesize.vue文件 (ComponentService.plugin.js:249)
[14:58:41.68] [ComponentService] <INFO> 正在注册： vd-bd-componentslist.vue文件 (ComponentService.plugin.js:249)
[14:58:41.68] [ComponentService] <INFO> 正在注册： vd-bd-datadetail.vue文件 (ComponentService.plugin.js:249)
[14:58:41.68] [ComponentService] <INFO> 正在注册： vd-bd-fencezone.vue文件 (ComponentService.plugin.js:249)
[14:58:41.69] [ComponentService] <INFO> 正在注册： vd-bd-grid.vue文件 (ComponentService.plugin.js:249)
[14:58:41.69] [ComponentService] <INFO> 正在注册： vd-bd-loaddata.vue文件 (ComponentService.plugin.js:249)
[14:58:41.70] [ComponentService] <INFO> 正在注册： vd-bd-login.vue文件 (ComponentService.plugin.js:249)
[14:58:41.70] [ComponentService] <INFO> 正在注册： vd-bd-savedata.vue文件 (ComponentService.plugin.js:249)
[14:58:41.70] [ComponentService] <INFO> 正在注册： vd-bd-servicelist.vue文件 (ComponentService.plugin.js:249)
[14:58:41.71] [ComponentService] <INFO> 正在注册： vd-company-activity.vue文件 (ComponentService.plugin.js:249)
[14:58:41.72] [ComponentService] <INFO> 正在注册： vd-company-businesstime.vue文件 (ComponentService.plugin.js:249)
[14:58:41.72] [ComponentService] <INFO> 正在注册： vd-company-company.vue文件 (ComponentService.plugin.js:249)
[14:58:41.73] [ComponentService] <INFO> 正在注册： vd-company-device.vue文件 (ComponentService.plugin.js:249)
[14:58:41.73] [ComponentService] <INFO> 正在注册： vd-company-devicezone.vue文件 (ComponentService.plugin.js:249)
[14:58:41.73] [ComponentService] <INFO> 正在注册： vd-company-holiday.vue文件 (ComponentService.plugin.js:249)
[14:58:41.74] [ComponentService] <INFO> 正在注册： vd-company-mall.vue文件 (ComponentService.plugin.js:249)
[14:58:41.74] [ComponentService] <INFO> 正在注册： vd-company-physicalzone.vue文件 (ComponentService.plugin.js:249)
[14:58:41.75] [ComponentService] <INFO> 正在注册： vd-company-tag.vue文件 (ComponentService.plugin.js:249)
[14:58:41.75] [ComponentService] <INFO> 正在注册： vd-log-mallupdate.vue文件 (ComponentService.plugin.js:249)
[14:58:41.76] [ComponentService] <INFO> 正在注册： vd-log-weather.vue文件 (ComponentService.plugin.js:249)
[14:58:41.76] [ComponentService] <INFO> 正在注册： vd-log-zoneupdate.vue文件 (ComponentService.plugin.js:249)
[14:58:41.76] [ComponentService] <INFO> 正在注册： vd-report-chartoption.vue文件 (ComponentService.plugin.js:249)
[14:58:41.77] [ComponentService] <INFO> 正在注册： vd-report-chartstyle.vue文件 (ComponentService.plugin.js:249)
[14:58:41.78] [ComponentService] <INFO> 正在注册： vd-report-conditionoption.vue文件 (ComponentService.plugin.js:249)
[14:58:41.78] [ComponentService] <INFO> 正在注册： vd-report-indexoption.vue文件 (ComponentService.plugin.js:249)
[14:58:41.79] [ComponentService] <INFO> 正在注册： vd-report-reportmenu.vue文件 (ComponentService.plugin.js:249)
[14:58:41.80] [ComponentService] <INFO> 正在注册： vd-report-reportpage.vue文件 (ComponentService.plugin.js:249)
[14:58:41.81] [ComponentService] <INFO> 正在注册： vd-report-servicelist.vue文件 (ComponentService.plugin.js:249)
[14:58:41.81] [ComponentService] <INFO> 正在注册： vd-system-category.vue文件 (ComponentService.plugin.js:249)
[14:58:41.82] [ComponentService] <INFO> 正在注册： vd-system-location.vue文件 (ComponentService.plugin.js:249)
[14:58:41.82] [ComponentService] <INFO> 正在注册： vd-system-menu.vue文件 (ComponentService.plugin.js:249)
[14:58:41.83] [ComponentService] <INFO> 正在注册： vd-system-role.vue文件 (ComponentService.plugin.js:249)
[14:58:41.84] [ComponentService] <INFO> 正在注册： vd-system-user.vue文件 (ComponentService.plugin.js:249)
[14:58:41.84] [ComponentService] <INFO> 正在注册： vd-system-usergroup.vue文件 (ComponentService.plugin.js:249)
[14:58:41.85] [ComponentService] <INFO> 正在注册： vm-form-activity.vue文件 (ComponentService.plugin.js:249)
[14:58:41.86] [ComponentService] <INFO> 正在注册： vm-form-activityplugin.vue文件 (ComponentService.plugin.js:249)
[14:58:41.87] [ComponentService] <INFO> 正在注册： vm-form-businesstime.vue文件 (ComponentService.plugin.js:249)
[14:58:41.87] [ComponentService] <INFO> 正在注册： vm-form-businesstimeplugin.vue文件 (ComponentService.plugin.js:249)
[14:58:41.88] [ComponentService] <INFO> 正在注册： vm-form-holiday.vue文件 (ComponentService.plugin.js:249)
[14:58:41.89] [ComponentService] <INFO> 正在注册： vm-form-mall.vue文件 (ComponentService.plugin.js:249)
[14:58:41.91] [ComponentService] <INFO> 正在注册： vm-form-mallupdate.vue文件 (ComponentService.plugin.js:249)
[14:58:41.91] [ComponentService] <INFO> 正在注册： vm-form-tag.vue文件 (ComponentService.plugin.js:249)
[14:58:41.92] [ComponentService] <INFO> 正在注册： vm-form-weather.vue文件 (ComponentService.plugin.js:249)
[14:58:41.93] [ComponentService] <INFO> 正在注册： vm-form-zoneupdate.vue文件 (ComponentService.plugin.js:249)
[14:58:41.93] [ComponentService] <INFO> 正在注册： vm-grid-activity.vue文件 (ComponentService.plugin.js:249)
[14:58:41.94] [ComponentService] <INFO> 正在注册： vm-grid-businesstime.vue文件 (ComponentService.plugin.js:249)
[14:58:41.94] [ComponentService] <INFO> 正在注册： vm-grid-historicalcount.vue文件 (ComponentService.plugin.js:249)
[14:58:41.94] [ComponentService] <INFO> 正在注册： vm-grid-historicaldwell.vue文件 (ComponentService.plugin.js:249)
[14:58:41.95] [ComponentService] <INFO> 正在注册： vm-grid-historicalfitting.vue文件 (ComponentService.plugin.js:249)
[14:58:41.95] [ComponentService] <INFO> 正在注册： vm-grid-historicalpassby.vue文件 (ComponentService.plugin.js:249)
[14:58:41.95] [ComponentService] <INFO> 正在注册： vm-grid-historicalsummary.vue文件 (ComponentService.plugin.js:249)
[14:58:41.95] [ComponentService] <INFO> 正在注册： vm-grid-holiday.vue文件 (ComponentService.plugin.js:249)
[14:58:41.96] [ComponentService] <INFO> 正在注册： vm-grid-mall.vue文件 (ComponentService.plugin.js:249)
[14:58:41.96] [ComponentService] <INFO> 正在注册： vm-grid-tag.vue文件 (ComponentService.plugin.js:249)
[14:58:41.97] [ComponentService] <INFO> 正在注册： vm-grid-weather.vue文件 (ComponentService.plugin.js:249)
[14:58:41.97] [ComponentService] <INFO> 正在注册： vm-manager-dataadjustment.vue文件 (ComponentService.plugin.js:249)
[14:58:41.98] [ComponentService] <INFO> 正在注册： vm-manager-datarecovery.vue文件 (ComponentService.plugin.js:249)
[14:58:41.99] [ComponentService] <INFO> 正在注册： vm-manager-datasummary.vue文件 (ComponentService.plugin.js:249)
[14:58:41.99] [ComponentService] <INFO> 正在注册： vm-manager-salesDataMaintenance.vue文件 (ComponentService.plugin.js:249)
[14:58:42.00] [ComponentService] <INFO> 正在注册： vm-report-times.vue文件 (ComponentService.plugin.js:249)
[14:58:42.00] [ComponentService] <INFO> 正在注册： vm-select-devicecode.vue文件 (ComponentService.plugin.js:249)
[14:58:42.01] [ComponentService] <INFO> 正在注册： vm-transfer-tag.vue文件 (ComponentService.plugin.js:249)
[14:58:42.01] [ComponentService] <INFO> 正在注册： vm-form-device.vue文件 (ComponentService.plugin.js:249)
[14:58:42.02] [ComponentService] <INFO> 正在注册： vm-form-devicezone.vue文件 (ComponentService.plugin.js:249)
[14:58:42.02] [ComponentService] <INFO> 正在注册： vm-form-subsetzone.vue文件 (ComponentService.plugin.js:249)
[14:58:42.03] [ComponentService] <INFO> 正在注册： vm-grid-device.vue文件 (ComponentService.plugin.js:249)
[14:58:42.03] [ComponentService] <INFO> 正在注册： vm-grid-devicezone.vue文件 (ComponentService.plugin.js:249)
[14:58:42.03] [ComponentService] <INFO> 正在注册： vm-subset-devicezone.vue文件 (ComponentService.plugin.js:249)
[14:58:42.04] [ComponentService] <INFO> 正在注册： vb-layout-content.vue文件 (ComponentService.plugin.js:249)
[14:58:42.04] [ComponentService] <INFO> 正在注册： vb-layout-footer.vue文件 (ComponentService.plugin.js:249)
[14:58:42.05] [ComponentService] <INFO> 正在注册： vb-layout-header.vue文件 (ComponentService.plugin.js:249)
[14:58:42.06] [ComponentService] <INFO> 正在注册： vb-layout-main.vue文件 (ComponentService.plugin.js:249)
[14:58:42.07] [ComponentService] <INFO> 正在注册： vb-layout-pageheader.vue文件 (ComponentService.plugin.js:249)
[14:58:42.08] [ComponentService] <INFO> 正在注册： vb-layout-right.vue文件 (ComponentService.plugin.js:249)
[14:58:42.08] [ComponentService] <INFO> 正在注册： vb-layout-sidemenu.vue文件 (ComponentService.plugin.js:249)
[14:58:42.08] [ComponentService] <INFO> 正在注册： vb-nav-breadcrumb.vue文件 (ComponentService.plugin.js:249)
[14:58:42.09] [ComponentService] <INFO> 正在注册： vb-nav-menu.vue文件 (ComponentService.plugin.js:249)
[14:58:42.09] [ComponentService] <INFO> 正在注册： vp-footer-default.vue文件 (ComponentService.plugin.js:249)
[14:58:42.10] [ComponentService] <INFO> 正在注册： vp-header-default.vue文件 (ComponentService.plugin.js:249)
[14:58:42.11] [ComponentService] <INFO> 正在注册： vp-header-filer.vue文件 (ComponentService.plugin.js:249)
[14:58:42.11] [ComponentService] <INFO> 正在注册： vp-header-nav.vue文件 (ComponentService.plugin.js:249)
[14:58:42.12] [ComponentService] <INFO> 正在注册： vp-main-home-default.vue文件 (ComponentService.plugin.js:249)
[14:58:42.12] [ComponentService] <INFO> 正在注册： vp-main-report-default.vue文件 (ComponentService.plugin.js:249)
[14:58:42.13] [ComponentService] <INFO> 正在注册： vp-nav-homeicon.vue文件 (ComponentService.plugin.js:249)
[14:58:42.13] [ComponentService] <INFO> 正在注册： vp-page-grid.vue文件 (ComponentService.plugin.js:249)
[14:58:42.14] [ComponentService] <INFO> 正在注册： vp-widget-flowdistribution.vue文件 (ComponentService.plugin.js:249)
[14:58:42.14] [ComponentService] <INFO> 正在注册： vp-widget-flowtime.vue文件 (ComponentService.plugin.js:249)
[14:58:42.15] [ComponentService] <INFO> 正在注册： vp-widget-home-chart.vue文件 (ComponentService.plugin.js:249)
[14:58:42.15] [ComponentService] <INFO> 正在注册： vp-widget-home-data.vue文件 (ComponentService.plugin.js:249)
[14:58:42.16] [ComponentService] <INFO> 正在注册： vp-widget-home-ranking.vue文件 (ComponentService.plugin.js:249)
[14:58:42.17] [ComponentService] <INFO> 正在注册： vp-widget-report-compare.vue文件 (ComponentService.plugin.js:249)
[14:58:42.19] [ComponentService] <INFO> 正在注册： vp-widget-time-selection.vue文件 (ComponentService.plugin.js:249)
[14:58:42.19] [ComponentService] <INFO> 正在注册： vm-form-category.vue文件 (ComponentService.plugin.js:249)
[14:58:42.20] [ComponentService] <INFO> 正在注册： vm-form-componentslist.vue文件 (ComponentService.plugin.js:249)
[14:58:42.20] [ComponentService] <INFO> 正在注册： vm-form-menu.vue文件 (ComponentService.plugin.js:249)
[14:58:42.21] [ComponentService] <INFO> 正在注册： vm-form-menuplugin.vue文件 (ComponentService.plugin.js:249)
[14:58:42.21] [ComponentService] <INFO> 正在注册： vm-form-role.vue文件 (ComponentService.plugin.js:249)
[14:58:42.21] [ComponentService] <INFO> 正在注册： vm-form-roleplugin.vue文件 (ComponentService.plugin.js:249)
[14:58:42.22] [ComponentService] <INFO> 正在注册： vm-form-servicelist.vue文件 (ComponentService.plugin.js:249)
[14:58:42.22] [ComponentService] <INFO> 正在注册： vm-form-user.vue文件 (ComponentService.plugin.js:249)
[14:58:42.22] [ComponentService] <INFO> 正在注册： vm-form-usergroup.vue文件 (ComponentService.plugin.js:249)
[14:58:42.23] [ComponentService] <INFO> 正在注册： vm-form-usergroupplugin.vue文件 (ComponentService.plugin.js:249)
[14:58:42.23] [ComponentService] <INFO> 正在注册： vm-form-usergroupreportpage.vue文件 (ComponentService.plugin.js:249)
[14:58:42.24] [ComponentService] <INFO> 正在注册： vm-form-usergroupzone.vue文件 (ComponentService.plugin.js:249)
[14:58:42.24] [ComponentService] <INFO> 正在注册： vm-form-userplugin.vue文件 (ComponentService.plugin.js:249)
[14:58:42.24] [ComponentService] <INFO> 正在注册： vm-grid-category.vue文件 (ComponentService.plugin.js:249)
[14:58:42.25] [ComponentService] <INFO> 正在注册： vm-grid-componentslist.vue文件 (ComponentService.plugin.js:249)
[14:58:42.25] [ComponentService] <INFO> 正在注册： vm-grid-menu.vue文件 (ComponentService.plugin.js:249)
[14:58:42.25] [ComponentService] <INFO> 正在注册： vm-grid-role.vue文件 (ComponentService.plugin.js:249)
[14:58:42.26] [ComponentService] <INFO> 正在注册： vm-grid-servicelist.vue文件 (ComponentService.plugin.js:249)
[14:58:42.26] [ComponentService] <INFO> 正在注册： vm-grid-user.vue文件 (ComponentService.plugin.js:249)
[14:58:42.26] [ComponentService] <INFO> 正在注册： vm-grid-usergroup.vue文件 (ComponentService.plugin.js:249)
[14:58:42.27] [ComponentService] <INFO> 正在注册： vm-nav-menu.vue文件 (ComponentService.plugin.js:249)
[14:58:42.27] [ComponentService] <INFO> 正在注册： vm-select-role.vue文件 (ComponentService.plugin.js:249)
[14:58:42.27] [ComponentService] <INFO> 正在注册： vm-select-usergroup.vue文件 (ComponentService.plugin.js:249)
[14:58:42.28] [ComponentService] <INFO> 正在注册： vm-tree-category.vue文件 (ComponentService.plugin.js:249)
[14:58:42.28] [ComponentService] <INFO> 正在注册： vm-tree-menu.vue文件 (ComponentService.plugin.js:249)
[14:58:42.29] [ComponentService] <INFO> 正在注册： vm-tree-role.vue文件 (ComponentService.plugin.js:249)
