[14:01:31.92] [ComponentService] <INFO> 正在注册： vm-form-usergroupplugin.vue文件 (ComponentService.plugin.js:249)
[14:01:58.09] [ComponentService] <INFO> 正在注册： vm-transfer-mall.vue文件 (ComponentService.plugin.js:249)
[14:02:19.15] [ComponentService] <INFO> 正在注册： vm-transfer-mall.vue文件 (ComponentService.plugin.js:249)
[14:02:50.16] [ComponentService] <INFO> 正在注册： vm-transfer-mall.vue文件 (ComponentService.plugin.js:249)
[14:02:51.96] [ComponentService] <INFO> 正在注册： vm-transfer-mall.vue文件 (ComponentService.plugin.js:249)
[14:02:56.76] [ComponentService] <INFO> 正在注册： vm-transfer-mall.vue文件 (ComponentService.plugin.js:249)
[14:03:02.38] [ComponentService] <INFO> 正在注册： vm-transfer-mall.vue文件 (ComponentService.plugin.js:249)
[14:03:03.99] [ComponentService] <INFO> 正在注册： vm-transfer-mall.vue文件 (ComponentService.plugin.js:249)
[14:06:46.71] [ComponentService] <INFO> 正在注册： vm-transfer-mall.vue文件 (ComponentService.plugin.js:249)
[14:08:11.39] [ComponentService] <INFO> 正在注册： vm-transfer-mall.vue文件 (ComponentService.plugin.js:249)
[14:09:02.68] [ComponentService] <INFO> 正在注册： vm-transfer-mall.vue文件 (ComponentService.plugin.js:249)
[14:09:18.70] [ComponentService] <INFO> 正在注册： vm-transfer-mall.vue文件 (ComponentService.plugin.js:249)
[14:09:23.90] [ComponentService] <INFO> 正在注册： vm-transfer-mall.vue文件 (ComponentService.plugin.js:249)
[14:09:32.70] [ComponentService] <INFO> 正在注册： vm-transfer-mall.vue文件 (ComponentService.plugin.js:249)
[14:09:36.90] [ComponentService] <INFO> 正在注册： vm-transfer-mall.vue文件 (ComponentService.plugin.js:249)
[14:09:40.13] [ComponentService] <INFO> 正在注册： vm-transfer-mall.vue文件 (ComponentService.plugin.js:249)
[14:10:32.59] [ComponentService] <INFO> 正在注册： vm-transfer-mall.vue文件 (ComponentService.plugin.js:249)
[14:10:34.79] [ComponentService] <INFO> 正在注册： vm-transfer-mall.vue文件 (ComponentService.plugin.js:249)
[14:10:47.83] [ComponentService] <INFO> 正在注册： vm-transfer-mall.vue文件 (ComponentService.plugin.js:249)
[14:11:26.68] [ComponentService] <INFO> 正在注册： vm-transfer-mall.vue文件 (ComponentService.plugin.js:249)
[14:11:26.88] [ComponentService] <INFO> 正在注册： vm-transfer-mall.vue文件 (ComponentService.plugin.js:249)
[14:11:39.89] [ComponentService] <INFO> 正在注册： vm-transfer-mall.vue文件 (ComponentService.plugin.js:249)
[14:11:59.91] [ComponentService] <INFO> 正在注册： vm-transfer-mall.vue文件 (ComponentService.plugin.js:249)
[14:12:27.36] [ComponentService] <INFO> 正在注册： vm-transfer-mall.vue文件 (ComponentService.plugin.js:249)
[14:12:32.75] [ComponentService] <INFO> 正在注册： vm-transfer-mall.vue文件 (ComponentService.plugin.js:249)
[14:12:32.95] [ComponentService] <INFO> 正在注册： vm-transfer-mall.vue文件 (ComponentService.plugin.js:249)
[14:13:33.20] [ComponentService] <INFO> 正在注册： vm-transfer-mall.vue文件 (ComponentService.plugin.js:249)
[14:14:01.24] [ComponentService] <INFO> 正在注册： vm-transfer-mall.vue文件 (ComponentService.plugin.js:249)
[14:14:02.03] [ComponentService] <INFO> 正在注册： vm-transfer-mall.vue文件 (ComponentService.plugin.js:249)
[14:16:36.77] [ComponentService] <INFO> 正在注册： vm-transfer-mall.vue文件 (ComponentService.plugin.js:249)
[14:16:41.57] [ComponentService] <INFO> 正在注册： vm-transfer-mall.vue文件 (ComponentService.plugin.js:249)
[14:17:19.41] [ComponentService] <INFO> 正在注册： vm-transfer-mall.vue文件 (ComponentService.plugin.js:249)
[14:17:31.09] [ComponentService] <INFO> 正在注册： vm-transfer-mall.vue文件 (ComponentService.plugin.js:249)
[14:17:31.26] [ComponentService] <INFO> 正在注册： vm-transfer-mall.vue文件 (ComponentService.plugin.js:249)
[14:18:22.48] [ComponentService] <INFO> 正在注册： vm-transfer-mall.vue文件 (ComponentService.plugin.js:249)
[14:19:38.48] [ComponentService] <INFO> 正在注册： vm-transfer-mall.vue文件 (ComponentService.plugin.js:249)
[14:19:43.31] [ComponentService] <INFO> 正在注册： vm-transfer-mall.vue文件 (ComponentService.plugin.js:249)
[14:19:45.91] [ComponentService] <INFO> 正在注册： vm-transfer-mall.vue文件 (ComponentService.plugin.js:249)
[14:20:23.45] [ComponentService] <INFO> 正在注册： vm-transfer-mall.vue文件 (ComponentService.plugin.js:249)
[14:20:57.98] [ComponentService] <INFO> 正在注册： vm-transfer-mall.vue文件 (ComponentService.plugin.js:249)
[14:21:00.78] [ComponentService] <INFO> 正在注册： vm-transfer-mall.vue文件 (ComponentService.plugin.js:249)
[14:21:08.38] [ComponentService] <INFO> 正在注册： vm-transfer-mall.vue文件 (ComponentService.plugin.js:249)
[14:21:10.21] [ComponentService] <INFO> 正在注册： vm-transfer-mall.vue文件 (ComponentService.plugin.js:249)
[14:21:43.03] [ComponentService] <INFO> 正在注册： vm-transfer-mall.vue文件 (ComponentService.plugin.js:249)
[14:21:51.72] [ComponentService] <INFO> 正在注册： vm-transfer-mall.vue文件 (ComponentService.plugin.js:249)
[14:22:03.39] [ComponentService] <INFO> 正在注册： vm-transfer-mall.vue文件 (ComponentService.plugin.js:249)
[14:22:05.78] [ComponentService] <INFO> 正在注册： vm-transfer-mall.vue文件 (ComponentService.plugin.js:249)
[14:22:20.01] [ComponentService] <INFO> 正在注册： vm-transfer-mall.vue文件 (ComponentService.plugin.js:249)
[14:22:23.21] [ComponentService] <INFO> 正在注册： vm-transfer-mall.vue文件 (ComponentService.plugin.js:249)
[14:22:58.83] [ComponentService] <INFO> 正在注册： vm-transfer-physicalzone.vue文件 (ComponentService.plugin.js:249)
[14:23:23.25] [ComponentService] <INFO> 正在注册： vm-transfer-physicalzone.vue文件 (ComponentService.plugin.js:249)
[14:23:26.46] [ComponentService] <INFO> 正在注册： vm-transfer-physicalzone.vue文件 (ComponentService.plugin.js:249)
[14:23:30.66] [ComponentService] <INFO> 正在注册： vm-transfer-physicalzone.vue文件 (ComponentService.plugin.js:249)
[14:23:35.28] [ComponentService] <INFO> 正在注册： vm-transfer-physicalzone.vue文件 (ComponentService.plugin.js:249)
[14:23:38.08] [ComponentService] <INFO> 正在注册： vm-transfer-physicalzone.vue文件 (ComponentService.plugin.js:249)
[14:25:11.79] [ComponentService] <INFO> 正在注册： vm-transfer-mall.vue文件 (ComponentService.plugin.js:249)
[14:33:20.56] [ComponentService] <INFO> 正在注册： vm-transfer-mall.vue文件 (ComponentService.plugin.js:249)
[14:33:38.39] [ComponentService] <INFO> 正在注册： vm-transfer-mall.vue文件 (ComponentService.plugin.js:249)
[14:33:45.77] [ComponentService] <INFO> 正在注册： vm-transfer-mall.vue文件 (ComponentService.plugin.js:249)
[14:34:06.39] [ComponentService] <INFO> 正在注册： vm-select-company.vue文件 (ComponentService.plugin.js:249)
[14:34:19.60] [ComponentService] <INFO> 正在注册： vm-select-company.vue文件 (ComponentService.plugin.js:249)
[14:34:35.02] [ComponentService] <INFO> 正在注册： vm-transfer-mall.vue文件 (ComponentService.plugin.js:249)
[14:34:50.83] [ComponentService] <INFO> 正在注册： vm-transfer-mall.vue文件 (ComponentService.plugin.js:249)
[14:35:00.45] [ComponentService] <INFO> 正在注册： vm-transfer-mall.vue文件 (ComponentService.plugin.js:249)
[14:35:11.25] [ComponentService] <INFO> 正在注册： vm-transfer-mall.vue文件 (ComponentService.plugin.js:249)
[14:35:11.45] [ComponentService] <INFO> 正在注册： vm-transfer-mall.vue文件 (ComponentService.plugin.js:249)
[14:35:11.65] [ComponentService] <INFO> 正在注册： vm-transfer-mall.vue文件 (ComponentService.plugin.js:249)
[14:35:27.30] [ComponentService] <INFO> 正在注册： vm-transfer-mall.vue文件 (ComponentService.plugin.js:249)
[14:35:40.49] [ComponentService] <INFO> 正在注册： vm-transfer-mall.vue文件 (ComponentService.plugin.js:249)
[14:35:41.10] [ComponentService] <INFO> 正在注册： vm-transfer-mall.vue文件 (ComponentService.plugin.js:249)
[14:36:19.92] [ComponentService] <INFO> 正在注册： vm-transfer-mall.vue文件 (ComponentService.plugin.js:249)
[14:36:27.94] [ComponentService] <INFO> 正在注册： vm-transfer-mall.vue文件 (ComponentService.plugin.js:249)
[14:36:35.98] [ComponentService] <INFO> 正在注册： vm-transfer-mall.vue文件 (ComponentService.plugin.js:249)
[14:37:31.08] [ComponentService] <INFO> 正在注册： vm-transfer-mall.vue文件 (ComponentService.plugin.js:249)
[14:37:44.70] [ComponentService] <INFO> 正在注册： vm-transfer-mall.vue文件 (ComponentService.plugin.js:249)
[14:37:46.70] [ComponentService] <INFO> 正在注册： vm-transfer-mall.vue文件 (ComponentService.plugin.js:249)
[14:37:48.50] [ComponentService] <INFO> 正在注册： vm-transfer-mall.vue文件 (ComponentService.plugin.js:249)
[14:38:11.92] [ComponentService] <INFO> 正在注册： vm-select-mall.vue文件 (ComponentService.plugin.js:249)
[14:38:16.12] [ComponentService] <INFO> 正在注册： vm-select-mall.vue文件 (ComponentService.plugin.js:249)
[14:38:43.15] [ComponentService] <INFO> 正在注册： vm-transfer-physicalzone.vue文件 (ComponentService.plugin.js:249)
[14:38:56.75] [ComponentService] <INFO> 正在注册： vm-transfer-physicalzone.vue文件 (ComponentService.plugin.js:249)
[14:39:06.15] [ComponentService] <INFO> 正在注册： vm-transfer-physicalzone.vue文件 (ComponentService.plugin.js:249)
[14:39:13.37] [ComponentService] <INFO> 正在注册： vm-transfer-physicalzone.vue文件 (ComponentService.plugin.js:249)
[14:39:25.99] [ComponentService] <INFO> 正在注册： vm-transfer-physicalzone.vue文件 (ComponentService.plugin.js:249)
[14:40:47.69] [ComponentService] <INFO> 正在注册： vm-transfer-physicalzone.vue文件 (ComponentService.plugin.js:249)
[14:40:47.88] [ComponentService] <INFO> 正在注册： vm-transfer-physicalzone.vue文件 (ComponentService.plugin.js:249)
[14:40:48.09] [ComponentService] <INFO> 正在注册： vm-transfer-physicalzone.vue文件 (ComponentService.plugin.js:249)
[14:40:48.28] [ComponentService] <INFO> 正在注册： vm-transfer-physicalzone.vue文件 (ComponentService.plugin.js:249)
[14:40:48.48] [ComponentService] <INFO> 正在注册： vm-transfer-physicalzone.vue文件 (ComponentService.plugin.js:249)
[14:41:20.46] [ComponentService] <INFO> 正在注册： vm-transfer-physicalzone.vue文件 (ComponentService.plugin.js:249)
[14:41:57.35] [ComponentService] <INFO> 正在注册： vm-transfer-physicalzone.vue文件 (ComponentService.plugin.js:249)
[14:42:08.39] [ComponentService] <INFO> 正在注册： vm-transfer-physicalzone.vue文件 (ComponentService.plugin.js:249)
[14:42:14.60] [ComponentService] <INFO> 正在注册： vm-transfer-physicalzone.vue文件 (ComponentService.plugin.js:249)
[14:42:17.79] [ComponentService] <INFO> 正在注册： vm-transfer-physicalzone.vue文件 (ComponentService.plugin.js:249)
[14:42:23.100] [ComponentService] <INFO> 正在注册： vm-transfer-physicalzone.vue文件 (ComponentService.plugin.js:249)
[14:42:33.02] [ComponentService] <INFO> 正在注册： vm-transfer-physicalzone.vue文件 (ComponentService.plugin.js:249)
[14:42:33.45] [ComponentService] <INFO> 正在注册： vm-transfer-physicalzone.vue文件 (ComponentService.plugin.js:249)
[14:43:33.89] [ComponentService] <INFO> 正在注册： vm-select-company.vue文件 (ComponentService.plugin.js:249)
[14:43:40.09] [ComponentService] <INFO> 正在注册： vm-transfer-physicalzone.vue文件 (ComponentService.plugin.js:249)
[14:43:40.29] [ComponentService] <INFO> 正在注册： vm-transfer-physicalzone.vue文件 (ComponentService.plugin.js:249)
[14:43:54.75] [ComponentService] <INFO> 正在注册： vm-transfer-physicalzone.vue文件 (ComponentService.plugin.js:249)
[14:44:32.61] [ComponentService] <INFO> 正在注册： vm-transfer-physicalzone.vue文件 (ComponentService.plugin.js:249)
[14:44:32.82] [ComponentService] <INFO> 正在注册： vm-transfer-physicalzone.vue文件 (ComponentService.plugin.js:249)
[14:44:33.01] [ComponentService] <INFO> 正在注册： vm-transfer-physicalzone.vue文件 (ComponentService.plugin.js:249)
[14:44:52.23] [ComponentService] <INFO> 正在注册： vm-transfer-physicalzone.vue文件 (ComponentService.plugin.js:249)
[14:45:38.94] [ComponentService] <INFO> 正在注册： vm-select-company.vue文件 (ComponentService.plugin.js:249)
[14:45:46.15] [ComponentService] <INFO> 正在注册： vm-select-company.vue文件 (ComponentService.plugin.js:249)
[14:45:49.74] [ComponentService] <INFO> 正在注册： vm-select-company.vue文件 (ComponentService.plugin.js:249)
[14:46:00.77] [ComponentService] <INFO> 正在注册： vm-select-mall.vue文件 (ComponentService.plugin.js:249)
[14:46:29.31] [ComponentService] <INFO> 正在注册： vm-transfer-physicalzone.vue文件 (ComponentService.plugin.js:249)
[14:47:17.17] [ComponentService] <INFO> 正在注册： vm-transfer-physicalzone.vue文件 (ComponentService.plugin.js:249)
[14:47:20.38] [ComponentService] <INFO> 正在注册： vm-transfer-physicalzone.vue文件 (ComponentService.plugin.js:249)
[14:47:22.19] [ComponentService] <INFO> 正在注册： vm-transfer-physicalzone.vue文件 (ComponentService.plugin.js:249)
[14:47:44.52] [ComponentService] <INFO> 正在注册： vm-transfer-physicalzone.vue文件 (ComponentService.plugin.js:249)
[14:48:40.65] [ComponentService] <INFO> 正在注册： vm-transfer-physicalzone.vue文件 (ComponentService.plugin.js:249)
[14:48:47.86] [ComponentService] <INFO> 正在注册： vm-transfer-physicalzone.vue文件 (ComponentService.plugin.js:249)
[14:49:00.68] [ComponentService] <INFO> 正在注册： vm-transfer-physicalzone.vue文件 (ComponentService.plugin.js:249)
[14:49:04.27] [ComponentService] <INFO> 正在注册： vm-transfer-physicalzone.vue文件 (ComponentService.plugin.js:249)
[14:49:06.47] [ComponentService] <INFO> 正在注册： vm-transfer-physicalzone.vue文件 (ComponentService.plugin.js:249)
[14:49:13.88] [ComponentService] <INFO> 正在注册： vm-transfer-physicalzone.vue文件 (ComponentService.plugin.js:249)
[14:49:16.68] [ComponentService] <INFO> 正在注册： vm-transfer-physicalzone.vue文件 (ComponentService.plugin.js:249)
[14:49:36.19] [ComponentService] <INFO> 正在注册： vm-transfer-physicalzone.vue文件 (ComponentService.plugin.js:249)
[14:49:46.21] [ComponentService] <INFO> 正在注册： vm-transfer-physicalzone.vue文件 (ComponentService.plugin.js:249)
[14:50:19.50] [ComponentService] <INFO> 正在注册： vm-transfer-physicalzone.vue文件 (ComponentService.plugin.js:249)
[14:50:42.60] [ComponentService] <INFO> 正在注册： vm-transfer-physicalzone.vue文件 (ComponentService.plugin.js:249)
[14:50:54.03] [ComponentService] <INFO> 正在注册： vm-transfer-physicalzone.vue文件 (ComponentService.plugin.js:249)
[14:51:11.26] [ComponentService] <INFO> 正在注册： vm-transfer-physicalzone.vue文件 (ComponentService.plugin.js:249)
[14:51:24.38] [ComponentService] <INFO> 正在注册： vm-transfer-physicalzone.vue文件 (ComponentService.plugin.js:249)
[14:51:31.20] [ComponentService] <INFO> 正在注册： vm-transfer-physicalzone.vue文件 (ComponentService.plugin.js:249)
[14:51:45.87] [ComponentService] <INFO> 正在注册： vm-transfer-physicalzone.vue文件 (ComponentService.plugin.js:249)
[14:51:46.87] [ComponentService] <INFO> 正在注册： vm-transfer-physicalzone.vue文件 (ComponentService.plugin.js:249)
[14:51:55.43] [ComponentService] <INFO> 正在注册： vm-transfer-physicalzone.vue文件 (ComponentService.plugin.js:249)
[14:52:24.47] [ComponentService] <INFO> 正在注册： vm-form-usergroupplugin.vue文件 (ComponentService.plugin.js:249)
[14:52:55.29] [ComponentService] <INFO> 正在注册： vm-transfer-physicalzone.vue文件 (ComponentService.plugin.js:249)
[14:54:07.99] [ComponentService] <INFO> 正在注册： vm-transfer-physicalzone.vue文件 (ComponentService.plugin.js:249)
[14:54:45.43] [ComponentService] <INFO> 正在注册： vm-transfer-physicalzone.vue文件 (ComponentService.plugin.js:249)
[14:55:00.49] [ComponentService] <INFO> 正在注册： vm-transfer-physicalzone.vue文件 (ComponentService.plugin.js:249)
[14:55:14.31] [ComponentService] <INFO> 正在注册： vm-transfer-physicalzone.vue文件 (ComponentService.plugin.js:249)
[14:55:19.72] [ComponentService] <INFO> 正在注册： vm-transfer-physicalzone.vue文件 (ComponentService.plugin.js:249)
[14:55:31.96] [ComponentService] <INFO> 正在注册： vm-transfer-physicalzone.vue文件 (ComponentService.plugin.js:249)
[14:55:55.02] [ComponentService] <INFO> 正在注册： vm-transfer-physicalzone.vue文件 (ComponentService.plugin.js:249)
[14:55:56.82] [ComponentService] <INFO> 正在注册： vm-transfer-physicalzone.vue文件 (ComponentService.plugin.js:249)
[14:56:07.47] [ComponentService] <INFO> 正在注册： vm-transfer-physicalzone.vue文件 (ComponentService.plugin.js:249)
[14:56:20.63] [ComponentService] <INFO> 正在注册： vm-transfer-physicalzone.vue文件 (ComponentService.plugin.js:249)
[14:56:21.44] [ComponentService] <INFO> 正在注册： vm-transfer-physicalzone.vue文件 (ComponentService.plugin.js:249)
[14:56:24.24] [ComponentService] <INFO> 正在注册： vm-transfer-physicalzone.vue文件 (ComponentService.plugin.js:249)
[14:56:32.60] [ComponentService] <INFO> 正在注册： vm-transfer-physicalzone.vue文件 (ComponentService.plugin.js:249)
[14:56:45.08] [ComponentService] <INFO> 正在注册： vm-transfer-physicalzone.vue文件 (ComponentService.plugin.js:249)
[14:56:52.30] [ComponentService] <INFO> 正在注册： vm-transfer-physicalzone.vue文件 (ComponentService.plugin.js:249)
[14:57:02.58] [ComponentService] <INFO> 正在注册： vm-transfer-physicalzone.vue文件 (ComponentService.plugin.js:249)
[14:57:03.81] [ComponentService] <INFO> 正在注册： vm-transfer-physicalzone.vue文件 (ComponentService.plugin.js:249)
[14:57:19.25] [ComponentService] <INFO> 正在注册： vm-transfer-physicalzone.vue文件 (ComponentService.plugin.js:249)
[14:57:21.94] [ComponentService] <INFO> 正在注册： vm-transfer-physicalzone.vue文件 (ComponentService.plugin.js:249)
