[09:48:20.40] [ComponentService] <INFO> 正在注册： vb-cascader-city.vue文件 (ComponentService.plugin.js:251)
[09:48:20.40] [ComponentService] <INFO> 正在注册： vb-form-businesstime.vue文件 (ComponentService.plugin.js:251)
[09:48:20.41] [ComponentService] <INFO> 正在注册： vb-form-businesstimeplugin.vue文件 (ComponentService.plugin.js:251)
[09:48:20.41] [ComponentService] <INFO> 正在注册： vb-form-chartoption.vue文件 (ComponentService.plugin.js:251)
[09:48:20.42] [ComponentService] <INFO> 正在注册： vb-form-chartstyle.vue文件 (ComponentService.plugin.js:251)
[09:48:20.43] [ComponentService] <INFO> 正在注册： vb-form-company.vue文件 (ComponentService.plugin.js:251)
[09:48:20.43] [ComponentService] <INFO> 正在注册： vb-form-conditionoption.vue文件 (ComponentService.plugin.js:251)
[09:48:20.44] [ComponentService] <INFO> 正在注册： vb-form-fencezone.vue文件 (ComponentService.plugin.js:251)
[09:48:20.44] [ComponentService] <INFO> 正在注册： vb-form-holiday.vue文件 (ComponentService.plugin.js:251)
[09:48:20.44] [ComponentService] <INFO> 正在注册： vb-form-indexoption.vue文件 (ComponentService.plugin.js:251)
[09:48:20.45] [ComponentService] <INFO> 正在注册： vb-form-location.vue文件 (ComponentService.plugin.js:251)
[09:48:20.46] [ComponentService] <INFO> 正在注册： vb-form-mall.vue文件 (ComponentService.plugin.js:251)
[09:48:20.46] [ComponentService] <INFO> 正在注册： vb-form-physicalzone.vue文件 (ComponentService.plugin.js:251)
[09:48:20.46] [ComponentService] <INFO> 正在注册： vb-form-reportmenu.vue文件 (ComponentService.plugin.js:251)
[09:48:20.47] [ComponentService] <INFO> 正在注册： vb-form-reportpage.vue文件 (ComponentService.plugin.js:251)
[09:48:20.47] [ComponentService] <INFO> 正在注册： vb-form-tag.vue文件 (ComponentService.plugin.js:251)
[09:48:20.47] [ComponentService] <INFO> 正在注册： vb-form-transfer-mall.vue文件 (ComponentService.plugin.js:251)
[09:48:20.48] [ComponentService] <INFO> 正在注册： vb-form-weather.vue文件 (ComponentService.plugin.js:251)
[09:48:20.48] [ComponentService] <INFO> 正在注册： vb-grid-activity.vue文件 (ComponentService.plugin.js:251)
[09:48:20.49] [ComponentService] <INFO> 正在注册： vb-grid-businesstime.vue文件 (ComponentService.plugin.js:251)
[09:48:20.49] [ComponentService] <INFO> 正在注册： vb-grid-chartoption.vue文件 (ComponentService.plugin.js:251)
[09:48:20.49] [ComponentService] <INFO> 正在注册： vb-grid-chartstyle.vue文件 (ComponentService.plugin.js:251)
[09:48:20.50] [ComponentService] <INFO> 正在注册： vb-grid-company.vue文件 (ComponentService.plugin.js:251)
[09:48:20.50] [ComponentService] <INFO> 正在注册： vb-grid-conditionoption.vue文件 (ComponentService.plugin.js:251)
[09:48:20.50] [ComponentService] <INFO> 正在注册： vb-grid-fencezone.vue文件 (ComponentService.plugin.js:251)
[09:48:20.51] [ComponentService] <INFO> 正在注册： vb-grid-holiday.vue文件 (ComponentService.plugin.js:251)
[09:48:20.51] [ComponentService] <INFO> 正在注册： vb-grid-indexoption.vue文件 (ComponentService.plugin.js:251)
[09:48:20.52] [ComponentService] <INFO> 正在注册： vb-grid-location.vue文件 (ComponentService.plugin.js:251)
[09:48:20.52] [ComponentService] <INFO> 正在注册： vb-grid-mall.vue文件 (ComponentService.plugin.js:251)
[09:48:20.52] [ComponentService] <INFO> 正在注册： vb-grid-physicalzone.vue文件 (ComponentService.plugin.js:251)
[09:48:20.53] [ComponentService] <INFO> 正在注册： vb-grid-reportmenu.vue文件 (ComponentService.plugin.js:251)
[09:48:20.53] [ComponentService] <INFO> 正在注册： vb-grid-reportpage.vue文件 (ComponentService.plugin.js:251)
[09:48:20.53] [ComponentService] <INFO> 正在注册： vb-grid-role.vue文件 (ComponentService.plugin.js:251)
[09:48:20.54] [ComponentService] <INFO> 正在注册： vb-grid-tag.vue文件 (ComponentService.plugin.js:251)
[09:48:20.54] [ComponentService] <INFO> 正在注册： vb-grid-user.vue文件 (ComponentService.plugin.js:251)
[09:48:20.54] [ComponentService] <INFO> 正在注册： vb-grid-weather.vue文件 (ComponentService.plugin.js:251)
[09:48:20.55] [ComponentService] <INFO> 正在注册： vb-log-malllog.vue文件 (ComponentService.plugin.js:251)
[09:48:20.55] [ComponentService] <INFO> 正在注册： vb-log-mallupdate.vue文件 (ComponentService.plugin.js:251)
[09:48:20.55] [ComponentService] <INFO> 正在注册： vb-log-zonelog.vue文件 (ComponentService.plugin.js:251)
[09:48:20.56] [ComponentService] <INFO> 正在注册： vb-log-zoneupdate.vue文件 (ComponentService.plugin.js:251)
[09:48:20.56] [ComponentService] <INFO> 正在注册： vb-page-activity.vue文件 (ComponentService.plugin.js:251)
[09:48:20.56] [ComponentService] <INFO> 正在注册： vb-page-businesstime.vue文件 (ComponentService.plugin.js:251)
[09:48:20.57] [ComponentService] <INFO> 正在注册： vb-page-chartoption.vue文件 (ComponentService.plugin.js:251)
[09:48:20.57] [ComponentService] <INFO> 正在注册： vb-page-chartstyle.vue文件 (ComponentService.plugin.js:251)
[09:48:20.57] [ComponentService] <INFO> 正在注册： vb-page-company.vue文件 (ComponentService.plugin.js:251)
[09:48:20.58] [ComponentService] <INFO> 正在注册： vb-page-conditionoption.vue文件 (ComponentService.plugin.js:251)
[09:48:20.58] [ComponentService] <INFO> 正在注册： vb-page-holiday.vue文件 (ComponentService.plugin.js:251)
[09:48:20.59] [ComponentService] <INFO> 正在注册： vb-page-indexoption.vue文件 (ComponentService.plugin.js:251)
[09:48:20.59] [ComponentService] <INFO> 正在注册： vb-page-mall.vue文件 (ComponentService.plugin.js:251)
[09:48:20.59] [ComponentService] <INFO> 正在注册： vb-page-reportmenu.vue文件 (ComponentService.plugin.js:251)
[09:48:20.60] [ComponentService] <INFO> 正在注册： vb-page-reportpage.vue文件 (ComponentService.plugin.js:251)
[09:48:20.60] [ComponentService] <INFO> 正在注册： vb-page-tag.vue文件 (ComponentService.plugin.js:251)
[09:48:20.60] [ComponentService] <INFO> 正在注册： vb-page-weather.vue文件 (ComponentService.plugin.js:251)
[09:48:20.61] [ComponentService] <INFO> 正在注册： vb-select-chartoption.vue文件 (ComponentService.plugin.js:251)
[09:48:20.61] [ComponentService] <INFO> 正在注册： vb-select-chartstyle.vue文件 (ComponentService.plugin.js:251)
[09:48:20.61] [ComponentService] <INFO> 正在注册： vb-select-company.vue文件 (ComponentService.plugin.js:251)
[09:48:20.62] [ComponentService] <INFO> 正在注册： vb-select-device.vue文件 (ComponentService.plugin.js:251)
[09:48:20.62] [ComponentService] <INFO> 正在注册： vb-select-fencezone.vue文件 (ComponentService.plugin.js:251)
[09:48:20.62] [ComponentService] <INFO> 正在注册： vb-select-indexoption.vue文件 (ComponentService.plugin.js:251)
[09:48:20.63] [ComponentService] <INFO> 正在注册： vb-select-mall.vue文件 (ComponentService.plugin.js:251)
[09:48:20.63] [ComponentService] <INFO> 正在注册： vb-select-menutype.vue文件 (ComponentService.plugin.js:251)
[09:48:20.63] [ComponentService] <INFO> 正在注册： vb-select-physicalzone.vue文件 (ComponentService.plugin.js:251)
[09:48:20.64] [ComponentService] <INFO> 正在注册： vb-select-reportmenu.vue文件 (ComponentService.plugin.js:251)
[09:48:20.64] [ComponentService] <INFO> 正在注册： vb-select-role.vue文件 (ComponentService.plugin.js:251)
[09:48:20.64] [ComponentService] <INFO> 正在注册： vb-select-usergroup.vue文件 (ComponentService.plugin.js:251)
[09:48:20.65] [ComponentService] <INFO> 正在注册： vb-select-zonetype.vue文件 (ComponentService.plugin.js:251)
[09:48:20.65] [ComponentService] <INFO> 正在注册： vb-transfer-chartoption.vue文件 (ComponentService.plugin.js:251)
[09:48:20.65] [ComponentService] <INFO> 正在注册： vb-transfer-conditionoption.vue文件 (ComponentService.plugin.js:251)
[09:48:20.66] [ComponentService] <INFO> 正在注册： vb-transfer-indexoption.vue文件 (ComponentService.plugin.js:251)
[09:48:20.66] [ComponentService] <INFO> 正在注册： vb-transfer-location.vue文件 (ComponentService.plugin.js:251)
[09:48:20.66] [ComponentService] <INFO> 正在注册： vb-transfer-mall.vue文件 (ComponentService.plugin.js:251)
[09:48:20.67] [ComponentService] <INFO> 正在注册： vb-transfer-physicalzone.vue文件 (ComponentService.plugin.js:251)
[09:48:20.67] [ComponentService] <INFO> 正在注册： vb-transfer-reportpage.vue文件 (ComponentService.plugin.js:251)
[09:48:20.68] [ComponentService] <INFO> 正在注册： vb-transfer-tag.vue文件 (ComponentService.plugin.js:251)
[09:48:20.68] [ComponentService] <INFO> 正在注册： vb-tree-category.vue文件 (ComponentService.plugin.js:251)
[09:48:20.68] [ComponentService] <INFO> 正在注册： vb-tree-location.vue文件 (ComponentService.plugin.js:251)
[09:48:20.69] [ComponentService] <INFO> 正在注册： vb-zonecamera-query.vue文件 (ComponentService.plugin.js:251)
[09:48:20.71] [ComponentService] <INFO> 正在注册： vx-basic-demo.vue文件 (ComponentService.plugin.js:251)
[09:48:20.72] [ComponentService] <INFO> 正在注册： vm-form-location.vue文件 (ComponentService.plugin.js:251)
[09:48:20.73] [ComponentService] <INFO> 正在注册： vm-grid-location.vue文件 (ComponentService.plugin.js:251)
[09:48:20.73] [ComponentService] <INFO> 正在注册： vm-select-company.vue文件 (ComponentService.plugin.js:251)
[09:48:20.73] [ComponentService] <INFO> 正在注册： vm-select-mall.vue文件 (ComponentService.plugin.js:251)
[09:48:20.74] [ComponentService] <INFO> 正在注册： vm-transfer-mall.vue文件 (ComponentService.plugin.js:251)
[09:48:20.74] [ComponentService] <INFO> 正在注册： vm-transfer-physicalzone.vue文件 (ComponentService.plugin.js:251)
[09:48:20.74] [ComponentService] <INFO> 正在注册： vm-transfer-reportpage.vue文件 (ComponentService.plugin.js:251)
[09:48:20.75] [ComponentService] <INFO> 正在注册： vm-tree-location.vue文件 (ComponentService.plugin.js:251)
[09:48:20.77] [ComponentService] <INFO> 正在注册： vm-page-grid.vue文件 (ComponentService.plugin.js:251)
[09:48:20.78] [ComponentService] <INFO> 正在注册： vx-basic-button.vue文件 (ComponentService.plugin.js:251)
[09:48:20.78] [ComponentService] <INFO> 正在注册： vx-basic-tree.vue文件 (ComponentService.plugin.js:251)
[09:48:20.79] [ComponentService] <INFO> 正在注册： vx-container-combo.vue文件 (ComponentService.plugin.js:251)
[09:48:20.79] [ComponentService] <INFO> 正在注册： vx-container-col.vue文件 (ComponentService.plugin.js:251)
[09:48:20.80] [ComponentService] <INFO> 正在注册： vx-container-dialog.vue文件 (ComponentService.plugin.js:251)
[09:48:20.81] [ComponentService] <INFO> 正在注册： vx-container-item.vue文件 (ComponentService.plugin.js:251)
[09:48:20.81] [ComponentService] <INFO> 正在注册： vx-container-row.vue文件 (ComponentService.plugin.js:251)
[09:48:20.80] [ComponentService] <INFO> 正在注册： vx-container-gridster.vue文件 (ComponentService.plugin.js:251)
[09:48:20.82] [ComponentService] <INFO> 正在注册： vx-form-cascader.vue文件 (ComponentService.plugin.js:251)
[09:48:20.81] [ComponentService] <INFO> 正在注册： vx-container-tab.vue文件 (ComponentService.plugin.js:251)
[09:48:20.82] [ComponentService] <INFO> 正在注册： vx-form-check.vue文件 (ComponentService.plugin.js:251)
[09:48:20.83] [ComponentService] <INFO> 正在注册： vx-form-clockpicker.vue文件 (ComponentService.plugin.js:251)
[09:48:20.85] [ComponentService] <INFO> 正在注册： vx-form-daterangepicker.vue文件 (ComponentService.plugin.js:251)
[09:48:20.85] [ComponentService] <INFO> 正在注册： vx-form-datesinglepicker.vue文件 (ComponentService.plugin.js:251)
[09:48:20.86] [ComponentService] <INFO> 正在注册： vx-form-group-select.vue文件 (ComponentService.plugin.js:251)
[09:48:20.86] [ComponentService] <INFO> 正在注册： vx-form-input.vue文件 (ComponentService.plugin.js:251)
[09:48:20.87] [ComponentService] <INFO> 正在注册： vx-form-location.vue文件 (ComponentService.plugin.js:251)
[09:48:20.87] [ComponentService] <INFO> 正在注册： vx-form-number.vue文件 (ComponentService.plugin.js:251)
[09:48:20.88] [ComponentService] <INFO> 正在注册： vx-form-password.vue文件 (ComponentService.plugin.js:251)
[09:48:20.88] [ComponentService] <INFO> 正在注册： vx-form-radio.vue文件 (ComponentService.plugin.js:251)
[09:48:20.89] [ComponentService] <INFO> 正在注册： vx-form-select.vue文件 (ComponentService.plugin.js:251)
[09:48:20.90] [ComponentService] <INFO> 正在注册： vx-form-transfer.vue文件 (ComponentService.plugin.js:251)
[09:48:20.90] [ComponentService] <INFO> 正在注册： vx-nav-breadcrumb.vue文件 (ComponentService.plugin.js:251)
[09:48:20.91] [ComponentService] <INFO> 正在注册： vx-nav-dropmenu.vue文件 (ComponentService.plugin.js:251)
[09:48:20.92] [ComponentService] <INFO> 正在注册： vx-nav-navmenu.vue文件 (ComponentService.plugin.js:251)
[09:48:20.92] [ComponentService] <INFO> 正在注册： vx-tab-pane.vue文件 (ComponentService.plugin.js:251)
[09:48:20.92] [ComponentService] <INFO> 正在注册： vx-tabs.vue文件 (ComponentService.plugin.js:251)
[09:48:20.94] [ComponentService] <INFO> 正在注册： vx-view-baidumap.vue文件 (ComponentService.plugin.js:251)
[09:48:20.94] [ComponentService] <INFO> 正在注册： vx-view-countup.vue文件 (ComponentService.plugin.js:251)
[09:48:20.96] [ComponentService] <INFO> 正在注册： vx-view-datatable.vue文件 (ComponentService.plugin.js:251)
[09:48:20.97] [ComponentService] <INFO> 正在注册： vx-view-dialog.vue文件 (ComponentService.plugin.js:251)
[09:48:20.97] [ComponentService] <INFO> 正在注册： vx-view-echart.vue文件 (ComponentService.plugin.js:251)
[09:48:20.98] [ComponentService] <INFO> 正在注册： vx-view-govmap.vue文件 (ComponentService.plugin.js:251)
[09:48:20.98] [ComponentService] <INFO> 正在注册： vx-view-heatmap.vue文件 (ComponentService.plugin.js:251)
[09:48:20.99] [ComponentService] <INFO> 正在注册： vx-view-linescroll.vue文件 (ComponentService.plugin.js:251)
[09:48:20.100] [ComponentService] <INFO> 正在注册： vx-view-map.vue文件 (ComponentService.plugin.js:251)
[09:48:21.01] [ComponentService] <INFO> 正在注册： vx-view-pagelist.vue文件 (ComponentService.plugin.js:251)
[09:48:21.01] [ComponentService] <INFO> 正在注册： vx-view-pagesize.vue文件 (ComponentService.plugin.js:251)
[09:48:21.01] [ComponentService] <INFO> 正在注册： vd-bd-datadetail.vue文件 (ComponentService.plugin.js:251)
[09:48:21.02] [ComponentService] <INFO> 正在注册： vd-bd-loaddata.vue文件 (ComponentService.plugin.js:251)
[09:48:21.02] [ComponentService] <INFO> 正在注册： vd-bd-savedata.vue文件 (ComponentService.plugin.js:251)
[09:48:21.03] [ComponentService] <INFO> 正在注册： vd-company-activity.vue文件 (ComponentService.plugin.js:251)
[09:48:21.03] [ComponentService] <INFO> 正在注册： vd-company-businesstime.vue文件 (ComponentService.plugin.js:251)
[09:48:21.04] [ComponentService] <INFO> 正在注册： vd-company-company.vue文件 (ComponentService.plugin.js:251)
[09:48:21.04] [ComponentService] <INFO> 正在注册： vd-company-device.vue文件 (ComponentService.plugin.js:251)
[09:48:21.04] [ComponentService] <INFO> 正在注册： vd-company-holiday.vue文件 (ComponentService.plugin.js:251)
[09:48:21.05] [ComponentService] <INFO> 正在注册： vd-company-mall.vue文件 (ComponentService.plugin.js:251)
[09:48:21.05] [ComponentService] <INFO> 正在注册： vd-company-physicalzone.vue文件 (ComponentService.plugin.js:251)
[09:48:21.06] [ComponentService] <INFO> 正在注册： vd-company-tag.vue文件 (ComponentService.plugin.js:251)
[09:48:21.07] [ComponentService] <INFO> 正在注册： vd-log-mallupdate.vue文件 (ComponentService.plugin.js:251)
[09:48:21.07] [ComponentService] <INFO> 正在注册： vd-log-weather.vue文件 (ComponentService.plugin.js:251)
[09:48:21.08] [ComponentService] <INFO> 正在注册： vd-log-zoneupdate.vue文件 (ComponentService.plugin.js:251)
[09:48:21.08] [ComponentService] <INFO> 正在注册： vd-report-chartoption.vue文件 (ComponentService.plugin.js:251)
[09:48:21.08] [ComponentService] <INFO> 正在注册： vd-report-chartstyle.vue文件 (ComponentService.plugin.js:251)
[09:48:21.09] [ComponentService] <INFO> 正在注册： vd-report-conditionoption.vue文件 (ComponentService.plugin.js:251)
[09:48:21.09] [ComponentService] <INFO> 正在注册： vd-report-indexoption.vue文件 (ComponentService.plugin.js:251)
[09:48:21.10] [ComponentService] <INFO> 正在注册： vd-report-reportmenu.vue文件 (ComponentService.plugin.js:251)
[09:48:21.10] [ComponentService] <INFO> 正在注册： vd-report-reportpage.vue文件 (ComponentService.plugin.js:251)
[09:48:21.10] [ComponentService] <INFO> 正在注册： vd-report-servicelist.vue文件 (ComponentService.plugin.js:251)
[09:48:21.11] [ComponentService] <INFO> 正在注册： vd-system-category.vue文件 (ComponentService.plugin.js:251)
[09:48:21.11] [ComponentService] <INFO> 正在注册： vd-system-location.vue文件 (ComponentService.plugin.js:251)
[09:48:21.11] [ComponentService] <INFO> 正在注册： vd-system-menu.vue文件 (ComponentService.plugin.js:251)
[09:48:21.11] [ComponentService] <INFO> 正在注册： vd-system-role.vue文件 (ComponentService.plugin.js:251)
[09:48:21.12] [ComponentService] <INFO> 正在注册： vd-system-user.vue文件 (ComponentService.plugin.js:251)
[09:48:21.12] [ComponentService] <INFO> 正在注册： vd-system-usergroup.vue文件 (ComponentService.plugin.js:251)
[09:48:21.12] [ComponentService] <INFO> 正在注册： vm-form-activity.vue文件 (ComponentService.plugin.js:251)
[09:48:21.13] [ComponentService] <INFO> 正在注册： vm-form-activityplugin.vue文件 (ComponentService.plugin.js:251)
[09:48:21.13] [ComponentService] <INFO> 正在注册： vm-form-businesstime.vue文件 (ComponentService.plugin.js:251)
[09:48:21.14] [ComponentService] <INFO> 正在注册： vm-form-businesstimeplugin.vue文件 (ComponentService.plugin.js:251)
[09:48:21.14] [ComponentService] <INFO> 正在注册： vm-form-holiday.vue文件 (ComponentService.plugin.js:251)
[09:48:21.14] [ComponentService] <INFO> 正在注册： vm-form-mall.vue文件 (ComponentService.plugin.js:251)
[09:48:21.15] [ComponentService] <INFO> 正在注册： vm-form-mallupdate.vue文件 (ComponentService.plugin.js:251)
[09:48:21.15] [ComponentService] <INFO> 正在注册： vm-form-tag.vue文件 (ComponentService.plugin.js:251)
[09:48:21.16] [ComponentService] <INFO> 正在注册： vm-form-weather.vue文件 (ComponentService.plugin.js:251)
[09:48:21.16] [ComponentService] <INFO> 正在注册： vm-form-zoneupdate.vue文件 (ComponentService.plugin.js:251)
[09:48:21.16] [ComponentService] <INFO> 正在注册： vm-grid-activity.vue文件 (ComponentService.plugin.js:251)
[09:48:21.17] [ComponentService] <INFO> 正在注册： vm-grid-businesstime.vue文件 (ComponentService.plugin.js:251)
[09:48:21.17] [ComponentService] <INFO> 正在注册： vm-grid-historicalcount.vue文件 (ComponentService.plugin.js:251)
[09:48:21.17] [ComponentService] <INFO> 正在注册： vm-grid-historicaldwell.vue文件 (ComponentService.plugin.js:251)
[09:48:21.18] [ComponentService] <INFO> 正在注册： vm-grid-historicalfitting.vue文件 (ComponentService.plugin.js:251)
[09:48:21.18] [ComponentService] <INFO> 正在注册： vm-grid-historicalpassby.vue文件 (ComponentService.plugin.js:251)
[09:48:21.18] [ComponentService] <INFO> 正在注册： vm-grid-historicalsummary.vue文件 (ComponentService.plugin.js:251)
[09:48:21.19] [ComponentService] <INFO> 正在注册： vm-grid-holiday.vue文件 (ComponentService.plugin.js:251)
[09:48:21.19] [ComponentService] <INFO> 正在注册： vm-grid-mall.vue文件 (ComponentService.plugin.js:251)
[09:48:21.19] [ComponentService] <INFO> 正在注册： vm-grid-tag.vue文件 (ComponentService.plugin.js:251)
[09:48:21.20] [ComponentService] <INFO> 正在注册： vm-grid-weather.vue文件 (ComponentService.plugin.js:251)
[09:48:21.20] [ComponentService] <INFO> 正在注册： vm-manager-dataadjustment.vue文件 (ComponentService.plugin.js:251)
[09:48:21.21] [ComponentService] <INFO> 正在注册： vm-manager-datasummary.vue文件 (ComponentService.plugin.js:251)
[09:48:21.21] [ComponentService] <INFO> 正在注册： vm-report-times.vue文件 (ComponentService.plugin.js:251)
[09:48:21.22] [ComponentService] <INFO> 正在注册： vm-select-devicecode.vue文件 (ComponentService.plugin.js:251)
[09:48:21.22] [ComponentService] <INFO> 正在注册： vm-transfer-tag.vue文件 (ComponentService.plugin.js:251)
[09:48:21.23] [ComponentService] <INFO> 正在注册： vm-form-category.vue文件 (ComponentService.plugin.js:251)
[09:48:21.23] [ComponentService] <INFO> 正在注册： vm-form-componentslist.vue文件 (ComponentService.plugin.js:251)
[09:48:21.23] [ComponentService] <INFO> 正在注册： vm-form-menu.vue文件 (ComponentService.plugin.js:251)
[09:48:21.24] [ComponentService] <INFO> 正在注册： vm-form-menuplugin.vue文件 (ComponentService.plugin.js:251)
[09:48:21.24] [ComponentService] <INFO> 正在注册： vm-form-role.vue文件 (ComponentService.plugin.js:251)
[09:48:21.24] [ComponentService] <INFO> 正在注册： vm-form-roleplugin.vue文件 (ComponentService.plugin.js:251)
[09:48:21.25] [ComponentService] <INFO> 正在注册： vm-form-servicelist.vue文件 (ComponentService.plugin.js:251)
[09:48:21.25] [ComponentService] <INFO> 正在注册： vm-form-user.vue文件 (ComponentService.plugin.js:251)
[09:48:21.25] [ComponentService] <INFO> 正在注册： vm-form-usergroup.vue文件 (ComponentService.plugin.js:251)
[09:48:21.26] [ComponentService] <INFO> 正在注册： vm-form-usergroupplugin.vue文件 (ComponentService.plugin.js:251)
[09:48:21.26] [ComponentService] <INFO> 正在注册： vm-form-usergroupreportpage.vue文件 (ComponentService.plugin.js:251)
[09:48:21.26] [ComponentService] <INFO> 正在注册： vm-form-usergroupzone.vue文件 (ComponentService.plugin.js:251)
[09:48:21.27] [ComponentService] <INFO> 正在注册： vm-form-userplugin.vue文件 (ComponentService.plugin.js:251)
[09:48:21.27] [ComponentService] <INFO> 正在注册： vm-grid-category.vue文件 (ComponentService.plugin.js:251)
[09:48:21.27] [ComponentService] <INFO> 正在注册： vm-grid-componentslist.vue文件 (ComponentService.plugin.js:251)
[09:48:21.28] [ComponentService] <INFO> 正在注册： vm-grid-menu.vue文件 (ComponentService.plugin.js:251)
[09:48:21.28] [ComponentService] <INFO> 正在注册： vm-grid-role.vue文件 (ComponentService.plugin.js:251)
[09:48:21.28] [ComponentService] <INFO> 正在注册： vm-grid-servicelist.vue文件 (ComponentService.plugin.js:251)
[09:48:21.29] [ComponentService] <INFO> 正在注册： vm-grid-user.vue文件 (ComponentService.plugin.js:251)
[09:48:21.29] [ComponentService] <INFO> 正在注册： vm-grid-usergroup.vue文件 (ComponentService.plugin.js:251)
[09:48:21.29] [ComponentService] <INFO> 正在注册： vm-nav-menu.vue文件 (ComponentService.plugin.js:251)
[09:48:21.30] [ComponentService] <INFO> 正在注册： vm-select-role.vue文件 (ComponentService.plugin.js:251)
[09:48:21.30] [ComponentService] <INFO> 正在注册： vm-select-usergroup.vue文件 (ComponentService.plugin.js:251)
[09:48:21.30] [ComponentService] <INFO> 正在注册： vm-tree-category.vue文件 (ComponentService.plugin.js:251)
[09:48:21.31] [ComponentService] <INFO> 正在注册： vm-tree-menu.vue文件 (ComponentService.plugin.js:251)
[09:48:21.31] [ComponentService] <INFO> 正在注册： vm-tree-role.vue文件 (ComponentService.plugin.js:251)
[11:03:06.62] [ComponentService] <INFO> 正在注册： vm-page-grid.vue文件 (ComponentService.plugin.js:251)
[11:03:06.79] [ComponentService] <INFO> 正在注册： vm-page-grid.vue文件 (ComponentService.plugin.js:251)
[11:03:06.99] [ComponentService] <INFO> 正在注册： vm-page-grid.vue文件 (ComponentService.plugin.js:251)
[11:03:11.80] [ComponentService] <INFO> 正在注册： vm-page-grid.vue文件 (ComponentService.plugin.js:251)
[11:40:12.30] [ComponentService] <INFO> 正在注册： vb-cascader-city.vue文件 (ComponentService.plugin.js:251)
[11:40:12.32] [ComponentService] <INFO> 正在注册： vb-form-businesstime.vue文件 (ComponentService.plugin.js:251)
[11:40:12.33] [ComponentService] <INFO> 正在注册： vb-form-businesstimeplugin.vue文件 (ComponentService.plugin.js:251)
[11:40:12.34] [ComponentService] <INFO> 正在注册： vb-form-chartoption.vue文件 (ComponentService.plugin.js:251)
[11:40:12.36] [ComponentService] <INFO> 正在注册： vb-form-chartstyle.vue文件 (ComponentService.plugin.js:251)
[11:40:12.38] [ComponentService] <INFO> 正在注册： vb-form-company.vue文件 (ComponentService.plugin.js:251)
[11:40:12.39] [ComponentService] <INFO> 正在注册： vb-form-conditionoption.vue文件 (ComponentService.plugin.js:251)
[11:40:12.39] [ComponentService] <INFO> 正在注册： vb-form-fencezone.vue文件 (ComponentService.plugin.js:251)
[11:40:12.40] [ComponentService] <INFO> 正在注册： vb-form-holiday.vue文件 (ComponentService.plugin.js:251)
[11:40:12.41] [ComponentService] <INFO> 正在注册： vb-form-indexoption.vue文件 (ComponentService.plugin.js:251)
[11:40:12.41] [ComponentService] <INFO> 正在注册： vb-form-location.vue文件 (ComponentService.plugin.js:251)
[11:40:12.42] [ComponentService] <INFO> 正在注册： vb-form-mall.vue文件 (ComponentService.plugin.js:251)
[11:40:12.43] [ComponentService] <INFO> 正在注册： vb-form-physicalzone.vue文件 (ComponentService.plugin.js:251)
[11:40:12.44] [ComponentService] <INFO> 正在注册： vb-form-reportmenu.vue文件 (ComponentService.plugin.js:251)
[11:40:12.44] [ComponentService] <INFO> 正在注册： vb-form-reportpage.vue文件 (ComponentService.plugin.js:251)
[11:40:12.45] [ComponentService] <INFO> 正在注册： vb-form-tag.vue文件 (ComponentService.plugin.js:251)
[11:40:12.45] [ComponentService] <INFO> 正在注册： vb-form-transfer-mall.vue文件 (ComponentService.plugin.js:251)
[11:40:12.46] [ComponentService] <INFO> 正在注册： vb-form-weather.vue文件 (ComponentService.plugin.js:251)
[11:40:12.47] [ComponentService] <INFO> 正在注册： vb-grid-activity.vue文件 (ComponentService.plugin.js:251)
[11:40:12.47] [ComponentService] <INFO> 正在注册： vb-grid-businesstime.vue文件 (ComponentService.plugin.js:251)
[11:40:12.48] [ComponentService] <INFO> 正在注册： vb-grid-chartoption.vue文件 (ComponentService.plugin.js:251)
[11:40:12.48] [ComponentService] <INFO> 正在注册： vb-grid-chartstyle.vue文件 (ComponentService.plugin.js:251)
[11:40:12.49] [ComponentService] <INFO> 正在注册： vb-grid-company.vue文件 (ComponentService.plugin.js:251)
[11:40:12.49] [ComponentService] <INFO> 正在注册： vb-grid-conditionoption.vue文件 (ComponentService.plugin.js:251)
[11:40:12.50] [ComponentService] <INFO> 正在注册： vb-grid-fencezone.vue文件 (ComponentService.plugin.js:251)
[11:40:12.50] [ComponentService] <INFO> 正在注册： vb-grid-holiday.vue文件 (ComponentService.plugin.js:251)
[11:40:12.51] [ComponentService] <INFO> 正在注册： vb-grid-indexoption.vue文件 (ComponentService.plugin.js:251)
[11:40:12.52] [ComponentService] <INFO> 正在注册： vb-grid-location.vue文件 (ComponentService.plugin.js:251)
[11:40:12.52] [ComponentService] <INFO> 正在注册： vb-grid-mall.vue文件 (ComponentService.plugin.js:251)
[11:40:12.53] [ComponentService] <INFO> 正在注册： vb-grid-physicalzone.vue文件 (ComponentService.plugin.js:251)
[11:40:12.53] [ComponentService] <INFO> 正在注册： vb-grid-reportmenu.vue文件 (ComponentService.plugin.js:251)
[11:40:12.54] [ComponentService] <INFO> 正在注册： vb-grid-reportpage.vue文件 (ComponentService.plugin.js:251)
[11:40:12.54] [ComponentService] <INFO> 正在注册： vb-grid-role.vue文件 (ComponentService.plugin.js:251)
[11:40:12.55] [ComponentService] <INFO> 正在注册： vb-grid-tag.vue文件 (ComponentService.plugin.js:251)
[11:40:12.55] [ComponentService] <INFO> 正在注册： vb-grid-user.vue文件 (ComponentService.plugin.js:251)
[11:40:12.56] [ComponentService] <INFO> 正在注册： vb-grid-weather.vue文件 (ComponentService.plugin.js:251)
[11:40:12.56] [ComponentService] <INFO> 正在注册： vb-log-malllog.vue文件 (ComponentService.plugin.js:251)
[11:40:12.57] [ComponentService] <INFO> 正在注册： vb-log-mallupdate.vue文件 (ComponentService.plugin.js:251)
[11:40:12.58] [ComponentService] <INFO> 正在注册： vb-log-zonelog.vue文件 (ComponentService.plugin.js:251)
[11:40:12.58] [ComponentService] <INFO> 正在注册： vb-log-zoneupdate.vue文件 (ComponentService.plugin.js:251)
[11:40:12.59] [ComponentService] <INFO> 正在注册： vb-page-activity.vue文件 (ComponentService.plugin.js:251)
[11:40:12.59] [ComponentService] <INFO> 正在注册： vb-page-businesstime.vue文件 (ComponentService.plugin.js:251)
[11:40:12.60] [ComponentService] <INFO> 正在注册： vb-page-chartoption.vue文件 (ComponentService.plugin.js:251)
[11:40:12.60] [ComponentService] <INFO> 正在注册： vb-page-chartstyle.vue文件 (ComponentService.plugin.js:251)
[11:40:12.61] [ComponentService] <INFO> 正在注册： vb-page-company.vue文件 (ComponentService.plugin.js:251)
[11:40:12.61] [ComponentService] <INFO> 正在注册： vb-page-conditionoption.vue文件 (ComponentService.plugin.js:251)
[11:40:12.62] [ComponentService] <INFO> 正在注册： vb-page-holiday.vue文件 (ComponentService.plugin.js:251)
[11:40:12.62] [ComponentService] <INFO> 正在注册： vb-page-indexoption.vue文件 (ComponentService.plugin.js:251)
[11:40:12.63] [ComponentService] <INFO> 正在注册： vb-page-mall.vue文件 (ComponentService.plugin.js:251)
[11:40:12.63] [ComponentService] <INFO> 正在注册： vb-page-reportmenu.vue文件 (ComponentService.plugin.js:251)
[11:40:12.64] [ComponentService] <INFO> 正在注册： vb-page-reportpage.vue文件 (ComponentService.plugin.js:251)
[11:40:12.64] [ComponentService] <INFO> 正在注册： vb-page-tag.vue文件 (ComponentService.plugin.js:251)
[11:40:12.65] [ComponentService] <INFO> 正在注册： vb-page-weather.vue文件 (ComponentService.plugin.js:251)
[11:40:12.65] [ComponentService] <INFO> 正在注册： vb-select-chartoption.vue文件 (ComponentService.plugin.js:251)
[11:40:12.66] [ComponentService] <INFO> 正在注册： vb-select-chartstyle.vue文件 (ComponentService.plugin.js:251)
[11:40:12.67] [ComponentService] <INFO> 正在注册： vb-select-company.vue文件 (ComponentService.plugin.js:251)
[11:40:12.69] [ComponentService] <INFO> 正在注册： vb-select-device.vue文件 (ComponentService.plugin.js:251)
[11:40:12.70] [ComponentService] <INFO> 正在注册： vb-select-fencezone.vue文件 (ComponentService.plugin.js:251)
[11:40:12.70] [ComponentService] <INFO> 正在注册： vb-select-indexoption.vue文件 (ComponentService.plugin.js:251)
[11:40:12.71] [ComponentService] <INFO> 正在注册： vb-select-mall.vue文件 (ComponentService.plugin.js:251)
[11:40:12.72] [ComponentService] <INFO> 正在注册： vb-select-menutype.vue文件 (ComponentService.plugin.js:251)
[11:40:12.73] [ComponentService] <INFO> 正在注册： vb-select-physicalzone.vue文件 (ComponentService.plugin.js:251)
[11:40:12.73] [ComponentService] <INFO> 正在注册： vb-select-reportmenu.vue文件 (ComponentService.plugin.js:251)
[11:40:12.74] [ComponentService] <INFO> 正在注册： vb-select-role.vue文件 (ComponentService.plugin.js:251)
[11:40:12.75] [ComponentService] <INFO> 正在注册： vb-select-usergroup.vue文件 (ComponentService.plugin.js:251)
[11:40:12.75] [ComponentService] <INFO> 正在注册： vb-select-zonetype.vue文件 (ComponentService.plugin.js:251)
[11:40:12.76] [ComponentService] <INFO> 正在注册： vb-transfer-chartoption.vue文件 (ComponentService.plugin.js:251)
[11:40:12.76] [ComponentService] <INFO> 正在注册： vb-transfer-conditionoption.vue文件 (ComponentService.plugin.js:251)
[11:40:12.77] [ComponentService] <INFO> 正在注册： vb-transfer-indexoption.vue文件 (ComponentService.plugin.js:251)
[11:40:12.78] [ComponentService] <INFO> 正在注册： vb-transfer-location.vue文件 (ComponentService.plugin.js:251)
[11:40:12.79] [ComponentService] <INFO> 正在注册： vb-transfer-mall.vue文件 (ComponentService.plugin.js:251)
[11:40:12.79] [ComponentService] <INFO> 正在注册： vb-transfer-physicalzone.vue文件 (ComponentService.plugin.js:251)
[11:40:12.80] [ComponentService] <INFO> 正在注册： vb-transfer-reportpage.vue文件 (ComponentService.plugin.js:251)
[11:40:12.80] [ComponentService] <INFO> 正在注册： vb-transfer-tag.vue文件 (ComponentService.plugin.js:251)
[11:40:12.81] [ComponentService] <INFO> 正在注册： vb-tree-category.vue文件 (ComponentService.plugin.js:251)
[11:40:12.82] [ComponentService] <INFO> 正在注册： vb-tree-location.vue文件 (ComponentService.plugin.js:251)
[11:40:12.83] [ComponentService] <INFO> 正在注册： vb-zonecamera-query.vue文件 (ComponentService.plugin.js:251)
[11:40:12.88] [ComponentService] <INFO> 正在注册： vx-basic-demo.vue文件 (ComponentService.plugin.js:251)
[11:40:12.89] [ComponentService] <INFO> 正在注册： vm-form-location.vue文件 (ComponentService.plugin.js:251)
[11:40:12.90] [ComponentService] <INFO> 正在注册： vm-grid-location.vue文件 (ComponentService.plugin.js:251)
[11:40:12.90] [ComponentService] <INFO> 正在注册： vm-select-company.vue文件 (ComponentService.plugin.js:251)
[11:40:12.91] [ComponentService] <INFO> 正在注册： vm-select-mall.vue文件 (ComponentService.plugin.js:251)
[11:40:12.91] [ComponentService] <INFO> 正在注册： vm-transfer-mall.vue文件 (ComponentService.plugin.js:251)
[11:40:12.92] [ComponentService] <INFO> 正在注册： vm-transfer-physicalzone.vue文件 (ComponentService.plugin.js:251)
[11:40:12.92] [ComponentService] <INFO> 正在注册： vm-transfer-reportpage.vue文件 (ComponentService.plugin.js:251)
[11:40:12.93] [ComponentService] <INFO> 正在注册： vm-tree-location.vue文件 (ComponentService.plugin.js:251)
[11:40:12.96] [ComponentService] <INFO> 正在注册： vm-page-grid.vue文件 (ComponentService.plugin.js:251)
[11:40:12.97] [ComponentService] <INFO> 正在注册： vx-basic-button.vue文件 (ComponentService.plugin.js:251)
[11:40:12.98] [ComponentService] <INFO> 正在注册： vx-basic-tree.vue文件 (ComponentService.plugin.js:251)
[11:40:12.98] [ComponentService] <INFO> 正在注册： vx-container-col.vue文件 (ComponentService.plugin.js:251)
[11:40:12.99] [ComponentService] <INFO> 正在注册： vx-container-combo.vue文件 (ComponentService.plugin.js:251)
[11:40:13.00] [ComponentService] <INFO> 正在注册： vx-container-dialog.vue文件 (ComponentService.plugin.js:251)
[11:40:13.01] [ComponentService] <INFO> 正在注册： vx-container-gridster.vue文件 (ComponentService.plugin.js:251)
[11:40:13.01] [ComponentService] <INFO> 正在注册： vx-container-item.vue文件 (ComponentService.plugin.js:251)
[11:40:13.02] [ComponentService] <INFO> 正在注册： vx-container-row.vue文件 (ComponentService.plugin.js:251)
[11:40:13.03] [ComponentService] <INFO> 正在注册： vx-container-tab.vue文件 (ComponentService.plugin.js:251)
[11:40:13.04] [ComponentService] <INFO> 正在注册： vx-form-cascader.vue文件 (ComponentService.plugin.js:251)
[11:40:13.04] [ComponentService] <INFO> 正在注册： vx-form-check.vue文件 (ComponentService.plugin.js:251)
[11:40:13.10] [ComponentService] <INFO> 正在注册： vx-form-clockpicker.vue文件 (ComponentService.plugin.js:251)
[11:40:13.11] [ComponentService] <INFO> 正在注册： vx-form-daterangepicker.vue文件 (ComponentService.plugin.js:251)
[11:40:13.12] [ComponentService] <INFO> 正在注册： vx-form-datesinglepicker.vue文件 (ComponentService.plugin.js:251)
[11:40:13.13] [ComponentService] <INFO> 正在注册： vx-form-group-select.vue文件 (ComponentService.plugin.js:251)
[11:40:13.13] [ComponentService] <INFO> 正在注册： vx-form-input.vue文件 (ComponentService.plugin.js:251)
[11:40:13.14] [ComponentService] <INFO> 正在注册： vx-form-location.vue文件 (ComponentService.plugin.js:251)
[11:40:13.15] [ComponentService] <INFO> 正在注册： vx-form-number.vue文件 (ComponentService.plugin.js:251)
[11:40:13.15] [ComponentService] <INFO> 正在注册： vx-form-password.vue文件 (ComponentService.plugin.js:251)
[11:40:13.16] [ComponentService] <INFO> 正在注册： vx-form-radio.vue文件 (ComponentService.plugin.js:251)
[11:40:13.16] [ComponentService] <INFO> 正在注册： vx-form-select.vue文件 (ComponentService.plugin.js:251)
[11:40:13.17] [ComponentService] <INFO> 正在注册： vx-form-transfer.vue文件 (ComponentService.plugin.js:251)
[11:40:13.18] [ComponentService] <INFO> 正在注册： vx-nav-breadcrumb.vue文件 (ComponentService.plugin.js:251)
[11:40:13.18] [ComponentService] <INFO> 正在注册： vx-nav-dropmenu.vue文件 (ComponentService.plugin.js:251)
[11:40:13.19] [ComponentService] <INFO> 正在注册： vx-nav-navmenu.vue文件 (ComponentService.plugin.js:251)
[11:40:13.19] [ComponentService] <INFO> 正在注册： vx-tab-pane.vue文件 (ComponentService.plugin.js:251)
[11:40:13.20] [ComponentService] <INFO> 正在注册： vx-tabs.vue文件 (ComponentService.plugin.js:251)
[11:40:13.20] [ComponentService] <INFO> 正在注册： vx-view-baidumap.vue文件 (ComponentService.plugin.js:251)
[11:40:13.21] [ComponentService] <INFO> 正在注册： vx-view-countup.vue文件 (ComponentService.plugin.js:251)
[11:40:13.22] [ComponentService] <INFO> 正在注册： vx-view-datatable.vue文件 (ComponentService.plugin.js:251)
[11:40:13.23] [ComponentService] <INFO> 正在注册： vx-view-dialog.vue文件 (ComponentService.plugin.js:251)
[11:40:13.24] [ComponentService] <INFO> 正在注册： vx-view-echart.vue文件 (ComponentService.plugin.js:251)
[11:40:13.24] [ComponentService] <INFO> 正在注册： vx-view-govmap.vue文件 (ComponentService.plugin.js:251)
[11:40:13.25] [ComponentService] <INFO> 正在注册： vx-view-heatmap.vue文件 (ComponentService.plugin.js:251)
[11:40:13.27] [ComponentService] <INFO> 正在注册： vx-view-linescroll.vue文件 (ComponentService.plugin.js:251)
[11:40:13.27] [ComponentService] <INFO> 正在注册： vx-view-map.vue文件 (ComponentService.plugin.js:251)
[11:40:13.28] [ComponentService] <INFO> 正在注册： vx-view-pagelist.vue文件 (ComponentService.plugin.js:251)
[11:40:13.29] [ComponentService] <INFO> 正在注册： vx-view-pagesize.vue文件 (ComponentService.plugin.js:251)
[11:40:13.30] [ComponentService] <INFO> 正在注册： vd-bd-datadetail.vue文件 (ComponentService.plugin.js:251)
[11:40:13.31] [ComponentService] <INFO> 正在注册： vd-bd-loaddata.vue文件 (ComponentService.plugin.js:251)
[11:40:13.32] [ComponentService] <INFO> 正在注册： vd-bd-savedata.vue文件 (ComponentService.plugin.js:251)
[11:40:13.32] [ComponentService] <INFO> 正在注册： vd-company-activity.vue文件 (ComponentService.plugin.js:251)
[11:40:13.33] [ComponentService] <INFO> 正在注册： vd-company-businesstime.vue文件 (ComponentService.plugin.js:251)
[11:40:13.34] [ComponentService] <INFO> 正在注册： vd-company-company.vue文件 (ComponentService.plugin.js:251)
[11:40:13.35] [ComponentService] <INFO> 正在注册： vd-company-device.vue文件 (ComponentService.plugin.js:251)
[11:40:13.36] [ComponentService] <INFO> 正在注册： vd-company-holiday.vue文件 (ComponentService.plugin.js:251)
[11:40:13.37] [ComponentService] <INFO> 正在注册： vd-company-mall.vue文件 (ComponentService.plugin.js:251)
[11:40:13.38] [ComponentService] <INFO> 正在注册： vd-company-physicalzone.vue文件 (ComponentService.plugin.js:251)
[11:40:13.38] [ComponentService] <INFO> 正在注册： vd-company-tag.vue文件 (ComponentService.plugin.js:251)
[11:40:13.39] [ComponentService] <INFO> 正在注册： vd-log-mallupdate.vue文件 (ComponentService.plugin.js:251)
[11:40:13.39] [ComponentService] <INFO> 正在注册： vd-log-weather.vue文件 (ComponentService.plugin.js:251)
[11:40:13.40] [ComponentService] <INFO> 正在注册： vd-log-zoneupdate.vue文件 (ComponentService.plugin.js:251)
[11:40:13.41] [ComponentService] <INFO> 正在注册： vd-report-chartoption.vue文件 (ComponentService.plugin.js:251)
[11:40:13.41] [ComponentService] <INFO> 正在注册： vd-report-chartstyle.vue文件 (ComponentService.plugin.js:251)
[11:40:13.42] [ComponentService] <INFO> 正在注册： vd-report-conditionoption.vue文件 (ComponentService.plugin.js:251)
[11:40:13.42] [ComponentService] <INFO> 正在注册： vd-report-indexoption.vue文件 (ComponentService.plugin.js:251)
[11:40:13.43] [ComponentService] <INFO> 正在注册： vd-report-reportmenu.vue文件 (ComponentService.plugin.js:251)
[11:40:13.43] [ComponentService] <INFO> 正在注册： vd-report-reportpage.vue文件 (ComponentService.plugin.js:251)
[11:40:13.44] [ComponentService] <INFO> 正在注册： vd-report-servicelist.vue文件 (ComponentService.plugin.js:251)
[11:40:13.45] [ComponentService] <INFO> 正在注册： vd-system-category.vue文件 (ComponentService.plugin.js:251)
[11:40:13.45] [ComponentService] <INFO> 正在注册： vd-system-location.vue文件 (ComponentService.plugin.js:251)
[11:40:13.46] [ComponentService] <INFO> 正在注册： vd-system-menu.vue文件 (ComponentService.plugin.js:251)
[11:40:13.46] [ComponentService] <INFO> 正在注册： vd-system-role.vue文件 (ComponentService.plugin.js:251)
[11:40:13.46] [ComponentService] <INFO> 正在注册： vd-system-user.vue文件 (ComponentService.plugin.js:251)
[11:40:13.47] [ComponentService] <INFO> 正在注册： vd-system-usergroup.vue文件 (ComponentService.plugin.js:251)
[11:40:13.48] [ComponentService] <INFO> 正在注册： vm-form-activity.vue文件 (ComponentService.plugin.js:251)
[11:40:13.48] [ComponentService] <INFO> 正在注册： vm-form-activityplugin.vue文件 (ComponentService.plugin.js:251)
[11:40:13.49] [ComponentService] <INFO> 正在注册： vm-form-businesstime.vue文件 (ComponentService.plugin.js:251)
[11:40:13.49] [ComponentService] <INFO> 正在注册： vm-form-businesstimeplugin.vue文件 (ComponentService.plugin.js:251)
[11:40:13.50] [ComponentService] <INFO> 正在注册： vm-form-holiday.vue文件 (ComponentService.plugin.js:251)
[11:40:13.50] [ComponentService] <INFO> 正在注册： vm-form-mall.vue文件 (ComponentService.plugin.js:251)
[11:40:13.51] [ComponentService] <INFO> 正在注册： vm-form-mallupdate.vue文件 (ComponentService.plugin.js:251)
[11:40:13.51] [ComponentService] <INFO> 正在注册： vm-form-tag.vue文件 (ComponentService.plugin.js:251)
[11:40:13.52] [ComponentService] <INFO> 正在注册： vm-form-weather.vue文件 (ComponentService.plugin.js:251)
[11:40:13.53] [ComponentService] <INFO> 正在注册： vm-form-zoneupdate.vue文件 (ComponentService.plugin.js:251)
[11:40:13.53] [ComponentService] <INFO> 正在注册： vm-grid-activity.vue文件 (ComponentService.plugin.js:251)
[11:40:13.53] [ComponentService] <INFO> 正在注册： vm-grid-businesstime.vue文件 (ComponentService.plugin.js:251)
[11:40:13.54] [ComponentService] <INFO> 正在注册： vm-grid-historicalcount.vue文件 (ComponentService.plugin.js:251)
[11:40:13.54] [ComponentService] <INFO> 正在注册： vm-grid-historicaldwell.vue文件 (ComponentService.plugin.js:251)
[11:40:13.55] [ComponentService] <INFO> 正在注册： vm-grid-historicalfitting.vue文件 (ComponentService.plugin.js:251)
[11:40:13.55] [ComponentService] <INFO> 正在注册： vm-grid-historicalpassby.vue文件 (ComponentService.plugin.js:251)
[11:40:13.56] [ComponentService] <INFO> 正在注册： vm-grid-historicalsummary.vue文件 (ComponentService.plugin.js:251)
[11:40:13.56] [ComponentService] <INFO> 正在注册： vm-grid-holiday.vue文件 (ComponentService.plugin.js:251)
[11:40:13.57] [ComponentService] <INFO> 正在注册： vm-grid-mall.vue文件 (ComponentService.plugin.js:251)
[11:40:13.57] [ComponentService] <INFO> 正在注册： vm-grid-tag.vue文件 (ComponentService.plugin.js:251)
[11:40:13.58] [ComponentService] <INFO> 正在注册： vm-grid-weather.vue文件 (ComponentService.plugin.js:251)
[11:40:13.61] [ComponentService] <INFO> 正在注册： vm-manager-dataadjustment.vue文件 (ComponentService.plugin.js:251)
[11:40:13.61] [ComponentService] <INFO> 正在注册： vm-manager-datasummary.vue文件 (ComponentService.plugin.js:251)
[11:40:13.62] [ComponentService] <INFO> 正在注册： vm-report-times.vue文件 (ComponentService.plugin.js:251)
[11:40:13.63] [ComponentService] <INFO> 正在注册： vm-select-devicecode.vue文件 (ComponentService.plugin.js:251)
[11:40:13.64] [ComponentService] <INFO> 正在注册： vm-transfer-tag.vue文件 (ComponentService.plugin.js:251)
[11:40:13.65] [ComponentService] <INFO> 正在注册： vm-form-category.vue文件 (ComponentService.plugin.js:251)
[11:40:13.66] [ComponentService] <INFO> 正在注册： vm-form-componentslist.vue文件 (ComponentService.plugin.js:251)
[11:40:13.67] [ComponentService] <INFO> 正在注册： vm-form-menu.vue文件 (ComponentService.plugin.js:251)
[11:40:13.67] [ComponentService] <INFO> 正在注册： vm-form-menuplugin.vue文件 (ComponentService.plugin.js:251)
[11:40:13.68] [ComponentService] <INFO> 正在注册： vm-form-role.vue文件 (ComponentService.plugin.js:251)
[11:40:13.69] [ComponentService] <INFO> 正在注册： vm-form-roleplugin.vue文件 (ComponentService.plugin.js:251)
[11:40:13.69] [ComponentService] <INFO> 正在注册： vm-form-servicelist.vue文件 (ComponentService.plugin.js:251)
[11:40:13.70] [ComponentService] <INFO> 正在注册： vm-form-user.vue文件 (ComponentService.plugin.js:251)
[11:40:13.70] [ComponentService] <INFO> 正在注册： vm-form-usergroup.vue文件 (ComponentService.plugin.js:251)
[11:40:13.71] [ComponentService] <INFO> 正在注册： vm-form-usergroupplugin.vue文件 (ComponentService.plugin.js:251)
[11:40:13.71] [ComponentService] <INFO> 正在注册： vm-form-usergroupreportpage.vue文件 (ComponentService.plugin.js:251)
[11:40:13.72] [ComponentService] <INFO> 正在注册： vm-form-usergroupzone.vue文件 (ComponentService.plugin.js:251)
[11:40:13.73] [ComponentService] <INFO> 正在注册： vm-form-userplugin.vue文件 (ComponentService.plugin.js:251)
[11:40:13.73] [ComponentService] <INFO> 正在注册： vm-grid-category.vue文件 (ComponentService.plugin.js:251)
[11:40:13.74] [ComponentService] <INFO> 正在注册： vm-grid-componentslist.vue文件 (ComponentService.plugin.js:251)
[11:40:13.74] [ComponentService] <INFO> 正在注册： vm-grid-menu.vue文件 (ComponentService.plugin.js:251)
[11:40:13.75] [ComponentService] <INFO> 正在注册： vm-grid-role.vue文件 (ComponentService.plugin.js:251)
[11:40:13.75] [ComponentService] <INFO> 正在注册： vm-grid-servicelist.vue文件 (ComponentService.plugin.js:251)
[11:40:13.76] [ComponentService] <INFO> 正在注册： vm-grid-user.vue文件 (ComponentService.plugin.js:251)
[11:40:13.77] [ComponentService] <INFO> 正在注册： vm-grid-usergroup.vue文件 (ComponentService.plugin.js:251)
[11:40:13.77] [ComponentService] <INFO> 正在注册： vm-nav-menu.vue文件 (ComponentService.plugin.js:251)
[11:40:13.78] [ComponentService] <INFO> 正在注册： vm-select-role.vue文件 (ComponentService.plugin.js:251)
[11:40:13.79] [ComponentService] <INFO> 正在注册： vm-select-usergroup.vue文件 (ComponentService.plugin.js:251)
[11:40:13.79] [ComponentService] <INFO> 正在注册： vm-tree-category.vue文件 (ComponentService.plugin.js:251)
[11:40:13.80] [ComponentService] <INFO> 正在注册： vm-tree-menu.vue文件 (ComponentService.plugin.js:251)
[11:40:13.80] [ComponentService] <INFO> 正在注册： vm-tree-role.vue文件 (ComponentService.plugin.js:251)
[15:35:31.79] [ComponentService] <INFO> 正在注册： vb-cascader-city.vue文件 (ComponentService.plugin.js:251)
[15:35:31.80] [ComponentService] <INFO> 正在注册： vb-form-businesstime.vue文件 (ComponentService.plugin.js:251)
[15:35:31.81] [ComponentService] <INFO> 正在注册： vb-form-businesstimeplugin.vue文件 (ComponentService.plugin.js:251)
[15:35:31.81] [ComponentService] <INFO> 正在注册： vb-form-chartoption.vue文件 (ComponentService.plugin.js:251)
[15:35:31.82] [ComponentService] <INFO> 正在注册： vb-form-chartstyle.vue文件 (ComponentService.plugin.js:251)
[15:35:31.83] [ComponentService] <INFO> 正在注册： vb-form-company.vue文件 (ComponentService.plugin.js:251)
[15:35:31.83] [ComponentService] <INFO> 正在注册： vb-form-conditionoption.vue文件 (ComponentService.plugin.js:251)
[15:35:31.84] [ComponentService] <INFO> 正在注册： vb-form-fencezone.vue文件 (ComponentService.plugin.js:251)
[15:35:31.84] [ComponentService] <INFO> 正在注册： vb-form-holiday.vue文件 (ComponentService.plugin.js:251)
[15:35:31.85] [ComponentService] <INFO> 正在注册： vb-form-indexoption.vue文件 (ComponentService.plugin.js:251)
[15:35:31.85] [ComponentService] <INFO> 正在注册： vb-form-location.vue文件 (ComponentService.plugin.js:251)
[15:35:31.86] [ComponentService] <INFO> 正在注册： vb-form-mall.vue文件 (ComponentService.plugin.js:251)
[15:35:31.87] [ComponentService] <INFO> 正在注册： vb-form-physicalzone.vue文件 (ComponentService.plugin.js:251)
[15:35:31.87] [ComponentService] <INFO> 正在注册： vb-form-reportmenu.vue文件 (ComponentService.plugin.js:251)
[15:35:31.87] [ComponentService] <INFO> 正在注册： vb-form-reportpage.vue文件 (ComponentService.plugin.js:251)
[15:35:31.88] [ComponentService] <INFO> 正在注册： vb-form-tag.vue文件 (ComponentService.plugin.js:251)
[15:35:31.88] [ComponentService] <INFO> 正在注册： vb-form-transfer-mall.vue文件 (ComponentService.plugin.js:251)
[15:35:31.89] [ComponentService] <INFO> 正在注册： vb-form-weather.vue文件 (ComponentService.plugin.js:251)
[15:35:31.89] [ComponentService] <INFO> 正在注册： vb-grid-activity.vue文件 (ComponentService.plugin.js:251)
[15:35:31.90] [ComponentService] <INFO> 正在注册： vb-grid-businesstime.vue文件 (ComponentService.plugin.js:251)
[15:35:31.90] [ComponentService] <INFO> 正在注册： vb-grid-chartoption.vue文件 (ComponentService.plugin.js:251)
[15:35:31.91] [ComponentService] <INFO> 正在注册： vb-grid-chartstyle.vue文件 (ComponentService.plugin.js:251)
[15:35:31.92] [ComponentService] <INFO> 正在注册： vb-grid-company.vue文件 (ComponentService.plugin.js:251)
[15:35:31.92] [ComponentService] <INFO> 正在注册： vb-grid-conditionoption.vue文件 (ComponentService.plugin.js:251)
[15:35:31.92] [ComponentService] <INFO> 正在注册： vb-grid-fencezone.vue文件 (ComponentService.plugin.js:251)
[15:35:31.93] [ComponentService] <INFO> 正在注册： vb-grid-holiday.vue文件 (ComponentService.plugin.js:251)
[15:35:31.93] [ComponentService] <INFO> 正在注册： vb-grid-indexoption.vue文件 (ComponentService.plugin.js:251)
[15:35:31.94] [ComponentService] <INFO> 正在注册： vb-grid-location.vue文件 (ComponentService.plugin.js:251)
[15:35:31.94] [ComponentService] <INFO> 正在注册： vb-grid-mall.vue文件 (ComponentService.plugin.js:251)
[15:35:31.95] [ComponentService] <INFO> 正在注册： vb-grid-physicalzone.vue文件 (ComponentService.plugin.js:251)
[15:35:31.95] [ComponentService] <INFO> 正在注册： vb-grid-reportmenu.vue文件 (ComponentService.plugin.js:251)
[15:35:31.95] [ComponentService] <INFO> 正在注册： vb-grid-reportpage.vue文件 (ComponentService.plugin.js:251)
[15:35:31.96] [ComponentService] <INFO> 正在注册： vb-grid-role.vue文件 (ComponentService.plugin.js:251)
[15:35:31.96] [ComponentService] <INFO> 正在注册： vb-grid-tag.vue文件 (ComponentService.plugin.js:251)
[15:35:31.97] [ComponentService] <INFO> 正在注册： vb-grid-user.vue文件 (ComponentService.plugin.js:251)
[15:35:31.97] [ComponentService] <INFO> 正在注册： vb-grid-weather.vue文件 (ComponentService.plugin.js:251)
[15:35:31.97] [ComponentService] <INFO> 正在注册： vb-log-malllog.vue文件 (ComponentService.plugin.js:251)
[15:35:31.98] [ComponentService] <INFO> 正在注册： vb-log-mallupdate.vue文件 (ComponentService.plugin.js:251)
[15:35:31.98] [ComponentService] <INFO> 正在注册： vb-log-zonelog.vue文件 (ComponentService.plugin.js:251)
[15:35:31.99] [ComponentService] <INFO> 正在注册： vb-log-zoneupdate.vue文件 (ComponentService.plugin.js:251)
[15:35:31.99] [ComponentService] <INFO> 正在注册： vb-page-activity.vue文件 (ComponentService.plugin.js:251)
[15:35:31.99] [ComponentService] <INFO> 正在注册： vb-page-businesstime.vue文件 (ComponentService.plugin.js:251)
[15:35:31.100] [ComponentService] <INFO> 正在注册： vb-page-chartoption.vue文件 (ComponentService.plugin.js:251)
[15:35:32.00] [ComponentService] <INFO> 正在注册： vb-page-chartstyle.vue文件 (ComponentService.plugin.js:251)
[15:35:32.00] [ComponentService] <INFO> 正在注册： vb-page-company.vue文件 (ComponentService.plugin.js:251)
[15:35:32.01] [ComponentService] <INFO> 正在注册： vb-page-conditionoption.vue文件 (ComponentService.plugin.js:251)
[15:35:32.01] [ComponentService] <INFO> 正在注册： vb-page-holiday.vue文件 (ComponentService.plugin.js:251)
[15:35:32.02] [ComponentService] <INFO> 正在注册： vb-page-indexoption.vue文件 (ComponentService.plugin.js:251)
[15:35:32.02] [ComponentService] <INFO> 正在注册： vb-page-mall.vue文件 (ComponentService.plugin.js:251)
[15:35:32.03] [ComponentService] <INFO> 正在注册： vb-page-reportmenu.vue文件 (ComponentService.plugin.js:251)
[15:35:32.03] [ComponentService] <INFO> 正在注册： vb-page-reportpage.vue文件 (ComponentService.plugin.js:251)
[15:35:32.03] [ComponentService] <INFO> 正在注册： vb-page-tag.vue文件 (ComponentService.plugin.js:251)
[15:35:32.04] [ComponentService] <INFO> 正在注册： vb-page-weather.vue文件 (ComponentService.plugin.js:251)
[15:35:32.04] [ComponentService] <INFO> 正在注册： vb-select-chartoption.vue文件 (ComponentService.plugin.js:251)
[15:35:32.04] [ComponentService] <INFO> 正在注册： vb-select-chartstyle.vue文件 (ComponentService.plugin.js:251)
[15:35:32.05] [ComponentService] <INFO> 正在注册： vb-select-company.vue文件 (ComponentService.plugin.js:251)
[15:35:32.05] [ComponentService] <INFO> 正在注册： vb-select-device.vue文件 (ComponentService.plugin.js:251)
[15:35:32.05] [ComponentService] <INFO> 正在注册： vb-select-fencezone.vue文件 (ComponentService.plugin.js:251)
[15:35:32.06] [ComponentService] <INFO> 正在注册： vb-select-indexoption.vue文件 (ComponentService.plugin.js:251)
[15:35:32.06] [ComponentService] <INFO> 正在注册： vb-select-mall.vue文件 (ComponentService.plugin.js:251)
[15:35:32.07] [ComponentService] <INFO> 正在注册： vb-select-menutype.vue文件 (ComponentService.plugin.js:251)
[15:35:32.07] [ComponentService] <INFO> 正在注册： vb-select-physicalzone.vue文件 (ComponentService.plugin.js:251)
[15:35:32.07] [ComponentService] <INFO> 正在注册： vb-select-reportmenu.vue文件 (ComponentService.plugin.js:251)
[15:35:32.08] [ComponentService] <INFO> 正在注册： vb-select-role.vue文件 (ComponentService.plugin.js:251)
[15:35:32.08] [ComponentService] <INFO> 正在注册： vb-select-usergroup.vue文件 (ComponentService.plugin.js:251)
[15:35:32.08] [ComponentService] <INFO> 正在注册： vb-select-zonetype.vue文件 (ComponentService.plugin.js:251)
[15:35:32.09] [ComponentService] <INFO> 正在注册： vb-transfer-chartoption.vue文件 (ComponentService.plugin.js:251)
[15:35:32.09] [ComponentService] <INFO> 正在注册： vb-transfer-conditionoption.vue文件 (ComponentService.plugin.js:251)
[15:35:32.10] [ComponentService] <INFO> 正在注册： vb-transfer-indexoption.vue文件 (ComponentService.plugin.js:251)
[15:35:32.10] [ComponentService] <INFO> 正在注册： vb-transfer-location.vue文件 (ComponentService.plugin.js:251)
[15:35:32.10] [ComponentService] <INFO> 正在注册： vb-transfer-mall.vue文件 (ComponentService.plugin.js:251)
[15:35:32.11] [ComponentService] <INFO> 正在注册： vb-transfer-physicalzone.vue文件 (ComponentService.plugin.js:251)
[15:35:32.11] [ComponentService] <INFO> 正在注册： vb-transfer-reportpage.vue文件 (ComponentService.plugin.js:251)
[15:35:32.12] [ComponentService] <INFO> 正在注册： vb-transfer-tag.vue文件 (ComponentService.plugin.js:251)
[15:35:32.12] [ComponentService] <INFO> 正在注册： vb-tree-category.vue文件 (ComponentService.plugin.js:251)
[15:35:32.12] [ComponentService] <INFO> 正在注册： vb-tree-location.vue文件 (ComponentService.plugin.js:251)
[15:35:32.13] [ComponentService] <INFO> 正在注册： vb-zonecamera-query.vue文件 (ComponentService.plugin.js:251)
[15:35:32.15] [ComponentService] <INFO> 正在注册： vx-basic-demo.vue文件 (ComponentService.plugin.js:251)
[15:35:32.17] [ComponentService] <INFO> 正在注册： vm-form-location.vue文件 (ComponentService.plugin.js:251)
[15:35:32.17] [ComponentService] <INFO> 正在注册： vm-grid-location.vue文件 (ComponentService.plugin.js:251)
[15:35:32.18] [ComponentService] <INFO> 正在注册： vm-select-company.vue文件 (ComponentService.plugin.js:251)
[15:35:32.18] [ComponentService] <INFO> 正在注册： vm-select-mall.vue文件 (ComponentService.plugin.js:251)
[15:35:32.18] [ComponentService] <INFO> 正在注册： vm-transfer-mall.vue文件 (ComponentService.plugin.js:251)
[15:35:32.19] [ComponentService] <INFO> 正在注册： vm-transfer-physicalzone.vue文件 (ComponentService.plugin.js:251)
[15:35:32.19] [ComponentService] <INFO> 正在注册： vm-transfer-reportpage.vue文件 (ComponentService.plugin.js:251)
[15:35:32.20] [ComponentService] <INFO> 正在注册： vm-tree-location.vue文件 (ComponentService.plugin.js:251)
[15:35:32.22] [ComponentService] <INFO> 正在注册： vm-page-grid.vue文件 (ComponentService.plugin.js:251)
[15:35:32.23] [ComponentService] <INFO> 正在注册： vx-basic-button.vue文件 (ComponentService.plugin.js:251)
[15:35:32.23] [ComponentService] <INFO> 正在注册： vx-basic-tree.vue文件 (ComponentService.plugin.js:251)
[15:35:32.24] [ComponentService] <INFO> 正在注册： vx-container-col.vue文件 (ComponentService.plugin.js:251)
[15:35:32.25] [ComponentService] <INFO> 正在注册： vx-container-combo.vue文件 (ComponentService.plugin.js:251)
[15:35:32.26] [ComponentService] <INFO> 正在注册： vx-container-dialog.vue文件 (ComponentService.plugin.js:251)
[15:35:32.26] [ComponentService] <INFO> 正在注册： vx-container-gridster.vue文件 (ComponentService.plugin.js:251)
[15:35:32.27] [ComponentService] <INFO> 正在注册： vx-container-item.vue文件 (ComponentService.plugin.js:251)
[15:35:32.27] [ComponentService] <INFO> 正在注册： vx-container-row.vue文件 (ComponentService.plugin.js:251)
[15:35:32.28] [ComponentService] <INFO> 正在注册： vx-container-tab.vue文件 (ComponentService.plugin.js:251)
[15:35:32.28] [ComponentService] <INFO> 正在注册： vx-form-cascader.vue文件 (ComponentService.plugin.js:251)
[15:35:32.29] [ComponentService] <INFO> 正在注册： vx-form-check.vue文件 (ComponentService.plugin.js:251)
[15:35:32.32] [ComponentService] <INFO> 正在注册： vx-form-clockpicker.vue文件 (ComponentService.plugin.js:251)
[15:35:32.33] [ComponentService] <INFO> 正在注册： vx-form-daterangepicker.vue文件 (ComponentService.plugin.js:251)
[15:35:32.34] [ComponentService] <INFO> 正在注册： vx-form-datesinglepicker.vue文件 (ComponentService.plugin.js:251)
[15:35:32.35] [ComponentService] <INFO> 正在注册： vx-form-group-select.vue文件 (ComponentService.plugin.js:251)
[15:35:32.36] [ComponentService] <INFO> 正在注册： vx-form-input.vue文件 (ComponentService.plugin.js:251)
[15:35:32.36] [ComponentService] <INFO> 正在注册： vx-form-location.vue文件 (ComponentService.plugin.js:251)
[15:35:32.37] [ComponentService] <INFO> 正在注册： vx-form-number.vue文件 (ComponentService.plugin.js:251)
[15:35:32.37] [ComponentService] <INFO> 正在注册： vx-form-password.vue文件 (ComponentService.plugin.js:251)
[15:35:32.38] [ComponentService] <INFO> 正在注册： vx-form-radio.vue文件 (ComponentService.plugin.js:251)
[15:35:32.39] [ComponentService] <INFO> 正在注册： vx-form-select.vue文件 (ComponentService.plugin.js:251)
[15:35:32.39] [ComponentService] <INFO> 正在注册： vx-form-transfer.vue文件 (ComponentService.plugin.js:251)
[15:35:32.40] [ComponentService] <INFO> 正在注册： vx-nav-breadcrumb.vue文件 (ComponentService.plugin.js:251)
[15:35:32.40] [ComponentService] <INFO> 正在注册： vx-nav-dropmenu.vue文件 (ComponentService.plugin.js:251)
[15:35:32.41] [ComponentService] <INFO> 正在注册： vx-nav-navmenu.vue文件 (ComponentService.plugin.js:251)
[15:35:32.42] [ComponentService] <INFO> 正在注册： vx-tab-pane.vue文件 (ComponentService.plugin.js:251)
[15:35:32.42] [ComponentService] <INFO> 正在注册： vx-tabs.vue文件 (ComponentService.plugin.js:251)
[15:35:32.43] [ComponentService] <INFO> 正在注册： vx-view-baidumap.vue文件 (ComponentService.plugin.js:251)
[15:35:32.43] [ComponentService] <INFO> 正在注册： vx-view-countup.vue文件 (ComponentService.plugin.js:251)
[15:35:32.46] [ComponentService] <INFO> 正在注册： vx-view-datatable.vue文件 (ComponentService.plugin.js:251)
[15:35:32.47] [ComponentService] <INFO> 正在注册： vx-view-dialog.vue文件 (ComponentService.plugin.js:251)
[15:35:32.47] [ComponentService] <INFO> 正在注册： vx-view-echart.vue文件 (ComponentService.plugin.js:251)
[15:35:32.48] [ComponentService] <INFO> 正在注册： vx-view-govmap.vue文件 (ComponentService.plugin.js:251)
[15:35:32.49] [ComponentService] <INFO> 正在注册： vx-view-heatmap.vue文件 (ComponentService.plugin.js:251)
[15:35:32.51] [ComponentService] <INFO> 正在注册： vx-view-linescroll.vue文件 (ComponentService.plugin.js:251)
[15:35:32.52] [ComponentService] <INFO> 正在注册： vx-view-map.vue文件 (ComponentService.plugin.js:251)
[15:35:32.52] [ComponentService] <INFO> 正在注册： vx-view-pagelist.vue文件 (ComponentService.plugin.js:251)
[15:35:32.53] [ComponentService] <INFO> 正在注册： vx-view-pagesize.vue文件 (ComponentService.plugin.js:251)
[15:35:32.53] [ComponentService] <INFO> 正在注册： vd-bd-datadetail.vue文件 (ComponentService.plugin.js:251)
[15:35:32.54] [ComponentService] <INFO> 正在注册： vd-bd-loaddata.vue文件 (ComponentService.plugin.js:251)
[15:35:32.54] [ComponentService] <INFO> 正在注册： vd-bd-savedata.vue文件 (ComponentService.plugin.js:251)
[15:35:32.55] [ComponentService] <INFO> 正在注册： vd-company-activity.vue文件 (ComponentService.plugin.js:251)
[15:35:32.55] [ComponentService] <INFO> 正在注册： vd-company-businesstime.vue文件 (ComponentService.plugin.js:251)
[15:35:32.56] [ComponentService] <INFO> 正在注册： vd-company-company.vue文件 (ComponentService.plugin.js:251)
[15:35:32.56] [ComponentService] <INFO> 正在注册： vd-company-device.vue文件 (ComponentService.plugin.js:251)
[15:35:32.56] [ComponentService] <INFO> 正在注册： vd-company-holiday.vue文件 (ComponentService.plugin.js:251)
[15:35:32.57] [ComponentService] <INFO> 正在注册： vd-company-mall.vue文件 (ComponentService.plugin.js:251)
[15:35:32.57] [ComponentService] <INFO> 正在注册： vd-company-physicalzone.vue文件 (ComponentService.plugin.js:251)
[15:35:32.58] [ComponentService] <INFO> 正在注册： vd-company-tag.vue文件 (ComponentService.plugin.js:251)
[15:35:32.58] [ComponentService] <INFO> 正在注册： vd-log-mallupdate.vue文件 (ComponentService.plugin.js:251)
[15:35:32.58] [ComponentService] <INFO> 正在注册： vd-log-weather.vue文件 (ComponentService.plugin.js:251)
[15:35:32.59] [ComponentService] <INFO> 正在注册： vd-log-zoneupdate.vue文件 (ComponentService.plugin.js:251)
[15:35:32.59] [ComponentService] <INFO> 正在注册： vd-report-chartoption.vue文件 (ComponentService.plugin.js:251)
[15:35:32.60] [ComponentService] <INFO> 正在注册： vd-report-chartstyle.vue文件 (ComponentService.plugin.js:251)
[15:35:32.60] [ComponentService] <INFO> 正在注册： vd-report-conditionoption.vue文件 (ComponentService.plugin.js:251)
[15:35:32.60] [ComponentService] <INFO> 正在注册： vd-report-indexoption.vue文件 (ComponentService.plugin.js:251)
[15:35:32.61] [ComponentService] <INFO> 正在注册： vd-report-reportmenu.vue文件 (ComponentService.plugin.js:251)
[15:35:32.61] [ComponentService] <INFO> 正在注册： vd-report-reportpage.vue文件 (ComponentService.plugin.js:251)
[15:35:32.62] [ComponentService] <INFO> 正在注册： vd-report-servicelist.vue文件 (ComponentService.plugin.js:251)
[15:35:32.62] [ComponentService] <INFO> 正在注册： vd-system-category.vue文件 (ComponentService.plugin.js:251)
[15:35:32.63] [ComponentService] <INFO> 正在注册： vd-system-location.vue文件 (ComponentService.plugin.js:251)
[15:35:32.63] [ComponentService] <INFO> 正在注册： vd-system-menu.vue文件 (ComponentService.plugin.js:251)
[15:35:32.64] [ComponentService] <INFO> 正在注册： vd-system-role.vue文件 (ComponentService.plugin.js:251)
[15:35:32.64] [ComponentService] <INFO> 正在注册： vd-system-user.vue文件 (ComponentService.plugin.js:251)
[15:35:32.64] [ComponentService] <INFO> 正在注册： vd-system-usergroup.vue文件 (ComponentService.plugin.js:251)
[15:35:32.65] [ComponentService] <INFO> 正在注册： vm-form-activity.vue文件 (ComponentService.plugin.js:251)
[15:35:32.65] [ComponentService] <INFO> 正在注册： vm-form-activityplugin.vue文件 (ComponentService.plugin.js:251)
[15:35:32.66] [ComponentService] <INFO> 正在注册： vm-form-businesstime.vue文件 (ComponentService.plugin.js:251)
[15:35:32.66] [ComponentService] <INFO> 正在注册： vm-form-businesstimeplugin.vue文件 (ComponentService.plugin.js:251)
[15:35:32.67] [ComponentService] <INFO> 正在注册： vm-form-holiday.vue文件 (ComponentService.plugin.js:251)
[15:35:32.68] [ComponentService] <INFO> 正在注册： vm-form-mall.vue文件 (ComponentService.plugin.js:251)
[15:35:32.68] [ComponentService] <INFO> 正在注册： vm-form-mallupdate.vue文件 (ComponentService.plugin.js:251)
[15:35:32.69] [ComponentService] <INFO> 正在注册： vm-form-tag.vue文件 (ComponentService.plugin.js:251)
[15:35:32.69] [ComponentService] <INFO> 正在注册： vm-form-weather.vue文件 (ComponentService.plugin.js:251)
[15:35:32.70] [ComponentService] <INFO> 正在注册： vm-form-zoneupdate.vue文件 (ComponentService.plugin.js:251)
[15:35:32.70] [ComponentService] <INFO> 正在注册： vm-grid-activity.vue文件 (ComponentService.plugin.js:251)
[15:35:32.71] [ComponentService] <INFO> 正在注册： vm-grid-businesstime.vue文件 (ComponentService.plugin.js:251)
[15:35:32.71] [ComponentService] <INFO> 正在注册： vm-grid-historicalcount.vue文件 (ComponentService.plugin.js:251)
[15:35:32.71] [ComponentService] <INFO> 正在注册： vm-grid-historicaldwell.vue文件 (ComponentService.plugin.js:251)
[15:35:32.72] [ComponentService] <INFO> 正在注册： vm-grid-historicalfitting.vue文件 (ComponentService.plugin.js:251)
[15:35:32.72] [ComponentService] <INFO> 正在注册： vm-grid-historicalpassby.vue文件 (ComponentService.plugin.js:251)
[15:35:32.72] [ComponentService] <INFO> 正在注册： vm-grid-historicalsummary.vue文件 (ComponentService.plugin.js:251)
[15:35:32.73] [ComponentService] <INFO> 正在注册： vm-grid-holiday.vue文件 (ComponentService.plugin.js:251)
[15:35:32.73] [ComponentService] <INFO> 正在注册： vm-grid-mall.vue文件 (ComponentService.plugin.js:251)
[15:35:32.74] [ComponentService] <INFO> 正在注册： vm-grid-tag.vue文件 (ComponentService.plugin.js:251)
[15:35:32.74] [ComponentService] <INFO> 正在注册： vm-grid-weather.vue文件 (ComponentService.plugin.js:251)
[15:35:32.74] [ComponentService] <INFO> 正在注册： vm-manager-dataadjustment.vue文件 (ComponentService.plugin.js:251)
[15:35:32.76] [ComponentService] <INFO> 正在注册： vm-manager-datasummary.vue文件 (ComponentService.plugin.js:251)
[15:35:32.76] [ComponentService] <INFO> 正在注册： vm-report-times.vue文件 (ComponentService.plugin.js:251)
[15:35:32.76] [ComponentService] <INFO> 正在注册： vm-select-devicecode.vue文件 (ComponentService.plugin.js:251)
[15:35:32.77] [ComponentService] <INFO> 正在注册： vm-transfer-tag.vue文件 (ComponentService.plugin.js:251)
[15:35:32.77] [ComponentService] <INFO> 正在注册： vm-form-category.vue文件 (ComponentService.plugin.js:251)
[15:35:32.78] [ComponentService] <INFO> 正在注册： vm-form-componentslist.vue文件 (ComponentService.plugin.js:251)
[15:35:32.79] [ComponentService] <INFO> 正在注册： vm-form-menu.vue文件 (ComponentService.plugin.js:251)
[15:35:32.80] [ComponentService] <INFO> 正在注册： vm-form-menuplugin.vue文件 (ComponentService.plugin.js:251)
[15:35:32.81] [ComponentService] <INFO> 正在注册： vm-form-role.vue文件 (ComponentService.plugin.js:251)
[15:35:32.81] [ComponentService] <INFO> 正在注册： vm-form-roleplugin.vue文件 (ComponentService.plugin.js:251)
[15:35:32.82] [ComponentService] <INFO> 正在注册： vm-form-servicelist.vue文件 (ComponentService.plugin.js:251)
[15:35:32.83] [ComponentService] <INFO> 正在注册： vm-form-user.vue文件 (ComponentService.plugin.js:251)
[15:35:32.83] [ComponentService] <INFO> 正在注册： vm-form-usergroup.vue文件 (ComponentService.plugin.js:251)
[15:35:32.84] [ComponentService] <INFO> 正在注册： vm-form-usergroupplugin.vue文件 (ComponentService.plugin.js:251)
[15:35:32.85] [ComponentService] <INFO> 正在注册： vm-form-usergroupreportpage.vue文件 (ComponentService.plugin.js:251)
[15:35:32.86] [ComponentService] <INFO> 正在注册： vm-form-usergroupzone.vue文件 (ComponentService.plugin.js:251)
[15:35:32.89] [ComponentService] <INFO> 正在注册： vm-form-userplugin.vue文件 (ComponentService.plugin.js:251)
[15:35:32.90] [ComponentService] <INFO> 正在注册： vm-grid-category.vue文件 (ComponentService.plugin.js:251)
[15:35:32.91] [ComponentService] <INFO> 正在注册： vm-grid-componentslist.vue文件 (ComponentService.plugin.js:251)
[15:35:32.93] [ComponentService] <INFO> 正在注册： vm-grid-menu.vue文件 (ComponentService.plugin.js:251)
[15:35:32.94] [ComponentService] <INFO> 正在注册： vm-grid-role.vue文件 (ComponentService.plugin.js:251)
[15:35:32.94] [ComponentService] <INFO> 正在注册： vm-grid-servicelist.vue文件 (ComponentService.plugin.js:251)
[15:35:32.96] [ComponentService] <INFO> 正在注册： vm-grid-user.vue文件 (ComponentService.plugin.js:251)
[15:35:32.97] [ComponentService] <INFO> 正在注册： vm-grid-usergroup.vue文件 (ComponentService.plugin.js:251)
[15:35:32.98] [ComponentService] <INFO> 正在注册： vm-nav-menu.vue文件 (ComponentService.plugin.js:251)
[15:35:32.99] [ComponentService] <INFO> 正在注册： vm-select-role.vue文件 (ComponentService.plugin.js:251)
[15:35:32.99] [ComponentService] <INFO> 正在注册： vm-select-usergroup.vue文件 (ComponentService.plugin.js:251)
[15:35:33.01] [ComponentService] <INFO> 正在注册： vm-tree-category.vue文件 (ComponentService.plugin.js:251)
[15:35:33.01] [ComponentService] <INFO> 正在注册： vm-tree-menu.vue文件 (ComponentService.plugin.js:251)
[15:35:33.03] [ComponentService] <INFO> 正在注册： vm-tree-role.vue文件 (ComponentService.plugin.js:251)
[15:36:59.95] [ComponentService] <INFO> 正在注册： vb-cascader-city.vue文件 (ComponentService.plugin.js:251)
[15:36:59.96] [ComponentService] <INFO> 正在注册： vb-form-businesstime.vue文件 (ComponentService.plugin.js:251)
[15:36:59.96] [ComponentService] <INFO> 正在注册： vb-form-businesstimeplugin.vue文件 (ComponentService.plugin.js:251)
[15:36:59.97] [ComponentService] <INFO> 正在注册： vb-form-chartoption.vue文件 (ComponentService.plugin.js:251)
[15:36:59.98] [ComponentService] <INFO> 正在注册： vb-form-chartstyle.vue文件 (ComponentService.plugin.js:251)
[15:36:59.98] [ComponentService] <INFO> 正在注册： vb-form-company.vue文件 (ComponentService.plugin.js:251)
[15:36:59.99] [ComponentService] <INFO> 正在注册： vb-form-conditionoption.vue文件 (ComponentService.plugin.js:251)
[15:36:59.99] [ComponentService] <INFO> 正在注册： vb-form-fencezone.vue文件 (ComponentService.plugin.js:251)
[15:37:00.00] [ComponentService] <INFO> 正在注册： vb-form-holiday.vue文件 (ComponentService.plugin.js:251)
[15:37:00.01] [ComponentService] <INFO> 正在注册： vb-form-indexoption.vue文件 (ComponentService.plugin.js:251)
[15:37:00.01] [ComponentService] <INFO> 正在注册： vb-form-location.vue文件 (ComponentService.plugin.js:251)
[15:37:00.02] [ComponentService] <INFO> 正在注册： vb-form-mall.vue文件 (ComponentService.plugin.js:251)
[15:37:00.02] [ComponentService] <INFO> 正在注册： vb-form-physicalzone.vue文件 (ComponentService.plugin.js:251)
[15:37:00.03] [ComponentService] <INFO> 正在注册： vb-form-reportmenu.vue文件 (ComponentService.plugin.js:251)
[15:37:00.03] [ComponentService] <INFO> 正在注册： vb-form-reportpage.vue文件 (ComponentService.plugin.js:251)
[15:37:00.04] [ComponentService] <INFO> 正在注册： vb-form-tag.vue文件 (ComponentService.plugin.js:251)
[15:37:00.04] [ComponentService] <INFO> 正在注册： vb-form-transfer-mall.vue文件 (ComponentService.plugin.js:251)
[15:37:00.05] [ComponentService] <INFO> 正在注册： vb-form-weather.vue文件 (ComponentService.plugin.js:251)
[15:37:00.05] [ComponentService] <INFO> 正在注册： vb-grid-activity.vue文件 (ComponentService.plugin.js:251)
[15:37:00.06] [ComponentService] <INFO> 正在注册： vb-grid-businesstime.vue文件 (ComponentService.plugin.js:251)
[15:37:00.06] [ComponentService] <INFO> 正在注册： vb-grid-chartoption.vue文件 (ComponentService.plugin.js:251)
[15:37:00.07] [ComponentService] <INFO> 正在注册： vb-grid-chartstyle.vue文件 (ComponentService.plugin.js:251)
[15:37:00.07] [ComponentService] <INFO> 正在注册： vb-grid-company.vue文件 (ComponentService.plugin.js:251)
[15:37:00.08] [ComponentService] <INFO> 正在注册： vb-grid-conditionoption.vue文件 (ComponentService.plugin.js:251)
[15:37:00.08] [ComponentService] <INFO> 正在注册： vb-grid-fencezone.vue文件 (ComponentService.plugin.js:251)
[15:37:00.09] [ComponentService] <INFO> 正在注册： vb-grid-holiday.vue文件 (ComponentService.plugin.js:251)
[15:37:00.09] [ComponentService] <INFO> 正在注册： vb-grid-indexoption.vue文件 (ComponentService.plugin.js:251)
[15:37:00.10] [ComponentService] <INFO> 正在注册： vb-grid-location.vue文件 (ComponentService.plugin.js:251)
[15:37:00.10] [ComponentService] <INFO> 正在注册： vb-grid-mall.vue文件 (ComponentService.plugin.js:251)
[15:37:00.11] [ComponentService] <INFO> 正在注册： vb-grid-physicalzone.vue文件 (ComponentService.plugin.js:251)
[15:37:00.11] [ComponentService] <INFO> 正在注册： vb-grid-reportmenu.vue文件 (ComponentService.plugin.js:251)
[15:37:00.11] [ComponentService] <INFO> 正在注册： vb-grid-reportpage.vue文件 (ComponentService.plugin.js:251)
[15:37:00.12] [ComponentService] <INFO> 正在注册： vb-grid-role.vue文件 (ComponentService.plugin.js:251)
[15:37:00.12] [ComponentService] <INFO> 正在注册： vb-grid-tag.vue文件 (ComponentService.plugin.js:251)
[15:37:00.13] [ComponentService] <INFO> 正在注册： vb-grid-user.vue文件 (ComponentService.plugin.js:251)
[15:37:00.13] [ComponentService] <INFO> 正在注册： vb-grid-weather.vue文件 (ComponentService.plugin.js:251)
[15:37:00.14] [ComponentService] <INFO> 正在注册： vb-log-malllog.vue文件 (ComponentService.plugin.js:251)
[15:37:00.14] [ComponentService] <INFO> 正在注册： vb-log-mallupdate.vue文件 (ComponentService.plugin.js:251)
[15:37:00.15] [ComponentService] <INFO> 正在注册： vb-log-zonelog.vue文件 (ComponentService.plugin.js:251)
[15:37:00.15] [ComponentService] <INFO> 正在注册： vb-log-zoneupdate.vue文件 (ComponentService.plugin.js:251)
[15:37:00.15] [ComponentService] <INFO> 正在注册： vb-page-activity.vue文件 (ComponentService.plugin.js:251)
[15:37:00.16] [ComponentService] <INFO> 正在注册： vb-page-businesstime.vue文件 (ComponentService.plugin.js:251)
[15:37:00.17] [ComponentService] <INFO> 正在注册： vb-page-chartoption.vue文件 (ComponentService.plugin.js:251)
[15:37:00.17] [ComponentService] <INFO> 正在注册： vb-page-chartstyle.vue文件 (ComponentService.plugin.js:251)
[15:37:00.17] [ComponentService] <INFO> 正在注册： vb-page-company.vue文件 (ComponentService.plugin.js:251)
[15:37:00.18] [ComponentService] <INFO> 正在注册： vb-page-conditionoption.vue文件 (ComponentService.plugin.js:251)
[15:37:00.18] [ComponentService] <INFO> 正在注册： vb-page-holiday.vue文件 (ComponentService.plugin.js:251)
[15:37:00.19] [ComponentService] <INFO> 正在注册： vb-page-indexoption.vue文件 (ComponentService.plugin.js:251)
[15:37:00.19] [ComponentService] <INFO> 正在注册： vb-page-mall.vue文件 (ComponentService.plugin.js:251)
[15:37:00.20] [ComponentService] <INFO> 正在注册： vb-page-reportmenu.vue文件 (ComponentService.plugin.js:251)
[15:37:00.20] [ComponentService] <INFO> 正在注册： vb-page-reportpage.vue文件 (ComponentService.plugin.js:251)
[15:37:00.21] [ComponentService] <INFO> 正在注册： vb-page-tag.vue文件 (ComponentService.plugin.js:251)
[15:37:00.21] [ComponentService] <INFO> 正在注册： vb-page-weather.vue文件 (ComponentService.plugin.js:251)
[15:37:00.22] [ComponentService] <INFO> 正在注册： vb-select-chartoption.vue文件 (ComponentService.plugin.js:251)
[15:37:00.22] [ComponentService] <INFO> 正在注册： vb-select-chartstyle.vue文件 (ComponentService.plugin.js:251)
[15:37:00.23] [ComponentService] <INFO> 正在注册： vb-select-company.vue文件 (ComponentService.plugin.js:251)
[15:37:00.23] [ComponentService] <INFO> 正在注册： vb-select-device.vue文件 (ComponentService.plugin.js:251)
[15:37:00.24] [ComponentService] <INFO> 正在注册： vb-select-fencezone.vue文件 (ComponentService.plugin.js:251)
[15:37:00.24] [ComponentService] <INFO> 正在注册： vb-select-indexoption.vue文件 (ComponentService.plugin.js:251)
[15:37:00.25] [ComponentService] <INFO> 正在注册： vb-select-mall.vue文件 (ComponentService.plugin.js:251)
[15:37:00.25] [ComponentService] <INFO> 正在注册： vb-select-menutype.vue文件 (ComponentService.plugin.js:251)
[15:37:00.26] [ComponentService] <INFO> 正在注册： vb-select-physicalzone.vue文件 (ComponentService.plugin.js:251)
[15:37:00.26] [ComponentService] <INFO> 正在注册： vb-select-reportmenu.vue文件 (ComponentService.plugin.js:251)
[15:37:00.27] [ComponentService] <INFO> 正在注册： vb-select-role.vue文件 (ComponentService.plugin.js:251)
[15:37:00.27] [ComponentService] <INFO> 正在注册： vb-select-usergroup.vue文件 (ComponentService.plugin.js:251)
[15:37:00.27] [ComponentService] <INFO> 正在注册： vb-select-zonetype.vue文件 (ComponentService.plugin.js:251)
[15:37:00.28] [ComponentService] <INFO> 正在注册： vb-transfer-chartoption.vue文件 (ComponentService.plugin.js:251)
[15:37:00.28] [ComponentService] <INFO> 正在注册： vb-transfer-conditionoption.vue文件 (ComponentService.plugin.js:251)
[15:37:00.29] [ComponentService] <INFO> 正在注册： vb-transfer-indexoption.vue文件 (ComponentService.plugin.js:251)
[15:37:00.29] [ComponentService] <INFO> 正在注册： vb-transfer-location.vue文件 (ComponentService.plugin.js:251)
[15:37:00.30] [ComponentService] <INFO> 正在注册： vb-transfer-mall.vue文件 (ComponentService.plugin.js:251)
[15:37:00.30] [ComponentService] <INFO> 正在注册： vb-transfer-physicalzone.vue文件 (ComponentService.plugin.js:251)
[15:37:00.30] [ComponentService] <INFO> 正在注册： vb-transfer-reportpage.vue文件 (ComponentService.plugin.js:251)
[15:37:00.31] [ComponentService] <INFO> 正在注册： vb-transfer-tag.vue文件 (ComponentService.plugin.js:251)
[15:37:00.31] [ComponentService] <INFO> 正在注册： vb-tree-category.vue文件 (ComponentService.plugin.js:251)
[15:37:00.32] [ComponentService] <INFO> 正在注册： vb-tree-location.vue文件 (ComponentService.plugin.js:251)
[15:37:00.32] [ComponentService] <INFO> 正在注册： vb-zonecamera-query.vue文件 (ComponentService.plugin.js:251)
[15:37:00.35] [ComponentService] <INFO> 正在注册： vx-basic-demo.vue文件 (ComponentService.plugin.js:251)
[15:37:00.37] [ComponentService] <INFO> 正在注册： vm-form-location.vue文件 (ComponentService.plugin.js:251)
[15:37:00.37] [ComponentService] <INFO> 正在注册： vm-grid-location.vue文件 (ComponentService.plugin.js:251)
[15:37:00.37] [ComponentService] <INFO> 正在注册： vm-select-company.vue文件 (ComponentService.plugin.js:251)
[15:37:00.38] [ComponentService] <INFO> 正在注册： vm-select-mall.vue文件 (ComponentService.plugin.js:251)
[15:37:00.38] [ComponentService] <INFO> 正在注册： vm-transfer-mall.vue文件 (ComponentService.plugin.js:251)
[15:37:00.39] [ComponentService] <INFO> 正在注册： vm-transfer-physicalzone.vue文件 (ComponentService.plugin.js:251)
[15:37:00.39] [ComponentService] <INFO> 正在注册： vm-transfer-reportpage.vue文件 (ComponentService.plugin.js:251)
[15:37:00.40] [ComponentService] <INFO> 正在注册： vm-tree-location.vue文件 (ComponentService.plugin.js:251)
[15:37:00.43] [ComponentService] <INFO> 正在注册： vm-page-grid.vue文件 (ComponentService.plugin.js:251)
[15:37:00.44] [ComponentService] <INFO> 正在注册： vx-basic-button.vue文件 (ComponentService.plugin.js:251)
[15:37:00.44] [ComponentService] <INFO> 正在注册： vx-basic-tree.vue文件 (ComponentService.plugin.js:251)
[15:37:00.45] [ComponentService] <INFO> 正在注册： vx-container-col.vue文件 (ComponentService.plugin.js:251)
[15:37:00.46] [ComponentService] <INFO> 正在注册： vx-container-combo.vue文件 (ComponentService.plugin.js:251)
[15:37:00.47] [ComponentService] <INFO> 正在注册： vx-container-dialog.vue文件 (ComponentService.plugin.js:251)
[15:37:00.48] [ComponentService] <INFO> 正在注册： vx-container-gridster.vue文件 (ComponentService.plugin.js:251)
[15:37:00.49] [ComponentService] <INFO> 正在注册： vx-container-item.vue文件 (ComponentService.plugin.js:251)
[15:37:00.49] [ComponentService] <INFO> 正在注册： vx-container-row.vue文件 (ComponentService.plugin.js:251)
[15:37:00.50] [ComponentService] <INFO> 正在注册： vx-container-tab.vue文件 (ComponentService.plugin.js:251)
[15:37:00.51] [ComponentService] <INFO> 正在注册： vx-form-cascader.vue文件 (ComponentService.plugin.js:251)
[15:37:00.51] [ComponentService] <INFO> 正在注册： vx-form-check.vue文件 (ComponentService.plugin.js:251)
[15:37:00.53] [ComponentService] <INFO> 正在注册： vx-form-clockpicker.vue文件 (ComponentService.plugin.js:251)
[15:37:00.55] [ComponentService] <INFO> 正在注册： vx-form-daterangepicker.vue文件 (ComponentService.plugin.js:251)
[15:37:00.56] [ComponentService] <INFO> 正在注册： vx-form-datesinglepicker.vue文件 (ComponentService.plugin.js:251)
[15:37:00.56] [ComponentService] <INFO> 正在注册： vx-form-group-select.vue文件 (ComponentService.plugin.js:251)
[15:37:00.57] [ComponentService] <INFO> 正在注册： vx-form-input.vue文件 (ComponentService.plugin.js:251)
[15:37:00.58] [ComponentService] <INFO> 正在注册： vx-form-location.vue文件 (ComponentService.plugin.js:251)
[15:37:00.59] [ComponentService] <INFO> 正在注册： vx-form-number.vue文件 (ComponentService.plugin.js:251)
[15:37:00.59] [ComponentService] <INFO> 正在注册： vx-form-password.vue文件 (ComponentService.plugin.js:251)
[15:37:00.60] [ComponentService] <INFO> 正在注册： vx-form-radio.vue文件 (ComponentService.plugin.js:251)
[15:37:00.61] [ComponentService] <INFO> 正在注册： vx-form-select.vue文件 (ComponentService.plugin.js:251)
[15:37:00.61] [ComponentService] <INFO> 正在注册： vx-form-transfer.vue文件 (ComponentService.plugin.js:251)
[15:37:00.62] [ComponentService] <INFO> 正在注册： vx-nav-breadcrumb.vue文件 (ComponentService.plugin.js:251)
[15:37:00.63] [ComponentService] <INFO> 正在注册： vx-nav-dropmenu.vue文件 (ComponentService.plugin.js:251)
[15:37:00.63] [ComponentService] <INFO> 正在注册： vx-nav-navmenu.vue文件 (ComponentService.plugin.js:251)
[15:37:00.64] [ComponentService] <INFO> 正在注册： vx-tab-pane.vue文件 (ComponentService.plugin.js:251)
[15:37:00.64] [ComponentService] <INFO> 正在注册： vx-tabs.vue文件 (ComponentService.plugin.js:251)
[15:37:00.65] [ComponentService] <INFO> 正在注册： vx-view-baidumap.vue文件 (ComponentService.plugin.js:251)
[15:37:00.65] [ComponentService] <INFO> 正在注册： vx-view-countup.vue文件 (ComponentService.plugin.js:251)
[15:37:00.67] [ComponentService] <INFO> 正在注册： vx-view-datatable.vue文件 (ComponentService.plugin.js:251)
[15:37:00.68] [ComponentService] <INFO> 正在注册： vx-view-dialog.vue文件 (ComponentService.plugin.js:251)
[15:37:00.68] [ComponentService] <INFO> 正在注册： vx-view-echart.vue文件 (ComponentService.plugin.js:251)
[15:37:00.69] [ComponentService] <INFO> 正在注册： vx-view-govmap.vue文件 (ComponentService.plugin.js:251)
[15:37:00.69] [ComponentService] <INFO> 正在注册： vx-view-heatmap.vue文件 (ComponentService.plugin.js:251)
[15:37:00.71] [ComponentService] <INFO> 正在注册： vx-view-linescroll.vue文件 (ComponentService.plugin.js:251)
[15:37:00.72] [ComponentService] <INFO> 正在注册： vx-view-map.vue文件 (ComponentService.plugin.js:251)
[15:37:00.73] [ComponentService] <INFO> 正在注册： vx-view-pagelist.vue文件 (ComponentService.plugin.js:251)
[15:37:00.73] [ComponentService] <INFO> 正在注册： vx-view-pagesize.vue文件 (ComponentService.plugin.js:251)
[15:37:00.74] [ComponentService] <INFO> 正在注册： vd-bd-datadetail.vue文件 (ComponentService.plugin.js:251)
[15:37:00.74] [ComponentService] <INFO> 正在注册： vd-bd-loaddata.vue文件 (ComponentService.plugin.js:251)
[15:37:00.75] [ComponentService] <INFO> 正在注册： vd-bd-savedata.vue文件 (ComponentService.plugin.js:251)
[15:37:00.75] [ComponentService] <INFO> 正在注册： vd-company-activity.vue文件 (ComponentService.plugin.js:251)
[15:37:00.76] [ComponentService] <INFO> 正在注册： vd-company-businesstime.vue文件 (ComponentService.plugin.js:251)
[15:37:00.76] [ComponentService] <INFO> 正在注册： vd-company-company.vue文件 (ComponentService.plugin.js:251)
[15:37:00.76] [ComponentService] <INFO> 正在注册： vd-company-device.vue文件 (ComponentService.plugin.js:251)
[15:37:00.77] [ComponentService] <INFO> 正在注册： vd-company-holiday.vue文件 (ComponentService.plugin.js:251)
[15:37:00.77] [ComponentService] <INFO> 正在注册： vd-company-mall.vue文件 (ComponentService.plugin.js:251)
[15:37:00.78] [ComponentService] <INFO> 正在注册： vd-company-physicalzone.vue文件 (ComponentService.plugin.js:251)
[15:37:00.78] [ComponentService] <INFO> 正在注册： vd-company-tag.vue文件 (ComponentService.plugin.js:251)
[15:37:00.78] [ComponentService] <INFO> 正在注册： vd-log-mallupdate.vue文件 (ComponentService.plugin.js:251)
[15:37:00.79] [ComponentService] <INFO> 正在注册： vd-log-weather.vue文件 (ComponentService.plugin.js:251)
[15:37:00.79] [ComponentService] <INFO> 正在注册： vd-log-zoneupdate.vue文件 (ComponentService.plugin.js:251)
[15:37:00.80] [ComponentService] <INFO> 正在注册： vd-report-chartoption.vue文件 (ComponentService.plugin.js:251)
[15:37:00.80] [ComponentService] <INFO> 正在注册： vd-report-chartstyle.vue文件 (ComponentService.plugin.js:251)
[15:37:00.81] [ComponentService] <INFO> 正在注册： vd-report-conditionoption.vue文件 (ComponentService.plugin.js:251)
[15:37:00.81] [ComponentService] <INFO> 正在注册： vd-report-indexoption.vue文件 (ComponentService.plugin.js:251)
[15:37:00.82] [ComponentService] <INFO> 正在注册： vd-report-reportmenu.vue文件 (ComponentService.plugin.js:251)
[15:37:00.82] [ComponentService] <INFO> 正在注册： vd-report-reportpage.vue文件 (ComponentService.plugin.js:251)
[15:37:00.82] [ComponentService] <INFO> 正在注册： vd-report-servicelist.vue文件 (ComponentService.plugin.js:251)
[15:37:00.83] [ComponentService] <INFO> 正在注册： vd-system-category.vue文件 (ComponentService.plugin.js:251)
[15:37:00.83] [ComponentService] <INFO> 正在注册： vd-system-location.vue文件 (ComponentService.plugin.js:251)
[15:37:00.83] [ComponentService] <INFO> 正在注册： vd-system-menu.vue文件 (ComponentService.plugin.js:251)
[15:37:00.84] [ComponentService] <INFO> 正在注册： vd-system-role.vue文件 (ComponentService.plugin.js:251)
[15:37:00.84] [ComponentService] <INFO> 正在注册： vd-system-user.vue文件 (ComponentService.plugin.js:251)
[15:37:00.85] [ComponentService] <INFO> 正在注册： vd-system-usergroup.vue文件 (ComponentService.plugin.js:251)
[15:37:00.85] [ComponentService] <INFO> 正在注册： vm-form-activity.vue文件 (ComponentService.plugin.js:251)
[15:37:00.85] [ComponentService] <INFO> 正在注册： vm-form-activityplugin.vue文件 (ComponentService.plugin.js:251)
[15:37:00.86] [ComponentService] <INFO> 正在注册： vm-form-businesstime.vue文件 (ComponentService.plugin.js:251)
[15:37:00.87] [ComponentService] <INFO> 正在注册： vm-form-businesstimeplugin.vue文件 (ComponentService.plugin.js:251)
[15:37:00.87] [ComponentService] <INFO> 正在注册： vm-form-holiday.vue文件 (ComponentService.plugin.js:251)
[15:37:00.88] [ComponentService] <INFO> 正在注册： vm-form-mall.vue文件 (ComponentService.plugin.js:251)
[15:37:00.88] [ComponentService] <INFO> 正在注册： vm-form-mallupdate.vue文件 (ComponentService.plugin.js:251)
[15:37:00.89] [ComponentService] <INFO> 正在注册： vm-form-tag.vue文件 (ComponentService.plugin.js:251)
[15:37:00.89] [ComponentService] <INFO> 正在注册： vm-form-weather.vue文件 (ComponentService.plugin.js:251)
[15:37:00.90] [ComponentService] <INFO> 正在注册： vm-form-zoneupdate.vue文件 (ComponentService.plugin.js:251)
[15:37:00.90] [ComponentService] <INFO> 正在注册： vm-grid-activity.vue文件 (ComponentService.plugin.js:251)
[15:37:00.91] [ComponentService] <INFO> 正在注册： vm-grid-businesstime.vue文件 (ComponentService.plugin.js:251)
[15:37:00.91] [ComponentService] <INFO> 正在注册： vm-grid-historicalcount.vue文件 (ComponentService.plugin.js:251)
[15:37:00.91] [ComponentService] <INFO> 正在注册： vm-grid-historicaldwell.vue文件 (ComponentService.plugin.js:251)
[15:37:00.92] [ComponentService] <INFO> 正在注册： vm-grid-historicalfitting.vue文件 (ComponentService.plugin.js:251)
[15:37:00.92] [ComponentService] <INFO> 正在注册： vm-grid-historicalpassby.vue文件 (ComponentService.plugin.js:251)
[15:37:00.93] [ComponentService] <INFO> 正在注册： vm-grid-historicalsummary.vue文件 (ComponentService.plugin.js:251)
[15:37:00.93] [ComponentService] <INFO> 正在注册： vm-grid-holiday.vue文件 (ComponentService.plugin.js:251)
[15:37:00.93] [ComponentService] <INFO> 正在注册： vm-grid-mall.vue文件 (ComponentService.plugin.js:251)
[15:37:00.94] [ComponentService] <INFO> 正在注册： vm-grid-tag.vue文件 (ComponentService.plugin.js:251)
[15:37:00.94] [ComponentService] <INFO> 正在注册： vm-grid-weather.vue文件 (ComponentService.plugin.js:251)
[15:37:00.95] [ComponentService] <INFO> 正在注册： vm-manager-dataadjustment.vue文件 (ComponentService.plugin.js:251)
[15:37:00.97] [ComponentService] <INFO> 正在注册： vm-manager-datasummary.vue文件 (ComponentService.plugin.js:251)
[15:37:00.98] [ComponentService] <INFO> 正在注册： vm-report-times.vue文件 (ComponentService.plugin.js:251)
[15:37:00.98] [ComponentService] <INFO> 正在注册： vm-select-devicecode.vue文件 (ComponentService.plugin.js:251)
[15:37:00.99] [ComponentService] <INFO> 正在注册： vm-transfer-tag.vue文件 (ComponentService.plugin.js:251)
[15:37:01.00] [ComponentService] <INFO> 正在注册： vm-form-category.vue文件 (ComponentService.plugin.js:251)
[15:37:01.01] [ComponentService] <INFO> 正在注册： vm-form-componentslist.vue文件 (ComponentService.plugin.js:251)
[15:37:01.01] [ComponentService] <INFO> 正在注册： vm-form-menu.vue文件 (ComponentService.plugin.js:251)
[15:37:01.02] [ComponentService] <INFO> 正在注册： vm-form-menuplugin.vue文件 (ComponentService.plugin.js:251)
[15:37:01.02] [ComponentService] <INFO> 正在注册： vm-form-role.vue文件 (ComponentService.plugin.js:251)
[15:37:01.03] [ComponentService] <INFO> 正在注册： vm-form-roleplugin.vue文件 (ComponentService.plugin.js:251)
[15:37:01.03] [ComponentService] <INFO> 正在注册： vm-form-servicelist.vue文件 (ComponentService.plugin.js:251)
[15:37:01.04] [ComponentService] <INFO> 正在注册： vm-form-user.vue文件 (ComponentService.plugin.js:251)
[15:37:01.05] [ComponentService] <INFO> 正在注册： vm-form-usergroup.vue文件 (ComponentService.plugin.js:251)
[15:37:01.05] [ComponentService] <INFO> 正在注册： vm-form-usergroupplugin.vue文件 (ComponentService.plugin.js:251)
[15:37:01.06] [ComponentService] <INFO> 正在注册： vm-form-usergroupreportpage.vue文件 (ComponentService.plugin.js:251)
[15:37:01.06] [ComponentService] <INFO> 正在注册： vm-form-usergroupzone.vue文件 (ComponentService.plugin.js:251)
[15:37:01.07] [ComponentService] <INFO> 正在注册： vm-form-userplugin.vue文件 (ComponentService.plugin.js:251)
[15:37:01.07] [ComponentService] <INFO> 正在注册： vm-grid-category.vue文件 (ComponentService.plugin.js:251)
[15:37:01.08] [ComponentService] <INFO> 正在注册： vm-grid-componentslist.vue文件 (ComponentService.plugin.js:251)
[15:37:01.08] [ComponentService] <INFO> 正在注册： vm-grid-menu.vue文件 (ComponentService.plugin.js:251)
[15:37:01.09] [ComponentService] <INFO> 正在注册： vm-grid-role.vue文件 (ComponentService.plugin.js:251)
[15:37:01.09] [ComponentService] <INFO> 正在注册： vm-grid-servicelist.vue文件 (ComponentService.plugin.js:251)
[15:37:01.10] [ComponentService] <INFO> 正在注册： vm-grid-user.vue文件 (ComponentService.plugin.js:251)
[15:37:01.11] [ComponentService] <INFO> 正在注册： vm-grid-usergroup.vue文件 (ComponentService.plugin.js:251)
[15:37:01.11] [ComponentService] <INFO> 正在注册： vm-nav-menu.vue文件 (ComponentService.plugin.js:251)
[15:37:01.11] [ComponentService] <INFO> 正在注册： vm-select-role.vue文件 (ComponentService.plugin.js:251)
[15:37:01.12] [ComponentService] <INFO> 正在注册： vm-select-usergroup.vue文件 (ComponentService.plugin.js:251)
[15:37:01.12] [ComponentService] <INFO> 正在注册： vm-tree-category.vue文件 (ComponentService.plugin.js:251)
[15:37:01.13] [ComponentService] <INFO> 正在注册： vm-tree-menu.vue文件 (ComponentService.plugin.js:251)
[15:37:01.13] [ComponentService] <INFO> 正在注册： vm-tree-role.vue文件 (ComponentService.plugin.js:251)
[15:40:30.41] [ComponentService] <INFO> 正在注册： vm-form-role.vue文件 (ComponentService.plugin.js:251)
[15:48:18.83] [ComponentService] <INFO> 正在注册： vm-form-role.vue文件 (ComponentService.plugin.js:251)
