[13:31:08.17] [ComponentService] <INFO> 正在注册： vx-basic-demo.vue文件 (ComponentService.plugin.js:251)
[13:31:08.17] [ComponentService] <INFO> 正在注册： vd-bd-activity.vue文件 (ComponentService.plugin.js:251)
[13:31:08.18] [ComponentService] <INFO> 正在注册： vd-bd-businesstime.vue文件 (ComponentService.plugin.js:251)
[13:31:08.18] [ComponentService] <INFO> 正在注册： vd-bd-datadetail.vue文件 (ComponentService.plugin.js:251)
[13:31:08.19] [ComponentService] <INFO> 正在注册： vd-bd-holiday.vue文件 (ComponentService.plugin.js:251)
[13:31:08.20] [ComponentService] <INFO> 正在注册： vd-bd-mallupdate.vue文件 (ComponentService.plugin.js:251)
[13:31:08.20] [ComponentService] <INFO> 正在注册： vd-bd-tag.vue文件 (ComponentService.plugin.js:251)
[13:31:08.21] [ComponentService] <INFO> 正在注册： vd-bd-weather.vue文件 (ComponentService.plugin.js:251)
[13:31:08.21] [ComponentService] <INFO> 正在注册： vd-bd-zoneupdate.vue文件 (ComponentService.plugin.js:251)
[13:31:08.22] [ComponentService] <INFO> 正在注册： vd-rpt-indexoption.vue文件 (ComponentService.plugin.js:251)
[13:31:08.23] [ComponentService] <INFO> 正在注册： vm-form-activity.vue文件 (ComponentService.plugin.js:251)
[13:31:08.24] [ComponentService] <INFO> 正在注册： vm-form-businesstime.vue文件 (ComponentService.plugin.js:251)
[13:31:08.24] [ComponentService] <INFO> 正在注册： vm-form-businesstimeplugin.vue文件 (ComponentService.plugin.js:251)
[13:31:08.25] [ComponentService] <INFO> 正在注册： vm-form-holiday.vue文件 (ComponentService.plugin.js:251)
[13:31:08.25] [ComponentService] <INFO> 正在注册： vm-form-mallupdate.vue文件 (ComponentService.plugin.js:251)
[13:31:08.26] [ComponentService] <INFO> 正在注册： vm-form-tag.vue文件 (ComponentService.plugin.js:251)
[13:31:08.26] [ComponentService] <INFO> 正在注册： vm-form-weather.vue文件 (ComponentService.plugin.js:251)
[13:31:08.27] [ComponentService] <INFO> 正在注册： vm-form-zoneupdate.vue文件 (ComponentService.plugin.js:251)
[13:31:08.28] [ComponentService] <INFO> 正在注册： vm-grid-activity.vue文件 (ComponentService.plugin.js:251)
[13:31:08.28] [ComponentService] <INFO> 正在注册： vm-grid-businesstime.vue文件 (ComponentService.plugin.js:251)
[13:31:08.28] [ComponentService] <INFO> 正在注册： vm-grid-historicalcount.vue文件 (ComponentService.plugin.js:251)
[13:31:08.29] [ComponentService] <INFO> 正在注册： vm-grid-historicaldwell.vue文件 (ComponentService.plugin.js:251)
[13:31:08.29] [ComponentService] <INFO> 正在注册： vm-grid-historicalfitting.vue文件 (ComponentService.plugin.js:251)
[13:31:08.30] [ComponentService] <INFO> 正在注册： vm-grid-historicalpassby.vue文件 (ComponentService.plugin.js:251)
[13:31:08.30] [ComponentService] <INFO> 正在注册： vm-grid-historicalsummary.vue文件 (ComponentService.plugin.js:251)
[13:31:08.31] [ComponentService] <INFO> 正在注册： vm-grid-holiday.vue文件 (ComponentService.plugin.js:251)
[13:31:08.32] [ComponentService] <INFO> 正在注册： vm-grid-tag.vue文件 (ComponentService.plugin.js:251)
[13:31:08.32] [ComponentService] <INFO> 正在注册： vm-grid-weather.vue文件 (ComponentService.plugin.js:251)
[13:31:08.33] [ComponentService] <INFO> 正在注册： vm-report-times.vue文件 (ComponentService.plugin.js:251)
[13:31:08.33] [ComponentService] <INFO> 正在注册： vm-select-devicecode.vue文件 (ComponentService.plugin.js:251)
[13:31:08.34] [ComponentService] <INFO> 正在注册： vm-transfer-tag.vue文件 (ComponentService.plugin.js:251)
[13:31:08.34] [ComponentService] <INFO> 正在注册： vb-cascader-city.vue文件 (ComponentService.plugin.js:251)
[13:31:08.35] [ComponentService] <INFO> 正在注册： vb-form-company.vue文件 (ComponentService.plugin.js:251)
[13:31:08.35] [ComponentService] <INFO> 正在注册： vb-form-companyplugin.vue文件 (ComponentService.plugin.js:251)
[13:31:08.36] [ComponentService] <INFO> 正在注册： vb-form-device.vue文件 (ComponentService.plugin.js:251)
[13:31:08.37] [ComponentService] <INFO> 正在注册： vb-form-devicezone.vue文件 (ComponentService.plugin.js:251)
[13:31:08.38] [ComponentService] <INFO> 正在注册： vb-form-location.vue文件 (ComponentService.plugin.js:251)
[13:31:08.38] [ComponentService] <INFO> 正在注册： vb-form-mall.vue文件 (ComponentService.plugin.js:251)
[13:31:08.39] [ComponentService] <INFO> 正在注册： vb-form-physicalzone.vue文件 (ComponentService.plugin.js:251)
[13:31:08.39] [ComponentService] <INFO> 正在注册： vb-form-physicalzoneplugin.vue文件 (ComponentService.plugin.js:251)
[13:31:08.40] [ComponentService] <INFO> 正在注册： vb-form-subsetzone.vue文件 (ComponentService.plugin.js:251)
[13:31:08.41] [ComponentService] <INFO> 正在注册： vb-form-tag.vue文件 (ComponentService.plugin.js:251)
[13:31:08.41] [ComponentService] <INFO> 正在注册： vb-form-transfer-mall.vue文件 (ComponentService.plugin.js:251)
[13:31:08.42] [ComponentService] <INFO> 正在注册： vb-grid-company.vue文件 (ComponentService.plugin.js:251)
[13:31:08.42] [ComponentService] <INFO> 正在注册： vb-grid-device.vue文件 (ComponentService.plugin.js:251)
[13:31:08.43] [ComponentService] <INFO> 正在注册： vb-grid-distribute.vue文件 (ComponentService.plugin.js:251)
[13:31:08.43] [ComponentService] <INFO> 正在注册： vb-grid-duration.vue文件 (ComponentService.plugin.js:251)
[13:31:08.44] [ComponentService] <INFO> 正在注册： vb-grid-fencezone.vue文件 (ComponentService.plugin.js:251)
[13:31:08.44] [ComponentService] <INFO> 正在注册： vb-grid-linkeddevicezone.vue文件 (ComponentService.plugin.js:251)
[13:31:08.45] [ComponentService] <INFO> 正在注册： vb-grid-location.vue文件 (ComponentService.plugin.js:251)
[13:31:08.45] [ComponentService] <INFO> 正在注册： vb-grid-mall.vue文件 (ComponentService.plugin.js:251)
[13:31:08.46] [ComponentService] <INFO> 正在注册： vb-grid-physicalzone.vue文件 (ComponentService.plugin.js:251)
[13:31:08.46] [ComponentService] <INFO> 正在注册： vb-grid-shop.vue文件 (ComponentService.plugin.js:251)
[13:31:08.47] [ComponentService] <INFO> 正在注册： vb-grid-tag.vue文件 (ComponentService.plugin.js:251)
[13:31:08.47] [ComponentService] <INFO> 正在注册： vb-grid-terminal.vue文件 (ComponentService.plugin.js:251)
[13:31:08.48] [ComponentService] <INFO> 正在注册： vb-grid-timesharing.vue文件 (ComponentService.plugin.js:251)
[13:31:08.48] [ComponentService] <INFO> 正在注册： vb-grid-unlinkeddevicezone.vue文件 (ComponentService.plugin.js:251)
[13:31:08.49] [ComponentService] <INFO> 正在注册： vb-page-company.vue文件 (ComponentService.plugin.js:251)
[13:31:08.49] [ComponentService] <INFO> 正在注册： vb-page-mall.vue文件 (ComponentService.plugin.js:251)
[13:31:08.49] [ComponentService] <INFO> 正在注册： vb-page-tag.vue文件 (ComponentService.plugin.js:251)
[13:31:08.50] [ComponentService] <INFO> 正在注册： vb-scope-duration.vue文件 (ComponentService.plugin.js:251)
[13:31:08.51] [ComponentService] <INFO> 正在注册： vb-scope-physicalzone.vue文件 (ComponentService.plugin.js:251)
[13:31:08.51] [ComponentService] <INFO> 正在注册： vb-select-camerazone.vue文件 (ComponentService.plugin.js:251)
[13:31:08.52] [ComponentService] <INFO> 正在注册： vb-select-company.vue文件 (ComponentService.plugin.js:251)
[13:31:08.52] [ComponentService] <INFO> 正在注册： vb-select-device.vue文件 (ComponentService.plugin.js:251)
[13:31:08.53] [ComponentService] <INFO> 正在注册： vb-select-fencezone.vue文件 (ComponentService.plugin.js:251)
[13:31:08.53] [ComponentService] <INFO> 正在注册： vb-select-floor.vue文件 (ComponentService.plugin.js:251)
[13:31:08.54] [ComponentService] <INFO> 正在注册： vb-select-mall.vue文件 (ComponentService.plugin.js:251)
[13:31:08.54] [ComponentService] <INFO> 正在注册： vb-select-physicalzone.vue文件 (ComponentService.plugin.js:251)
[13:31:08.54] [ComponentService] <INFO> 正在注册： vb-select-reportmenu.vue文件 (ComponentService.plugin.js:251)
[13:31:08.55] [ComponentService] <INFO> 正在注册： vb-select-zonetype.vue文件 (ComponentService.plugin.js:251)
[13:31:08.55] [ComponentService] <INFO> 正在注册： vb-subset-devicezone.vue文件 (ComponentService.plugin.js:251)
[13:31:08.56] [ComponentService] <INFO> 正在注册： vb-transfer-chartoption.vue文件 (ComponentService.plugin.js:251)
[13:31:08.56] [ComponentService] <INFO> 正在注册： vb-transfer-location.vue文件 (ComponentService.plugin.js:251)
[13:31:08.57] [ComponentService] <INFO> 正在注册： vb-transfer-mall.vue文件 (ComponentService.plugin.js:251)
[13:31:08.57] [ComponentService] <INFO> 正在注册： vb-transfer-physicalzone.vue文件 (ComponentService.plugin.js:251)
[13:31:08.58] [ComponentService] <INFO> 正在注册： vb-tree-location.vue文件 (ComponentService.plugin.js:251)
[13:31:08.58] [ComponentService] <INFO> 正在注册： vd-bd-cloumn.vue文件 (ComponentService.plugin.js:251)
[13:31:08.58] [ComponentService] <INFO> 正在注册： vd-bd-company.vue文件 (ComponentService.plugin.js:251)
[13:31:08.59] [ComponentService] <INFO> 正在注册： vd-bd-device.vue文件 (ComponentService.plugin.js:251)
[13:31:08.59] [ComponentService] <INFO> 正在注册： vd-bd-devicezone.vue文件 (ComponentService.plugin.js:251)
[13:31:08.60] [ComponentService] <INFO> 正在注册： vd-bd-duration.vue文件 (ComponentService.plugin.js:251)
[13:31:08.60] [ComponentService] <INFO> 正在注册： vd-bd-fencezone.vue文件 (ComponentService.plugin.js:251)
[13:31:08.61] [ComponentService] <INFO> 正在注册： vd-bd-location.vue文件 (ComponentService.plugin.js:251)
[13:31:08.61] [ComponentService] <INFO> 正在注册： vd-bd-mall.vue文件 (ComponentService.plugin.js:251)
[13:31:08.62] [ComponentService] <INFO> 正在注册： vd-bd-online.vue文件 (ComponentService.plugin.js:251)
[13:31:08.62] [ComponentService] <INFO> 正在注册： vd-bd-onlineuser.vue文件 (ComponentService.plugin.js:251)
[13:31:08.63] [ComponentService] <INFO> 正在注册： vd-bd-physicallinkeddevice.vue文件 (ComponentService.plugin.js:251)
[13:31:08.63] [ComponentService] <INFO> 正在注册： vd-bd-physicalunlinkeddevice.vue文件 (ComponentService.plugin.js:251)
[13:31:08.64] [ComponentService] <INFO> 正在注册： vd-bd-physicalzone.vue文件 (ComponentService.plugin.js:251)
[13:31:08.64] [ComponentService] <INFO> 正在注册： vd-bd-report.vue文件 (ComponentService.plugin.js:251)
[13:31:08.64] [ComponentService] <INFO> 正在注册： vd-bd-table.vue文件 (ComponentService.plugin.js:251)
[13:31:08.65] [ComponentService] <INFO> 正在注册： vb-page-servicelist.vue文件 (ComponentService.plugin.js:251)
[13:31:08.65] [ComponentService] <INFO> 正在注册： vb-page-user.vue文件 (ComponentService.plugin.js:251)
[13:31:08.66] [ComponentService] <INFO> 正在注册： vb-page-usergroup.vue文件 (ComponentService.plugin.js:251)
[13:31:08.67] [ComponentService] <INFO> 正在注册： vb-select-role.vue文件 (ComponentService.plugin.js:251)
[13:31:08.68] [ComponentService] <INFO> 正在注册： vb-tree-category.vue文件 (ComponentService.plugin.js:251)
[13:31:08.67] [ComponentService] <INFO> 正在注册： vb-select-usergroup.vue文件 (ComponentService.plugin.js:251)
[13:31:08.69] [ComponentService] <INFO> 正在注册： vb-tree-role.vue文件 (ComponentService.plugin.js:251)
[13:31:08.68] [ComponentService] <INFO> 正在注册： vb-tree-menu.vue文件 (ComponentService.plugin.js:251)
[13:31:08.69] [ComponentService] <INFO> 正在注册： vd-bd-category.vue文件 (ComponentService.plugin.js:251)
[13:31:08.70] [ComponentService] <INFO> 正在注册： vd-bd-componentslist.vue文件 (ComponentService.plugin.js:251)
[13:31:08.70] [ComponentService] <INFO> 正在注册： vd-bd-menu.vue文件 (ComponentService.plugin.js:251)
[13:31:08.71] [ComponentService] <INFO> 正在注册： vd-bd-role.vue文件 (ComponentService.plugin.js:251)
[13:31:08.71] [ComponentService] <INFO> 正在注册： vd-bd-servicelist.vue文件 (ComponentService.plugin.js:251)
[13:31:08.72] [ComponentService] <INFO> 正在注册： vd-bd-user.vue文件 (ComponentService.plugin.js:251)
[13:31:08.72] [ComponentService] <INFO> 正在注册： vm-form-category.vue文件 (ComponentService.plugin.js:251)
[13:31:08.72] [ComponentService] <INFO> 正在注册： vd-bd-usergroup.vue文件 (ComponentService.plugin.js:251)
[13:31:08.73] [ComponentService] <INFO> 正在注册： vm-form-componentslist.vue文件 (ComponentService.plugin.js:251)
[13:31:08.75] [ComponentService] <INFO> 正在注册： vm-form-menu.vue文件 (ComponentService.plugin.js:251)
[13:31:08.75] [ComponentService] <INFO> 正在注册： vm-form-menuplugin.vue文件 (ComponentService.plugin.js:251)
[13:31:08.76] [ComponentService] <INFO> 正在注册： vm-form-role.vue文件 (ComponentService.plugin.js:251)
[13:31:08.76] [ComponentService] <INFO> 正在注册： vm-form-roleplugin.vue文件 (ComponentService.plugin.js:251)
[13:31:08.77] [ComponentService] <INFO> 正在注册： vm-form-servicelist.vue文件 (ComponentService.plugin.js:251)
[13:31:08.77] [ComponentService] <INFO> 正在注册： vm-form-user.vue文件 (ComponentService.plugin.js:251)
[13:31:08.78] [ComponentService] <INFO> 正在注册： vm-form-usergroup.vue文件 (ComponentService.plugin.js:251)
[13:31:08.79] [ComponentService] <INFO> 正在注册： vm-form-usergroupplugin.vue文件 (ComponentService.plugin.js:251)
[13:31:08.79] [ComponentService] <INFO> 正在注册： vm-form-usergroupreportpage.vue文件 (ComponentService.plugin.js:251)
[13:31:08.80] [ComponentService] <INFO> 正在注册： vm-form-usergroupzone.vue文件 (ComponentService.plugin.js:251)
[13:31:08.80] [ComponentService] <INFO> 正在注册： vm-form-userplugin.vue文件 (ComponentService.plugin.js:251)
[13:31:08.81] [ComponentService] <INFO> 正在注册： vm-grid-category.vue文件 (ComponentService.plugin.js:251)
[13:31:08.81] [ComponentService] <INFO> 正在注册： vm-grid-componentslist.vue文件 (ComponentService.plugin.js:251)
[13:31:08.81] [ComponentService] <INFO> 正在注册： vm-grid-menu.vue文件 (ComponentService.plugin.js:251)
[13:31:08.82] [ComponentService] <INFO> 正在注册： vm-grid-role.vue文件 (ComponentService.plugin.js:251)
[13:31:08.82] [ComponentService] <INFO> 正在注册： vm-grid-servicelist.vue文件 (ComponentService.plugin.js:251)
[13:31:08.83] [ComponentService] <INFO> 正在注册： vm-grid-user.vue文件 (ComponentService.plugin.js:251)
[13:31:08.83] [ComponentService] <INFO> 正在注册： vm-grid-usergroup.vue文件 (ComponentService.plugin.js:251)
[13:31:08.84] [ComponentService] <INFO> 正在注册： vm-nav-menu.vue文件 (ComponentService.plugin.js:251)
[13:31:08.84] [ComponentService] <INFO> 正在注册： vm-page-category.vue文件 (ComponentService.plugin.js:251)
[13:31:08.85] [ComponentService] <INFO> 正在注册： vm-page-componentslist.vue文件 (ComponentService.plugin.js:251)
[13:31:08.85] [ComponentService] <INFO> 正在注册： vm-page-menu.vue文件 (ComponentService.plugin.js:251)
[13:31:08.85] [ComponentService] <INFO> 正在注册： vm-page-role.vue文件 (ComponentService.plugin.js:251)
[14:10:35.16] [ComponentService] <INFO> 正在注册： vx-basic-demo.vue文件 (ComponentService.plugin.js:251)
[14:10:35.16] [ComponentService] <INFO> 正在注册： vd-bd-activity.vue文件 (ComponentService.plugin.js:251)
[14:10:35.17] [ComponentService] <INFO> 正在注册： vd-bd-businesstime.vue文件 (ComponentService.plugin.js:251)
[14:10:35.17] [ComponentService] <INFO> 正在注册： vd-bd-datadetail.vue文件 (ComponentService.plugin.js:251)
[14:10:35.18] [ComponentService] <INFO> 正在注册： vd-bd-holiday.vue文件 (ComponentService.plugin.js:251)
[14:10:35.18] [ComponentService] <INFO> 正在注册： vd-bd-mallupdate.vue文件 (ComponentService.plugin.js:251)
[14:10:35.18] [ComponentService] <INFO> 正在注册： vd-bd-tag.vue文件 (ComponentService.plugin.js:251)
[14:10:35.19] [ComponentService] <INFO> 正在注册： vd-bd-weather.vue文件 (ComponentService.plugin.js:251)
[14:10:35.19] [ComponentService] <INFO> 正在注册： vd-bd-zoneupdate.vue文件 (ComponentService.plugin.js:251)
[14:10:35.20] [ComponentService] <INFO> 正在注册： vd-rpt-indexoption.vue文件 (ComponentService.plugin.js:251)
[14:10:35.20] [ComponentService] <INFO> 正在注册： vm-form-activity.vue文件 (ComponentService.plugin.js:251)
[14:10:35.21] [ComponentService] <INFO> 正在注册： vm-form-businesstime.vue文件 (ComponentService.plugin.js:251)
[14:10:35.22] [ComponentService] <INFO> 正在注册： vm-form-businesstimeplugin.vue文件 (ComponentService.plugin.js:251)
[14:10:35.22] [ComponentService] <INFO> 正在注册： vm-form-holiday.vue文件 (ComponentService.plugin.js:251)
[14:10:35.22] [ComponentService] <INFO> 正在注册： vm-form-mallupdate.vue文件 (ComponentService.plugin.js:251)
[14:10:35.23] [ComponentService] <INFO> 正在注册： vm-form-tag.vue文件 (ComponentService.plugin.js:251)
[14:10:35.23] [ComponentService] <INFO> 正在注册： vm-form-weather.vue文件 (ComponentService.plugin.js:251)
[14:10:35.24] [ComponentService] <INFO> 正在注册： vm-form-zoneupdate.vue文件 (ComponentService.plugin.js:251)
[14:10:35.24] [ComponentService] <INFO> 正在注册： vm-grid-activity.vue文件 (ComponentService.plugin.js:251)
[14:10:35.25] [ComponentService] <INFO> 正在注册： vm-grid-businesstime.vue文件 (ComponentService.plugin.js:251)
[14:10:35.25] [ComponentService] <INFO> 正在注册： vm-grid-historicalcount.vue文件 (ComponentService.plugin.js:251)
[14:10:35.25] [ComponentService] <INFO> 正在注册： vm-grid-historicaldwell.vue文件 (ComponentService.plugin.js:251)
[14:10:35.26] [ComponentService] <INFO> 正在注册： vm-grid-historicalfitting.vue文件 (ComponentService.plugin.js:251)
[14:10:35.26] [ComponentService] <INFO> 正在注册： vm-grid-historicalpassby.vue文件 (ComponentService.plugin.js:251)
[14:10:35.26] [ComponentService] <INFO> 正在注册： vm-grid-historicalsummary.vue文件 (ComponentService.plugin.js:251)
[14:10:35.27] [ComponentService] <INFO> 正在注册： vm-grid-holiday.vue文件 (ComponentService.plugin.js:251)
[14:10:35.27] [ComponentService] <INFO> 正在注册： vm-grid-tag.vue文件 (ComponentService.plugin.js:251)
[14:10:35.28] [ComponentService] <INFO> 正在注册： vm-grid-weather.vue文件 (ComponentService.plugin.js:251)
[14:10:35.28] [ComponentService] <INFO> 正在注册： vm-report-times.vue文件 (ComponentService.plugin.js:251)
[14:10:35.29] [ComponentService] <INFO> 正在注册： vm-select-devicecode.vue文件 (ComponentService.plugin.js:251)
[14:10:35.29] [ComponentService] <INFO> 正在注册： vm-transfer-tag.vue文件 (ComponentService.plugin.js:251)
[14:10:35.29] [ComponentService] <INFO> 正在注册： vb-cascader-city.vue文件 (ComponentService.plugin.js:251)
[14:10:35.30] [ComponentService] <INFO> 正在注册： vb-form-company.vue文件 (ComponentService.plugin.js:251)
[14:10:35.30] [ComponentService] <INFO> 正在注册： vb-form-companyplugin.vue文件 (ComponentService.plugin.js:251)
[14:10:35.31] [ComponentService] <INFO> 正在注册： vb-form-device.vue文件 (ComponentService.plugin.js:251)
[14:10:35.31] [ComponentService] <INFO> 正在注册： vb-form-devicezone.vue文件 (ComponentService.plugin.js:251)
[14:10:35.32] [ComponentService] <INFO> 正在注册： vb-form-location.vue文件 (ComponentService.plugin.js:251)
[14:10:35.32] [ComponentService] <INFO> 正在注册： vb-form-mall.vue文件 (ComponentService.plugin.js:251)
[14:10:35.33] [ComponentService] <INFO> 正在注册： vb-form-physicalzone.vue文件 (ComponentService.plugin.js:251)
[14:10:35.33] [ComponentService] <INFO> 正在注册： vb-form-physicalzoneplugin.vue文件 (ComponentService.plugin.js:251)
[14:10:35.34] [ComponentService] <INFO> 正在注册： vb-form-subsetzone.vue文件 (ComponentService.plugin.js:251)
[14:10:35.35] [ComponentService] <INFO> 正在注册： vb-form-tag.vue文件 (ComponentService.plugin.js:251)
[14:10:35.35] [ComponentService] <INFO> 正在注册： vb-form-transfer-mall.vue文件 (ComponentService.plugin.js:251)
[14:10:35.35] [ComponentService] <INFO> 正在注册： vb-grid-company.vue文件 (ComponentService.plugin.js:251)
[14:10:35.36] [ComponentService] <INFO> 正在注册： vb-grid-device.vue文件 (ComponentService.plugin.js:251)
[14:10:35.36] [ComponentService] <INFO> 正在注册： vb-grid-distribute.vue文件 (ComponentService.plugin.js:251)
[14:10:35.37] [ComponentService] <INFO> 正在注册： vb-grid-duration.vue文件 (ComponentService.plugin.js:251)
[14:10:35.37] [ComponentService] <INFO> 正在注册： vb-grid-fencezone.vue文件 (ComponentService.plugin.js:251)
[14:10:35.38] [ComponentService] <INFO> 正在注册： vb-grid-linkeddevicezone.vue文件 (ComponentService.plugin.js:251)
[14:10:35.38] [ComponentService] <INFO> 正在注册： vb-grid-location.vue文件 (ComponentService.plugin.js:251)
[14:10:35.38] [ComponentService] <INFO> 正在注册： vb-grid-mall.vue文件 (ComponentService.plugin.js:251)
[14:10:35.39] [ComponentService] <INFO> 正在注册： vb-grid-physicalzone.vue文件 (ComponentService.plugin.js:251)
[14:10:35.39] [ComponentService] <INFO> 正在注册： vb-grid-shop.vue文件 (ComponentService.plugin.js:251)
[14:10:35.40] [ComponentService] <INFO> 正在注册： vb-grid-tag.vue文件 (ComponentService.plugin.js:251)
[14:10:35.40] [ComponentService] <INFO> 正在注册： vb-grid-terminal.vue文件 (ComponentService.plugin.js:251)
[14:10:35.40] [ComponentService] <INFO> 正在注册： vb-grid-timesharing.vue文件 (ComponentService.plugin.js:251)
[14:10:35.41] [ComponentService] <INFO> 正在注册： vb-grid-unlinkeddevicezone.vue文件 (ComponentService.plugin.js:251)
[14:10:35.41] [ComponentService] <INFO> 正在注册： vb-page-company.vue文件 (ComponentService.plugin.js:251)
[14:10:35.42] [ComponentService] <INFO> 正在注册： vb-page-mall.vue文件 (ComponentService.plugin.js:251)
[14:10:35.42] [ComponentService] <INFO> 正在注册： vb-page-tag.vue文件 (ComponentService.plugin.js:251)
[14:10:35.43] [ComponentService] <INFO> 正在注册： vb-scope-duration.vue文件 (ComponentService.plugin.js:251)
[14:10:35.43] [ComponentService] <INFO> 正在注册： vb-scope-physicalzone.vue文件 (ComponentService.plugin.js:251)
[14:10:35.44] [ComponentService] <INFO> 正在注册： vb-select-camerazone.vue文件 (ComponentService.plugin.js:251)
[14:10:35.44] [ComponentService] <INFO> 正在注册： vb-select-company.vue文件 (ComponentService.plugin.js:251)
[14:10:35.44] [ComponentService] <INFO> 正在注册： vb-select-device.vue文件 (ComponentService.plugin.js:251)
[14:10:35.45] [ComponentService] <INFO> 正在注册： vb-select-fencezone.vue文件 (ComponentService.plugin.js:251)
[14:10:35.45] [ComponentService] <INFO> 正在注册： vb-select-floor.vue文件 (ComponentService.plugin.js:251)
[14:10:35.45] [ComponentService] <INFO> 正在注册： vb-select-mall.vue文件 (ComponentService.plugin.js:251)
[14:10:35.46] [ComponentService] <INFO> 正在注册： vb-select-physicalzone.vue文件 (ComponentService.plugin.js:251)
[14:10:35.46] [ComponentService] <INFO> 正在注册： vb-select-reportmenu.vue文件 (ComponentService.plugin.js:251)
[14:10:35.47] [ComponentService] <INFO> 正在注册： vb-select-zonetype.vue文件 (ComponentService.plugin.js:251)
[14:10:35.47] [ComponentService] <INFO> 正在注册： vb-subset-devicezone.vue文件 (ComponentService.plugin.js:251)
[14:10:35.48] [ComponentService] <INFO> 正在注册： vb-transfer-chartoption.vue文件 (ComponentService.plugin.js:251)
[14:10:35.48] [ComponentService] <INFO> 正在注册： vb-transfer-location.vue文件 (ComponentService.plugin.js:251)
[14:10:35.48] [ComponentService] <INFO> 正在注册： vb-transfer-mall.vue文件 (ComponentService.plugin.js:251)
[14:10:35.49] [ComponentService] <INFO> 正在注册： vb-transfer-physicalzone.vue文件 (ComponentService.plugin.js:251)
[14:10:35.49] [ComponentService] <INFO> 正在注册： vb-tree-location.vue文件 (ComponentService.plugin.js:251)
[14:10:35.50] [ComponentService] <INFO> 正在注册： vd-bd-cloumn.vue文件 (ComponentService.plugin.js:251)
[14:10:35.50] [ComponentService] <INFO> 正在注册： vd-bd-company.vue文件 (ComponentService.plugin.js:251)
[14:10:35.50] [ComponentService] <INFO> 正在注册： vd-bd-device.vue文件 (ComponentService.plugin.js:251)
[14:10:35.51] [ComponentService] <INFO> 正在注册： vd-bd-devicezone.vue文件 (ComponentService.plugin.js:251)
[14:10:35.51] [ComponentService] <INFO> 正在注册： vd-bd-duration.vue文件 (ComponentService.plugin.js:251)
[14:10:35.52] [ComponentService] <INFO> 正在注册： vd-bd-fencezone.vue文件 (ComponentService.plugin.js:251)
[14:10:35.52] [ComponentService] <INFO> 正在注册： vd-bd-location.vue文件 (ComponentService.plugin.js:251)
[14:10:35.52] [ComponentService] <INFO> 正在注册： vd-bd-mall.vue文件 (ComponentService.plugin.js:251)
[14:10:35.53] [ComponentService] <INFO> 正在注册： vd-bd-online.vue文件 (ComponentService.plugin.js:251)
[14:10:35.53] [ComponentService] <INFO> 正在注册： vd-bd-onlineuser.vue文件 (ComponentService.plugin.js:251)
[14:10:35.54] [ComponentService] <INFO> 正在注册： vd-bd-physicallinkeddevice.vue文件 (ComponentService.plugin.js:251)
[14:10:35.54] [ComponentService] <INFO> 正在注册： vd-bd-physicalunlinkeddevice.vue文件 (ComponentService.plugin.js:251)
[14:10:35.54] [ComponentService] <INFO> 正在注册： vd-bd-physicalzone.vue文件 (ComponentService.plugin.js:251)
[14:10:35.55] [ComponentService] <INFO> 正在注册： vd-bd-report.vue文件 (ComponentService.plugin.js:251)
[14:10:35.55] [ComponentService] <INFO> 正在注册： vd-bd-table.vue文件 (ComponentService.plugin.js:251)
[14:10:35.55] [ComponentService] <INFO> 正在注册： vb-page-servicelist.vue文件 (ComponentService.plugin.js:251)
[14:10:35.56] [ComponentService] <INFO> 正在注册： vb-page-user.vue文件 (ComponentService.plugin.js:251)
[14:10:35.56] [ComponentService] <INFO> 正在注册： vb-page-usergroup.vue文件 (ComponentService.plugin.js:251)
[14:10:35.56] [ComponentService] <INFO> 正在注册： vb-select-role.vue文件 (ComponentService.plugin.js:251)
[14:10:35.57] [ComponentService] <INFO> 正在注册： vb-select-usergroup.vue文件 (ComponentService.plugin.js:251)
[14:10:35.57] [ComponentService] <INFO> 正在注册： vb-tree-category.vue文件 (ComponentService.plugin.js:251)
[14:10:35.58] [ComponentService] <INFO> 正在注册： vb-tree-menu.vue文件 (ComponentService.plugin.js:251)
[14:10:35.58] [ComponentService] <INFO> 正在注册： vb-tree-role.vue文件 (ComponentService.plugin.js:251)
[14:10:35.59] [ComponentService] <INFO> 正在注册： vd-bd-category.vue文件 (ComponentService.plugin.js:251)
[14:10:35.59] [ComponentService] <INFO> 正在注册： vd-bd-menu.vue文件 (ComponentService.plugin.js:251)
[14:10:35.60] [ComponentService] <INFO> 正在注册： vd-bd-role.vue文件 (ComponentService.plugin.js:251)
[14:10:35.60] [ComponentService] <INFO> 正在注册： vd-bd-servicelist.vue文件 (ComponentService.plugin.js:251)
[14:10:35.61] [ComponentService] <INFO> 正在注册： vd-bd-user.vue文件 (ComponentService.plugin.js:251)
[14:10:35.61] [ComponentService] <INFO> 正在注册： vd-bd-usergroup.vue文件 (ComponentService.plugin.js:251)
[14:10:35.59] [ComponentService] <INFO> 正在注册： vd-bd-componentslist.vue文件 (ComponentService.plugin.js:251)
[14:10:35.62] [ComponentService] <INFO> 正在注册： vm-form-category.vue文件 (ComponentService.plugin.js:251)
[14:10:35.62] [ComponentService] <INFO> 正在注册： vm-form-componentslist.vue文件 (ComponentService.plugin.js:251)
[14:10:35.64] [ComponentService] <INFO> 正在注册： vm-form-menu.vue文件 (ComponentService.plugin.js:251)
[14:10:35.64] [ComponentService] <INFO> 正在注册： vm-form-menuplugin.vue文件 (ComponentService.plugin.js:251)
[14:10:35.65] [ComponentService] <INFO> 正在注册： vm-form-role.vue文件 (ComponentService.plugin.js:251)
[14:10:35.65] [ComponentService] <INFO> 正在注册： vm-form-roleplugin.vue文件 (ComponentService.plugin.js:251)
[14:10:35.66] [ComponentService] <INFO> 正在注册： vm-form-servicelist.vue文件 (ComponentService.plugin.js:251)
[14:10:35.66] [ComponentService] <INFO> 正在注册： vm-form-user.vue文件 (ComponentService.plugin.js:251)
[14:10:35.67] [ComponentService] <INFO> 正在注册： vm-form-usergroup.vue文件 (ComponentService.plugin.js:251)
[14:10:35.67] [ComponentService] <INFO> 正在注册： vm-form-usergroupplugin.vue文件 (ComponentService.plugin.js:251)
[14:10:35.68] [ComponentService] <INFO> 正在注册： vm-form-usergroupreportpage.vue文件 (ComponentService.plugin.js:251)
[14:10:35.68] [ComponentService] <INFO> 正在注册： vm-form-usergroupzone.vue文件 (ComponentService.plugin.js:251)
[14:10:35.68] [ComponentService] <INFO> 正在注册： vm-form-userplugin.vue文件 (ComponentService.plugin.js:251)
[14:10:35.69] [ComponentService] <INFO> 正在注册： vm-grid-category.vue文件 (ComponentService.plugin.js:251)
[14:10:35.70] [ComponentService] <INFO> 正在注册： vm-grid-componentslist.vue文件 (ComponentService.plugin.js:251)
[14:10:35.71] [ComponentService] <INFO> 正在注册： vm-grid-menu.vue文件 (ComponentService.plugin.js:251)
[14:10:35.72] [ComponentService] <INFO> 正在注册： vm-grid-role.vue文件 (ComponentService.plugin.js:251)
[14:10:35.72] [ComponentService] <INFO> 正在注册： vm-grid-servicelist.vue文件 (ComponentService.plugin.js:251)
[14:10:35.73] [ComponentService] <INFO> 正在注册： vm-grid-user.vue文件 (ComponentService.plugin.js:251)
[14:10:35.74] [ComponentService] <INFO> 正在注册： vm-grid-usergroup.vue文件 (ComponentService.plugin.js:251)
[14:10:35.74] [ComponentService] <INFO> 正在注册： vm-nav-menu.vue文件 (ComponentService.plugin.js:251)
[14:10:35.75] [ComponentService] <INFO> 正在注册： vm-page-category.vue文件 (ComponentService.plugin.js:251)
[14:10:35.75] [ComponentService] <INFO> 正在注册： vm-page-componentslist.vue文件 (ComponentService.plugin.js:251)
[14:10:35.75] [ComponentService] <INFO> 正在注册： vm-page-menu.vue文件 (ComponentService.plugin.js:251)
[14:10:35.76] [ComponentService] <INFO> 正在注册： vm-page-role.vue文件 (ComponentService.plugin.js:251)
