[14:04:07.39] [ComponentService] <INFO> 正在注册： vx-form-tooltip.vue文件 (ComponentService.plugin.js:249)
[14:04:13.60] [ComponentService] <INFO> 正在注册： vx-form-tooltip.vue文件 (ComponentService.plugin.js:249)
[14:04:13.80] [ComponentService] <INFO> 正在注册： vx-form-tooltip.vue文件 (ComponentService.plugin.js:249)
[14:04:13.100] [ComponentService] <INFO> 正在注册： vx-form-tooltip.vue文件 (ComponentService.plugin.js:249)
[14:04:27.62] [ComponentService] <INFO> 正在注册： vx-form-tooltip.vue文件 (ComponentService.plugin.js:249)
[14:08:20.00] [ComponentService] <INFO> 正在注册： vx-basic-button.vue文件 (ComponentService.plugin.js:249)
[14:08:20.100] [ComponentService] <INFO> 正在注册： vx-basic-button.vue文件 (ComponentService.plugin.js:249)
[14:08:21.20] [ComponentService] <INFO> 正在注册： vx-basic-button.vue文件 (ComponentService.plugin.js:249)
[14:08:21.62] [ComponentService] <INFO> 正在注册： vx-basic-button.vue文件 (ComponentService.plugin.js:249)
[14:09:03.89] [ComponentService] <INFO> 正在注册： vm-form-menu.vue文件 (ComponentService.plugin.js:249)
[14:09:38.90] [ComponentService] <INFO> 正在注册： vm-form-menu.vue文件 (ComponentService.plugin.js:249)
[14:09:43.11] [ComponentService] <INFO> 正在注册： vm-form-menu.vue文件 (ComponentService.plugin.js:249)
[14:09:48.91] [ComponentService] <INFO> 正在注册： vm-form-menu.vue文件 (ComponentService.plugin.js:249)
[14:09:51.11] [ComponentService] <INFO> 正在注册： vm-form-menu.vue文件 (ComponentService.plugin.js:249)
[14:10:25.73] [ComponentService] <INFO> 正在注册： vm-form-menu.vue文件 (ComponentService.plugin.js:249)
[14:10:32.33] [ComponentService] <INFO> 正在注册： vm-form-menu.vue文件 (ComponentService.plugin.js:249)
[14:10:50.35] [ComponentService] <INFO> 正在注册： vm-form-menu.vue文件 (ComponentService.plugin.js:249)
[14:10:50.56] [ComponentService] <INFO> 正在注册： vm-form-menu.vue文件 (ComponentService.plugin.js:249)
[14:10:51.35] [ComponentService] <INFO> 正在注册： vm-form-menu.vue文件 (ComponentService.plugin.js:249)
[14:11:23.99] [ComponentService] <INFO> 正在注册： vm-form-menu.vue文件 (ComponentService.plugin.js:249)
[14:11:24.20] [ComponentService] <INFO> 正在注册： vm-form-menu.vue文件 (ComponentService.plugin.js:249)
[14:11:24.39] [ComponentService] <INFO> 正在注册： vm-form-menu.vue文件 (ComponentService.plugin.js:249)
[14:11:25.60] [ComponentService] <INFO> 正在注册： vm-form-menu.vue文件 (ComponentService.plugin.js:249)
[14:12:47.82] [ComponentService] <INFO> 正在注册： vx-form-tooltip.vue文件 (ComponentService.plugin.js:249)
[14:12:57.23] [ComponentService] <INFO> 正在注册： vx-form-tooltip.vue文件 (ComponentService.plugin.js:249)
[14:13:02.44] [ComponentService] <INFO> 正在注册： vx-form-tooltip.vue文件 (ComponentService.plugin.js:249)
[14:13:09.85] [ComponentService] <INFO> 正在注册： vx-form-tooltip.vue文件 (ComponentService.plugin.js:249)
[14:13:10.45] [ComponentService] <INFO> 正在注册： vx-form-tooltip.vue文件 (ComponentService.plugin.js:249)
[14:13:11.44] [ComponentService] <INFO> 正在注册： vx-form-tooltip.vue文件 (ComponentService.plugin.js:249)
[14:13:19.85] [ComponentService] <INFO> 正在注册： vx-form-tooltip.vue文件 (ComponentService.plugin.js:249)
[14:13:20.05] [ComponentService] <INFO> 正在注册： vx-form-tooltip.vue文件 (ComponentService.plugin.js:249)
[14:13:20.25] [ComponentService] <INFO> 正在注册： vx-form-tooltip.vue文件 (ComponentService.plugin.js:249)
[14:13:27.66] [ComponentService] <INFO> 正在注册： vx-form-tooltip.vue文件 (ComponentService.plugin.js:249)
[14:14:00.29] [ComponentService] <INFO> 正在注册： vx-form-tooltip.vue文件 (ComponentService.plugin.js:249)
[14:14:02.30] [ComponentService] <INFO> 正在注册： vx-form-tooltip.vue文件 (ComponentService.plugin.js:249)
[14:14:07.91] [ComponentService] <INFO> 正在注册： vx-form-tooltip.vue文件 (ComponentService.plugin.js:249)
[14:17:44.92] [ComponentService] <INFO> 正在注册： vx-form-tooltip.vue文件 (ComponentService.plugin.js:249)
[14:18:37.01] [ComponentService] <INFO> 正在注册： vx-form-tooltip.vue文件 (ComponentService.plugin.js:249)
[14:18:59.19] [ComponentService] <INFO> 正在注册： vb-cascader-city.vue文件 (ComponentService.plugin.js:249)
[14:18:59.21] [ComponentService] <INFO> 正在注册： vb-form-activity.vue文件 (ComponentService.plugin.js:249)
[14:18:59.22] [ComponentService] <INFO> 正在注册： vb-form-businesstime.vue文件 (ComponentService.plugin.js:249)
[14:18:59.23] [ComponentService] <INFO> 正在注册： vb-form-businesstimeplugin.vue文件 (ComponentService.plugin.js:249)
[14:18:59.24] [ComponentService] <INFO> 正在注册： vb-form-chartoption.vue文件 (ComponentService.plugin.js:249)
[14:18:59.25] [ComponentService] <INFO> 正在注册： vb-form-chartstyle.vue文件 (ComponentService.plugin.js:249)
[14:18:59.26] [ComponentService] <INFO> 正在注册： vb-form-company.vue文件 (ComponentService.plugin.js:249)
[14:18:59.26] [ComponentService] <INFO> 正在注册： vb-form-conditionoption.vue文件 (ComponentService.plugin.js:249)
[14:18:59.27] [ComponentService] <INFO> 正在注册： vb-form-fencezone.vue文件 (ComponentService.plugin.js:249)
[14:18:59.28] [ComponentService] <INFO> 正在注册： vb-form-holiday.vue文件 (ComponentService.plugin.js:249)
[14:18:59.29] [ComponentService] <INFO> 正在注册： vb-form-indexoption.vue文件 (ComponentService.plugin.js:249)
[14:18:59.29] [ComponentService] <INFO> 正在注册： vb-form-location.vue文件 (ComponentService.plugin.js:249)
[14:18:59.30] [ComponentService] <INFO> 正在注册： vb-form-mall.vue文件 (ComponentService.plugin.js:249)
[14:18:59.31] [ComponentService] <INFO> 正在注册： vb-form-physicalzone.vue文件 (ComponentService.plugin.js:249)
[14:18:59.31] [ComponentService] <INFO> 正在注册： vb-form-reportmenu.vue文件 (ComponentService.plugin.js:249)
[14:18:59.32] [ComponentService] <INFO> 正在注册： vb-form-reportpage.vue文件 (ComponentService.plugin.js:249)
[14:18:59.33] [ComponentService] <INFO> 正在注册： vb-form-tag.vue文件 (ComponentService.plugin.js:249)
[14:18:59.33] [ComponentService] <INFO> 正在注册： vb-form-transfer-mall.vue文件 (ComponentService.plugin.js:249)
[14:18:59.34] [ComponentService] <INFO> 正在注册： vb-form-weather.vue文件 (ComponentService.plugin.js:249)
[14:18:59.34] [ComponentService] <INFO> 正在注册： vb-grid-activity.vue文件 (ComponentService.plugin.js:249)
[14:18:59.35] [ComponentService] <INFO> 正在注册： vb-grid-businesstime.vue文件 (ComponentService.plugin.js:249)
[14:18:59.35] [ComponentService] <INFO> 正在注册： vb-grid-chartoption.vue文件 (ComponentService.plugin.js:249)
[14:18:59.36] [ComponentService] <INFO> 正在注册： vb-grid-chartstyle.vue文件 (ComponentService.plugin.js:249)
[14:18:59.37] [ComponentService] <INFO> 正在注册： vb-grid-company.vue文件 (ComponentService.plugin.js:249)
[14:18:59.37] [ComponentService] <INFO> 正在注册： vb-grid-conditionoption.vue文件 (ComponentService.plugin.js:249)
[14:18:59.38] [ComponentService] <INFO> 正在注册： vb-grid-fencezone.vue文件 (ComponentService.plugin.js:249)
[14:18:59.38] [ComponentService] <INFO> 正在注册： vb-grid-holiday.vue文件 (ComponentService.plugin.js:249)
[14:18:59.39] [ComponentService] <INFO> 正在注册： vb-grid-indexoption.vue文件 (ComponentService.plugin.js:249)
[14:18:59.40] [ComponentService] <INFO> 正在注册： vb-grid-location.vue文件 (ComponentService.plugin.js:249)
[14:18:59.40] [ComponentService] <INFO> 正在注册： vb-grid-mall.vue文件 (ComponentService.plugin.js:249)
[14:18:59.41] [ComponentService] <INFO> 正在注册： vb-grid-physicalzone.vue文件 (ComponentService.plugin.js:249)
[14:18:59.41] [ComponentService] <INFO> 正在注册： vb-grid-reportmenu.vue文件 (ComponentService.plugin.js:249)
[14:18:59.42] [ComponentService] <INFO> 正在注册： vb-grid-reportpage.vue文件 (ComponentService.plugin.js:249)
[14:18:59.43] [ComponentService] <INFO> 正在注册： vb-grid-role.vue文件 (ComponentService.plugin.js:249)
[14:18:59.43] [ComponentService] <INFO> 正在注册： vb-grid-tag.vue文件 (ComponentService.plugin.js:249)
[14:18:59.44] [ComponentService] <INFO> 正在注册： vb-grid-user.vue文件 (ComponentService.plugin.js:249)
[14:18:59.44] [ComponentService] <INFO> 正在注册： vb-grid-weather.vue文件 (ComponentService.plugin.js:249)
[14:18:59.45] [ComponentService] <INFO> 正在注册： vb-log-malllog.vue文件 (ComponentService.plugin.js:249)
[14:18:59.46] [ComponentService] <INFO> 正在注册： vb-log-mallupdate.vue文件 (ComponentService.plugin.js:249)
[14:18:59.46] [ComponentService] <INFO> 正在注册： vb-log-zonelog.vue文件 (ComponentService.plugin.js:249)
[14:18:59.47] [ComponentService] <INFO> 正在注册： vb-log-zoneupdate.vue文件 (ComponentService.plugin.js:249)
[14:18:59.47] [ComponentService] <INFO> 正在注册： vb-page-activity.vue文件 (ComponentService.plugin.js:249)
[14:18:59.48] [ComponentService] <INFO> 正在注册： vb-page-businesstime.vue文件 (ComponentService.plugin.js:249)
[14:18:59.49] [ComponentService] <INFO> 正在注册： vb-page-chartoption.vue文件 (ComponentService.plugin.js:249)
[14:18:59.49] [ComponentService] <INFO> 正在注册： vb-page-chartstyle.vue文件 (ComponentService.plugin.js:249)
[14:18:59.50] [ComponentService] <INFO> 正在注册： vb-page-company.vue文件 (ComponentService.plugin.js:249)
[14:18:59.50] [ComponentService] <INFO> 正在注册： vb-page-conditionoption.vue文件 (ComponentService.plugin.js:249)
[14:18:59.51] [ComponentService] <INFO> 正在注册： vb-page-holiday.vue文件 (ComponentService.plugin.js:249)
[14:18:59.52] [ComponentService] <INFO> 正在注册： vb-page-indexoption.vue文件 (ComponentService.plugin.js:249)
[14:18:59.52] [ComponentService] <INFO> 正在注册： vb-page-mall.vue文件 (ComponentService.plugin.js:249)
[14:18:59.53] [ComponentService] <INFO> 正在注册： vb-page-reportmenu.vue文件 (ComponentService.plugin.js:249)
[14:18:59.54] [ComponentService] <INFO> 正在注册： vb-page-reportpage.vue文件 (ComponentService.plugin.js:249)
[14:18:59.54] [ComponentService] <INFO> 正在注册： vb-page-tag.vue文件 (ComponentService.plugin.js:249)
[14:18:59.55] [ComponentService] <INFO> 正在注册： vb-page-weather.vue文件 (ComponentService.plugin.js:249)
[14:18:59.55] [ComponentService] <INFO> 正在注册： vb-select-chartoption.vue文件 (ComponentService.plugin.js:249)
[14:18:59.56] [ComponentService] <INFO> 正在注册： vb-select-chartstyle.vue文件 (ComponentService.plugin.js:249)
[14:18:59.57] [ComponentService] <INFO> 正在注册： vb-select-company.vue文件 (ComponentService.plugin.js:249)
[14:18:59.58] [ComponentService] <INFO> 正在注册： vb-select-device.vue文件 (ComponentService.plugin.js:249)
[14:18:59.59] [ComponentService] <INFO> 正在注册： vb-select-fencezone.vue文件 (ComponentService.plugin.js:249)
[14:18:59.61] [ComponentService] <INFO> 正在注册： vb-select-indexoption.vue文件 (ComponentService.plugin.js:249)
[14:18:59.62] [ComponentService] <INFO> 正在注册： vb-select-mall.vue文件 (ComponentService.plugin.js:249)
[14:18:59.63] [ComponentService] <INFO> 正在注册： vb-select-menutype.vue文件 (ComponentService.plugin.js:249)
[14:18:59.64] [ComponentService] <INFO> 正在注册： vb-select-physicalzone.vue文件 (ComponentService.plugin.js:249)
[14:18:59.65] [ComponentService] <INFO> 正在注册： vb-select-reportmenu.vue文件 (ComponentService.plugin.js:249)
[14:18:59.66] [ComponentService] <INFO> 正在注册： vb-select-role.vue文件 (ComponentService.plugin.js:249)
[14:18:59.67] [ComponentService] <INFO> 正在注册： vb-select-usergroup.vue文件 (ComponentService.plugin.js:249)
[14:18:59.67] [ComponentService] <INFO> 正在注册： vb-select-zonetype.vue文件 (ComponentService.plugin.js:249)
[14:18:59.68] [ComponentService] <INFO> 正在注册： vb-transfer-chartoption.vue文件 (ComponentService.plugin.js:249)
[14:18:59.68] [ComponentService] <INFO> 正在注册： vb-transfer-conditionoption.vue文件 (ComponentService.plugin.js:249)
[14:18:59.69] [ComponentService] <INFO> 正在注册： vb-transfer-indexoption.vue文件 (ComponentService.plugin.js:249)
[14:18:59.70] [ComponentService] <INFO> 正在注册： vb-transfer-location.vue文件 (ComponentService.plugin.js:249)
[14:18:59.70] [ComponentService] <INFO> 正在注册： vb-transfer-mall.vue文件 (ComponentService.plugin.js:249)
[14:18:59.71] [ComponentService] <INFO> 正在注册： vb-transfer-physicalzone.vue文件 (ComponentService.plugin.js:249)
[14:18:59.71] [ComponentService] <INFO> 正在注册： vb-transfer-reportpage.vue文件 (ComponentService.plugin.js:249)
[14:18:59.72] [ComponentService] <INFO> 正在注册： vb-transfer-tag.vue文件 (ComponentService.plugin.js:249)
[14:18:59.74] [ComponentService] <INFO> 正在注册： vb-tree-category.vue文件 (ComponentService.plugin.js:249)
[14:18:59.75] [ComponentService] <INFO> 正在注册： vb-tree-location.vue文件 (ComponentService.plugin.js:249)
[14:18:59.76] [ComponentService] <INFO> 正在注册： vb-zonecamera-query.vue文件 (ComponentService.plugin.js:249)
[14:18:59.77] [ComponentService] <INFO> 正在注册： vd-bd-devicezone.vue文件 (ComponentService.plugin.js:249)
[14:18:59.77] [ComponentService] <INFO> 正在注册： vd-bd-fencezone.vue文件 (ComponentService.plugin.js:249)
[14:18:59.78] [ComponentService] <INFO> 正在注册： vd-bd-grid.vue文件 (ComponentService.plugin.js:249)
[14:18:59.79] [ComponentService] <INFO> 正在注册： vd-bd-loaddata.vue文件 (ComponentService.plugin.js:249)
[14:18:59.80] [ComponentService] <INFO> 正在注册： vd-bd-physicallinkeddevice.vue文件 (ComponentService.plugin.js:249)
[14:18:59.80] [ComponentService] <INFO> 正在注册： vd-bd-savedata.vue文件 (ComponentService.plugin.js:249)
[14:18:59.86] [ComponentService] <INFO> 正在注册： vx-basic-demo.vue文件 (ComponentService.plugin.js:249)
[14:18:59.89] [ComponentService] <INFO> 正在注册： vm-form-location.vue文件 (ComponentService.plugin.js:249)
[14:18:59.89] [ComponentService] <INFO> 正在注册： vm-grid-location.vue文件 (ComponentService.plugin.js:249)
[14:18:59.90] [ComponentService] <INFO> 正在注册： vm-select-company.vue文件 (ComponentService.plugin.js:249)
[14:18:59.90] [ComponentService] <INFO> 正在注册： vm-select-mall.vue文件 (ComponentService.plugin.js:249)
[14:18:59.91] [ComponentService] <INFO> 正在注册： vm-transfer-mall.vue文件 (ComponentService.plugin.js:249)
[14:18:59.92] [ComponentService] <INFO> 正在注册： vm-transfer-physicalzone.vue文件 (ComponentService.plugin.js:249)
[14:18:59.92] [ComponentService] <INFO> 正在注册： vm-transfer-reportpage.vue文件 (ComponentService.plugin.js:249)
[14:18:59.93] [ComponentService] <INFO> 正在注册： vm-tree-location.vue文件 (ComponentService.plugin.js:249)
[14:18:59.94] [ComponentService] <INFO> 正在注册： vp-footer-default.vue文件 (ComponentService.plugin.js:249)
[14:18:59.96] [ComponentService] <INFO> 正在注册： vp-header-default.vue文件 (ComponentService.plugin.js:249)
[14:18:59.99] [ComponentService] <INFO> 正在注册： vp-header-filer.vue文件 (ComponentService.plugin.js:249)
[14:19:00.02] [ComponentService] <INFO> 正在注册： vp-header-nav.vue文件 (ComponentService.plugin.js:249)
[14:19:00.03] [ComponentService] <INFO> 正在注册： vp-main-home-default.vue文件 (ComponentService.plugin.js:249)
[14:19:00.04] [ComponentService] <INFO> 正在注册： vp-main-report-default.vue文件 (ComponentService.plugin.js:249)
[14:19:00.05] [ComponentService] <INFO> 正在注册： vp-nav-homeicon.vue文件 (ComponentService.plugin.js:249)
[14:19:00.06] [ComponentService] <INFO> 正在注册： vp-page-grid.vue文件 (ComponentService.plugin.js:249)
[14:19:00.07] [ComponentService] <INFO> 正在注册： vp-widget-flowdistribution.vue文件 (ComponentService.plugin.js:249)
[14:19:00.08] [ComponentService] <INFO> 正在注册： vp-widget-flowtime.vue文件 (ComponentService.plugin.js:249)
[14:19:00.08] [ComponentService] <INFO> 正在注册： vp-widget-home-chart.vue文件 (ComponentService.plugin.js:249)
[14:19:00.10] [ComponentService] <INFO> 正在注册： vp-widget-home-data.vue文件 (ComponentService.plugin.js:249)
[14:19:00.12] [ComponentService] <INFO> 正在注册： vp-widget-home-ranking.vue文件 (ComponentService.plugin.js:249)
[14:19:00.15] [ComponentService] <INFO> 正在注册： vp-widget-report-compare.vue文件 (ComponentService.plugin.js:249)
[14:19:00.18] [ComponentService] <INFO> 正在注册： vp-widget-time-selection.vue文件 (ComponentService.plugin.js:249)
[14:19:00.23] [ComponentService] <INFO> 正在注册： vm-layout-page.vue文件 (ComponentService.plugin.js:249)
[14:19:00.25] [ComponentService] <INFO> 正在注册： vx-basic-button.vue文件 (ComponentService.plugin.js:249)
[14:19:00.26] [ComponentService] <INFO> 正在注册： vx-basic-tree.vue文件 (ComponentService.plugin.js:249)
[14:19:00.26] [ComponentService] <INFO> 正在注册： vx-container-col.vue文件 (ComponentService.plugin.js:249)
[14:19:00.27] [ComponentService] <INFO> 正在注册： vx-container-combo.vue文件 (ComponentService.plugin.js:249)
[14:19:00.29] [ComponentService] <INFO> 正在注册： vx-container-dialog.vue文件 (ComponentService.plugin.js:249)
[14:19:00.30] [ComponentService] <INFO> 正在注册： vx-container-gridster.vue文件 (ComponentService.plugin.js:249)
[14:19:00.31] [ComponentService] <INFO> 正在注册： vx-container-item.vue文件 (ComponentService.plugin.js:249)
[14:19:00.32] [ComponentService] <INFO> 正在注册： vx-container-row.vue文件 (ComponentService.plugin.js:249)
[14:19:00.32] [ComponentService] <INFO> 正在注册： vx-container-tab.vue文件 (ComponentService.plugin.js:249)
[14:19:00.33] [ComponentService] <INFO> 正在注册： vx-form-cascader.vue文件 (ComponentService.plugin.js:249)
[14:19:00.35] [ComponentService] <INFO> 正在注册： vx-form-check.vue文件 (ComponentService.plugin.js:249)
[14:19:00.37] [ComponentService] <INFO> 正在注册： vx-form-clockpicker.vue文件 (ComponentService.plugin.js:249)
[14:19:00.38] [ComponentService] <INFO> 正在注册： vx-form-daterangepicker.vue文件 (ComponentService.plugin.js:249)
[14:19:00.40] [ComponentService] <INFO> 正在注册： vx-form-datesinglepicker.vue文件 (ComponentService.plugin.js:249)
[14:19:00.42] [ComponentService] <INFO> 正在注册： vx-form-group-select.vue文件 (ComponentService.plugin.js:249)
[14:19:00.42] [ComponentService] <INFO> 正在注册： vx-form-input.vue文件 (ComponentService.plugin.js:249)
[14:19:00.43] [ComponentService] <INFO> 正在注册： vx-form-location.vue文件 (ComponentService.plugin.js:249)
[14:19:00.45] [ComponentService] <INFO> 正在注册： vx-form-number.vue文件 (ComponentService.plugin.js:249)
[14:19:00.45] [ComponentService] <INFO> 正在注册： vx-form-password.vue文件 (ComponentService.plugin.js:249)
[14:19:00.46] [ComponentService] <INFO> 正在注册： vx-form-radio.vue文件 (ComponentService.plugin.js:249)
[14:19:00.47] [ComponentService] <INFO> 正在注册： vx-form-select.vue文件 (ComponentService.plugin.js:249)
[14:19:00.48] [ComponentService] <INFO> 正在注册： vx-form-tooltip.vue文件 (ComponentService.plugin.js:249)
[14:19:00.49] [ComponentService] <INFO> 正在注册： vx-form-transfer.vue文件 (ComponentService.plugin.js:249)
[14:19:00.50] [ComponentService] <INFO> 正在注册： vx-nav-breadcrumb.vue文件 (ComponentService.plugin.js:249)
[14:19:00.51] [ComponentService] <INFO> 正在注册： vx-nav-dropmenu.vue文件 (ComponentService.plugin.js:249)
[14:19:00.52] [ComponentService] <INFO> 正在注册： vx-nav-navmenu.vue文件 (ComponentService.plugin.js:249)
[14:19:00.53] [ComponentService] <INFO> 正在注册： vx-tab-pane.vue文件 (ComponentService.plugin.js:249)
[14:19:00.54] [ComponentService] <INFO> 正在注册： vx-tabs.vue文件 (ComponentService.plugin.js:249)
[14:19:00.56] [ComponentService] <INFO> 正在注册： vx-view-baidumap.vue文件 (ComponentService.plugin.js:249)
[14:19:00.56] [ComponentService] <INFO> 正在注册： vx-view-countup.vue文件 (ComponentService.plugin.js:249)
[14:19:00.60] [ComponentService] <INFO> 正在注册： vx-view-datatable.vue文件 (ComponentService.plugin.js:249)
[14:19:00.60] [ComponentService] <INFO> 正在注册： vx-view-dialog.vue文件 (ComponentService.plugin.js:249)
[14:19:00.61] [ComponentService] <INFO> 正在注册： vx-view-echart.vue文件 (ComponentService.plugin.js:249)
[14:19:00.61] [ComponentService] <INFO> 正在注册： vx-view-govmap.vue文件 (ComponentService.plugin.js:249)
[14:19:00.62] [ComponentService] <INFO> 正在注册： vx-view-heatmap.vue文件 (ComponentService.plugin.js:249)
[14:19:00.63] [ComponentService] <INFO> 正在注册： vx-view-linescroll.vue文件 (ComponentService.plugin.js:249)
[14:19:00.64] [ComponentService] <INFO> 正在注册： vx-view-map.vue文件 (ComponentService.plugin.js:249)
[14:19:00.65] [ComponentService] <INFO> 正在注册： vx-view-pagelist.vue文件 (ComponentService.plugin.js:249)
[14:19:00.66] [ComponentService] <INFO> 正在注册： vx-view-pagesize.vue文件 (ComponentService.plugin.js:249)
[14:19:00.67] [ComponentService] <INFO> 正在注册： vd-bd-componentslist.vue文件 (ComponentService.plugin.js:249)
[14:19:00.67] [ComponentService] <INFO> 正在注册： vd-bd-datadetail.vue文件 (ComponentService.plugin.js:249)
[14:19:00.68] [ComponentService] <INFO> 正在注册： vd-bd-fencezone.vue文件 (ComponentService.plugin.js:249)
[14:19:00.69] [ComponentService] <INFO> 正在注册： vd-bd-grid.vue文件 (ComponentService.plugin.js:249)
[14:19:00.70] [ComponentService] <INFO> 正在注册： vd-bd-loaddata.vue文件 (ComponentService.plugin.js:249)
[14:19:00.71] [ComponentService] <INFO> 正在注册： vd-bd-login.vue文件 (ComponentService.plugin.js:249)
[14:19:00.71] [ComponentService] <INFO> 正在注册： vd-bd-savedata.vue文件 (ComponentService.plugin.js:249)
[14:19:00.72] [ComponentService] <INFO> 正在注册： vd-bd-servicelist.vue文件 (ComponentService.plugin.js:249)
[14:19:00.73] [ComponentService] <INFO> 正在注册： vd-company-activity.vue文件 (ComponentService.plugin.js:249)
[14:19:00.73] [ComponentService] <INFO> 正在注册： vd-company-businesstime.vue文件 (ComponentService.plugin.js:249)
[14:19:00.74] [ComponentService] <INFO> 正在注册： vd-company-company.vue文件 (ComponentService.plugin.js:249)
[14:19:00.75] [ComponentService] <INFO> 正在注册： vd-company-device.vue文件 (ComponentService.plugin.js:249)
[14:19:00.76] [ComponentService] <INFO> 正在注册： vd-company-devicezone.vue文件 (ComponentService.plugin.js:249)
[14:19:00.76] [ComponentService] <INFO> 正在注册： vd-company-holiday.vue文件 (ComponentService.plugin.js:249)
[14:19:00.77] [ComponentService] <INFO> 正在注册： vd-company-mall.vue文件 (ComponentService.plugin.js:249)
[14:19:00.78] [ComponentService] <INFO> 正在注册： vd-company-physicalzone.vue文件 (ComponentService.plugin.js:249)
[14:19:00.79] [ComponentService] <INFO> 正在注册： vd-company-tag.vue文件 (ComponentService.plugin.js:249)
[14:19:00.79] [ComponentService] <INFO> 正在注册： vd-log-mallupdate.vue文件 (ComponentService.plugin.js:249)
[14:19:00.80] [ComponentService] <INFO> 正在注册： vd-log-weather.vue文件 (ComponentService.plugin.js:249)
[14:19:00.81] [ComponentService] <INFO> 正在注册： vd-log-zoneupdate.vue文件 (ComponentService.plugin.js:249)
[14:19:00.82] [ComponentService] <INFO> 正在注册： vd-report-chartoption.vue文件 (ComponentService.plugin.js:249)
[14:19:00.83] [ComponentService] <INFO> 正在注册： vd-report-chartstyle.vue文件 (ComponentService.plugin.js:249)
[14:19:00.84] [ComponentService] <INFO> 正在注册： vd-report-conditionoption.vue文件 (ComponentService.plugin.js:249)
[14:19:00.85] [ComponentService] <INFO> 正在注册： vd-report-indexoption.vue文件 (ComponentService.plugin.js:249)
[14:19:00.86] [ComponentService] <INFO> 正在注册： vd-report-reportmenu.vue文件 (ComponentService.plugin.js:249)
[14:19:00.87] [ComponentService] <INFO> 正在注册： vd-report-reportpage.vue文件 (ComponentService.plugin.js:249)
[14:19:00.87] [ComponentService] <INFO> 正在注册： vd-report-servicelist.vue文件 (ComponentService.plugin.js:249)
[14:19:00.88] [ComponentService] <INFO> 正在注册： vd-system-category.vue文件 (ComponentService.plugin.js:249)
[14:19:00.88] [ComponentService] <INFO> 正在注册： vd-system-location.vue文件 (ComponentService.plugin.js:249)
[14:19:00.89] [ComponentService] <INFO> 正在注册： vd-system-menu.vue文件 (ComponentService.plugin.js:249)
[14:19:00.90] [ComponentService] <INFO> 正在注册： vd-system-role.vue文件 (ComponentService.plugin.js:249)
[14:19:00.91] [ComponentService] <INFO> 正在注册： vd-system-user.vue文件 (ComponentService.plugin.js:249)
[14:19:00.92] [ComponentService] <INFO> 正在注册： vd-system-usergroup.vue文件 (ComponentService.plugin.js:249)
[14:19:00.93] [ComponentService] <INFO> 正在注册： vm-form-activity.vue文件 (ComponentService.plugin.js:249)
[14:19:00.94] [ComponentService] <INFO> 正在注册： vm-form-activityplugin.vue文件 (ComponentService.plugin.js:249)
[14:19:00.94] [ComponentService] <INFO> 正在注册： vm-form-businesstime.vue文件 (ComponentService.plugin.js:249)
[14:19:00.97] [ComponentService] <INFO> 正在注册： vm-form-businesstimeplugin.vue文件 (ComponentService.plugin.js:249)
[14:19:00.97] [ComponentService] <INFO> 正在注册： vm-form-holiday.vue文件 (ComponentService.plugin.js:249)
[14:19:00.99] [ComponentService] <INFO> 正在注册： vm-form-mall.vue文件 (ComponentService.plugin.js:249)
[14:19:00.100] [ComponentService] <INFO> 正在注册： vm-form-mallupdate.vue文件 (ComponentService.plugin.js:249)
[14:19:01.01] [ComponentService] <INFO> 正在注册： vm-form-tag.vue文件 (ComponentService.plugin.js:249)
[14:19:01.02] [ComponentService] <INFO> 正在注册： vm-form-weather.vue文件 (ComponentService.plugin.js:249)
[14:19:01.03] [ComponentService] <INFO> 正在注册： vm-form-zoneupdate.vue文件 (ComponentService.plugin.js:249)
[14:19:01.04] [ComponentService] <INFO> 正在注册： vm-grid-activity.vue文件 (ComponentService.plugin.js:249)
[14:19:01.05] [ComponentService] <INFO> 正在注册： vm-grid-businesstime.vue文件 (ComponentService.plugin.js:249)
[14:19:01.06] [ComponentService] <INFO> 正在注册： vm-grid-historicalcount.vue文件 (ComponentService.plugin.js:249)
[14:19:01.08] [ComponentService] <INFO> 正在注册： vm-grid-historicaldwell.vue文件 (ComponentService.plugin.js:249)
[14:19:01.09] [ComponentService] <INFO> 正在注册： vm-grid-historicalfitting.vue文件 (ComponentService.plugin.js:249)
[14:19:01.09] [ComponentService] <INFO> 正在注册： vm-grid-historicalpassby.vue文件 (ComponentService.plugin.js:249)
[14:19:01.10] [ComponentService] <INFO> 正在注册： vm-grid-historicalsummary.vue文件 (ComponentService.plugin.js:249)
[14:19:01.10] [ComponentService] <INFO> 正在注册： vm-grid-holiday.vue文件 (ComponentService.plugin.js:249)
[14:19:01.11] [ComponentService] <INFO> 正在注册： vm-grid-mall.vue文件 (ComponentService.plugin.js:249)
[14:19:01.11] [ComponentService] <INFO> 正在注册： vm-grid-tag.vue文件 (ComponentService.plugin.js:249)
[14:19:01.13] [ComponentService] <INFO> 正在注册： vm-grid-weather.vue文件 (ComponentService.plugin.js:249)
[14:19:01.14] [ComponentService] <INFO> 正在注册： vm-manager-dataadjustment.vue文件 (ComponentService.plugin.js:249)
[14:19:01.15] [ComponentService] <INFO> 正在注册： vm-manager-datarecovery.vue文件 (ComponentService.plugin.js:249)
[14:19:01.16] [ComponentService] <INFO> 正在注册： vm-manager-datasummary.vue文件 (ComponentService.plugin.js:249)
[14:19:01.18] [ComponentService] <INFO> 正在注册： vm-manager-salesDataMaintenance.vue文件 (ComponentService.plugin.js:249)
[14:19:01.19] [ComponentService] <INFO> 正在注册： vm-report-times.vue文件 (ComponentService.plugin.js:249)
[14:19:01.20] [ComponentService] <INFO> 正在注册： vm-select-devicecode.vue文件 (ComponentService.plugin.js:249)
[14:19:01.21] [ComponentService] <INFO> 正在注册： vm-transfer-tag.vue文件 (ComponentService.plugin.js:249)
[14:19:01.22] [ComponentService] <INFO> 正在注册： vm-form-device.vue文件 (ComponentService.plugin.js:249)
[14:19:01.24] [ComponentService] <INFO> 正在注册： vm-form-devicezone.vue文件 (ComponentService.plugin.js:249)
[14:19:01.25] [ComponentService] <INFO> 正在注册： vm-form-subsetzone.vue文件 (ComponentService.plugin.js:249)
[14:19:01.26] [ComponentService] <INFO> 正在注册： vm-grid-device.vue文件 (ComponentService.plugin.js:249)
[14:19:01.27] [ComponentService] <INFO> 正在注册： vm-grid-devicezone.vue文件 (ComponentService.plugin.js:249)
[14:19:01.27] [ComponentService] <INFO> 正在注册： vm-subset-devicezone.vue文件 (ComponentService.plugin.js:249)
[14:19:01.29] [ComponentService] <INFO> 正在注册： vb-layout-content.vue文件 (ComponentService.plugin.js:249)
[14:19:01.29] [ComponentService] <INFO> 正在注册： vb-layout-footer.vue文件 (ComponentService.plugin.js:249)
[14:19:01.33] [ComponentService] <INFO> 正在注册： vb-layout-header.vue文件 (ComponentService.plugin.js:249)
[14:19:01.34] [ComponentService] <INFO> 正在注册： vb-layout-main.vue文件 (ComponentService.plugin.js:249)
[14:19:01.36] [ComponentService] <INFO> 正在注册： vb-layout-pageheader.vue文件 (ComponentService.plugin.js:249)
[14:19:01.37] [ComponentService] <INFO> 正在注册： vb-layout-right.vue文件 (ComponentService.plugin.js:249)
[14:19:01.37] [ComponentService] <INFO> 正在注册： vb-layout-sidemenu.vue文件 (ComponentService.plugin.js:249)
[14:19:01.38] [ComponentService] <INFO> 正在注册： vb-nav-breadcrumb.vue文件 (ComponentService.plugin.js:249)
[14:19:01.39] [ComponentService] <INFO> 正在注册： vb-nav-menu.vue文件 (ComponentService.plugin.js:249)
[14:19:01.40] [ComponentService] <INFO> 正在注册： vp-footer-default.vue文件 (ComponentService.plugin.js:249)
[14:19:01.42] [ComponentService] <INFO> 正在注册： vp-header-default.vue文件 (ComponentService.plugin.js:249)
[14:19:01.45] [ComponentService] <INFO> 正在注册： vp-header-filer.vue文件 (ComponentService.plugin.js:249)
[14:19:01.47] [ComponentService] <INFO> 正在注册： vp-header-nav.vue文件 (ComponentService.plugin.js:249)
[14:19:01.48] [ComponentService] <INFO> 正在注册： vp-main-home-default.vue文件 (ComponentService.plugin.js:249)
[14:19:01.52] [ComponentService] <INFO> 正在注册： vp-main-report-default.vue文件 (ComponentService.plugin.js:249)
[14:19:01.53] [ComponentService] <INFO> 正在注册： vp-nav-homeicon.vue文件 (ComponentService.plugin.js:249)
[14:19:01.54] [ComponentService] <INFO> 正在注册： vp-page-grid.vue文件 (ComponentService.plugin.js:249)
[14:19:01.55] [ComponentService] <INFO> 正在注册： vp-widget-flowdistribution.vue文件 (ComponentService.plugin.js:249)
[14:19:01.56] [ComponentService] <INFO> 正在注册： vp-widget-flowtime.vue文件 (ComponentService.plugin.js:249)
[14:19:01.57] [ComponentService] <INFO> 正在注册： vp-widget-home-chart.vue文件 (ComponentService.plugin.js:249)
[14:19:01.59] [ComponentService] <INFO> 正在注册： vp-widget-home-data.vue文件 (ComponentService.plugin.js:249)
[14:19:01.61] [ComponentService] <INFO> 正在注册： vp-widget-home-ranking.vue文件 (ComponentService.plugin.js:249)
[14:19:01.64] [ComponentService] <INFO> 正在注册： vp-widget-report-compare.vue文件 (ComponentService.plugin.js:249)
[14:19:01.66] [ComponentService] <INFO> 正在注册： vp-widget-time-selection.vue文件 (ComponentService.plugin.js:249)
[14:19:01.67] [ComponentService] <INFO> 正在注册： vm-form-category.vue文件 (ComponentService.plugin.js:249)
[14:19:01.68] [ComponentService] <INFO> 正在注册： vm-form-componentslist.vue文件 (ComponentService.plugin.js:249)
[14:19:01.69] [ComponentService] <INFO> 正在注册： vm-form-menu.vue文件 (ComponentService.plugin.js:249)
[14:19:01.69] [ComponentService] <INFO> 正在注册： vm-form-menuplugin.vue文件 (ComponentService.plugin.js:249)
[14:19:01.70] [ComponentService] <INFO> 正在注册： vm-form-role.vue文件 (ComponentService.plugin.js:249)
[14:19:01.71] [ComponentService] <INFO> 正在注册： vm-form-roleplugin.vue文件 (ComponentService.plugin.js:249)
[14:19:01.72] [ComponentService] <INFO> 正在注册： vm-form-servicelist.vue文件 (ComponentService.plugin.js:249)
[14:19:01.72] [ComponentService] <INFO> 正在注册： vm-form-user.vue文件 (ComponentService.plugin.js:249)
[14:19:01.73] [ComponentService] <INFO> 正在注册： vm-form-usergroup.vue文件 (ComponentService.plugin.js:249)
[14:19:01.74] [ComponentService] <INFO> 正在注册： vm-form-usergroupplugin.vue文件 (ComponentService.plugin.js:249)
[14:19:01.74] [ComponentService] <INFO> 正在注册： vm-form-usergroupreportpage.vue文件 (ComponentService.plugin.js:249)
[14:19:01.75] [ComponentService] <INFO> 正在注册： vm-form-usergroupzone.vue文件 (ComponentService.plugin.js:249)
[14:19:01.76] [ComponentService] <INFO> 正在注册： vm-form-userplugin.vue文件 (ComponentService.plugin.js:249)
[14:19:01.76] [ComponentService] <INFO> 正在注册： vm-grid-category.vue文件 (ComponentService.plugin.js:249)
[14:19:01.77] [ComponentService] <INFO> 正在注册： vm-grid-componentslist.vue文件 (ComponentService.plugin.js:249)
[14:19:01.77] [ComponentService] <INFO> 正在注册： vm-grid-menu.vue文件 (ComponentService.plugin.js:249)
[14:19:01.78] [ComponentService] <INFO> 正在注册： vm-grid-role.vue文件 (ComponentService.plugin.js:249)
[14:19:01.79] [ComponentService] <INFO> 正在注册： vm-grid-servicelist.vue文件 (ComponentService.plugin.js:249)
[14:19:01.79] [ComponentService] <INFO> 正在注册： vm-grid-user.vue文件 (ComponentService.plugin.js:249)
[14:19:01.80] [ComponentService] <INFO> 正在注册： vm-grid-usergroup.vue文件 (ComponentService.plugin.js:249)
[14:19:01.80] [ComponentService] <INFO> 正在注册： vm-nav-menu.vue文件 (ComponentService.plugin.js:249)
[14:19:01.81] [ComponentService] <INFO> 正在注册： vm-select-role.vue文件 (ComponentService.plugin.js:249)
[14:19:01.82] [ComponentService] <INFO> 正在注册： vm-select-usergroup.vue文件 (ComponentService.plugin.js:249)
[14:19:01.82] [ComponentService] <INFO> 正在注册： vm-tree-category.vue文件 (ComponentService.plugin.js:249)
[14:19:01.83] [ComponentService] <INFO> 正在注册： vm-tree-menu.vue文件 (ComponentService.plugin.js:249)
[14:19:01.84] [ComponentService] <INFO> 正在注册： vm-tree-role.vue文件 (ComponentService.plugin.js:249)
[14:19:02.12] [ComponentService] <INFO> 正在注册： vx-form-tooltip.vue文件 (ComponentService.plugin.js:249)
[14:19:11.54] [ComponentService] <INFO> 正在注册： vx-form-tooltip.vue文件 (ComponentService.plugin.js:249)
[14:19:34.28] [ComponentService] <INFO> 正在注册： vx-form-tooltip.vue文件 (ComponentService.plugin.js:249)
[14:20:20.28] [ComponentService] <INFO> 正在注册： vx-form-tooltip.vue文件 (ComponentService.plugin.js:249)
[14:20:27.31] [ComponentService] <INFO> 正在注册： vx-form-tooltip.vue文件 (ComponentService.plugin.js:249)
[14:22:30.15] [ComponentService] <INFO> 正在注册： vx-form-tooltip.vue文件 (ComponentService.plugin.js:249)
[14:22:34.76] [ComponentService] <INFO> 正在注册： vx-form-tooltip.vue文件 (ComponentService.plugin.js:249)
[14:22:43.58] [ComponentService] <INFO> 正在注册： vx-form-tooltip.vue文件 (ComponentService.plugin.js:249)
[14:22:59.01] [ComponentService] <INFO> 正在注册： vx-form-tooltip.vue文件 (ComponentService.plugin.js:249)
[14:23:09.44] [ComponentService] <INFO> 正在注册： vx-form-tooltip.vue文件 (ComponentService.plugin.js:249)
[14:23:18.04] [ComponentService] <INFO> 正在注册： vx-form-tooltip.vue文件 (ComponentService.plugin.js:249)
[14:23:37.68] [ComponentService] <INFO> 正在注册： vx-form-tooltip.vue文件 (ComponentService.plugin.js:249)
[14:23:41.49] [ComponentService] <INFO> 正在注册： vx-form-tooltip.vue文件 (ComponentService.plugin.js:249)
[14:23:52.29] [ComponentService] <INFO> 正在注册： vx-form-tooltip.vue文件 (ComponentService.plugin.js:249)
[14:24:08.91] [ComponentService] <INFO> 正在注册： vx-form-tooltip.vue文件 (ComponentService.plugin.js:249)
[14:25:04.48] [ComponentService] <INFO> 正在注册： vx-form-tooltip.vue文件 (ComponentService.plugin.js:249)
[14:25:10.50] [ComponentService] <INFO> 正在注册： vx-form-tooltip.vue文件 (ComponentService.plugin.js:249)
[14:25:12.10] [ComponentService] <INFO> 正在注册： vx-form-tooltip.vue文件 (ComponentService.plugin.js:249)
[14:25:14.90] [ComponentService] <INFO> 正在注册： vx-form-tooltip.vue文件 (ComponentService.plugin.js:249)
[14:25:34.51] [ComponentService] <INFO> 正在注册： vx-form-tooltip.vue文件 (ComponentService.plugin.js:249)
[14:25:49.94] [ComponentService] <INFO> 正在注册： vx-form-tooltip.vue文件 (ComponentService.plugin.js:249)
[14:25:54.54] [ComponentService] <INFO> 正在注册： vx-form-tooltip.vue文件 (ComponentService.plugin.js:249)
[14:25:58.75] [ComponentService] <INFO> 正在注册： vx-form-tooltip.vue文件 (ComponentService.plugin.js:249)
[14:26:02.76] [ComponentService] <INFO> 正在注册： vx-form-tooltip.vue文件 (ComponentService.plugin.js:249)
[14:26:03.55] [ComponentService] <INFO> 正在注册： vx-form-tooltip.vue文件 (ComponentService.plugin.js:249)
[14:26:11.96] [ComponentService] <INFO> 正在注册： vx-form-tooltip.vue文件 (ComponentService.plugin.js:249)
[14:26:13.37] [ComponentService] <INFO> 正在注册： vx-form-tooltip.vue文件 (ComponentService.plugin.js:249)
[14:26:22.62] [ComponentService] <INFO> 正在注册： vx-form-tooltip.vue文件 (ComponentService.plugin.js:249)
[14:27:00.24] [ComponentService] <INFO> 正在注册： vx-form-tooltip.vue文件 (ComponentService.plugin.js:249)
[14:27:52.68] [ComponentService] <INFO> 正在注册： vx-form-tooltip.vue文件 (ComponentService.plugin.js:249)
[14:28:54.52] [ComponentService] <INFO> 正在注册： vx-form-tooltip.vue文件 (ComponentService.plugin.js:249)
[14:29:08.13] [ComponentService] <INFO> 正在注册： vx-form-tooltip.vue文件 (ComponentService.plugin.js:249)
[14:29:14.54] [ComponentService] <INFO> 正在注册： vx-form-tooltip.vue文件 (ComponentService.plugin.js:249)
[14:29:19.34] [ComponentService] <INFO> 正在注册： vx-form-tooltip.vue文件 (ComponentService.plugin.js:249)
[14:30:39.02] [ComponentService] <INFO> 正在注册： vx-form-tooltip.vue文件 (ComponentService.plugin.js:249)
[14:30:49.22] [ComponentService] <INFO> 正在注册： vx-form-tooltip.vue文件 (ComponentService.plugin.js:249)
[14:31:14.85] [ComponentService] <INFO> 正在注册： vx-form-tooltip.vue文件 (ComponentService.plugin.js:249)
[14:31:15.64] [ComponentService] <INFO> 正在注册： vx-form-tooltip.vue文件 (ComponentService.plugin.js:249)
[14:31:19.25] [ComponentService] <INFO> 正在注册： vx-form-tooltip.vue文件 (ComponentService.plugin.js:249)
[14:31:43.66] [ComponentService] <INFO> 正在注册： vx-form-tooltip.vue文件 (ComponentService.plugin.js:249)
[14:31:55.08] [ComponentService] <INFO> 正在注册： vx-form-tooltip.vue文件 (ComponentService.plugin.js:249)
[14:32:11.50] [ComponentService] <INFO> 正在注册： vx-form-tooltip.vue文件 (ComponentService.plugin.js:249)
[14:32:13.32] [ComponentService] <INFO> 正在注册： vx-form-tooltip.vue文件 (ComponentService.plugin.js:249)
[14:32:17.51] [ComponentService] <INFO> 正在注册： vx-form-tooltip.vue文件 (ComponentService.plugin.js:249)
[14:32:17.72] [ComponentService] <INFO> 正在注册： vx-form-tooltip.vue文件 (ComponentService.plugin.js:249)
[14:32:18.12] [ComponentService] <INFO> 正在注册： vx-form-tooltip.vue文件 (ComponentService.plugin.js:249)
[14:32:25.16] [ComponentService] <INFO> 正在注册： vx-form-tooltip.vue文件 (ComponentService.plugin.js:249)
[14:32:28.79] [ComponentService] <INFO> 正在注册： vx-form-tooltip.vue文件 (ComponentService.plugin.js:249)
[14:32:28.97] [ComponentService] <INFO> 正在注册： vx-form-tooltip.vue文件 (ComponentService.plugin.js:249)
[14:32:29.17] [ComponentService] <INFO> 正在注册： vx-form-tooltip.vue文件 (ComponentService.plugin.js:249)
[14:32:32.89] [ComponentService] <INFO> 正在注册： vm-form-menu.vue文件 (ComponentService.plugin.js:249)
[14:32:33.11] [ComponentService] <INFO> 正在注册： vm-form-menu.vue文件 (ComponentService.plugin.js:249)
[14:32:33.30] [ComponentService] <INFO> 正在注册： vm-form-menu.vue文件 (ComponentService.plugin.js:249)
[14:32:34.10] [ComponentService] <INFO> 正在注册： vm-form-menu.vue文件 (ComponentService.plugin.js:249)
[14:34:13.47] [ComponentService] <INFO> 正在注册： vx-form-tooltip.vue文件 (ComponentService.plugin.js:249)
[14:34:35.48] [ComponentService] <INFO> 正在注册： vx-form-tooltip.vue文件 (ComponentService.plugin.js:249)
[14:34:37.28] [ComponentService] <INFO> 正在注册： vx-form-tooltip.vue文件 (ComponentService.plugin.js:249)
[14:34:39.48] [ComponentService] <INFO> 正在注册： vx-form-tooltip.vue文件 (ComponentService.plugin.js:249)
[14:34:42.08] [ComponentService] <INFO> 正在注册： vx-form-tooltip.vue文件 (ComponentService.plugin.js:249)
[14:34:42.28] [ComponentService] <INFO> 正在注册： vx-form-tooltip.vue文件 (ComponentService.plugin.js:249)
[14:34:42.48] [ComponentService] <INFO> 正在注册： vx-form-tooltip.vue文件 (ComponentService.plugin.js:249)
[14:34:46.70] [ComponentService] <INFO> 正在注册： vm-form-menu.vue文件 (ComponentService.plugin.js:249)
[14:34:46.90] [ComponentService] <INFO> 正在注册： vm-form-menu.vue文件 (ComponentService.plugin.js:249)
[14:34:50.89] [ComponentService] <INFO> 正在注册： vx-form-tooltip.vue文件 (ComponentService.plugin.js:249)
[14:34:59.50] [ComponentService] <INFO> 正在注册： vx-form-tooltip.vue文件 (ComponentService.plugin.js:249)
[14:34:59.71] [ComponentService] <INFO> 正在注册： vx-form-tooltip.vue文件 (ComponentService.plugin.js:249)
[14:35:02.52] [ComponentService] <INFO> 正在注册： vx-form-tooltip.vue文件 (ComponentService.plugin.js:249)
[14:35:02.72] [ComponentService] <INFO> 正在注册： vx-form-tooltip.vue文件 (ComponentService.plugin.js:249)
[14:35:17.14] [ComponentService] <INFO> 正在注册： vx-form-tooltip.vue文件 (ComponentService.plugin.js:249)
[14:35:19.15] [ComponentService] <INFO> 正在注册： vx-form-tooltip.vue文件 (ComponentService.plugin.js:249)
[14:35:31.56] [ComponentService] <INFO> 正在注册： vm-form-menu.vue文件 (ComponentService.plugin.js:249)
[14:35:53.22] [ComponentService] <INFO> 正在注册： vm-form-menu.vue文件 (ComponentService.plugin.js:249)
[14:36:44.71] [ComponentService] <INFO> 正在注册： vx-form-tooltip.vue文件 (ComponentService.plugin.js:249)
[14:37:43.04] [ComponentService] <INFO> 正在注册： vx-form-tooltip.vue文件 (ComponentService.plugin.js:249)
[14:37:55.28] [ComponentService] <INFO> 正在注册： vx-form-tooltip.vue文件 (ComponentService.plugin.js:249)
[14:38:09.33] [ComponentService] <INFO> 正在注册： vx-form-tooltip.vue文件 (ComponentService.plugin.js:249)
[14:38:19.94] [ComponentService] <INFO> 正在注册： vx-form-tooltip.vue文件 (ComponentService.plugin.js:249)
[14:38:28.35] [ComponentService] <INFO> 正在注册： vx-form-tooltip.vue文件 (ComponentService.plugin.js:249)
[14:38:32.56] [ComponentService] <INFO> 正在注册： vx-form-tooltip.vue文件 (ComponentService.plugin.js:249)
[14:38:43.58] [ComponentService] <INFO> 正在注册： vx-form-tooltip.vue文件 (ComponentService.plugin.js:249)
[14:38:56.01] [ComponentService] <INFO> 正在注册： vx-form-tooltip.vue文件 (ComponentService.plugin.js:249)
[14:39:01.82] [ComponentService] <INFO> 正在注册： vx-form-tooltip.vue文件 (ComponentService.plugin.js:249)
[14:39:13.24] [ComponentService] <INFO> 正在注册： vx-form-tooltip.vue文件 (ComponentService.plugin.js:249)
[14:39:20.66] [ComponentService] <INFO> 正在注册： vx-form-tooltip.vue文件 (ComponentService.plugin.js:249)
[14:39:21.66] [ComponentService] <INFO> 正在注册： vx-form-tooltip.vue文件 (ComponentService.plugin.js:249)
[14:39:32.50] [ComponentService] <INFO> 正在注册： vx-form-tooltip.vue文件 (ComponentService.plugin.js:249)
[14:39:41.52] [ComponentService] <INFO> 正在注册： vx-form-tooltip.vue文件 (ComponentService.plugin.js:249)
[14:48:23.23] [ComponentService] <INFO> 正在注册： vx-form-tooltip.vue文件 (ComponentService.plugin.js:249)
[14:48:25.43] [ComponentService] <INFO> 正在注册： vx-form-tooltip.vue文件 (ComponentService.plugin.js:249)
[14:48:28.03] [ComponentService] <INFO> 正在注册： vx-form-tooltip.vue文件 (ComponentService.plugin.js:249)
[14:48:30.23] [ComponentService] <INFO> 正在注册： vx-form-tooltip.vue文件 (ComponentService.plugin.js:249)
[14:48:37.03] [ComponentService] <INFO> 正在注册： vx-form-tooltip.vue文件 (ComponentService.plugin.js:249)
[14:48:41.24] [ComponentService] <INFO> 正在注册： vx-form-tooltip.vue文件 (ComponentService.plugin.js:249)
[14:48:56.53] [ComponentService] <INFO> 正在注册： vx-form-tooltip.vue文件 (ComponentService.plugin.js:249)
[14:49:06.16] [ComponentService] <INFO> 正在注册： vx-form-tooltip.vue文件 (ComponentService.plugin.js:249)
[14:49:15.84] [ComponentService] <INFO> 正在注册： vx-form-tooltip.vue文件 (ComponentService.plugin.js:249)
[14:49:28.88] [ComponentService] <INFO> 正在注册： vx-form-tooltip.vue文件 (ComponentService.plugin.js:249)
[14:49:37.48] [ComponentService] <INFO> 正在注册： vx-form-tooltip.vue文件 (ComponentService.plugin.js:249)
[14:49:46.12] [ComponentService] <INFO> 正在注册： vx-form-tooltip.vue文件 (ComponentService.plugin.js:249)
[14:49:48.33] [ComponentService] <INFO> 正在注册： vx-form-tooltip.vue文件 (ComponentService.plugin.js:249)
[14:53:42.65] [ComponentService] <INFO> 正在注册： vx-form-tooltip.vue文件 (ComponentService.plugin.js:249)
[14:53:43.02] [ComponentService] <INFO> 正在注册： vx-form-tooltip.vue文件 (ComponentService.plugin.js:249)
[14:54:24.08] [ComponentService] <INFO> 正在注册： vx-form-tooltip.vue文件 (ComponentService.plugin.js:249)
[14:54:31.71] [ComponentService] <INFO> 正在注册： vx-form-tooltip.vue文件 (ComponentService.plugin.js:249)
[14:54:31.89] [ComponentService] <INFO> 正在注册： vx-form-tooltip.vue文件 (ComponentService.plugin.js:249)
[14:54:32.09] [ComponentService] <INFO> 正在注册： vx-form-tooltip.vue文件 (ComponentService.plugin.js:249)
[14:54:36.49] [ComponentService] <INFO> 正在注册： vx-form-tooltip.vue文件 (ComponentService.plugin.js:249)
[14:55:10.72] [ComponentService] <INFO> 正在注册： vx-form-tooltip.vue文件 (ComponentService.plugin.js:249)
[14:55:18.73] [ComponentService] <INFO> 正在注册： vx-form-tooltip.vue文件 (ComponentService.plugin.js:249)
