[17:53:33.02] [ComponentService] <INFO> 正在加载： vx-basic-demo.vue文件 (ComponentService.plugin.js:54)
[17:53:33.10] [ComponentService] <INFO> 正在加载： vb-bd-cloumn.vue文件 (ComponentService.plugin.js:54)
[17:53:33.11] [ComponentService] <INFO> 正在加载： vb-bd-online.vue文件 (ComponentService.plugin.js:54)
[17:53:33.12] [ComponentService] <INFO> 正在加载： vb-bd-onlineuser.vue文件 (ComponentService.plugin.js:54)
[17:53:33.12] [ComponentService] <INFO> 正在加载： vb-bd-physicallinkeddevice.vue文件 (ComponentService.plugin.js:54)
[17:53:33.13] [ComponentService] <INFO> 正在加载： vb-bd-physicalunlinkeddevice.vue文件 (ComponentService.plugin.js:54)
[17:53:33.13] [ComponentService] <INFO> 正在加载： vb-bd-report.vue文件 (ComponentService.plugin.js:54)
[17:53:33.14] [ComponentService] <INFO> 正在加载： vb-bd-table.vue文件 (ComponentService.plugin.js:54)
[18:00:54.93] [ComponentService] <INFO> 正在加载： vx-basic-demo.vue文件 (ComponentService.plugin.js:54)
[18:00:54.95] [ComponentService] <INFO> 正在加载： vb-bd-cloumn.vue文件 (ComponentService.plugin.js:54)
[18:00:54.95] [ComponentService] <INFO> 正在加载： vb-bd-online.vue文件 (ComponentService.plugin.js:54)
[18:00:54.95] [ComponentService] <INFO> 正在加载： vb-bd-onlineuser.vue文件 (ComponentService.plugin.js:54)
[18:00:54.96] [ComponentService] <INFO> 正在加载： vb-bd-physicallinkeddevice.vue文件 (ComponentService.plugin.js:54)
[18:00:54.97] [ComponentService] <INFO> 正在加载： vb-bd-physicalunlinkeddevice.vue文件 (ComponentService.plugin.js:54)
[18:00:54.97] [ComponentService] <INFO> 正在加载： vb-bd-report.vue文件 (ComponentService.plugin.js:54)
[18:00:54.97] [ComponentService] <INFO> 正在加载： vb-bd-table.vue文件 (ComponentService.plugin.js:54)
[18:00:59.92] [ComponentService] <INFO> 正在加载： vx-basic-demo.vue文件 (ComponentService.plugin.js:54)
[18:00:59.93] [ComponentService] <INFO> 正在加载： vb-bd-cloumn.vue文件 (ComponentService.plugin.js:54)
[18:00:59.94] [ComponentService] <INFO> 正在加载： vb-bd-online.vue文件 (ComponentService.plugin.js:54)
[18:00:59.95] [ComponentService] <INFO> 正在加载： vb-bd-onlineuser.vue文件 (ComponentService.plugin.js:54)
[18:00:59.95] [ComponentService] <INFO> 正在加载： vb-bd-physicallinkeddevice.vue文件 (ComponentService.plugin.js:54)
[18:00:59.96] [ComponentService] <INFO> 正在加载： vb-bd-physicalunlinkeddevice.vue文件 (ComponentService.plugin.js:54)
[18:00:59.97] [ComponentService] <INFO> 正在加载： vb-bd-report.vue文件 (ComponentService.plugin.js:54)
[18:00:59.97] [ComponentService] <INFO> 正在加载： vb-bd-table.vue文件 (ComponentService.plugin.js:54)
[18:01:04.92] [ComponentService] <INFO> 正在加载： vx-basic-demo.vue文件 (ComponentService.plugin.js:54)
[18:01:04.93] [ComponentService] <INFO> 正在加载： vb-bd-cloumn.vue文件 (ComponentService.plugin.js:54)
[18:01:04.93] [ComponentService] <INFO> 正在加载： vb-bd-online.vue文件 (ComponentService.plugin.js:54)
[18:01:04.94] [ComponentService] <INFO> 正在加载： vb-bd-onlineuser.vue文件 (ComponentService.plugin.js:54)
[18:01:04.94] [ComponentService] <INFO> 正在加载： vb-bd-physicallinkeddevice.vue文件 (ComponentService.plugin.js:54)
[18:01:04.95] [ComponentService] <INFO> 正在加载： vb-bd-physicalunlinkeddevice.vue文件 (ComponentService.plugin.js:54)
[18:01:04.95] [ComponentService] <INFO> 正在加载： vb-bd-report.vue文件 (ComponentService.plugin.js:54)
[18:01:04.95] [ComponentService] <INFO> 正在加载： vb-bd-table.vue文件 (ComponentService.plugin.js:54)
