[09:48:45.51] [ComponentService] <INFO> 正在注册： vb-cascader-city.vue文件 (ComponentService.plugin.js:249)
[09:48:45.53] [ComponentService] <INFO> 正在注册： vb-form-activity.vue文件 (ComponentService.plugin.js:249)
[09:48:45.54] [ComponentService] <INFO> 正在注册： vb-form-businesstime.vue文件 (ComponentService.plugin.js:249)
[09:48:45.55] [ComponentService] <INFO> 正在注册： vb-form-businesstimeplugin.vue文件 (ComponentService.plugin.js:249)
[09:48:45.56] [ComponentService] <INFO> 正在注册： vb-form-chartoption.vue文件 (ComponentService.plugin.js:249)
[09:48:45.58] [ComponentService] <INFO> 正在注册： vb-form-chartstyle.vue文件 (ComponentService.plugin.js:249)
[09:48:45.61] [ComponentService] <INFO> 正在注册： vb-form-company.vue文件 (ComponentService.plugin.js:249)
[09:48:45.62] [ComponentService] <INFO> 正在注册： vb-form-conditionoption.vue文件 (ComponentService.plugin.js:249)
[09:48:45.63] [ComponentService] <INFO> 正在注册： vb-form-fencezone.vue文件 (ComponentService.plugin.js:249)
[09:48:45.64] [ComponentService] <INFO> 正在注册： vb-form-holiday.vue文件 (ComponentService.plugin.js:249)
[09:48:45.65] [ComponentService] <INFO> 正在注册： vb-form-indexoption.vue文件 (ComponentService.plugin.js:249)
[09:48:45.68] [ComponentService] <INFO> 正在注册： vb-form-location.vue文件 (ComponentService.plugin.js:249)
[09:48:45.69] [ComponentService] <INFO> 正在注册： vb-form-mall.vue文件 (ComponentService.plugin.js:249)
[09:48:45.70] [ComponentService] <INFO> 正在注册： vb-form-physicalzone.vue文件 (ComponentService.plugin.js:249)
[09:48:45.73] [ComponentService] <INFO> 正在注册： vb-form-reportmenu.vue文件 (ComponentService.plugin.js:249)
[09:48:45.74] [ComponentService] <INFO> 正在注册： vb-form-reportpage.vue文件 (ComponentService.plugin.js:249)
[09:48:45.75] [ComponentService] <INFO> 正在注册： vb-form-tag.vue文件 (ComponentService.plugin.js:249)
[09:48:45.76] [ComponentService] <INFO> 正在注册： vb-form-transfer-mall.vue文件 (ComponentService.plugin.js:249)
[09:48:45.76] [ComponentService] <INFO> 正在注册： vb-form-weather.vue文件 (ComponentService.plugin.js:249)
[09:48:45.78] [ComponentService] <INFO> 正在注册： vb-grid-activity.vue文件 (ComponentService.plugin.js:249)
[09:48:45.79] [ComponentService] <INFO> 正在注册： vb-grid-businesstime.vue文件 (ComponentService.plugin.js:249)
[09:48:45.80] [ComponentService] <INFO> 正在注册： vb-grid-chartoption.vue文件 (ComponentService.plugin.js:249)
[09:48:45.81] [ComponentService] <INFO> 正在注册： vb-grid-chartstyle.vue文件 (ComponentService.plugin.js:249)
[09:48:45.82] [ComponentService] <INFO> 正在注册： vb-grid-company.vue文件 (ComponentService.plugin.js:249)
[09:48:45.84] [ComponentService] <INFO> 正在注册： vb-grid-conditionoption.vue文件 (ComponentService.plugin.js:249)
[09:48:45.84] [ComponentService] <INFO> 正在注册： vb-grid-fencezone.vue文件 (ComponentService.plugin.js:249)
[09:48:45.85] [ComponentService] <INFO> 正在注册： vb-grid-holiday.vue文件 (ComponentService.plugin.js:249)
[09:48:45.86] [ComponentService] <INFO> 正在注册： vb-grid-indexoption.vue文件 (ComponentService.plugin.js:249)
[09:48:45.87] [ComponentService] <INFO> 正在注册： vb-grid-location.vue文件 (ComponentService.plugin.js:249)
[09:48:45.88] [ComponentService] <INFO> 正在注册： vb-grid-mall.vue文件 (ComponentService.plugin.js:249)
[09:48:45.89] [ComponentService] <INFO> 正在注册： vb-grid-physicalzone.vue文件 (ComponentService.plugin.js:249)
[09:48:45.89] [ComponentService] <INFO> 正在注册： vb-grid-reportmenu.vue文件 (ComponentService.plugin.js:249)
[09:48:45.90] [ComponentService] <INFO> 正在注册： vb-grid-reportpage.vue文件 (ComponentService.plugin.js:249)
[09:48:45.91] [ComponentService] <INFO> 正在注册： vb-grid-role.vue文件 (ComponentService.plugin.js:249)
[09:48:45.92] [ComponentService] <INFO> 正在注册： vb-grid-tag.vue文件 (ComponentService.plugin.js:249)
[09:48:45.92] [ComponentService] <INFO> 正在注册： vb-grid-user.vue文件 (ComponentService.plugin.js:249)
[09:48:45.93] [ComponentService] <INFO> 正在注册： vb-grid-weather.vue文件 (ComponentService.plugin.js:249)
[09:48:45.94] [ComponentService] <INFO> 正在注册： vb-log-malllog.vue文件 (ComponentService.plugin.js:249)
[09:48:45.94] [ComponentService] <INFO> 正在注册： vb-log-mallupdate.vue文件 (ComponentService.plugin.js:249)
[09:48:45.96] [ComponentService] <INFO> 正在注册： vb-log-zonelog.vue文件 (ComponentService.plugin.js:249)
[09:48:45.96] [ComponentService] <INFO> 正在注册： vb-log-zoneupdate.vue文件 (ComponentService.plugin.js:249)
[09:48:45.97] [ComponentService] <INFO> 正在注册： vb-page-activity.vue文件 (ComponentService.plugin.js:249)
[09:48:45.98] [ComponentService] <INFO> 正在注册： vb-page-businesstime.vue文件 (ComponentService.plugin.js:249)
[09:48:45.98] [ComponentService] <INFO> 正在注册： vb-page-chartoption.vue文件 (ComponentService.plugin.js:249)
[09:48:45.99] [ComponentService] <INFO> 正在注册： vb-page-chartstyle.vue文件 (ComponentService.plugin.js:249)
[09:48:46.00] [ComponentService] <INFO> 正在注册： vb-page-company.vue文件 (ComponentService.plugin.js:249)
[09:48:46.01] [ComponentService] <INFO> 正在注册： vb-page-conditionoption.vue文件 (ComponentService.plugin.js:249)
[09:48:46.02] [ComponentService] <INFO> 正在注册： vb-page-holiday.vue文件 (ComponentService.plugin.js:249)
[09:48:46.03] [ComponentService] <INFO> 正在注册： vb-page-indexoption.vue文件 (ComponentService.plugin.js:249)
[09:48:46.03] [ComponentService] <INFO> 正在注册： vb-page-mall.vue文件 (ComponentService.plugin.js:249)
[09:48:46.05] [ComponentService] <INFO> 正在注册： vb-page-reportmenu.vue文件 (ComponentService.plugin.js:249)
[09:48:46.06] [ComponentService] <INFO> 正在注册： vb-page-reportpage.vue文件 (ComponentService.plugin.js:249)
[09:48:46.06] [ComponentService] <INFO> 正在注册： vb-page-tag.vue文件 (ComponentService.plugin.js:249)
[09:48:46.07] [ComponentService] <INFO> 正在注册： vb-page-weather.vue文件 (ComponentService.plugin.js:249)
[09:48:46.08] [ComponentService] <INFO> 正在注册： vb-select-chartoption.vue文件 (ComponentService.plugin.js:249)
[09:48:46.09] [ComponentService] <INFO> 正在注册： vb-select-chartstyle.vue文件 (ComponentService.plugin.js:249)
[09:48:46.09] [ComponentService] <INFO> 正在注册： vb-select-company.vue文件 (ComponentService.plugin.js:249)
[09:48:46.10] [ComponentService] <INFO> 正在注册： vb-select-device.vue文件 (ComponentService.plugin.js:249)
[09:48:46.10] [ComponentService] <INFO> 正在注册： vb-select-fencezone.vue文件 (ComponentService.plugin.js:249)
[09:48:46.11] [ComponentService] <INFO> 正在注册： vb-select-indexoption.vue文件 (ComponentService.plugin.js:249)
[09:48:46.12] [ComponentService] <INFO> 正在注册： vb-select-mall.vue文件 (ComponentService.plugin.js:249)
[09:48:46.12] [ComponentService] <INFO> 正在注册： vb-select-menutype.vue文件 (ComponentService.plugin.js:249)
[09:48:46.13] [ComponentService] <INFO> 正在注册： vb-select-physicalzone.vue文件 (ComponentService.plugin.js:249)
[09:48:46.13] [ComponentService] <INFO> 正在注册： vb-select-reportmenu.vue文件 (ComponentService.plugin.js:249)
[09:48:46.14] [ComponentService] <INFO> 正在注册： vb-select-role.vue文件 (ComponentService.plugin.js:249)
[09:48:46.14] [ComponentService] <INFO> 正在注册： vb-select-usergroup.vue文件 (ComponentService.plugin.js:249)
[09:48:46.15] [ComponentService] <INFO> 正在注册： vb-select-zonetype.vue文件 (ComponentService.plugin.js:249)
[09:48:46.16] [ComponentService] <INFO> 正在注册： vb-transfer-chartoption.vue文件 (ComponentService.plugin.js:249)
[09:48:46.17] [ComponentService] <INFO> 正在注册： vb-transfer-conditionoption.vue文件 (ComponentService.plugin.js:249)
[09:48:46.18] [ComponentService] <INFO> 正在注册： vb-transfer-indexoption.vue文件 (ComponentService.plugin.js:249)
[09:48:46.18] [ComponentService] <INFO> 正在注册： vb-transfer-location.vue文件 (ComponentService.plugin.js:249)
[09:48:46.19] [ComponentService] <INFO> 正在注册： vb-transfer-mall.vue文件 (ComponentService.plugin.js:249)
[09:48:46.20] [ComponentService] <INFO> 正在注册： vb-transfer-physicalzone.vue文件 (ComponentService.plugin.js:249)
[09:48:46.20] [ComponentService] <INFO> 正在注册： vb-transfer-reportpage.vue文件 (ComponentService.plugin.js:249)
[09:48:46.21] [ComponentService] <INFO> 正在注册： vb-transfer-tag.vue文件 (ComponentService.plugin.js:249)
[09:48:46.22] [ComponentService] <INFO> 正在注册： vb-tree-category.vue文件 (ComponentService.plugin.js:249)
[09:48:46.22] [ComponentService] <INFO> 正在注册： vb-tree-location.vue文件 (ComponentService.plugin.js:249)
[09:48:46.25] [ComponentService] <INFO> 正在注册： vb-zonecamera-query.vue文件 (ComponentService.plugin.js:249)
[09:48:46.26] [ComponentService] <INFO> 正在注册： vd-bd-devicezone.vue文件 (ComponentService.plugin.js:249)
[09:48:46.27] [ComponentService] <INFO> 正在注册： vd-bd-fencezone.vue文件 (ComponentService.plugin.js:249)
[09:48:46.27] [ComponentService] <INFO> 正在注册： vd-bd-grid.vue文件 (ComponentService.plugin.js:249)
[09:48:46.28] [ComponentService] <INFO> 正在注册： vd-bd-loaddata.vue文件 (ComponentService.plugin.js:249)
[09:48:46.28] [ComponentService] <INFO> 正在注册： vd-bd-physicallinkeddevice.vue文件 (ComponentService.plugin.js:249)
[09:48:46.29] [ComponentService] <INFO> 正在注册： vd-bd-savedata.vue文件 (ComponentService.plugin.js:249)
[09:48:46.37] [ComponentService] <INFO> 正在注册： vx-basic-demo.vue文件 (ComponentService.plugin.js:249)
[09:48:46.39] [ComponentService] <INFO> 正在注册： vm-form-location.vue文件 (ComponentService.plugin.js:249)
[09:48:46.40] [ComponentService] <INFO> 正在注册： vm-grid-location.vue文件 (ComponentService.plugin.js:249)
[09:48:46.41] [ComponentService] <INFO> 正在注册： vm-select-company.vue文件 (ComponentService.plugin.js:249)
[09:48:46.42] [ComponentService] <INFO> 正在注册： vm-select-mall.vue文件 (ComponentService.plugin.js:249)
[09:48:46.42] [ComponentService] <INFO> 正在注册： vm-transfer-mall.vue文件 (ComponentService.plugin.js:249)
[09:48:46.43] [ComponentService] <INFO> 正在注册： vm-transfer-physicalzone.vue文件 (ComponentService.plugin.js:249)
[09:48:46.44] [ComponentService] <INFO> 正在注册： vm-transfer-reportpage.vue文件 (ComponentService.plugin.js:249)
[09:48:46.44] [ComponentService] <INFO> 正在注册： vm-tree-location.vue文件 (ComponentService.plugin.js:249)
[09:48:46.46] [ComponentService] <INFO> 正在注册： vp-footer-default.vue文件 (ComponentService.plugin.js:249)
[09:48:46.50] [ComponentService] <INFO> 正在注册： vp-header-default.vue文件 (ComponentService.plugin.js:249)
[09:48:46.54] [ComponentService] <INFO> 正在注册： vp-header-filer.vue文件 (ComponentService.plugin.js:249)
[09:48:46.60] [ComponentService] <INFO> 正在注册： vp-header-nav.vue文件 (ComponentService.plugin.js:249)
[09:48:46.61] [ComponentService] <INFO> 正在注册： vp-main-home-default.vue文件 (ComponentService.plugin.js:249)
[09:48:46.62] [ComponentService] <INFO> 正在注册： vp-main-report-default.vue文件 (ComponentService.plugin.js:249)
[09:48:46.64] [ComponentService] <INFO> 正在注册： vp-nav-homeicon.vue文件 (ComponentService.plugin.js:249)
[09:48:46.65] [ComponentService] <INFO> 正在注册： vp-page-grid.vue文件 (ComponentService.plugin.js:249)
[09:48:46.66] [ComponentService] <INFO> 正在注册： vp-widget-flowdistribution.vue文件 (ComponentService.plugin.js:249)
[09:48:46.67] [ComponentService] <INFO> 正在注册： vp-widget-flowtime.vue文件 (ComponentService.plugin.js:249)
[09:48:46.69] [ComponentService] <INFO> 正在注册： vp-widget-home-chart.vue文件 (ComponentService.plugin.js:249)
[09:48:46.70] [ComponentService] <INFO> 正在注册： vp-widget-home-data.vue文件 (ComponentService.plugin.js:249)
[09:48:46.73] [ComponentService] <INFO> 正在注册： vp-widget-home-ranking.vue文件 (ComponentService.plugin.js:249)
[09:48:46.77] [ComponentService] <INFO> 正在注册： vp-widget-report-compare.vue文件 (ComponentService.plugin.js:249)
[09:48:46.81] [ComponentService] <INFO> 正在注册： vp-widget-time-selection.vue文件 (ComponentService.plugin.js:249)
[09:48:46.82] [ComponentService] <INFO> 正在注册： vm-layout-page.vue文件 (ComponentService.plugin.js:249)
[09:48:46.83] [ComponentService] <INFO> 正在注册： vx-basic-button.vue文件 (ComponentService.plugin.js:249)
[09:48:46.85] [ComponentService] <INFO> 正在注册： vx-basic-tree.vue文件 (ComponentService.plugin.js:249)
[09:48:46.86] [ComponentService] <INFO> 正在注册： vx-container-col.vue文件 (ComponentService.plugin.js:249)
[09:48:46.87] [ComponentService] <INFO> 正在注册： vx-container-combo.vue文件 (ComponentService.plugin.js:249)
[09:48:46.88] [ComponentService] <INFO> 正在注册： vx-container-dialog.vue文件 (ComponentService.plugin.js:249)
[09:48:46.89] [ComponentService] <INFO> 正在注册： vx-container-gridster.vue文件 (ComponentService.plugin.js:249)
[09:48:46.90] [ComponentService] <INFO> 正在注册： vx-container-item.vue文件 (ComponentService.plugin.js:249)
[09:48:46.91] [ComponentService] <INFO> 正在注册： vx-container-row.vue文件 (ComponentService.plugin.js:249)
[09:48:46.91] [ComponentService] <INFO> 正在注册： vx-container-tab.vue文件 (ComponentService.plugin.js:249)
[09:48:46.92] [ComponentService] <INFO> 正在注册： vx-form-cascader.vue文件 (ComponentService.plugin.js:249)
[09:48:46.93] [ComponentService] <INFO> 正在注册： vx-form-check.vue文件 (ComponentService.plugin.js:249)
[09:48:46.94] [ComponentService] <INFO> 正在注册： vx-form-clockpicker.vue文件 (ComponentService.plugin.js:249)
[09:48:46.95] [ComponentService] <INFO> 正在注册： vx-form-daterangepicker.vue文件 (ComponentService.plugin.js:249)
[09:48:46.96] [ComponentService] <INFO> 正在注册： vx-form-datesinglepicker.vue文件 (ComponentService.plugin.js:249)
[09:48:46.97] [ComponentService] <INFO> 正在注册： vx-form-group-select.vue文件 (ComponentService.plugin.js:249)
[09:48:46.98] [ComponentService] <INFO> 正在注册： vx-form-input.vue文件 (ComponentService.plugin.js:249)
[09:48:46.99] [ComponentService] <INFO> 正在注册： vx-form-location.vue文件 (ComponentService.plugin.js:249)
[09:48:46.100] [ComponentService] <INFO> 正在注册： vx-form-number.vue文件 (ComponentService.plugin.js:249)
[09:48:47.00] [ComponentService] <INFO> 正在注册： vx-form-password.vue文件 (ComponentService.plugin.js:249)
[09:48:47.01] [ComponentService] <INFO> 正在注册： vx-form-radio.vue文件 (ComponentService.plugin.js:249)
[09:48:47.02] [ComponentService] <INFO> 正在注册： vx-form-select.vue文件 (ComponentService.plugin.js:249)
[09:48:47.03] [ComponentService] <INFO> 正在注册： vx-form-transfer.vue文件 (ComponentService.plugin.js:249)
[09:48:47.04] [ComponentService] <INFO> 正在注册： vx-nav-breadcrumb.vue文件 (ComponentService.plugin.js:249)
[09:48:47.05] [ComponentService] <INFO> 正在注册： vx-nav-dropmenu.vue文件 (ComponentService.plugin.js:249)
[09:48:47.06] [ComponentService] <INFO> 正在注册： vx-nav-navmenu.vue文件 (ComponentService.plugin.js:249)
[09:48:47.06] [ComponentService] <INFO> 正在注册： vx-tab-pane.vue文件 (ComponentService.plugin.js:249)
[09:48:47.08] [ComponentService] <INFO> 正在注册： vx-tabs.vue文件 (ComponentService.plugin.js:249)
[09:48:47.08] [ComponentService] <INFO> 正在注册： vx-view-baidumap.vue文件 (ComponentService.plugin.js:249)
[09:48:47.09] [ComponentService] <INFO> 正在注册： vx-view-countup.vue文件 (ComponentService.plugin.js:249)
[09:48:47.13] [ComponentService] <INFO> 正在注册： vx-view-datatable.vue文件 (ComponentService.plugin.js:249)
[09:48:47.14] [ComponentService] <INFO> 正在注册： vx-view-dialog.vue文件 (ComponentService.plugin.js:249)
[09:48:47.14] [ComponentService] <INFO> 正在注册： vx-view-echart.vue文件 (ComponentService.plugin.js:249)
[09:48:47.15] [ComponentService] <INFO> 正在注册： vx-view-govmap.vue文件 (ComponentService.plugin.js:249)
[09:48:47.16] [ComponentService] <INFO> 正在注册： vx-view-heatmap.vue文件 (ComponentService.plugin.js:249)
[09:48:47.18] [ComponentService] <INFO> 正在注册： vx-view-linescroll.vue文件 (ComponentService.plugin.js:249)
[09:48:47.18] [ComponentService] <INFO> 正在注册： vx-view-map.vue文件 (ComponentService.plugin.js:249)
[09:48:47.21] [ComponentService] <INFO> 正在注册： vx-view-pagelist.vue文件 (ComponentService.plugin.js:249)
[09:48:47.21] [ComponentService] <INFO> 正在注册： vx-view-pagesize.vue文件 (ComponentService.plugin.js:249)
[09:48:47.22] [ComponentService] <INFO> 正在注册： vd-bd-componentslist.vue文件 (ComponentService.plugin.js:249)
[09:48:47.23] [ComponentService] <INFO> 正在注册： vd-bd-datadetail.vue文件 (ComponentService.plugin.js:249)
[09:48:47.24] [ComponentService] <INFO> 正在注册： vd-bd-fencezone.vue文件 (ComponentService.plugin.js:249)
[09:48:47.24] [ComponentService] <INFO> 正在注册： vd-bd-grid.vue文件 (ComponentService.plugin.js:249)
[09:48:47.25] [ComponentService] <INFO> 正在注册： vd-bd-loaddata.vue文件 (ComponentService.plugin.js:249)
[09:48:47.25] [ComponentService] <INFO> 正在注册： vd-bd-login.vue文件 (ComponentService.plugin.js:249)
[09:48:47.27] [ComponentService] <INFO> 正在注册： vd-bd-servicelist.vue文件 (ComponentService.plugin.js:249)
[09:48:47.28] [ComponentService] <INFO> 正在注册： vd-company-activity.vue文件 (ComponentService.plugin.js:249)
[09:48:47.26] [ComponentService] <INFO> 正在注册： vd-bd-savedata.vue文件 (ComponentService.plugin.js:249)
[09:48:47.29] [ComponentService] <INFO> 正在注册： vd-company-businesstime.vue文件 (ComponentService.plugin.js:249)
[09:48:47.29] [ComponentService] <INFO> 正在注册： vd-company-company.vue文件 (ComponentService.plugin.js:249)
[09:48:47.30] [ComponentService] <INFO> 正在注册： vd-company-device.vue文件 (ComponentService.plugin.js:249)
[09:48:47.31] [ComponentService] <INFO> 正在注册： vd-company-devicezone.vue文件 (ComponentService.plugin.js:249)
[09:48:47.31] [ComponentService] <INFO> 正在注册： vd-company-holiday.vue文件 (ComponentService.plugin.js:249)
[09:48:47.32] [ComponentService] <INFO> 正在注册： vd-company-mall.vue文件 (ComponentService.plugin.js:249)
[09:48:47.32] [ComponentService] <INFO> 正在注册： vd-company-physicalzone.vue文件 (ComponentService.plugin.js:249)
[09:48:47.33] [ComponentService] <INFO> 正在注册： vd-company-tag.vue文件 (ComponentService.plugin.js:249)
[09:48:47.33] [ComponentService] <INFO> 正在注册： vd-log-mallupdate.vue文件 (ComponentService.plugin.js:249)
[09:48:47.34] [ComponentService] <INFO> 正在注册： vd-log-weather.vue文件 (ComponentService.plugin.js:249)
[09:48:47.35] [ComponentService] <INFO> 正在注册： vd-log-zoneupdate.vue文件 (ComponentService.plugin.js:249)
[09:48:47.36] [ComponentService] <INFO> 正在注册： vd-report-chartoption.vue文件 (ComponentService.plugin.js:249)
[09:48:47.36] [ComponentService] <INFO> 正在注册： vd-report-chartstyle.vue文件 (ComponentService.plugin.js:249)
[09:48:47.37] [ComponentService] <INFO> 正在注册： vd-report-conditionoption.vue文件 (ComponentService.plugin.js:249)
[09:48:47.37] [ComponentService] <INFO> 正在注册： vd-report-indexoption.vue文件 (ComponentService.plugin.js:249)
[09:48:47.38] [ComponentService] <INFO> 正在注册： vd-report-reportmenu.vue文件 (ComponentService.plugin.js:249)
[09:48:47.39] [ComponentService] <INFO> 正在注册： vd-report-reportpage.vue文件 (ComponentService.plugin.js:249)
[09:48:47.40] [ComponentService] <INFO> 正在注册： vd-report-servicelist.vue文件 (ComponentService.plugin.js:249)
[09:48:47.40] [ComponentService] <INFO> 正在注册： vd-system-category.vue文件 (ComponentService.plugin.js:249)
[09:48:47.41] [ComponentService] <INFO> 正在注册： vd-system-location.vue文件 (ComponentService.plugin.js:249)
[09:48:47.41] [ComponentService] <INFO> 正在注册： vd-system-menu.vue文件 (ComponentService.plugin.js:249)
[09:48:47.42] [ComponentService] <INFO> 正在注册： vd-system-role.vue文件 (ComponentService.plugin.js:249)
[09:48:47.43] [ComponentService] <INFO> 正在注册： vd-system-user.vue文件 (ComponentService.plugin.js:249)
[09:48:47.43] [ComponentService] <INFO> 正在注册： vd-system-usergroup.vue文件 (ComponentService.plugin.js:249)
[09:48:47.44] [ComponentService] <INFO> 正在注册： vm-form-activity.vue文件 (ComponentService.plugin.js:249)
[09:48:47.45] [ComponentService] <INFO> 正在注册： vm-form-activityplugin.vue文件 (ComponentService.plugin.js:249)
[09:48:47.46] [ComponentService] <INFO> 正在注册： vm-form-businesstime.vue文件 (ComponentService.plugin.js:249)
[09:48:47.46] [ComponentService] <INFO> 正在注册： vm-form-businesstimeplugin.vue文件 (ComponentService.plugin.js:249)
[09:48:47.47] [ComponentService] <INFO> 正在注册： vm-form-holiday.vue文件 (ComponentService.plugin.js:249)
[09:48:47.49] [ComponentService] <INFO> 正在注册： vm-form-mallupdate.vue文件 (ComponentService.plugin.js:249)
[09:48:47.49] [ComponentService] <INFO> 正在注册： vm-form-tag.vue文件 (ComponentService.plugin.js:249)
[09:48:47.50] [ComponentService] <INFO> 正在注册： vm-form-weather.vue文件 (ComponentService.plugin.js:249)
[09:48:47.51] [ComponentService] <INFO> 正在注册： vm-form-zoneupdate.vue文件 (ComponentService.plugin.js:249)
[09:48:47.51] [ComponentService] <INFO> 正在注册： vm-grid-activity.vue文件 (ComponentService.plugin.js:249)
[09:48:47.52] [ComponentService] <INFO> 正在注册： vm-grid-businesstime.vue文件 (ComponentService.plugin.js:249)
[09:48:47.52] [ComponentService] <INFO> 正在注册： vm-grid-historicalcount.vue文件 (ComponentService.plugin.js:249)
[09:48:47.53] [ComponentService] <INFO> 正在注册： vm-grid-historicaldwell.vue文件 (ComponentService.plugin.js:249)
[09:48:47.53] [ComponentService] <INFO> 正在注册： vm-grid-historicalfitting.vue文件 (ComponentService.plugin.js:249)
[09:48:47.54] [ComponentService] <INFO> 正在注册： vm-grid-historicalpassby.vue文件 (ComponentService.plugin.js:249)
[09:48:47.54] [ComponentService] <INFO> 正在注册： vm-grid-historicalsummary.vue文件 (ComponentService.plugin.js:249)
[09:48:47.55] [ComponentService] <INFO> 正在注册： vm-grid-holiday.vue文件 (ComponentService.plugin.js:249)
[09:48:47.55] [ComponentService] <INFO> 正在注册： vm-grid-mall.vue文件 (ComponentService.plugin.js:249)
[09:48:47.56] [ComponentService] <INFO> 正在注册： vm-grid-tag.vue文件 (ComponentService.plugin.js:249)
[09:48:47.56] [ComponentService] <INFO> 正在注册： vm-grid-weather.vue文件 (ComponentService.plugin.js:249)
[09:48:47.57] [ComponentService] <INFO> 正在注册： vm-manager-dataadjustment.vue文件 (ComponentService.plugin.js:249)
[09:48:47.58] [ComponentService] <INFO> 正在注册： vm-manager-datarecovery.vue文件 (ComponentService.plugin.js:249)
[09:48:47.59] [ComponentService] <INFO> 正在注册： vm-manager-datasummary.vue文件 (ComponentService.plugin.js:249)
[09:48:47.60] [ComponentService] <INFO> 正在注册： vm-manager-salesDataMaintenance.vue文件 (ComponentService.plugin.js:249)
[09:48:47.60] [ComponentService] <INFO> 正在注册： vm-report-times.vue文件 (ComponentService.plugin.js:249)
[09:48:47.61] [ComponentService] <INFO> 正在注册： vm-select-devicecode.vue文件 (ComponentService.plugin.js:249)
[09:48:47.61] [ComponentService] <INFO> 正在注册： vm-transfer-tag.vue文件 (ComponentService.plugin.js:249)
[09:48:47.63] [ComponentService] <INFO> 正在注册： vm-form-device.vue文件 (ComponentService.plugin.js:249)
[09:48:47.63] [ComponentService] <INFO> 正在注册： vm-form-devicezone.vue文件 (ComponentService.plugin.js:249)
[09:48:47.64] [ComponentService] <INFO> 正在注册： vm-form-subsetzone.vue文件 (ComponentService.plugin.js:249)
[09:48:47.65] [ComponentService] <INFO> 正在注册： vm-grid-device.vue文件 (ComponentService.plugin.js:249)
[09:48:47.66] [ComponentService] <INFO> 正在注册： vm-grid-devicezone.vue文件 (ComponentService.plugin.js:249)
[09:48:47.66] [ComponentService] <INFO> 正在注册： vm-subset-devicezone.vue文件 (ComponentService.plugin.js:249)
[09:48:47.67] [ComponentService] <INFO> 正在注册： vb-layout-content.vue文件 (ComponentService.plugin.js:249)
[09:48:47.68] [ComponentService] <INFO> 正在注册： vb-layout-footer.vue文件 (ComponentService.plugin.js:249)
[09:48:47.69] [ComponentService] <INFO> 正在注册： vb-layout-header.vue文件 (ComponentService.plugin.js:249)
[09:48:47.70] [ComponentService] <INFO> 正在注册： vb-layout-main.vue文件 (ComponentService.plugin.js:249)
[09:48:47.72] [ComponentService] <INFO> 正在注册： vb-layout-pageheader.vue文件 (ComponentService.plugin.js:249)
[09:48:47.73] [ComponentService] <INFO> 正在注册： vb-layout-right.vue文件 (ComponentService.plugin.js:249)
[09:48:47.74] [ComponentService] <INFO> 正在注册： vb-layout-sidemenu.vue文件 (ComponentService.plugin.js:249)
[09:48:47.75] [ComponentService] <INFO> 正在注册： vb-nav-breadcrumb.vue文件 (ComponentService.plugin.js:249)
[09:48:47.75] [ComponentService] <INFO> 正在注册： vb-nav-menu.vue文件 (ComponentService.plugin.js:249)
[09:48:47.76] [ComponentService] <INFO> 正在注册： vp-footer-default.vue文件 (ComponentService.plugin.js:249)
[09:48:47.77] [ComponentService] <INFO> 正在注册： vp-header-default.vue文件 (ComponentService.plugin.js:249)
[09:48:47.78] [ComponentService] <INFO> 正在注册： vp-header-filer.vue文件 (ComponentService.plugin.js:249)
[09:48:47.80] [ComponentService] <INFO> 正在注册： vp-header-nav.vue文件 (ComponentService.plugin.js:249)
[09:48:47.81] [ComponentService] <INFO> 正在注册： vp-main-home-default.vue文件 (ComponentService.plugin.js:249)
[09:48:47.82] [ComponentService] <INFO> 正在注册： vp-main-report-default.vue文件 (ComponentService.plugin.js:249)
[09:48:47.84] [ComponentService] <INFO> 正在注册： vp-nav-homeicon.vue文件 (ComponentService.plugin.js:249)
[09:48:47.85] [ComponentService] <INFO> 正在注册： vp-page-grid.vue文件 (ComponentService.plugin.js:249)
[09:48:47.85] [ComponentService] <INFO> 正在注册： vp-widget-flowdistribution.vue文件 (ComponentService.plugin.js:249)
[09:48:47.86] [ComponentService] <INFO> 正在注册： vp-widget-flowtime.vue文件 (ComponentService.plugin.js:249)
[09:48:47.87] [ComponentService] <INFO> 正在注册： vp-widget-home-chart.vue文件 (ComponentService.plugin.js:249)
[09:48:47.88] [ComponentService] <INFO> 正在注册： vp-widget-home-data.vue文件 (ComponentService.plugin.js:249)
[09:48:47.89] [ComponentService] <INFO> 正在注册： vp-widget-home-ranking.vue文件 (ComponentService.plugin.js:249)
[09:48:47.92] [ComponentService] <INFO> 正在注册： vp-widget-report-compare.vue文件 (ComponentService.plugin.js:249)
[09:48:47.94] [ComponentService] <INFO> 正在注册： vp-widget-time-selection.vue文件 (ComponentService.plugin.js:249)
[09:48:47.97] [ComponentService] <INFO> 正在注册： vm-form-category.vue文件 (ComponentService.plugin.js:249)
[09:48:47.97] [ComponentService] <INFO> 正在注册： vm-form-componentslist.vue文件 (ComponentService.plugin.js:249)
[09:48:47.98] [ComponentService] <INFO> 正在注册： vm-form-menu.vue文件 (ComponentService.plugin.js:249)
[09:48:47.99] [ComponentService] <INFO> 正在注册： vm-form-menuplugin.vue文件 (ComponentService.plugin.js:249)
[09:48:48.00] [ComponentService] <INFO> 正在注册： vm-form-role.vue文件 (ComponentService.plugin.js:249)
[09:48:48.01] [ComponentService] <INFO> 正在注册： vm-form-roleplugin.vue文件 (ComponentService.plugin.js:249)
[09:48:48.02] [ComponentService] <INFO> 正在注册： vm-form-servicelist.vue文件 (ComponentService.plugin.js:249)
[09:48:48.03] [ComponentService] <INFO> 正在注册： vm-form-user.vue文件 (ComponentService.plugin.js:249)
[09:48:48.03] [ComponentService] <INFO> 正在注册： vm-form-usergroup.vue文件 (ComponentService.plugin.js:249)
[09:48:48.04] [ComponentService] <INFO> 正在注册： vm-form-usergroupplugin.vue文件 (ComponentService.plugin.js:249)
[09:48:48.05] [ComponentService] <INFO> 正在注册： vm-form-usergroupreportpage.vue文件 (ComponentService.plugin.js:249)
[09:48:48.05] [ComponentService] <INFO> 正在注册： vm-form-usergroupzone.vue文件 (ComponentService.plugin.js:249)
[09:48:48.06] [ComponentService] <INFO> 正在注册： vm-form-userplugin.vue文件 (ComponentService.plugin.js:249)
[09:48:48.06] [ComponentService] <INFO> 正在注册： vm-grid-category.vue文件 (ComponentService.plugin.js:249)
[09:48:48.07] [ComponentService] <INFO> 正在注册： vm-grid-componentslist.vue文件 (ComponentService.plugin.js:249)
[09:48:48.07] [ComponentService] <INFO> 正在注册： vm-grid-menu.vue文件 (ComponentService.plugin.js:249)
[09:48:48.08] [ComponentService] <INFO> 正在注册： vm-grid-role.vue文件 (ComponentService.plugin.js:249)
[09:48:48.08] [ComponentService] <INFO> 正在注册： vm-grid-servicelist.vue文件 (ComponentService.plugin.js:249)
[09:48:48.09] [ComponentService] <INFO> 正在注册： vm-grid-user.vue文件 (ComponentService.plugin.js:249)
[09:48:47.48] [ComponentService] <INFO> 正在注册： vm-form-mall.vue文件 (ComponentService.plugin.js:249)
[09:48:48.09] [ComponentService] <INFO> 正在注册： vm-grid-usergroup.vue文件 (ComponentService.plugin.js:249)
[09:48:48.10] [ComponentService] <INFO> 正在注册： vm-nav-menu.vue文件 (ComponentService.plugin.js:249)
[09:48:48.10] [ComponentService] <INFO> 正在注册： vm-select-role.vue文件 (ComponentService.plugin.js:249)
[09:48:48.11] [ComponentService] <INFO> 正在注册： vm-select-usergroup.vue文件 (ComponentService.plugin.js:249)
[09:48:48.12] [ComponentService] <INFO> 正在注册： vm-tree-category.vue文件 (ComponentService.plugin.js:249)
[09:48:48.12] [ComponentService] <INFO> 正在注册： vm-tree-menu.vue文件 (ComponentService.plugin.js:249)
[09:48:48.13] [ComponentService] <INFO> 正在注册： vm-tree-role.vue文件 (ComponentService.plugin.js:249)
