[15:49:58.80] [PageService] <ERROR> ReferenceError: LoaderDict is not defined
    at eval (eval at loadComponent (C:\Users\INTFORCE170914-1\Documents\项目开发\智慧商业4.0\00_组件开发环境\plugins\ComponentService\PageService.plugin.js:172:19), <anonymous>:1:249)
    at eval (eval at loadComponent (C:\Users\INTFORCE170914-1\Documents\项目开发\智慧商业4.0\00_组件开发环境\plugins\ComponentService\PageService.plugin.js:172:19), <anonymous>:1:1374)
    at loadComponent (C:\Users\INTFORCE170914-1\Documents\项目开发\智慧商业4.0\00_组件开发环境\plugins\ComponentService\PageService.plugin.js:172:19)
    at loadTags (C:\Users\INTFORCE170914-1\Documents\项目开发\智慧商业4.0\00_组件开发环境\plugins\ComponentService\PageService.plugin.js:126:19)
    at iService.op_loadTags (C:\Users\INTFORCE170914-1\Documents\项目开发\智慧商业4.0\00_组件开发环境\plugins\ComponentService\PageService.plugin.js:102:7)
    at async.auto.RunService (C:\Users\INTFORCE170914-1\Documents\项目开发\智慧商业4.0\00_组件开发环境\plugins\ServiceLoader.js:126:56)
    at runTask (C:\Users\INTFORCE170914-1\Documents\项目开发\智慧商业4.0\00_组件开发环境\node_modules\async\dist\async.js:1632:13)
    at C:\Users\INTFORCE170914-1\Documents\项目开发\智慧商业4.0\00_组件开发环境\node_modules\async\dist\async.js:1572:13
    at processQueue (C:\Users\INTFORCE170914-1\Documents\项目开发\智慧商业4.0\00_组件开发环境\node_modules\async\dist\async.js:1582:13)
    at taskComplete (C:\Users\INTFORCE170914-1\Documents\项目开发\智慧商业4.0\00_组件开发环境\node_modules\async\dist\async.js:1601:9) (PageService.plugin.js:182)
[15:49:58.81] [PageService] <ERROR> {name:"vm-grid-device",methods:{devicezone:function(){this.$Bus.$emit("DeviceZoneForm.Visible",this.RowData),this.$Bus.$emit("DeviceZone.Grid",this.RowData)}},GridOptions:{paging:!0,autoWidth:!0,order:[[1,"asc"]],columns:[{title:LoaderDict.Business.T_Mall.Name,width:80,className:"text-center",data:"MallName"},{title:LoaderDict.Business.T_Device.DeviceCode,width:80,className:"text-center",data:"DeviceCode"},{title:LoaderDict.Business.T_Device.DeviceType,width:80,className:"text-center",data:"DeviceType"},{title:LoaderDict.Business.T_Device.Location,width:80,className:"text-center",data:"Location"},{title:LoaderDict.Business.T_Device.IPAddress,width:80,className:"text-center",data:"IpAddress"},{title:LoaderDict.Business.UpdateTime,width:80,className:"text-center",data:"UpdateTime"},{title:LoaderDict.Common.Enabled,width:80,className:"text-center",data:function(row){return{1:LoaderDict.Status.Enabled,"-1":LoaderDict.Status.Disabled}[row.Enabled]}},{title:LoaderDict.Common.Operation,width:60,sortable:!1,className:"text-center",data:function(){var devicezone="<a class='blue' vue-click='devicezone'>"+LoaderDict.Pages.Device.DeviceZoneManager+"</a> ",modify="<a class='blue' vue-click='modify'>"+LoaderDict.Common.Modify+"</a> ",trash="<a class='red' vue-click='delete' >"+LoaderDict.Common.Delete+"</a> ";return devicezone+modify+trash}}]}} (PageService.plugin.js:183)
[15:50:00.43] [PageService] <ERROR> SyntaxError: Unexpected identifier
    at loadComponent (C:\Users\INTFORCE170914-1\Documents\项目开发\智慧商业4.0\00_组件开发环境\plugins\ComponentService\PageService.plugin.js:172:55)
    at loadTags (C:\Users\INTFORCE170914-1\Documents\项目开发\智慧商业4.0\00_组件开发环境\plugins\ComponentService\PageService.plugin.js:126:19)
    at iService.op_loadTags (C:\Users\INTFORCE170914-1\Documents\项目开发\智慧商业4.0\00_组件开发环境\plugins\ComponentService\PageService.plugin.js:102:7)
    at async.auto.RunService (C:\Users\INTFORCE170914-1\Documents\项目开发\智慧商业4.0\00_组件开发环境\plugins\ServiceLoader.js:126:56)
    at runTask (C:\Users\INTFORCE170914-1\Documents\项目开发\智慧商业4.0\00_组件开发环境\node_modules\async\dist\async.js:1632:13)
    at C:\Users\INTFORCE170914-1\Documents\项目开发\智慧商业4.0\00_组件开发环境\node_modules\async\dist\async.js:1572:13
    at processQueue (C:\Users\INTFORCE170914-1\Documents\项目开发\智慧商业4.0\00_组件开发环境\node_modules\async\dist\async.js:1582:13)
    at taskComplete (C:\Users\INTFORCE170914-1\Documents\项目开发\智慧商业4.0\00_组件开发环境\node_modules\async\dist\async.js:1601:9)
    at C:\Users\INTFORCE170914-1\Documents\项目开发\智慧商业4.0\00_组件开发环境\node_modules\async\dist\async.js:1625:17
    at C:\Users\INTFORCE170914-1\Documents\项目开发\智慧商业4.0\00_组件开发环境\node_modules\async\dist\async.js:969:16 (PageService.plugin.js:182)
[15:50:00.43] [PageService] <ERROR> {return key in obj?Object.defineProperty(obj,key,{value:value,enumerable:!0,configurable:!0,writable:!0}):obj[key]=value,obj}var _FormData;$VueFactory.businessForm({name:"vm-form-devicezone",created:function(){var me=this;this.$Bus.$on("DeviceZoneForm.Visible",function(data){console.log("fromdata"),console.log(data),me.FormData.DeviceCode=data.DeviceCode,me.FormData.Vendor=data.Vendor,me.FormData.DeviceZones=data.DeviceZones,me.FormData.Id=data.Id})},methods:{Close:function(){this.Visible=!1,this.$Bus.$emit("DeviceZoneClear.Form")},Save:function(){this.FormData.DeviceZoneCode=this.FormData.DeviceCode+"#"+this.FormData.Vendor,this.$Bus.$emit("DeviceZoneSave.Grid",this.FormData)}},FormData:(_FormData={Id:null,Enabled:1,MallId:null,MallName:null,DeviceCode:null,IPAddress:null,Location:null,DeviceType:null},_defineProperty(_FormData,"Location",null),_defineProperty(_FormData,"RemoteCode",null),_defineProperty(_FormData,"DataClass",null),_defineProperty(_FormData,"Vendor",null),_defineProperty(_FormData,"CompanyId",null),_defineProperty(_FormData,"CompanyName",null),_defineProperty(_FormData,"DeviceZones",null),_defineProperty(_FormData,"HostDeviceId",null),_FormData),Rules:{CompanyId:{required:!0},MallId:{required:!0},DeviceCode:{required:!0},IPAddress:{required:!0},DeviceType:{required:!0},Location:{required:!0},RemoteCode:{required:!0},DataClass:{required:!0}}} (PageService.plugin.js:183)
[15:50:00.59] [PageService] <ERROR> ReferenceError: LoaderDict is not defined
    at eval (eval at loadComponent (C:\Users\INTFORCE170914-1\Documents\项目开发\智慧商业4.0\00_组件开发环境\plugins\ComponentService\PageService.plugin.js:172:19), <anonymous>:1:910)
    at eval (eval at loadComponent (C:\Users\INTFORCE170914-1\Documents\项目开发\智慧商业4.0\00_组件开发环境\plugins\ComponentService\PageService.plugin.js:172:19), <anonymous>:1:1768)
    at loadComponent (C:\Users\INTFORCE170914-1\Documents\项目开发\智慧商业4.0\00_组件开发环境\plugins\ComponentService\PageService.plugin.js:172:19)
    at loadTags (C:\Users\INTFORCE170914-1\Documents\项目开发\智慧商业4.0\00_组件开发环境\plugins\ComponentService\PageService.plugin.js:126:19)
    at iService.op_loadTags (C:\Users\INTFORCE170914-1\Documents\项目开发\智慧商业4.0\00_组件开发环境\plugins\ComponentService\PageService.plugin.js:102:7)
    at async.auto.RunService (C:\Users\INTFORCE170914-1\Documents\项目开发\智慧商业4.0\00_组件开发环境\plugins\ServiceLoader.js:126:56)
    at runTask (C:\Users\INTFORCE170914-1\Documents\项目开发\智慧商业4.0\00_组件开发环境\node_modules\async\dist\async.js:1632:13)
    at C:\Users\INTFORCE170914-1\Documents\项目开发\智慧商业4.0\00_组件开发环境\node_modules\async\dist\async.js:1572:13
    at processQueue (C:\Users\INTFORCE170914-1\Documents\项目开发\智慧商业4.0\00_组件开发环境\node_modules\async\dist\async.js:1582:13)
    at taskComplete (C:\Users\INTFORCE170914-1\Documents\项目开发\智慧商业4.0\00_组件开发环境\node_modules\async\dist\async.js:1601:9) (PageService.plugin.js:182)
[15:50:00.59] [PageService] <ERROR> {props:["autoload"],name:"vm-subset-devicezone",created:function(){var me=this;this.$Bus.$on("DeviceZone.Grid",function(data){me.Query=data;var DeviceZones=data.DeviceZones;me.$set(me.Query,"DeviceZones",DeviceZones),me.method="linkeddevicezone",me.LoadTrigger=!0,me.autoload=!0})},methods:{deletezone:function(){for(var DeviceZones=this.Query.DeviceZones,i=DeviceZones.length-1;i>=0;i--)console.log("this.RowData.Id+++"),console.log(DeviceZones[i].DeviceZoneId),console.log(this.RowData.Id),DeviceZones[i].DeviceZoneId==this.RowData.Id&&DeviceZones.splice(i,1);this.$set(this.Query,"DeviceId",this.RowData.Id),this.$set(this.Query,"DeviceZones",DeviceZones),this.method="deletedevice",this.LoadTrigger=!0},modifyzone:function(){this.$Bus.$emit("DeviceZoneModify.Form",this.RowData)}},GridOptions:{paging:!1,autoWidth:!1,PageSizeVisible:!1,PagerVisible:!1,order:[[0,"asc"]],columns:[{title:LoaderDict.Business.T_DeviceZone.DeviceZoneCode,width:80,className:"text-center",data:"DeviceZoneCode"},{title:LoaderDict.Business.T_Device.DataClass,width:80,className:"text-center",data:"DataClass"},{title:LoaderDict.Business.T_Device.RemoteCode,width:80,className:"text-center",data:"RemoteCode"},{title:LoaderDict.Business.T_DeviceZone.IpAddress,width:80,className:"text-center",data:"IpAddress"},{title:LoaderDict.Common.Enabled,width:80,className:"text-center",data:function(row){return{1:LoaderDict.Status.Enabled,"-1":LoaderDict.Status.Disabled}[row.Enabled]}},{title:LoaderDict.Common.Operation,width:60,sortable:!1,className:"text-center",data:function(){var modify="<a class='blue' vue-click='modifyzone'>"+LoaderDict.Common.Modify+"</a> ",trash="<a class='red' vue-click='deletezone' >"+LoaderDict.Common.Delete+"</a> ";return modify+trash}}]}} (PageService.plugin.js:183)
[15:51:13.24] [PageService] <ERROR> ReferenceError: LoaderDict is not defined
    at eval (eval at loadComponent (C:\Users\INTFORCE170914-1\Documents\项目开发\智慧商业4.0\00_组件开发环境\plugins\ComponentService\PageService.plugin.js:172:19), <anonymous>:1:249)
    at eval (eval at loadComponent (C:\Users\INTFORCE170914-1\Documents\项目开发\智慧商业4.0\00_组件开发环境\plugins\ComponentService\PageService.plugin.js:172:19), <anonymous>:1:1374)
    at loadComponent (C:\Users\INTFORCE170914-1\Documents\项目开发\智慧商业4.0\00_组件开发环境\plugins\ComponentService\PageService.plugin.js:172:19)
    at loadTags (C:\Users\INTFORCE170914-1\Documents\项目开发\智慧商业4.0\00_组件开发环境\plugins\ComponentService\PageService.plugin.js:126:19)
    at iService.op_loadTags (C:\Users\INTFORCE170914-1\Documents\项目开发\智慧商业4.0\00_组件开发环境\plugins\ComponentService\PageService.plugin.js:102:7)
    at async.auto.RunService (C:\Users\INTFORCE170914-1\Documents\项目开发\智慧商业4.0\00_组件开发环境\plugins\ServiceLoader.js:126:56)
    at runTask (C:\Users\INTFORCE170914-1\Documents\项目开发\智慧商业4.0\00_组件开发环境\node_modules\async\dist\async.js:1632:13)
    at C:\Users\INTFORCE170914-1\Documents\项目开发\智慧商业4.0\00_组件开发环境\node_modules\async\dist\async.js:1572:13
    at processQueue (C:\Users\INTFORCE170914-1\Documents\项目开发\智慧商业4.0\00_组件开发环境\node_modules\async\dist\async.js:1582:13)
    at taskComplete (C:\Users\INTFORCE170914-1\Documents\项目开发\智慧商业4.0\00_组件开发环境\node_modules\async\dist\async.js:1601:9) (PageService.plugin.js:182)
[15:51:13.25] [PageService] <ERROR> {name:"vm-grid-device",methods:{devicezone:function(){this.$Bus.$emit("DeviceZoneForm.Visible",this.RowData),this.$Bus.$emit("DeviceZone.Grid",this.RowData)}},GridOptions:{paging:!0,autoWidth:!0,order:[[1,"asc"]],columns:[{title:LoaderDict.Business.T_Mall.Name,width:80,className:"text-center",data:"MallName"},{title:LoaderDict.Business.T_Device.DeviceCode,width:80,className:"text-center",data:"DeviceCode"},{title:LoaderDict.Business.T_Device.DeviceType,width:80,className:"text-center",data:"DeviceType"},{title:LoaderDict.Business.T_Device.Location,width:80,className:"text-center",data:"Location"},{title:LoaderDict.Business.T_Device.IPAddress,width:80,className:"text-center",data:"IpAddress"},{title:LoaderDict.Business.UpdateTime,width:80,className:"text-center",data:"UpdateTime"},{title:LoaderDict.Common.Enabled,width:80,className:"text-center",data:function(row){return{1:LoaderDict.Status.Enabled,"-1":LoaderDict.Status.Disabled}[row.Enabled]}},{title:LoaderDict.Common.Operation,width:60,sortable:!1,className:"text-center",data:function(){var devicezone="<a class='blue' vue-click='devicezone'>"+LoaderDict.Pages.Device.DeviceZoneManager+"</a> ",modify="<a class='blue' vue-click='modify'>"+LoaderDict.Common.Modify+"</a> ",trash="<a class='red' vue-click='delete' >"+LoaderDict.Common.Delete+"</a> ";return devicezone+modify+trash}}]}} (PageService.plugin.js:183)
[15:51:13.35] [PageService] <ERROR> SyntaxError: Unexpected identifier
    at loadComponent (C:\Users\INTFORCE170914-1\Documents\项目开发\智慧商业4.0\00_组件开发环境\plugins\ComponentService\PageService.plugin.js:172:55)
    at loadTags (C:\Users\INTFORCE170914-1\Documents\项目开发\智慧商业4.0\00_组件开发环境\plugins\ComponentService\PageService.plugin.js:126:19)
    at iService.op_loadTags (C:\Users\INTFORCE170914-1\Documents\项目开发\智慧商业4.0\00_组件开发环境\plugins\ComponentService\PageService.plugin.js:102:7)
    at async.auto.RunService (C:\Users\INTFORCE170914-1\Documents\项目开发\智慧商业4.0\00_组件开发环境\plugins\ServiceLoader.js:126:56)
    at runTask (C:\Users\INTFORCE170914-1\Documents\项目开发\智慧商业4.0\00_组件开发环境\node_modules\async\dist\async.js:1632:13)
    at C:\Users\INTFORCE170914-1\Documents\项目开发\智慧商业4.0\00_组件开发环境\node_modules\async\dist\async.js:1572:13
    at processQueue (C:\Users\INTFORCE170914-1\Documents\项目开发\智慧商业4.0\00_组件开发环境\node_modules\async\dist\async.js:1582:13)
    at taskComplete (C:\Users\INTFORCE170914-1\Documents\项目开发\智慧商业4.0\00_组件开发环境\node_modules\async\dist\async.js:1601:9)
    at C:\Users\INTFORCE170914-1\Documents\项目开发\智慧商业4.0\00_组件开发环境\node_modules\async\dist\async.js:1625:17
    at C:\Users\INTFORCE170914-1\Documents\项目开发\智慧商业4.0\00_组件开发环境\node_modules\async\dist\async.js:969:16 (PageService.plugin.js:182)
[15:51:13.35] [PageService] <ERROR> {return key in obj?Object.defineProperty(obj,key,{value:value,enumerable:!0,configurable:!0,writable:!0}):obj[key]=value,obj}var _FormData;$VueFactory.businessForm({name:"vm-form-devicezone",created:function(){var me=this;this.$Bus.$on("DeviceZoneForm.Visible",function(data){console.log("fromdata"),console.log(data),me.FormData.DeviceCode=data.DeviceCode,me.FormData.Vendor=data.Vendor,me.FormData.DeviceZones=data.DeviceZones,me.FormData.Id=data.Id})},methods:{Close:function(){this.Visible=!1,this.$Bus.$emit("DeviceZoneClear.Form")},Save:function(){this.FormData.DeviceZoneCode=this.FormData.DeviceCode+"#"+this.FormData.Vendor,this.$Bus.$emit("DeviceZoneSave.Grid",this.FormData)}},FormData:(_FormData={Id:null,Enabled:1,MallId:null,MallName:null,DeviceCode:null,IPAddress:null,Location:null,DeviceType:null},_defineProperty(_FormData,"Location",null),_defineProperty(_FormData,"RemoteCode",null),_defineProperty(_FormData,"DataClass",null),_defineProperty(_FormData,"Vendor",null),_defineProperty(_FormData,"CompanyId",null),_defineProperty(_FormData,"CompanyName",null),_defineProperty(_FormData,"DeviceZones",null),_defineProperty(_FormData,"HostDeviceId",null),_FormData),Rules:{CompanyId:{required:!0},MallId:{required:!0},DeviceCode:{required:!0},IPAddress:{required:!0},DeviceType:{required:!0},Location:{required:!0},RemoteCode:{required:!0},DataClass:{required:!0}}} (PageService.plugin.js:183)
[15:51:13.46] [PageService] <ERROR> ReferenceError: LoaderDict is not defined
    at eval (eval at loadComponent (C:\Users\INTFORCE170914-1\Documents\项目开发\智慧商业4.0\00_组件开发环境\plugins\ComponentService\PageService.plugin.js:172:19), <anonymous>:1:910)
    at eval (eval at loadComponent (C:\Users\INTFORCE170914-1\Documents\项目开发\智慧商业4.0\00_组件开发环境\plugins\ComponentService\PageService.plugin.js:172:19), <anonymous>:1:1768)
    at loadComponent (C:\Users\INTFORCE170914-1\Documents\项目开发\智慧商业4.0\00_组件开发环境\plugins\ComponentService\PageService.plugin.js:172:19)
    at loadTags (C:\Users\INTFORCE170914-1\Documents\项目开发\智慧商业4.0\00_组件开发环境\plugins\ComponentService\PageService.plugin.js:126:19)
    at iService.op_loadTags (C:\Users\INTFORCE170914-1\Documents\项目开发\智慧商业4.0\00_组件开发环境\plugins\ComponentService\PageService.plugin.js:102:7)
    at async.auto.RunService (C:\Users\INTFORCE170914-1\Documents\项目开发\智慧商业4.0\00_组件开发环境\plugins\ServiceLoader.js:126:56)
    at runTask (C:\Users\INTFORCE170914-1\Documents\项目开发\智慧商业4.0\00_组件开发环境\node_modules\async\dist\async.js:1632:13)
    at C:\Users\INTFORCE170914-1\Documents\项目开发\智慧商业4.0\00_组件开发环境\node_modules\async\dist\async.js:1572:13
    at processQueue (C:\Users\INTFORCE170914-1\Documents\项目开发\智慧商业4.0\00_组件开发环境\node_modules\async\dist\async.js:1582:13)
    at taskComplete (C:\Users\INTFORCE170914-1\Documents\项目开发\智慧商业4.0\00_组件开发环境\node_modules\async\dist\async.js:1601:9) (PageService.plugin.js:182)
[15:51:13.47] [PageService] <ERROR> {props:["autoload"],name:"vm-subset-devicezone",created:function(){var me=this;this.$Bus.$on("DeviceZone.Grid",function(data){me.Query=data;var DeviceZones=data.DeviceZones;me.$set(me.Query,"DeviceZones",DeviceZones),me.method="linkeddevicezone",me.LoadTrigger=!0,me.autoload=!0})},methods:{deletezone:function(){for(var DeviceZones=this.Query.DeviceZones,i=DeviceZones.length-1;i>=0;i--)console.log("this.RowData.Id+++"),console.log(DeviceZones[i].DeviceZoneId),console.log(this.RowData.Id),DeviceZones[i].DeviceZoneId==this.RowData.Id&&DeviceZones.splice(i,1);this.$set(this.Query,"DeviceId",this.RowData.Id),this.$set(this.Query,"DeviceZones",DeviceZones),this.method="deletedevice",this.LoadTrigger=!0},modifyzone:function(){this.$Bus.$emit("DeviceZoneModify.Form",this.RowData)}},GridOptions:{paging:!1,autoWidth:!1,PageSizeVisible:!1,PagerVisible:!1,order:[[0,"asc"]],columns:[{title:LoaderDict.Business.T_DeviceZone.DeviceZoneCode,width:80,className:"text-center",data:"DeviceZoneCode"},{title:LoaderDict.Business.T_Device.DataClass,width:80,className:"text-center",data:"DataClass"},{title:LoaderDict.Business.T_Device.RemoteCode,width:80,className:"text-center",data:"RemoteCode"},{title:LoaderDict.Business.T_DeviceZone.IpAddress,width:80,className:"text-center",data:"IpAddress"},{title:LoaderDict.Common.Enabled,width:80,className:"text-center",data:function(row){return{1:LoaderDict.Status.Enabled,"-1":LoaderDict.Status.Disabled}[row.Enabled]}},{title:LoaderDict.Common.Operation,width:60,sortable:!1,className:"text-center",data:function(){var modify="<a class='blue' vue-click='modifyzone'>"+LoaderDict.Common.Modify+"</a> ",trash="<a class='red' vue-click='deletezone' >"+LoaderDict.Common.Delete+"</a> ";return modify+trash}}]}} (PageService.plugin.js:183)
[15:51:36.24] [PageService] <ERROR> ReferenceError: LoaderDict is not defined
    at eval (eval at loadComponent (C:\Users\INTFORCE170914-1\Documents\项目开发\智慧商业4.0\00_组件开发环境\plugins\ComponentService\PageService.plugin.js:172:19), <anonymous>:1:249)
    at eval (eval at loadComponent (C:\Users\INTFORCE170914-1\Documents\项目开发\智慧商业4.0\00_组件开发环境\plugins\ComponentService\PageService.plugin.js:172:19), <anonymous>:1:1374)
    at loadComponent (C:\Users\INTFORCE170914-1\Documents\项目开发\智慧商业4.0\00_组件开发环境\plugins\ComponentService\PageService.plugin.js:172:19)
    at loadTags (C:\Users\INTFORCE170914-1\Documents\项目开发\智慧商业4.0\00_组件开发环境\plugins\ComponentService\PageService.plugin.js:126:19)
    at iService.op_loadTags (C:\Users\INTFORCE170914-1\Documents\项目开发\智慧商业4.0\00_组件开发环境\plugins\ComponentService\PageService.plugin.js:102:7)
    at async.auto.RunService (C:\Users\INTFORCE170914-1\Documents\项目开发\智慧商业4.0\00_组件开发环境\plugins\ServiceLoader.js:126:56)
    at runTask (C:\Users\INTFORCE170914-1\Documents\项目开发\智慧商业4.0\00_组件开发环境\node_modules\async\dist\async.js:1632:13)
    at C:\Users\INTFORCE170914-1\Documents\项目开发\智慧商业4.0\00_组件开发环境\node_modules\async\dist\async.js:1572:13
    at processQueue (C:\Users\INTFORCE170914-1\Documents\项目开发\智慧商业4.0\00_组件开发环境\node_modules\async\dist\async.js:1582:13)
    at taskComplete (C:\Users\INTFORCE170914-1\Documents\项目开发\智慧商业4.0\00_组件开发环境\node_modules\async\dist\async.js:1601:9) (PageService.plugin.js:182)
[15:51:36.25] [PageService] <ERROR> {name:"vm-grid-device",methods:{devicezone:function(){this.$Bus.$emit("DeviceZoneForm.Visible",this.RowData),this.$Bus.$emit("DeviceZone.Grid",this.RowData)}},GridOptions:{paging:!0,autoWidth:!0,order:[[1,"asc"]],columns:[{title:LoaderDict.Business.T_Mall.Name,width:80,className:"text-center",data:"MallName"},{title:LoaderDict.Business.T_Device.DeviceCode,width:80,className:"text-center",data:"DeviceCode"},{title:LoaderDict.Business.T_Device.DeviceType,width:80,className:"text-center",data:"DeviceType"},{title:LoaderDict.Business.T_Device.Location,width:80,className:"text-center",data:"Location"},{title:LoaderDict.Business.T_Device.IPAddress,width:80,className:"text-center",data:"IpAddress"},{title:LoaderDict.Business.UpdateTime,width:80,className:"text-center",data:"UpdateTime"},{title:LoaderDict.Common.Enabled,width:80,className:"text-center",data:function(row){return{1:LoaderDict.Status.Enabled,"-1":LoaderDict.Status.Disabled}[row.Enabled]}},{title:LoaderDict.Common.Operation,width:60,sortable:!1,className:"text-center",data:function(){var devicezone="<a class='blue' vue-click='devicezone'>"+LoaderDict.Pages.Device.DeviceZoneManager+"</a> ",modify="<a class='blue' vue-click='modify'>"+LoaderDict.Common.Modify+"</a> ",trash="<a class='red' vue-click='delete' >"+LoaderDict.Common.Delete+"</a> ";return devicezone+modify+trash}}]}} (PageService.plugin.js:183)
[15:51:36.35] [PageService] <ERROR> SyntaxError: Unexpected identifier
    at loadComponent (C:\Users\INTFORCE170914-1\Documents\项目开发\智慧商业4.0\00_组件开发环境\plugins\ComponentService\PageService.plugin.js:172:55)
    at loadTags (C:\Users\INTFORCE170914-1\Documents\项目开发\智慧商业4.0\00_组件开发环境\plugins\ComponentService\PageService.plugin.js:126:19)
    at iService.op_loadTags (C:\Users\INTFORCE170914-1\Documents\项目开发\智慧商业4.0\00_组件开发环境\plugins\ComponentService\PageService.plugin.js:102:7)
    at async.auto.RunService (C:\Users\INTFORCE170914-1\Documents\项目开发\智慧商业4.0\00_组件开发环境\plugins\ServiceLoader.js:126:56)
    at runTask (C:\Users\INTFORCE170914-1\Documents\项目开发\智慧商业4.0\00_组件开发环境\node_modules\async\dist\async.js:1632:13)
    at C:\Users\INTFORCE170914-1\Documents\项目开发\智慧商业4.0\00_组件开发环境\node_modules\async\dist\async.js:1572:13
    at processQueue (C:\Users\INTFORCE170914-1\Documents\项目开发\智慧商业4.0\00_组件开发环境\node_modules\async\dist\async.js:1582:13)
    at taskComplete (C:\Users\INTFORCE170914-1\Documents\项目开发\智慧商业4.0\00_组件开发环境\node_modules\async\dist\async.js:1601:9)
    at C:\Users\INTFORCE170914-1\Documents\项目开发\智慧商业4.0\00_组件开发环境\node_modules\async\dist\async.js:1625:17
    at C:\Users\INTFORCE170914-1\Documents\项目开发\智慧商业4.0\00_组件开发环境\node_modules\async\dist\async.js:969:16 (PageService.plugin.js:182)
[15:51:36.36] [PageService] <ERROR> {return key in obj?Object.defineProperty(obj,key,{value:value,enumerable:!0,configurable:!0,writable:!0}):obj[key]=value,obj}var _FormData;$VueFactory.businessForm({name:"vm-form-devicezone",created:function(){var me=this;this.$Bus.$on("DeviceZoneForm.Visible",function(data){console.log("fromdata"),console.log(data),me.FormData.DeviceCode=data.DeviceCode,me.FormData.Vendor=data.Vendor,me.FormData.DeviceZones=data.DeviceZones,me.FormData.Id=data.Id})},methods:{Close:function(){this.Visible=!1,this.$Bus.$emit("DeviceZoneClear.Form")},Save:function(){this.FormData.DeviceZoneCode=this.FormData.DeviceCode+"#"+this.FormData.Vendor,this.$Bus.$emit("DeviceZoneSave.Grid",this.FormData)}},FormData:(_FormData={Id:null,Enabled:1,MallId:null,MallName:null,DeviceCode:null,IPAddress:null,Location:null,DeviceType:null},_defineProperty(_FormData,"Location",null),_defineProperty(_FormData,"RemoteCode",null),_defineProperty(_FormData,"DataClass",null),_defineProperty(_FormData,"Vendor",null),_defineProperty(_FormData,"CompanyId",null),_defineProperty(_FormData,"CompanyName",null),_defineProperty(_FormData,"DeviceZones",null),_defineProperty(_FormData,"HostDeviceId",null),_FormData),Rules:{CompanyId:{required:!0},MallId:{required:!0},DeviceCode:{required:!0},IPAddress:{required:!0},DeviceType:{required:!0},Location:{required:!0},RemoteCode:{required:!0},DataClass:{required:!0}}} (PageService.plugin.js:183)
[15:51:36.47] [PageService] <ERROR> ReferenceError: LoaderDict is not defined
    at eval (eval at loadComponent (C:\Users\INTFORCE170914-1\Documents\项目开发\智慧商业4.0\00_组件开发环境\plugins\ComponentService\PageService.plugin.js:172:19), <anonymous>:1:910)
    at eval (eval at loadComponent (C:\Users\INTFORCE170914-1\Documents\项目开发\智慧商业4.0\00_组件开发环境\plugins\ComponentService\PageService.plugin.js:172:19), <anonymous>:1:1768)
    at loadComponent (C:\Users\INTFORCE170914-1\Documents\项目开发\智慧商业4.0\00_组件开发环境\plugins\ComponentService\PageService.plugin.js:172:19)
    at loadTags (C:\Users\INTFORCE170914-1\Documents\项目开发\智慧商业4.0\00_组件开发环境\plugins\ComponentService\PageService.plugin.js:126:19)
    at iService.op_loadTags (C:\Users\INTFORCE170914-1\Documents\项目开发\智慧商业4.0\00_组件开发环境\plugins\ComponentService\PageService.plugin.js:102:7)
    at async.auto.RunService (C:\Users\INTFORCE170914-1\Documents\项目开发\智慧商业4.0\00_组件开发环境\plugins\ServiceLoader.js:126:56)
    at runTask (C:\Users\INTFORCE170914-1\Documents\项目开发\智慧商业4.0\00_组件开发环境\node_modules\async\dist\async.js:1632:13)
    at C:\Users\INTFORCE170914-1\Documents\项目开发\智慧商业4.0\00_组件开发环境\node_modules\async\dist\async.js:1572:13
    at processQueue (C:\Users\INTFORCE170914-1\Documents\项目开发\智慧商业4.0\00_组件开发环境\node_modules\async\dist\async.js:1582:13)
    at taskComplete (C:\Users\INTFORCE170914-1\Documents\项目开发\智慧商业4.0\00_组件开发环境\node_modules\async\dist\async.js:1601:9) (PageService.plugin.js:182)
[15:51:36.48] [PageService] <ERROR> {props:["autoload"],name:"vm-subset-devicezone",created:function(){var me=this;this.$Bus.$on("DeviceZone.Grid",function(data){me.Query=data;var DeviceZones=data.DeviceZones;me.$set(me.Query,"DeviceZones",DeviceZones),me.method="linkeddevicezone",me.LoadTrigger=!0,me.autoload=!0})},methods:{deletezone:function(){for(var DeviceZones=this.Query.DeviceZones,i=DeviceZones.length-1;i>=0;i--)console.log("this.RowData.Id+++"),console.log(DeviceZones[i].DeviceZoneId),console.log(this.RowData.Id),DeviceZones[i].DeviceZoneId==this.RowData.Id&&DeviceZones.splice(i,1);this.$set(this.Query,"DeviceId",this.RowData.Id),this.$set(this.Query,"DeviceZones",DeviceZones),this.method="deletedevice",this.LoadTrigger=!0},modifyzone:function(){this.$Bus.$emit("DeviceZoneModify.Form",this.RowData)}},GridOptions:{paging:!1,autoWidth:!1,PageSizeVisible:!1,PagerVisible:!1,order:[[0,"asc"]],columns:[{title:LoaderDict.Business.T_DeviceZone.DeviceZoneCode,width:80,className:"text-center",data:"DeviceZoneCode"},{title:LoaderDict.Business.T_Device.DataClass,width:80,className:"text-center",data:"DataClass"},{title:LoaderDict.Business.T_Device.RemoteCode,width:80,className:"text-center",data:"RemoteCode"},{title:LoaderDict.Business.T_DeviceZone.IpAddress,width:80,className:"text-center",data:"IpAddress"},{title:LoaderDict.Common.Enabled,width:80,className:"text-center",data:function(row){return{1:LoaderDict.Status.Enabled,"-1":LoaderDict.Status.Disabled}[row.Enabled]}},{title:LoaderDict.Common.Operation,width:60,sortable:!1,className:"text-center",data:function(){var modify="<a class='blue' vue-click='modifyzone'>"+LoaderDict.Common.Modify+"</a> ",trash="<a class='red' vue-click='deletezone' >"+LoaderDict.Common.Delete+"</a> ";return modify+trash}}]}} (PageService.plugin.js:183)
[15:52:01.14] [PageService] <ERROR> ReferenceError: LoaderDict is not defined
    at eval (eval at loadComponent (C:\Users\INTFORCE170914-1\Documents\项目开发\智慧商业4.0\00_组件开发环境\plugins\ComponentService\PageService.plugin.js:172:19), <anonymous>:1:249)
    at eval (eval at loadComponent (C:\Users\INTFORCE170914-1\Documents\项目开发\智慧商业4.0\00_组件开发环境\plugins\ComponentService\PageService.plugin.js:172:19), <anonymous>:1:1374)
    at loadComponent (C:\Users\INTFORCE170914-1\Documents\项目开发\智慧商业4.0\00_组件开发环境\plugins\ComponentService\PageService.plugin.js:172:19)
    at loadTags (C:\Users\INTFORCE170914-1\Documents\项目开发\智慧商业4.0\00_组件开发环境\plugins\ComponentService\PageService.plugin.js:126:19)
    at iService.op_loadTags (C:\Users\INTFORCE170914-1\Documents\项目开发\智慧商业4.0\00_组件开发环境\plugins\ComponentService\PageService.plugin.js:102:7)
    at async.auto.RunService (C:\Users\INTFORCE170914-1\Documents\项目开发\智慧商业4.0\00_组件开发环境\plugins\ServiceLoader.js:126:56)
    at runTask (C:\Users\INTFORCE170914-1\Documents\项目开发\智慧商业4.0\00_组件开发环境\node_modules\async\dist\async.js:1632:13)
    at C:\Users\INTFORCE170914-1\Documents\项目开发\智慧商业4.0\00_组件开发环境\node_modules\async\dist\async.js:1572:13
    at processQueue (C:\Users\INTFORCE170914-1\Documents\项目开发\智慧商业4.0\00_组件开发环境\node_modules\async\dist\async.js:1582:13)
    at taskComplete (C:\Users\INTFORCE170914-1\Documents\项目开发\智慧商业4.0\00_组件开发环境\node_modules\async\dist\async.js:1601:9) (PageService.plugin.js:182)
[15:52:01.14] [PageService] <ERROR> {name:"vm-grid-device",methods:{devicezone:function(){this.$Bus.$emit("DeviceZoneForm.Visible",this.RowData),this.$Bus.$emit("DeviceZone.Grid",this.RowData)}},GridOptions:{paging:!0,autoWidth:!0,order:[[1,"asc"]],columns:[{title:LoaderDict.Business.T_Mall.Name,width:80,className:"text-center",data:"MallName"},{title:LoaderDict.Business.T_Device.DeviceCode,width:80,className:"text-center",data:"DeviceCode"},{title:LoaderDict.Business.T_Device.DeviceType,width:80,className:"text-center",data:"DeviceType"},{title:LoaderDict.Business.T_Device.Location,width:80,className:"text-center",data:"Location"},{title:LoaderDict.Business.T_Device.IPAddress,width:80,className:"text-center",data:"IpAddress"},{title:LoaderDict.Business.UpdateTime,width:80,className:"text-center",data:"UpdateTime"},{title:LoaderDict.Common.Enabled,width:80,className:"text-center",data:function(row){return{1:LoaderDict.Status.Enabled,"-1":LoaderDict.Status.Disabled}[row.Enabled]}},{title:LoaderDict.Common.Operation,width:60,sortable:!1,className:"text-center",data:function(){var devicezone="<a class='blue' vue-click='devicezone'>"+LoaderDict.Pages.Device.DeviceZoneManager+"</a> ",modify="<a class='blue' vue-click='modify'>"+LoaderDict.Common.Modify+"</a> ",trash="<a class='red' vue-click='delete' >"+LoaderDict.Common.Delete+"</a> ";return devicezone+modify+trash}}]}} (PageService.plugin.js:183)
[15:52:01.24] [PageService] <ERROR> SyntaxError: Unexpected identifier
    at loadComponent (C:\Users\INTFORCE170914-1\Documents\项目开发\智慧商业4.0\00_组件开发环境\plugins\ComponentService\PageService.plugin.js:172:55)
    at loadTags (C:\Users\INTFORCE170914-1\Documents\项目开发\智慧商业4.0\00_组件开发环境\plugins\ComponentService\PageService.plugin.js:126:19)
    at iService.op_loadTags (C:\Users\INTFORCE170914-1\Documents\项目开发\智慧商业4.0\00_组件开发环境\plugins\ComponentService\PageService.plugin.js:102:7)
    at async.auto.RunService (C:\Users\INTFORCE170914-1\Documents\项目开发\智慧商业4.0\00_组件开发环境\plugins\ServiceLoader.js:126:56)
    at runTask (C:\Users\INTFORCE170914-1\Documents\项目开发\智慧商业4.0\00_组件开发环境\node_modules\async\dist\async.js:1632:13)
    at C:\Users\INTFORCE170914-1\Documents\项目开发\智慧商业4.0\00_组件开发环境\node_modules\async\dist\async.js:1572:13
    at processQueue (C:\Users\INTFORCE170914-1\Documents\项目开发\智慧商业4.0\00_组件开发环境\node_modules\async\dist\async.js:1582:13)
    at taskComplete (C:\Users\INTFORCE170914-1\Documents\项目开发\智慧商业4.0\00_组件开发环境\node_modules\async\dist\async.js:1601:9)
    at C:\Users\INTFORCE170914-1\Documents\项目开发\智慧商业4.0\00_组件开发环境\node_modules\async\dist\async.js:1625:17
    at C:\Users\INTFORCE170914-1\Documents\项目开发\智慧商业4.0\00_组件开发环境\node_modules\async\dist\async.js:969:16 (PageService.plugin.js:182)
[15:52:01.24] [PageService] <ERROR> {return key in obj?Object.defineProperty(obj,key,{value:value,enumerable:!0,configurable:!0,writable:!0}):obj[key]=value,obj}var _FormData;$VueFactory.businessForm({name:"vm-form-devicezone",created:function(){var me=this;this.$Bus.$on("DeviceZoneForm.Visible",function(data){console.log("fromdata"),console.log(data),me.FormData.DeviceCode=data.DeviceCode,me.FormData.Vendor=data.Vendor,me.FormData.DeviceZones=data.DeviceZones,me.FormData.Id=data.Id})},methods:{Close:function(){this.Visible=!1,this.$Bus.$emit("DeviceZoneClear.Form")},Save:function(){this.FormData.DeviceZoneCode=this.FormData.DeviceCode+"#"+this.FormData.Vendor,this.$Bus.$emit("DeviceZoneSave.Grid",this.FormData)}},FormData:(_FormData={Id:null,Enabled:1,MallId:null,MallName:null,DeviceCode:null,IPAddress:null,Location:null,DeviceType:null},_defineProperty(_FormData,"Location",null),_defineProperty(_FormData,"RemoteCode",null),_defineProperty(_FormData,"DataClass",null),_defineProperty(_FormData,"Vendor",null),_defineProperty(_FormData,"CompanyId",null),_defineProperty(_FormData,"CompanyName",null),_defineProperty(_FormData,"DeviceZones",null),_defineProperty(_FormData,"HostDeviceId",null),_FormData),Rules:{CompanyId:{required:!0},MallId:{required:!0},DeviceCode:{required:!0},IPAddress:{required:!0},DeviceType:{required:!0},Location:{required:!0},RemoteCode:{required:!0},DataClass:{required:!0}}} (PageService.plugin.js:183)
[15:52:01.36] [PageService] <ERROR> ReferenceError: LoaderDict is not defined
    at eval (eval at loadComponent (C:\Users\INTFORCE170914-1\Documents\项目开发\智慧商业4.0\00_组件开发环境\plugins\ComponentService\PageService.plugin.js:172:19), <anonymous>:1:910)
    at eval (eval at loadComponent (C:\Users\INTFORCE170914-1\Documents\项目开发\智慧商业4.0\00_组件开发环境\plugins\ComponentService\PageService.plugin.js:172:19), <anonymous>:1:1768)
    at loadComponent (C:\Users\INTFORCE170914-1\Documents\项目开发\智慧商业4.0\00_组件开发环境\plugins\ComponentService\PageService.plugin.js:172:19)
    at loadTags (C:\Users\INTFORCE170914-1\Documents\项目开发\智慧商业4.0\00_组件开发环境\plugins\ComponentService\PageService.plugin.js:126:19)
    at iService.op_loadTags (C:\Users\INTFORCE170914-1\Documents\项目开发\智慧商业4.0\00_组件开发环境\plugins\ComponentService\PageService.plugin.js:102:7)
    at async.auto.RunService (C:\Users\INTFORCE170914-1\Documents\项目开发\智慧商业4.0\00_组件开发环境\plugins\ServiceLoader.js:126:56)
    at runTask (C:\Users\INTFORCE170914-1\Documents\项目开发\智慧商业4.0\00_组件开发环境\node_modules\async\dist\async.js:1632:13)
    at C:\Users\INTFORCE170914-1\Documents\项目开发\智慧商业4.0\00_组件开发环境\node_modules\async\dist\async.js:1572:13
    at processQueue (C:\Users\INTFORCE170914-1\Documents\项目开发\智慧商业4.0\00_组件开发环境\node_modules\async\dist\async.js:1582:13)
    at taskComplete (C:\Users\INTFORCE170914-1\Documents\项目开发\智慧商业4.0\00_组件开发环境\node_modules\async\dist\async.js:1601:9) (PageService.plugin.js:182)
[15:52:01.37] [PageService] <ERROR> {props:["autoload"],name:"vm-subset-devicezone",created:function(){var me=this;this.$Bus.$on("DeviceZone.Grid",function(data){me.Query=data;var DeviceZones=data.DeviceZones;me.$set(me.Query,"DeviceZones",DeviceZones),me.method="linkeddevicezone",me.LoadTrigger=!0,me.autoload=!0})},methods:{deletezone:function(){for(var DeviceZones=this.Query.DeviceZones,i=DeviceZones.length-1;i>=0;i--)console.log("this.RowData.Id+++"),console.log(DeviceZones[i].DeviceZoneId),console.log(this.RowData.Id),DeviceZones[i].DeviceZoneId==this.RowData.Id&&DeviceZones.splice(i,1);this.$set(this.Query,"DeviceId",this.RowData.Id),this.$set(this.Query,"DeviceZones",DeviceZones),this.method="deletedevice",this.LoadTrigger=!0},modifyzone:function(){this.$Bus.$emit("DeviceZoneModify.Form",this.RowData)}},GridOptions:{paging:!1,autoWidth:!1,PageSizeVisible:!1,PagerVisible:!1,order:[[0,"asc"]],columns:[{title:LoaderDict.Business.T_DeviceZone.DeviceZoneCode,width:80,className:"text-center",data:"DeviceZoneCode"},{title:LoaderDict.Business.T_Device.DataClass,width:80,className:"text-center",data:"DataClass"},{title:LoaderDict.Business.T_Device.RemoteCode,width:80,className:"text-center",data:"RemoteCode"},{title:LoaderDict.Business.T_DeviceZone.IpAddress,width:80,className:"text-center",data:"IpAddress"},{title:LoaderDict.Common.Enabled,width:80,className:"text-center",data:function(row){return{1:LoaderDict.Status.Enabled,"-1":LoaderDict.Status.Disabled}[row.Enabled]}},{title:LoaderDict.Common.Operation,width:60,sortable:!1,className:"text-center",data:function(){var modify="<a class='blue' vue-click='modifyzone'>"+LoaderDict.Common.Modify+"</a> ",trash="<a class='red' vue-click='deletezone' >"+LoaderDict.Common.Delete+"</a> ";return modify+trash}}]}} (PageService.plugin.js:183)
[15:53:55.52] [PageService] <ERROR> ReferenceError: LoaderDict is not defined
    at eval (eval at loadComponent (C:\Users\INTFORCE170914-1\Documents\项目开发\智慧商业4.0\00_组件开发环境\plugins\ComponentService\PageService.plugin.js:172:19), <anonymous>:1:249)
    at eval (eval at loadComponent (C:\Users\INTFORCE170914-1\Documents\项目开发\智慧商业4.0\00_组件开发环境\plugins\ComponentService\PageService.plugin.js:172:19), <anonymous>:1:1374)
    at loadComponent (C:\Users\INTFORCE170914-1\Documents\项目开发\智慧商业4.0\00_组件开发环境\plugins\ComponentService\PageService.plugin.js:172:19)
    at loadTags (C:\Users\INTFORCE170914-1\Documents\项目开发\智慧商业4.0\00_组件开发环境\plugins\ComponentService\PageService.plugin.js:126:19)
    at iService.op_loadTags (C:\Users\INTFORCE170914-1\Documents\项目开发\智慧商业4.0\00_组件开发环境\plugins\ComponentService\PageService.plugin.js:102:7)
    at async.auto.RunService (C:\Users\INTFORCE170914-1\Documents\项目开发\智慧商业4.0\00_组件开发环境\plugins\ServiceLoader.js:126:56)
    at runTask (C:\Users\INTFORCE170914-1\Documents\项目开发\智慧商业4.0\00_组件开发环境\node_modules\async\dist\async.js:1632:13)
    at C:\Users\INTFORCE170914-1\Documents\项目开发\智慧商业4.0\00_组件开发环境\node_modules\async\dist\async.js:1572:13
    at processQueue (C:\Users\INTFORCE170914-1\Documents\项目开发\智慧商业4.0\00_组件开发环境\node_modules\async\dist\async.js:1582:13)
    at taskComplete (C:\Users\INTFORCE170914-1\Documents\项目开发\智慧商业4.0\00_组件开发环境\node_modules\async\dist\async.js:1601:9) (PageService.plugin.js:182)
[15:53:55.53] [PageService] <ERROR> {name:"vm-grid-device",methods:{devicezone:function(){this.$Bus.$emit("DeviceZoneForm.Visible",this.RowData),this.$Bus.$emit("DeviceZone.Grid",this.RowData)}},GridOptions:{paging:!0,autoWidth:!0,order:[[1,"asc"]],columns:[{title:LoaderDict.Business.T_Mall.Name,width:80,className:"text-center",data:"MallName"},{title:LoaderDict.Business.T_Device.DeviceCode,width:80,className:"text-center",data:"DeviceCode"},{title:LoaderDict.Business.T_Device.DeviceType,width:80,className:"text-center",data:"DeviceType"},{title:LoaderDict.Business.T_Device.Location,width:80,className:"text-center",data:"Location"},{title:LoaderDict.Business.T_Device.IPAddress,width:80,className:"text-center",data:"IpAddress"},{title:LoaderDict.Business.UpdateTime,width:80,className:"text-center",data:"UpdateTime"},{title:LoaderDict.Common.Enabled,width:80,className:"text-center",data:function(row){return{1:LoaderDict.Status.Enabled,"-1":LoaderDict.Status.Disabled}[row.Enabled]}},{title:LoaderDict.Common.Operation,width:60,sortable:!1,className:"text-center",data:function(){var devicezone="<a class='blue' vue-click='devicezone'>"+LoaderDict.Pages.Device.DeviceZoneManager+"</a> ",modify="<a class='blue' vue-click='modify'>"+LoaderDict.Common.Modify+"</a> ",trash="<a class='red' vue-click='delete' >"+LoaderDict.Common.Delete+"</a> ";return devicezone+modify+trash}}]}} (PageService.plugin.js:183)
[15:53:55.63] [PageService] <ERROR> SyntaxError: Unexpected identifier
    at loadComponent (C:\Users\INTFORCE170914-1\Documents\项目开发\智慧商业4.0\00_组件开发环境\plugins\ComponentService\PageService.plugin.js:172:55)
    at loadTags (C:\Users\INTFORCE170914-1\Documents\项目开发\智慧商业4.0\00_组件开发环境\plugins\ComponentService\PageService.plugin.js:126:19)
    at iService.op_loadTags (C:\Users\INTFORCE170914-1\Documents\项目开发\智慧商业4.0\00_组件开发环境\plugins\ComponentService\PageService.plugin.js:102:7)
    at async.auto.RunService (C:\Users\INTFORCE170914-1\Documents\项目开发\智慧商业4.0\00_组件开发环境\plugins\ServiceLoader.js:126:56)
    at runTask (C:\Users\INTFORCE170914-1\Documents\项目开发\智慧商业4.0\00_组件开发环境\node_modules\async\dist\async.js:1632:13)
    at C:\Users\INTFORCE170914-1\Documents\项目开发\智慧商业4.0\00_组件开发环境\node_modules\async\dist\async.js:1572:13
    at processQueue (C:\Users\INTFORCE170914-1\Documents\项目开发\智慧商业4.0\00_组件开发环境\node_modules\async\dist\async.js:1582:13)
    at taskComplete (C:\Users\INTFORCE170914-1\Documents\项目开发\智慧商业4.0\00_组件开发环境\node_modules\async\dist\async.js:1601:9)
    at C:\Users\INTFORCE170914-1\Documents\项目开发\智慧商业4.0\00_组件开发环境\node_modules\async\dist\async.js:1625:17
    at C:\Users\INTFORCE170914-1\Documents\项目开发\智慧商业4.0\00_组件开发环境\node_modules\async\dist\async.js:969:16 (PageService.plugin.js:182)
[15:53:55.64] [PageService] <ERROR> {return key in obj?Object.defineProperty(obj,key,{value:value,enumerable:!0,configurable:!0,writable:!0}):obj[key]=value,obj}var _FormData;$VueFactory.businessForm({name:"vm-form-devicezone",created:function(){var me=this;this.$Bus.$on("DeviceZoneForm.Visible",function(data){console.log("fromdata"),console.log(data),me.FormData.DeviceCode=data.DeviceCode,me.FormData.Vendor=data.Vendor,me.FormData.DeviceZones=data.DeviceZones,me.FormData.Id=data.Id})},methods:{Close:function(){this.Visible=!1,this.$Bus.$emit("DeviceZoneClear.Form")},Save:function(){this.FormData.DeviceZoneCode=this.FormData.DeviceCode+"#"+this.FormData.Vendor,this.$Bus.$emit("DeviceZoneSave.Grid",this.FormData)}},FormData:(_FormData={Id:null,Enabled:1,MallId:null,MallName:null,DeviceCode:null,IPAddress:null,Location:null,DeviceType:null},_defineProperty(_FormData,"Location",null),_defineProperty(_FormData,"RemoteCode",null),_defineProperty(_FormData,"DataClass",null),_defineProperty(_FormData,"Vendor",null),_defineProperty(_FormData,"CompanyId",null),_defineProperty(_FormData,"CompanyName",null),_defineProperty(_FormData,"DeviceZones",null),_defineProperty(_FormData,"HostDeviceId",null),_FormData),Rules:{CompanyId:{required:!0},MallId:{required:!0},DeviceCode:{required:!0},IPAddress:{required:!0},DeviceType:{required:!0},Location:{required:!0},RemoteCode:{required:!0},DataClass:{required:!0}}} (PageService.plugin.js:183)
[15:53:55.76] [PageService] <ERROR> ReferenceError: LoaderDict is not defined
    at eval (eval at loadComponent (C:\Users\INTFORCE170914-1\Documents\项目开发\智慧商业4.0\00_组件开发环境\plugins\ComponentService\PageService.plugin.js:172:19), <anonymous>:1:910)
    at eval (eval at loadComponent (C:\Users\INTFORCE170914-1\Documents\项目开发\智慧商业4.0\00_组件开发环境\plugins\ComponentService\PageService.plugin.js:172:19), <anonymous>:1:1768)
    at loadComponent (C:\Users\INTFORCE170914-1\Documents\项目开发\智慧商业4.0\00_组件开发环境\plugins\ComponentService\PageService.plugin.js:172:19)
    at loadTags (C:\Users\INTFORCE170914-1\Documents\项目开发\智慧商业4.0\00_组件开发环境\plugins\ComponentService\PageService.plugin.js:126:19)
    at iService.op_loadTags (C:\Users\INTFORCE170914-1\Documents\项目开发\智慧商业4.0\00_组件开发环境\plugins\ComponentService\PageService.plugin.js:102:7)
    at async.auto.RunService (C:\Users\INTFORCE170914-1\Documents\项目开发\智慧商业4.0\00_组件开发环境\plugins\ServiceLoader.js:126:56)
    at runTask (C:\Users\INTFORCE170914-1\Documents\项目开发\智慧商业4.0\00_组件开发环境\node_modules\async\dist\async.js:1632:13)
    at C:\Users\INTFORCE170914-1\Documents\项目开发\智慧商业4.0\00_组件开发环境\node_modules\async\dist\async.js:1572:13
    at processQueue (C:\Users\INTFORCE170914-1\Documents\项目开发\智慧商业4.0\00_组件开发环境\node_modules\async\dist\async.js:1582:13)
    at taskComplete (C:\Users\INTFORCE170914-1\Documents\项目开发\智慧商业4.0\00_组件开发环境\node_modules\async\dist\async.js:1601:9) (PageService.plugin.js:182)
[15:53:55.77] [PageService] <ERROR> {props:["autoload"],name:"vm-subset-devicezone",created:function(){var me=this;this.$Bus.$on("DeviceZone.Grid",function(data){me.Query=data;var DeviceZones=data.DeviceZones;me.$set(me.Query,"DeviceZones",DeviceZones),me.method="linkeddevicezone",me.LoadTrigger=!0,me.autoload=!0})},methods:{deletezone:function(){for(var DeviceZones=this.Query.DeviceZones,i=DeviceZones.length-1;i>=0;i--)console.log("this.RowData.Id+++"),console.log(DeviceZones[i].DeviceZoneId),console.log(this.RowData.Id),DeviceZones[i].DeviceZoneId==this.RowData.Id&&DeviceZones.splice(i,1);this.$set(this.Query,"DeviceId",this.RowData.Id),this.$set(this.Query,"DeviceZones",DeviceZones),this.method="deletedevice",this.LoadTrigger=!0},modifyzone:function(){this.$Bus.$emit("DeviceZoneModify.Form",this.RowData)}},GridOptions:{paging:!1,autoWidth:!1,PageSizeVisible:!1,PagerVisible:!1,order:[[0,"asc"]],columns:[{title:LoaderDict.Business.T_DeviceZone.DeviceZoneCode,width:80,className:"text-center",data:"DeviceZoneCode"},{title:LoaderDict.Business.T_Device.DataClass,width:80,className:"text-center",data:"DataClass"},{title:LoaderDict.Business.T_Device.RemoteCode,width:80,className:"text-center",data:"RemoteCode"},{title:LoaderDict.Business.T_DeviceZone.IpAddress,width:80,className:"text-center",data:"IpAddress"},{title:LoaderDict.Common.Enabled,width:80,className:"text-center",data:function(row){return{1:LoaderDict.Status.Enabled,"-1":LoaderDict.Status.Disabled}[row.Enabled]}},{title:LoaderDict.Common.Operation,width:60,sortable:!1,className:"text-center",data:function(){var modify="<a class='blue' vue-click='modifyzone'>"+LoaderDict.Common.Modify+"</a> ",trash="<a class='red' vue-click='deletezone' >"+LoaderDict.Common.Delete+"</a> ";return modify+trash}}]}} (PageService.plugin.js:183)
[15:55:45.96] [PageService] <ERROR> ReferenceError: LoaderDict is not defined
    at eval (eval at loadComponent (C:\Users\INTFORCE170914-1\Documents\项目开发\智慧商业4.0\00_组件开发环境\plugins\ComponentService\PageService.plugin.js:172:19), <anonymous>:1:249)
    at eval (eval at loadComponent (C:\Users\INTFORCE170914-1\Documents\项目开发\智慧商业4.0\00_组件开发环境\plugins\ComponentService\PageService.plugin.js:172:19), <anonymous>:1:1374)
    at loadComponent (C:\Users\INTFORCE170914-1\Documents\项目开发\智慧商业4.0\00_组件开发环境\plugins\ComponentService\PageService.plugin.js:172:19)
    at loadTags (C:\Users\INTFORCE170914-1\Documents\项目开发\智慧商业4.0\00_组件开发环境\plugins\ComponentService\PageService.plugin.js:126:19)
    at iService.op_loadTags (C:\Users\INTFORCE170914-1\Documents\项目开发\智慧商业4.0\00_组件开发环境\plugins\ComponentService\PageService.plugin.js:102:7)
    at async.auto.RunService (C:\Users\INTFORCE170914-1\Documents\项目开发\智慧商业4.0\00_组件开发环境\plugins\ServiceLoader.js:126:56)
    at runTask (C:\Users\INTFORCE170914-1\Documents\项目开发\智慧商业4.0\00_组件开发环境\node_modules\async\dist\async.js:1632:13)
    at C:\Users\INTFORCE170914-1\Documents\项目开发\智慧商业4.0\00_组件开发环境\node_modules\async\dist\async.js:1572:13
    at processQueue (C:\Users\INTFORCE170914-1\Documents\项目开发\智慧商业4.0\00_组件开发环境\node_modules\async\dist\async.js:1582:13)
    at taskComplete (C:\Users\INTFORCE170914-1\Documents\项目开发\智慧商业4.0\00_组件开发环境\node_modules\async\dist\async.js:1601:9) (PageService.plugin.js:182)
[15:55:45.97] [PageService] <ERROR> {name:"vm-grid-device",methods:{devicezone:function(){this.$Bus.$emit("DeviceZoneForm.Visible",this.RowData),this.$Bus.$emit("DeviceZone.Grid",this.RowData)}},GridOptions:{paging:!0,autoWidth:!0,order:[[1,"asc"]],columns:[{title:LoaderDict.Business.T_Mall.Name,width:80,className:"text-center",data:"MallName"},{title:LoaderDict.Business.T_Device.DeviceCode,width:80,className:"text-center",data:"DeviceCode"},{title:LoaderDict.Business.T_Device.DeviceType,width:80,className:"text-center",data:"DeviceType"},{title:LoaderDict.Business.T_Device.Location,width:80,className:"text-center",data:"Location"},{title:LoaderDict.Business.T_Device.IPAddress,width:80,className:"text-center",data:"IpAddress"},{title:LoaderDict.Business.UpdateTime,width:80,className:"text-center",data:"UpdateTime"},{title:LoaderDict.Common.Enabled,width:80,className:"text-center",data:function(row){return{1:LoaderDict.Status.Enabled,"-1":LoaderDict.Status.Disabled}[row.Enabled]}},{title:LoaderDict.Common.Operation,width:60,sortable:!1,className:"text-center",data:function(){var devicezone="<a class='blue' vue-click='devicezone'>"+LoaderDict.Pages.Device.DeviceZoneManager+"</a> ",modify="<a class='blue' vue-click='modify'>"+LoaderDict.Common.Modify+"</a> ",trash="<a class='red' vue-click='delete' >"+LoaderDict.Common.Delete+"</a> ";return devicezone+modify+trash}}]}} (PageService.plugin.js:183)
