[16:57:05.78] [ComponentService] <INFO> 正在注册： vb-cascader-city.vue文件 (ComponentService.plugin.js:249)
[16:57:05.79] [ComponentService] <INFO> 正在注册： vb-form-activity.vue文件 (ComponentService.plugin.js:249)
[16:57:05.80] [ComponentService] <INFO> 正在注册： vb-form-businesstime.vue文件 (ComponentService.plugin.js:249)
[16:57:05.81] [ComponentService] <INFO> 正在注册： vb-form-businesstimeplugin.vue文件 (ComponentService.plugin.js:249)
[16:57:05.82] [ComponentService] <INFO> 正在注册： vb-form-chartoption.vue文件 (ComponentService.plugin.js:249)
[16:57:05.82] [ComponentService] <INFO> 正在注册： vb-form-chartstyle.vue文件 (ComponentService.plugin.js:249)
[16:57:05.82] [ComponentService] <INFO> 正在注册： vb-form-company.vue文件 (ComponentService.plugin.js:249)
[16:57:05.83] [ComponentService] <INFO> 正在注册： vb-form-conditionoption.vue文件 (ComponentService.plugin.js:249)
[16:57:05.84] [ComponentService] <INFO> 正在注册： vb-form-fencezone.vue文件 (ComponentService.plugin.js:249)
[16:57:05.84] [ComponentService] <INFO> 正在注册： vb-form-holiday.vue文件 (ComponentService.plugin.js:249)
[16:57:05.85] [ComponentService] <INFO> 正在注册： vb-form-indexoption.vue文件 (ComponentService.plugin.js:249)
[16:57:05.85] [ComponentService] <INFO> 正在注册： vb-form-location.vue文件 (ComponentService.plugin.js:249)
[16:57:05.86] [ComponentService] <INFO> 正在注册： vb-form-mall.vue文件 (ComponentService.plugin.js:249)
[16:57:05.86] [ComponentService] <INFO> 正在注册： vb-form-physicalzone.vue文件 (ComponentService.plugin.js:249)
[16:57:05.87] [ComponentService] <INFO> 正在注册： vb-form-reportmenu.vue文件 (ComponentService.plugin.js:249)
[16:57:05.87] [ComponentService] <INFO> 正在注册： vb-form-reportpage.vue文件 (ComponentService.plugin.js:249)
[16:57:05.88] [ComponentService] <INFO> 正在注册： vb-form-tag.vue文件 (ComponentService.plugin.js:249)
[16:57:05.88] [ComponentService] <INFO> 正在注册： vb-form-transfer-mall.vue文件 (ComponentService.plugin.js:249)
[16:57:05.89] [ComponentService] <INFO> 正在注册： vb-form-weather.vue文件 (ComponentService.plugin.js:249)
[16:57:05.89] [ComponentService] <INFO> 正在注册： vb-grid-activity.vue文件 (ComponentService.plugin.js:249)
[16:57:05.89] [ComponentService] <INFO> 正在注册： vb-grid-businesstime.vue文件 (ComponentService.plugin.js:249)
[16:57:05.90] [ComponentService] <INFO> 正在注册： vb-grid-chartoption.vue文件 (ComponentService.plugin.js:249)
[16:57:05.90] [ComponentService] <INFO> 正在注册： vb-grid-chartstyle.vue文件 (ComponentService.plugin.js:249)
[16:57:05.91] [ComponentService] <INFO> 正在注册： vb-grid-company.vue文件 (ComponentService.plugin.js:249)
[16:57:05.91] [ComponentService] <INFO> 正在注册： vb-grid-conditionoption.vue文件 (ComponentService.plugin.js:249)
[16:57:05.92] [ComponentService] <INFO> 正在注册： vb-grid-fencezone.vue文件 (ComponentService.plugin.js:249)
[16:57:05.92] [ComponentService] <INFO> 正在注册： vb-grid-holiday.vue文件 (ComponentService.plugin.js:249)
[16:57:05.92] [ComponentService] <INFO> 正在注册： vb-grid-indexoption.vue文件 (ComponentService.plugin.js:249)
[16:57:05.93] [ComponentService] <INFO> 正在注册： vb-grid-location.vue文件 (ComponentService.plugin.js:249)
[16:57:05.93] [ComponentService] <INFO> 正在注册： vb-grid-mall.vue文件 (ComponentService.plugin.js:249)
[16:57:05.94] [ComponentService] <INFO> 正在注册： vb-grid-physicalzone.vue文件 (ComponentService.plugin.js:249)
[16:57:05.94] [ComponentService] <INFO> 正在注册： vb-grid-reportmenu.vue文件 (ComponentService.plugin.js:249)
[16:57:05.94] [ComponentService] <INFO> 正在注册： vb-grid-reportpage.vue文件 (ComponentService.plugin.js:249)
[16:57:05.95] [ComponentService] <INFO> 正在注册： vb-grid-role.vue文件 (ComponentService.plugin.js:249)
[16:57:05.95] [ComponentService] <INFO> 正在注册： vb-grid-tag.vue文件 (ComponentService.plugin.js:249)
[16:57:05.96] [ComponentService] <INFO> 正在注册： vb-grid-user.vue文件 (ComponentService.plugin.js:249)
[16:57:05.96] [ComponentService] <INFO> 正在注册： vb-grid-weather.vue文件 (ComponentService.plugin.js:249)
[16:57:05.97] [ComponentService] <INFO> 正在注册： vb-log-malllog.vue文件 (ComponentService.plugin.js:249)
[16:57:05.97] [ComponentService] <INFO> 正在注册： vb-log-mallupdate.vue文件 (ComponentService.plugin.js:249)
[16:57:05.97] [ComponentService] <INFO> 正在注册： vb-log-zonelog.vue文件 (ComponentService.plugin.js:249)
[16:57:05.98] [ComponentService] <INFO> 正在注册： vb-log-zoneupdate.vue文件 (ComponentService.plugin.js:249)
[16:57:05.98] [ComponentService] <INFO> 正在注册： vb-page-activity.vue文件 (ComponentService.plugin.js:249)
[16:57:05.99] [ComponentService] <INFO> 正在注册： vb-page-businesstime.vue文件 (ComponentService.plugin.js:249)
[16:57:05.99] [ComponentService] <INFO> 正在注册： vb-page-chartoption.vue文件 (ComponentService.plugin.js:249)
[16:57:05.100] [ComponentService] <INFO> 正在注册： vb-page-chartstyle.vue文件 (ComponentService.plugin.js:249)
[16:57:05.100] [ComponentService] <INFO> 正在注册： vb-page-company.vue文件 (ComponentService.plugin.js:249)
[16:57:06.00] [ComponentService] <INFO> 正在注册： vb-page-conditionoption.vue文件 (ComponentService.plugin.js:249)
[16:57:06.01] [ComponentService] <INFO> 正在注册： vb-page-holiday.vue文件 (ComponentService.plugin.js:249)
[16:57:06.01] [ComponentService] <INFO> 正在注册： vb-page-indexoption.vue文件 (ComponentService.plugin.js:249)
[16:57:06.02] [ComponentService] <INFO> 正在注册： vb-page-mall.vue文件 (ComponentService.plugin.js:249)
[16:57:06.02] [ComponentService] <INFO> 正在注册： vb-page-reportmenu.vue文件 (ComponentService.plugin.js:249)
[16:57:06.02] [ComponentService] <INFO> 正在注册： vb-page-reportpage.vue文件 (ComponentService.plugin.js:249)
[16:57:06.03] [ComponentService] <INFO> 正在注册： vb-page-tag.vue文件 (ComponentService.plugin.js:249)
[16:57:06.03] [ComponentService] <INFO> 正在注册： vb-page-weather.vue文件 (ComponentService.plugin.js:249)
[16:57:06.04] [ComponentService] <INFO> 正在注册： vb-select-chartoption.vue文件 (ComponentService.plugin.js:249)
[16:57:06.04] [ComponentService] <INFO> 正在注册： vb-select-chartstyle.vue文件 (ComponentService.plugin.js:249)
[16:57:06.04] [ComponentService] <INFO> 正在注册： vb-select-company.vue文件 (ComponentService.plugin.js:249)
[16:57:06.05] [ComponentService] <INFO> 正在注册： vb-select-device.vue文件 (ComponentService.plugin.js:249)
[16:57:06.05] [ComponentService] <INFO> 正在注册： vb-select-fencezone.vue文件 (ComponentService.plugin.js:249)
[16:57:06.06] [ComponentService] <INFO> 正在注册： vb-select-indexoption.vue文件 (ComponentService.plugin.js:249)
[16:57:06.06] [ComponentService] <INFO> 正在注册： vb-select-mall.vue文件 (ComponentService.plugin.js:249)
[16:57:06.07] [ComponentService] <INFO> 正在注册： vb-select-menutype.vue文件 (ComponentService.plugin.js:249)
[16:57:06.07] [ComponentService] <INFO> 正在注册： vb-select-physicalzone.vue文件 (ComponentService.plugin.js:249)
[16:57:06.07] [ComponentService] <INFO> 正在注册： vb-select-reportmenu.vue文件 (ComponentService.plugin.js:249)
[16:57:06.08] [ComponentService] <INFO> 正在注册： vb-select-role.vue文件 (ComponentService.plugin.js:249)
[16:57:06.08] [ComponentService] <INFO> 正在注册： vb-select-usergroup.vue文件 (ComponentService.plugin.js:249)
[16:57:06.09] [ComponentService] <INFO> 正在注册： vb-select-zonetype.vue文件 (ComponentService.plugin.js:249)
[16:57:06.09] [ComponentService] <INFO> 正在注册： vb-transfer-chartoption.vue文件 (ComponentService.plugin.js:249)
[16:57:06.09] [ComponentService] <INFO> 正在注册： vb-transfer-conditionoption.vue文件 (ComponentService.plugin.js:249)
[16:57:06.10] [ComponentService] <INFO> 正在注册： vb-transfer-indexoption.vue文件 (ComponentService.plugin.js:249)
[16:57:06.10] [ComponentService] <INFO> 正在注册： vb-transfer-location.vue文件 (ComponentService.plugin.js:249)
[16:57:06.11] [ComponentService] <INFO> 正在注册： vb-transfer-mall.vue文件 (ComponentService.plugin.js:249)
[16:57:06.11] [ComponentService] <INFO> 正在注册： vb-transfer-physicalzone.vue文件 (ComponentService.plugin.js:249)
[16:57:06.11] [ComponentService] <INFO> 正在注册： vb-transfer-reportpage.vue文件 (ComponentService.plugin.js:249)
[16:57:06.12] [ComponentService] <INFO> 正在注册： vb-transfer-tag.vue文件 (ComponentService.plugin.js:249)
[16:57:06.12] [ComponentService] <INFO> 正在注册： vb-tree-category.vue文件 (ComponentService.plugin.js:249)
[16:57:06.13] [ComponentService] <INFO> 正在注册： vb-tree-location.vue文件 (ComponentService.plugin.js:249)
[16:57:06.13] [ComponentService] <INFO> 正在注册： vb-zonecamera-query.vue文件 (ComponentService.plugin.js:249)
[16:57:06.14] [ComponentService] <INFO> 正在注册： vd-bd-devicezone.vue文件 (ComponentService.plugin.js:249)
[16:57:06.14] [ComponentService] <INFO> 正在注册： vd-bd-fencezone.vue文件 (ComponentService.plugin.js:249)
[16:57:06.14] [ComponentService] <INFO> 正在注册： vd-bd-grid.vue文件 (ComponentService.plugin.js:249)
[16:57:06.15] [ComponentService] <INFO> 正在注册： vd-bd-loaddata.vue文件 (ComponentService.plugin.js:249)
[16:57:06.15] [ComponentService] <INFO> 正在注册： vd-bd-physicallinkeddevice.vue文件 (ComponentService.plugin.js:249)
[16:57:06.16] [ComponentService] <INFO> 正在注册： vd-bd-savedata.vue文件 (ComponentService.plugin.js:249)
[16:57:06.19] [ComponentService] <INFO> 正在注册： vx-basic-demo.vue文件 (ComponentService.plugin.js:249)
[16:57:06.21] [ComponentService] <INFO> 正在注册： vx-basic-button.vue文件 (ComponentService.plugin.js:249)
[16:57:06.21] [ComponentService] <INFO> 正在注册： vx-basic-tree.vue文件 (ComponentService.plugin.js:249)
[16:57:06.21] [ComponentService] <INFO> 正在注册： vx-container-col.vue文件 (ComponentService.plugin.js:249)
[16:57:06.22] [ComponentService] <INFO> 正在注册： vx-container-combo.vue文件 (ComponentService.plugin.js:249)
[16:57:06.23] [ComponentService] <INFO> 正在注册： vx-container-dialog.vue文件 (ComponentService.plugin.js:249)
[16:57:06.23] [ComponentService] <INFO> 正在注册： vx-container-gridster.vue文件 (ComponentService.plugin.js:249)
[16:57:06.24] [ComponentService] <INFO> 正在注册： vx-container-item.vue文件 (ComponentService.plugin.js:249)
[16:57:06.24] [ComponentService] <INFO> 正在注册： vx-container-row.vue文件 (ComponentService.plugin.js:249)
[16:57:06.25] [ComponentService] <INFO> 正在注册： vx-container-tabs.vue文件 (ComponentService.plugin.js:249)
[16:57:06.25] [ComponentService] <INFO> 正在注册： vx-form-cascader.vue文件 (ComponentService.plugin.js:249)
[16:57:06.26] [ComponentService] <INFO> 正在注册： vx-form-check.vue文件 (ComponentService.plugin.js:249)
[16:57:06.27] [ComponentService] <INFO> 正在注册： vx-form-clockpicker.vue文件 (ComponentService.plugin.js:249)
[16:57:06.28] [ComponentService] <INFO> 正在注册： vx-form-daterangepicker.vue文件 (ComponentService.plugin.js:249)
[16:57:06.29] [ComponentService] <INFO> 正在注册： vx-form-datesinglepicker.vue文件 (ComponentService.plugin.js:249)
[16:57:06.31] [ComponentService] <INFO> 正在注册： vx-form-group-select.vue文件 (ComponentService.plugin.js:249)
[16:57:06.32] [ComponentService] <INFO> 正在注册： vx-form-input.vue文件 (ComponentService.plugin.js:249)
[16:57:06.33] [ComponentService] <INFO> 正在注册： vx-form-location.vue文件 (ComponentService.plugin.js:249)
[16:57:06.33] [ComponentService] <INFO> 正在注册： vx-form-map.vue文件 (ComponentService.plugin.js:249)
[16:57:06.34] [ComponentService] <INFO> 正在注册： vx-form-mapmark.vue文件 (ComponentService.plugin.js:249)
[16:57:06.35] [ComponentService] <INFO> 正在注册： vx-form-number.vue文件 (ComponentService.plugin.js:249)
[16:57:06.35] [ComponentService] <INFO> 正在注册： vx-form-password.vue文件 (ComponentService.plugin.js:249)
[16:57:06.36] [ComponentService] <INFO> 正在注册： vx-form-radio.vue文件 (ComponentService.plugin.js:249)
[16:57:06.37] [ComponentService] <INFO> 正在注册： vx-form-select.vue文件 (ComponentService.plugin.js:249)
[16:57:06.37] [ComponentService] <INFO> 正在注册： vx-form-textarea.vue文件 (ComponentService.plugin.js:249)
[16:57:06.38] [ComponentService] <INFO> 正在注册： vx-form-transfer.vue文件 (ComponentService.plugin.js:249)
[16:57:06.38] [ComponentService] <INFO> 正在注册： vx-form-upload.vue文件 (ComponentService.plugin.js:249)
[16:57:06.39] [ComponentService] <INFO> 正在注册： vx-nav-breadcrumb.vue文件 (ComponentService.plugin.js:249)
[16:57:06.39] [ComponentService] <INFO> 正在注册： vx-nav-dropmenu.vue文件 (ComponentService.plugin.js:249)
[16:57:06.40] [ComponentService] <INFO> 正在注册： vx-nav-navmenu.vue文件 (ComponentService.plugin.js:249)
[16:57:06.41] [ComponentService] <INFO> 正在注册： vx-view-baidumap.vue文件 (ComponentService.plugin.js:249)
[16:57:06.41] [ComponentService] <INFO> 正在注册： vx-view-countup.vue文件 (ComponentService.plugin.js:249)
[16:57:06.43] [ComponentService] <INFO> 正在注册： vx-view-datatable.vue文件 (ComponentService.plugin.js:249)
[16:57:06.44] [ComponentService] <INFO> 正在注册： vx-view-dialog.vue文件 (ComponentService.plugin.js:249)
[16:57:06.45] [ComponentService] <INFO> 正在注册： vx-view-echart.vue文件 (ComponentService.plugin.js:249)
[16:57:06.45] [ComponentService] <INFO> 正在注册： vx-view-govmap.vue文件 (ComponentService.plugin.js:249)
[16:57:06.46] [ComponentService] <INFO> 正在注册： vx-view-heatmap.vue文件 (ComponentService.plugin.js:249)
[16:57:06.47] [ComponentService] <INFO> 正在注册： vx-view-linescroll.vue文件 (ComponentService.plugin.js:249)
[16:57:06.48] [ComponentService] <INFO> 正在注册： vx-view-map.vue文件 (ComponentService.plugin.js:249)
[16:57:06.49] [ComponentService] <INFO> 正在注册： vx-view-pagelist.vue文件 (ComponentService.plugin.js:249)
[16:57:06.49] [ComponentService] <INFO> 正在注册： vx-view-pagesize.vue文件 (ComponentService.plugin.js:249)
[16:57:06.50] [ComponentService] <INFO> 正在注册： vb-cascader-city.vue文件 (ComponentService.plugin.js:249)
[16:57:06.50] [ComponentService] <INFO> 正在注册： vb-form-company.vue文件 (ComponentService.plugin.js:249)
[16:57:06.51] [ComponentService] <INFO> 正在注册： vb-form-companyplugin.vue文件 (ComponentService.plugin.js:249)
[16:57:06.51] [ComponentService] <INFO> 正在注册： vb-form-device.vue文件 (ComponentService.plugin.js:249)
[16:57:06.52] [ComponentService] <INFO> 正在注册： vb-form-devicezone.vue文件 (ComponentService.plugin.js:249)
[16:57:06.52] [ComponentService] <INFO> 正在注册： vb-form-location.vue文件 (ComponentService.plugin.js:249)
[16:57:06.53] [ComponentService] <INFO> 正在注册： vb-form-mall.vue文件 (ComponentService.plugin.js:249)
[16:57:06.53] [ComponentService] <INFO> 正在注册： vb-form-physicalzone.vue文件 (ComponentService.plugin.js:249)
[16:57:06.54] [ComponentService] <INFO> 正在注册： vb-form-physicalzoneplugin.vue文件 (ComponentService.plugin.js:249)
[16:57:06.54] [ComponentService] <INFO> 正在注册： vb-form-subsetzone.vue文件 (ComponentService.plugin.js:249)
[16:57:06.55] [ComponentService] <INFO> 正在注册： vb-form-tag.vue文件 (ComponentService.plugin.js:249)
[16:57:06.55] [ComponentService] <INFO> 正在注册： vb-form-transfer-mall.vue文件 (ComponentService.plugin.js:249)
[16:57:06.56] [ComponentService] <INFO> 正在注册： vb-grid-company.vue文件 (ComponentService.plugin.js:249)
[16:57:06.56] [ComponentService] <INFO> 正在注册： vb-grid-device.vue文件 (ComponentService.plugin.js:249)
[16:57:06.57] [ComponentService] <INFO> 正在注册： vb-grid-distribute.vue文件 (ComponentService.plugin.js:249)
[16:57:06.57] [ComponentService] <INFO> 正在注册： vb-grid-duration.vue文件 (ComponentService.plugin.js:249)
[16:57:06.57] [ComponentService] <INFO> 正在注册： vb-grid-fencezone.vue文件 (ComponentService.plugin.js:249)
[16:57:06.58] [ComponentService] <INFO> 正在注册： vb-grid-linkeddevicezone.vue文件 (ComponentService.plugin.js:249)
[16:57:06.58] [ComponentService] <INFO> 正在注册： vb-grid-location.vue文件 (ComponentService.plugin.js:249)
[16:57:06.59] [ComponentService] <INFO> 正在注册： vb-grid-mall.vue文件 (ComponentService.plugin.js:249)
[16:57:06.59] [ComponentService] <INFO> 正在注册： vb-grid-physicalzone.vue文件 (ComponentService.plugin.js:249)
[16:57:06.60] [ComponentService] <INFO> 正在注册： vb-grid-shop.vue文件 (ComponentService.plugin.js:249)
[16:57:06.60] [ComponentService] <INFO> 正在注册： vb-grid-tag.vue文件 (ComponentService.plugin.js:249)
[16:57:06.60] [ComponentService] <INFO> 正在注册： vb-grid-terminal.vue文件 (ComponentService.plugin.js:249)
[16:57:06.61] [ComponentService] <INFO> 正在注册： vb-grid-timesharing.vue文件 (ComponentService.plugin.js:249)
[16:57:06.61] [ComponentService] <INFO> 正在注册： vb-grid-unlinkeddevicezone.vue文件 (ComponentService.plugin.js:249)
[16:57:06.62] [ComponentService] <INFO> 正在注册： vb-layout-content.vue文件 (ComponentService.plugin.js:249)
[16:57:06.62] [ComponentService] <INFO> 正在注册： vb-layout-footer.vue文件 (ComponentService.plugin.js:249)
[16:57:06.64] [ComponentService] <INFO> 正在注册： vb-layout-header.vue文件 (ComponentService.plugin.js:249)
[16:57:06.64] [ComponentService] <INFO> 正在注册： vb-layout-main.vue文件 (ComponentService.plugin.js:249)
[16:57:06.65] [ComponentService] <INFO> 正在注册： vb-layout-pageheader.vue文件 (ComponentService.plugin.js:249)
[16:57:06.65] [ComponentService] <INFO> 正在注册： vb-layout-right.vue文件 (ComponentService.plugin.js:249)
[16:57:06.66] [ComponentService] <INFO> 正在注册： vb-layout-sidemenu.vue文件 (ComponentService.plugin.js:249)
[16:57:06.66] [ComponentService] <INFO> 正在注册： vb-page-company.vue文件 (ComponentService.plugin.js:249)
[16:57:06.66] [ComponentService] <INFO> 正在注册： vb-page-mall.vue文件 (ComponentService.plugin.js:249)
[16:57:06.68] [ComponentService] <INFO> 正在注册： vb-page-tag.vue文件 (ComponentService.plugin.js:249)
[16:57:06.68] [ComponentService] <INFO> 正在注册： vb-scope-duration.vue文件 (ComponentService.plugin.js:249)
[16:57:06.69] [ComponentService] <INFO> 正在注册： vb-scope-physicalzone.vue文件 (ComponentService.plugin.js:249)
[16:57:06.69] [ComponentService] <INFO> 正在注册： vb-select-camerazone.vue文件 (ComponentService.plugin.js:249)
[16:57:06.70] [ComponentService] <INFO> 正在注册： vb-select-company.vue文件 (ComponentService.plugin.js:249)
[16:57:06.70] [ComponentService] <INFO> 正在注册： vb-select-device.vue文件 (ComponentService.plugin.js:249)
[16:57:06.70] [ComponentService] <INFO> 正在注册： vb-select-fencezone.vue文件 (ComponentService.plugin.js:249)
[16:57:06.71] [ComponentService] <INFO> 正在注册： vb-select-floor.vue文件 (ComponentService.plugin.js:249)
[16:57:06.71] [ComponentService] <INFO> 正在注册： vb-select-mall.vue文件 (ComponentService.plugin.js:249)
[16:57:06.72] [ComponentService] <INFO> 正在注册： vb-select-physicalzone.vue文件 (ComponentService.plugin.js:249)
[16:57:06.72] [ComponentService] <INFO> 正在注册： vb-select-reportmenu.vue文件 (ComponentService.plugin.js:249)
[16:57:06.72] [ComponentService] <INFO> 正在注册： vb-select-zonetype.vue文件 (ComponentService.plugin.js:249)
[16:57:06.73] [ComponentService] <INFO> 正在注册： vb-subset-devicezone.vue文件 (ComponentService.plugin.js:249)
[16:57:06.73] [ComponentService] <INFO> 正在注册： vb-transfer-chartoption.vue文件 (ComponentService.plugin.js:249)
[16:57:06.73] [ComponentService] <INFO> 正在注册： vb-transfer-location.vue文件 (ComponentService.plugin.js:249)
[16:57:06.74] [ComponentService] <INFO> 正在注册： vb-transfer-mall.vue文件 (ComponentService.plugin.js:249)
[16:57:06.74] [ComponentService] <INFO> 正在注册： vb-transfer-physicalzone.vue文件 (ComponentService.plugin.js:249)
[16:57:06.75] [ComponentService] <INFO> 正在注册： vb-tree-location.vue文件 (ComponentService.plugin.js:249)
[16:57:06.75] [ComponentService] <INFO> 正在注册： vd-bd-cloumn.vue文件 (ComponentService.plugin.js:249)
[16:57:06.76] [ComponentService] <INFO> 正在注册： vd-bd-company.vue文件 (ComponentService.plugin.js:249)
[16:57:06.76] [ComponentService] <INFO> 正在注册： vd-bd-device.vue文件 (ComponentService.plugin.js:249)
[16:57:06.76] [ComponentService] <INFO> 正在注册： vd-bd-devicezone.vue文件 (ComponentService.plugin.js:249)
[16:57:06.77] [ComponentService] <INFO> 正在注册： vd-bd-duration.vue文件 (ComponentService.plugin.js:249)
[16:57:06.77] [ComponentService] <INFO> 正在注册： vd-bd-fencezone.vue文件 (ComponentService.plugin.js:249)
[16:57:06.78] [ComponentService] <INFO> 正在注册： vd-bd-location.vue文件 (ComponentService.plugin.js:249)
[16:57:06.78] [ComponentService] <INFO> 正在注册： vd-bd-mall.vue文件 (ComponentService.plugin.js:249)
[16:57:06.79] [ComponentService] <INFO> 正在注册： vd-bd-online.vue文件 (ComponentService.plugin.js:249)
[16:57:06.79] [ComponentService] <INFO> 正在注册： vd-bd-onlineuser.vue文件 (ComponentService.plugin.js:249)
[16:57:06.80] [ComponentService] <INFO> 正在注册： vd-bd-physicallinkeddevice.vue文件 (ComponentService.plugin.js:249)
[16:57:06.81] [ComponentService] <INFO> 正在注册： vd-bd-physicalunlinkeddevice.vue文件 (ComponentService.plugin.js:249)
[16:57:06.81] [ComponentService] <INFO> 正在注册： vd-bd-physicalzone.vue文件 (ComponentService.plugin.js:249)
[16:57:06.82] [ComponentService] <INFO> 正在注册： vd-bd-report.vue文件 (ComponentService.plugin.js:249)
[16:57:06.82] [ComponentService] <INFO> 正在注册： vd-bd-table.vue文件 (ComponentService.plugin.js:249)
[16:57:06.83] [ComponentService] <INFO> 正在注册： vm-form-location.vue文件 (ComponentService.plugin.js:249)
[16:57:06.83] [ComponentService] <INFO> 正在注册： vm-grid-location.vue文件 (ComponentService.plugin.js:249)
[16:57:06.84] [ComponentService] <INFO> 正在注册： vm-select-company.vue文件 (ComponentService.plugin.js:249)
[16:57:06.84] [ComponentService] <INFO> 正在注册： vm-select-mall.vue文件 (ComponentService.plugin.js:249)
[16:57:06.85] [ComponentService] <INFO> 正在注册： vm-transfer-physicalzone.vue文件 (ComponentService.plugin.js:249)
[16:57:06.85] [ComponentService] <INFO> 正在注册： vm-transfer-mall.vue文件 (ComponentService.plugin.js:249)
[16:57:06.86] [ComponentService] <INFO> 正在注册： vm-transfer-reportpage.vue文件 (ComponentService.plugin.js:249)
[16:57:06.87] [ComponentService] <INFO> 正在注册： vm-tree-location.vue文件 (ComponentService.plugin.js:249)
[16:57:06.88] [ComponentService] <INFO> 正在注册： vp-footer-default.vue文件 (ComponentService.plugin.js:249)
[16:57:06.89] [ComponentService] <INFO> 正在注册： vp-header-default.vue文件 (ComponentService.plugin.js:249)
[16:57:06.91] [ComponentService] <INFO> 正在注册： vp-header-filer.vue文件 (ComponentService.plugin.js:249)
[16:57:06.93] [ComponentService] <INFO> 正在注册： vp-header-nav.vue文件 (ComponentService.plugin.js:249)
[16:57:06.94] [ComponentService] <INFO> 正在注册： vp-main-home-default.vue文件 (ComponentService.plugin.js:249)
[16:57:06.94] [ComponentService] <INFO> 正在注册： vp-main-report-default.vue文件 (ComponentService.plugin.js:249)
[16:57:06.95] [ComponentService] <INFO> 正在注册： vp-nav-homeicon.vue文件 (ComponentService.plugin.js:249)
[16:57:06.95] [ComponentService] <INFO> 正在注册： vp-page-grid.vue文件 (ComponentService.plugin.js:249)
[16:57:06.96] [ComponentService] <INFO> 正在注册： vp-widget-flowdistribution.vue文件 (ComponentService.plugin.js:249)
[16:57:06.97] [ComponentService] <INFO> 正在注册： vp-widget-flowtime.vue文件 (ComponentService.plugin.js:249)
[16:57:06.97] [ComponentService] <INFO> 正在注册： vp-widget-home-chart.vue文件 (ComponentService.plugin.js:249)
[16:57:06.98] [ComponentService] <INFO> 正在注册： vp-widget-home-data.vue文件 (ComponentService.plugin.js:249)
[16:57:06.99] [ComponentService] <INFO> 正在注册： vp-widget-home-ranking.vue文件 (ComponentService.plugin.js:249)
[16:57:06.100] [ComponentService] <INFO> 正在注册： vp-widget-report-compare.vue文件 (ComponentService.plugin.js:249)
[16:57:07.01] [ComponentService] <INFO> 正在注册： vp-widget-time-selection.vue文件 (ComponentService.plugin.js:249)
[16:57:07.02] [ComponentService] <INFO> 正在注册： vx-basic-button.vue文件 (ComponentService.plugin.js:249)
[16:57:07.02] [ComponentService] <INFO> 正在注册： vx-basic-tree.vue文件 (ComponentService.plugin.js:249)
[16:57:07.03] [ComponentService] <INFO> 正在注册： vx-container-col.vue文件 (ComponentService.plugin.js:249)
[16:57:07.03] [ComponentService] <INFO> 正在注册： vx-container-combo.vue文件 (ComponentService.plugin.js:249)
[16:57:07.04] [ComponentService] <INFO> 正在注册： vx-container-dialog.vue文件 (ComponentService.plugin.js:249)
[16:57:07.05] [ComponentService] <INFO> 正在注册： vx-container-gridster.vue文件 (ComponentService.plugin.js:249)
[16:57:07.05] [ComponentService] <INFO> 正在注册： vx-container-item.vue文件 (ComponentService.plugin.js:249)
[16:57:07.05] [ComponentService] <INFO> 正在注册： vx-container-row.vue文件 (ComponentService.plugin.js:249)
[16:57:07.06] [ComponentService] <INFO> 正在注册： vx-container-tab.vue文件 (ComponentService.plugin.js:249)
[16:57:07.06] [ComponentService] <INFO> 正在注册： vx-form-cascader.vue文件 (ComponentService.plugin.js:249)
[16:57:07.07] [ComponentService] <INFO> 正在注册： vx-form-check.vue文件 (ComponentService.plugin.js:249)
[16:57:07.08] [ComponentService] <INFO> 正在注册： vx-form-clockpicker.vue文件 (ComponentService.plugin.js:249)
[16:57:07.08] [ComponentService] <INFO> 正在注册： vx-form-daterangepicker.vue文件 (ComponentService.plugin.js:249)
[16:57:07.09] [ComponentService] <INFO> 正在注册： vx-form-datesinglepicker.vue文件 (ComponentService.plugin.js:249)
[16:57:07.09] [ComponentService] <INFO> 正在注册： vx-form-group-select.vue文件 (ComponentService.plugin.js:249)
[16:57:07.10] [ComponentService] <INFO> 正在注册： vx-form-input.vue文件 (ComponentService.plugin.js:249)
[16:57:07.10] [ComponentService] <INFO> 正在注册： vx-form-location.vue文件 (ComponentService.plugin.js:249)
[16:57:07.11] [ComponentService] <INFO> 正在注册： vx-form-number.vue文件 (ComponentService.plugin.js:249)
[16:57:07.11] [ComponentService] <INFO> 正在注册： vx-form-password.vue文件 (ComponentService.plugin.js:249)
[16:57:07.12] [ComponentService] <INFO> 正在注册： vx-form-radio.vue文件 (ComponentService.plugin.js:249)
[16:57:07.12] [ComponentService] <INFO> 正在注册： vx-form-select.vue文件 (ComponentService.plugin.js:249)
[16:57:07.13] [ComponentService] <INFO> 正在注册： vx-form-transfer.vue文件 (ComponentService.plugin.js:249)
[16:57:07.13] [ComponentService] <INFO> 正在注册： vx-nav-breadcrumb.vue文件 (ComponentService.plugin.js:249)
[16:57:07.14] [ComponentService] <INFO> 正在注册： vx-nav-dropmenu.vue文件 (ComponentService.plugin.js:249)
[16:57:07.14] [ComponentService] <INFO> 正在注册： vx-nav-navmenu.vue文件 (ComponentService.plugin.js:249)
[16:57:07.15] [ComponentService] <INFO> 正在注册： vx-tab-pane.vue文件 (ComponentService.plugin.js:249)
[16:57:07.15] [ComponentService] <INFO> 正在注册： vx-tabs.vue文件 (ComponentService.plugin.js:249)
[16:57:07.15] [ComponentService] <INFO> 正在注册： vx-view-baidumap.vue文件 (ComponentService.plugin.js:249)
[16:57:07.16] [ComponentService] <INFO> 正在注册： vx-view-countup.vue文件 (ComponentService.plugin.js:249)
[16:57:07.17] [ComponentService] <INFO> 正在注册： vx-view-datatable.vue文件 (ComponentService.plugin.js:249)
[16:57:07.17] [ComponentService] <INFO> 正在注册： vx-view-dialog.vue文件 (ComponentService.plugin.js:249)
[16:57:07.18] [ComponentService] <INFO> 正在注册： vx-view-echart.vue文件 (ComponentService.plugin.js:249)
[16:57:07.18] [ComponentService] <INFO> 正在注册： vx-view-govmap.vue文件 (ComponentService.plugin.js:249)
[16:57:07.19] [ComponentService] <INFO> 正在注册： vx-view-heatmap.vue文件 (ComponentService.plugin.js:249)
[16:57:07.19] [ComponentService] <INFO> 正在注册： vx-view-linescroll.vue文件 (ComponentService.plugin.js:249)
[16:57:07.20] [ComponentService] <INFO> 正在注册： vx-view-map.vue文件 (ComponentService.plugin.js:249)
[16:57:07.21] [ComponentService] <INFO> 正在注册： vx-view-pagelist.vue文件 (ComponentService.plugin.js:249)
[16:57:07.21] [ComponentService] <INFO> 正在注册： vx-view-pagesize.vue文件 (ComponentService.plugin.js:249)
[16:57:07.22] [ComponentService] <INFO> 正在注册： vm-form-activity.vue文件 (ComponentService.plugin.js:249)
[16:57:07.23] [ComponentService] <INFO> 正在注册： vm-form-activityplugin.vue文件 (ComponentService.plugin.js:249)
[16:57:07.24] [ComponentService] <INFO> 正在注册： vm-form-businesstimeplugin.vue文件 (ComponentService.plugin.js:249)
[16:57:07.23] [ComponentService] <INFO> 正在注册： vm-form-businesstime.vue文件 (ComponentService.plugin.js:249)
[16:57:07.24] [ComponentService] <INFO> 正在注册： vm-form-changepassword.vue文件 (ComponentService.plugin.js:249)
[16:57:07.25] [ComponentService] <INFO> 正在注册： vm-form-mall.vue文件 (ComponentService.plugin.js:249)
[16:57:07.25] [ComponentService] <INFO> 正在注册： vm-form-holiday.vue文件 (ComponentService.plugin.js:249)
[16:57:07.26] [ComponentService] <INFO> 正在注册： vm-form-mallupdate.vue文件 (ComponentService.plugin.js:249)
[16:57:07.26] [ComponentService] <INFO> 正在注册： vm-form-selectxy.vue文件 (ComponentService.plugin.js:249)
[16:57:07.27] [ComponentService] <INFO> 正在注册： vm-form-tag.vue文件 (ComponentService.plugin.js:249)
[16:57:07.27] [ComponentService] <INFO> 正在注册： vm-form-weather.vue文件 (ComponentService.plugin.js:249)
[16:57:07.27] [ComponentService] <INFO> 正在注册： vm-form-zoneupdate.vue文件 (ComponentService.plugin.js:249)
[16:57:07.28] [ComponentService] <INFO> 正在注册： vm-grid-activity.vue文件 (ComponentService.plugin.js:249)
[16:57:07.28] [ComponentService] <INFO> 正在注册： vm-grid-businesstime.vue文件 (ComponentService.plugin.js:249)
[16:57:07.28] [ComponentService] <INFO> 正在注册： vm-grid-historicalcount.vue文件 (ComponentService.plugin.js:249)
[16:57:07.29] [ComponentService] <INFO> 正在注册： vm-grid-historicaldwell.vue文件 (ComponentService.plugin.js:249)
[16:57:07.29] [ComponentService] <INFO> 正在注册： vm-grid-historicalfitting.vue文件 (ComponentService.plugin.js:249)
[16:57:07.30] [ComponentService] <INFO> 正在注册： vm-grid-historicalpassby.vue文件 (ComponentService.plugin.js:249)
[16:57:07.30] [ComponentService] <INFO> 正在注册： vm-grid-historicalsummary.vue文件 (ComponentService.plugin.js:249)
[16:57:07.30] [ComponentService] <INFO> 正在注册： vm-grid-holiday.vue文件 (ComponentService.plugin.js:249)
[16:57:07.31] [ComponentService] <INFO> 正在注册： vm-grid-mall.vue文件 (ComponentService.plugin.js:249)
[16:57:07.31] [ComponentService] <INFO> 正在注册： vm-grid-tag.vue文件 (ComponentService.plugin.js:249)
[16:57:07.31] [ComponentService] <INFO> 正在注册： vm-grid-weather.vue文件 (ComponentService.plugin.js:249)
[16:57:07.32] [ComponentService] <INFO> 正在注册： vm-grid-zonerelated.vue文件 (ComponentService.plugin.js:249)
[16:57:07.32] [ComponentService] <INFO> 正在注册： vm-log-mallupdate.vue文件 (ComponentService.plugin.js:249)
[16:57:07.33] [ComponentService] <INFO> 正在注册： vm-manager-dataadjustment.vue文件 (ComponentService.plugin.js:249)
[16:57:07.33] [ComponentService] <INFO> 正在注册： vm-log-zoneupdate.vue文件 (ComponentService.plugin.js:249)
[16:57:07.33] [ComponentService] <INFO> 正在注册： vm-manager-datasummary.vue文件 (ComponentService.plugin.js:249)
[16:57:07.34] [ComponentService] <INFO> 正在注册： vm-select-devicecode.vue文件 (ComponentService.plugin.js:249)
[16:57:07.34] [ComponentService] <INFO> 正在注册： vm-report-times.vue文件 (ComponentService.plugin.js:249)
[16:57:07.36] [ComponentService] <INFO> 正在注册： vm-transfer-tag.vue文件 (ComponentService.plugin.js:249)
[16:57:07.36] [ComponentService] <INFO> 正在注册： vm-cascader-city.vue文件 (ComponentService.plugin.js:249)
[16:57:07.37] [ComponentService] <INFO> 正在注册： vm-cascader-location.vue文件 (ComponentService.plugin.js:249)
[16:57:07.38] [ComponentService] <INFO> 正在注册： vm-form-company.vue文件 (ComponentService.plugin.js:249)
[16:57:07.38] [ComponentService] <INFO> 正在注册： vm-form-companyindex.vue文件 (ComponentService.plugin.js:249)
[16:57:07.39] [ComponentService] <INFO> 正在注册： vm-form-companyplugin.vue文件 (ComponentService.plugin.js:249)
[16:57:07.39] [ComponentService] <INFO> 正在注册： vm-form-device.vue文件 (ComponentService.plugin.js:249)
[16:57:07.40] [ComponentService] <INFO> 正在注册： vm-form-devicezone.vue文件 (ComponentService.plugin.js:249)
[16:57:07.40] [ComponentService] <INFO> 正在注册： vm-form-location.vue文件 (ComponentService.plugin.js:249)
[16:57:07.41] [ComponentService] <INFO> 正在注册： vm-form-mall.vue文件 (ComponentService.plugin.js:249)
[16:57:07.42] [ComponentService] <INFO> 正在注册： vm-form-physicalzone.vue文件 (ComponentService.plugin.js:249)
[16:57:07.43] [ComponentService] <INFO> 正在注册： vm-form-physicalzoneplugin.vue文件 (ComponentService.plugin.js:249)
[16:57:07.43] [ComponentService] <INFO> 正在注册： vm-form-subsetzone.vue文件 (ComponentService.plugin.js:249)
[16:57:07.44] [ComponentService] <INFO> 正在注册： vm-grid-company.vue文件 (ComponentService.plugin.js:249)
[16:57:07.44] [ComponentService] <INFO> 正在注册： vm-grid-device.vue文件 (ComponentService.plugin.js:249)
[16:57:07.44] [ComponentService] <INFO> 正在注册： vm-form-transfer-mall.vue文件 (ComponentService.plugin.js:249)
[16:57:07.46] [ComponentService] <INFO> 正在注册： vm-grid-mall.vue文件 (ComponentService.plugin.js:249)
[16:57:07.45] [ComponentService] <INFO> 正在注册： vm-grid-location.vue文件 (ComponentService.plugin.js:249)
[16:57:07.45] [ComponentService] <INFO> 正在注册： vm-grid-linkeddevicezone.vue文件 (ComponentService.plugin.js:249)
[16:57:07.46] [ComponentService] <INFO> 正在注册： vm-grid-physicalzone.vue文件 (ComponentService.plugin.js:249)
[16:57:07.47] [ComponentService] <INFO> 正在注册： vm-grid-unlinkeddevicezone.vue文件 (ComponentService.plugin.js:249)
[16:57:07.48] [ComponentService] <INFO> 正在注册： vm-page-company.vue文件 (ComponentService.plugin.js:249)
[16:57:07.48] [ComponentService] <INFO> 正在注册： vm-page-mall.vue文件 (ComponentService.plugin.js:249)
[16:57:07.49] [ComponentService] <INFO> 正在注册： vm-scope-physicalzone.vue文件 (ComponentService.plugin.js:249)
[16:57:07.49] [ComponentService] <INFO> 正在注册： vm-select-camerazone.vue文件 (ComponentService.plugin.js:249)
[16:57:07.50] [ComponentService] <INFO> 正在注册： vm-select-company.vue文件 (ComponentService.plugin.js:249)
[16:57:07.50] [ComponentService] <INFO> 正在注册： vm-select-floor.vue文件 (ComponentService.plugin.js:249)
[16:57:07.50] [ComponentService] <INFO> 正在注册： vm-select-device.vue文件 (ComponentService.plugin.js:249)
[16:57:07.51] [ComponentService] <INFO> 正在注册： vm-select-mall.vue文件 (ComponentService.plugin.js:249)
[16:57:07.51] [ComponentService] <INFO> 正在注册： vm-select-physicalzone.vue文件 (ComponentService.plugin.js:249)
[16:57:07.52] [ComponentService] <INFO> 正在注册： vm-select-zonetype.vue文件 (ComponentService.plugin.js:249)
[16:57:07.52] [ComponentService] <INFO> 正在注册： vm-subset-devicezone.vue文件 (ComponentService.plugin.js:249)
[16:57:07.53] [ComponentService] <INFO> 正在注册： vm-transfer-location.vue文件 (ComponentService.plugin.js:249)
[16:57:07.53] [ComponentService] <INFO> 正在注册： vm-transfer-mall.vue文件 (ComponentService.plugin.js:249)
[16:57:07.54] [ComponentService] <INFO> 正在注册： vm-tree-location.vue文件 (ComponentService.plugin.js:249)
[16:57:07.54] [ComponentService] <INFO> 正在注册： vm-transfer-physicalzone.vue文件 (ComponentService.plugin.js:249)
[16:57:07.54] [ComponentService] <INFO> 正在注册： vm-check-location.vue文件 (ComponentService.plugin.js:249)
[16:57:07.56] [ComponentService] <INFO> 正在注册： vm-choose-locationchoose.vue文件 (ComponentService.plugin.js:249)
[16:57:07.56] [ComponentService] <INFO> 正在注册： vm-form-chartoption.vue文件 (ComponentService.plugin.js:249)
[16:57:07.57] [ComponentService] <INFO> 正在注册： vm-form-chartstyle.vue文件 (ComponentService.plugin.js:249)
[16:57:07.57] [ComponentService] <INFO> 正在注册： vm-form-conditionoption.vue文件 (ComponentService.plugin.js:249)
[16:57:07.58] [ComponentService] <INFO> 正在注册： vm-form-reportmenu.vue文件 (ComponentService.plugin.js:249)
[16:57:07.58] [ComponentService] <INFO> 正在注册： vm-form-indexoption.vue文件 (ComponentService.plugin.js:249)
[16:57:07.59] [ComponentService] <INFO> 正在注册： vm-form-reportpage.vue文件 (ComponentService.plugin.js:249)
[16:57:07.60] [ComponentService] <INFO> 正在注册： vm-form-transfer-chartstyle.vue文件 (ComponentService.plugin.js:249)
[16:57:07.60] [ComponentService] <INFO> 正在注册： vm-form-transfer-conditionoption.vue文件 (ComponentService.plugin.js:249)
[16:57:07.59] [ComponentService] <INFO> 正在注册： vm-form-transfer-chartoption.vue文件 (ComponentService.plugin.js:249)
[16:57:07.61] [ComponentService] <INFO> 正在注册： vm-form-transfer-indexoption.vue文件 (ComponentService.plugin.js:249)
[16:57:07.61] [ComponentService] <INFO> 正在注册： vm-grid-chartoption.vue文件 (ComponentService.plugin.js:249)
[16:57:07.62] [ComponentService] <INFO> 正在注册： vm-grid-chartstyle.vue文件 (ComponentService.plugin.js:249)
[16:57:07.62] [ComponentService] <INFO> 正在注册： vm-grid-conditionoption.vue文件 (ComponentService.plugin.js:249)
[16:57:07.63] [ComponentService] <INFO> 正在注册： vm-grid-reportmenu.vue文件 (ComponentService.plugin.js:249)
[16:57:07.62] [ComponentService] <INFO> 正在注册： vm-grid-indexoption.vue文件 (ComponentService.plugin.js:249)
[16:57:07.64] [ComponentService] <INFO> 正在注册： vm-mall-locations-mall.vue文件 (ComponentService.plugin.js:249)
[16:57:07.65] [ComponentService] <INFO> 正在注册： vm-select-chartstyle.vue文件 (ComponentService.plugin.js:249)
[16:57:07.63] [ComponentService] <INFO> 正在注册： vm-grid-reportpage.vue文件 (ComponentService.plugin.js:249)
[16:57:07.65] [ComponentService] <INFO> 正在注册： vm-select-chartoption.vue文件 (ComponentService.plugin.js:249)
[16:57:07.67] [ComponentService] <INFO> 正在注册： vm-select-indexoption.vue文件 (ComponentService.plugin.js:249)
[16:57:07.66] [ComponentService] <INFO> 正在注册： vm-select-conditionoption.vue文件 (ComponentService.plugin.js:249)
[16:57:07.67] [ComponentService] <INFO> 正在注册： vm-select-reportmenu.vue文件 (ComponentService.plugin.js:249)
[16:57:07.67] [ComponentService] <INFO> 正在注册： vm-select-menutype.vue文件 (ComponentService.plugin.js:249)
[16:57:07.68] [ComponentService] <INFO> 正在注册： vm-select-serviceid.vue文件 (ComponentService.plugin.js:249)
[16:57:07.69] [ComponentService] <INFO> 正在注册： vm-transfer-chartstyle.vue文件 (ComponentService.plugin.js:249)
[16:57:07.68] [ComponentService] <INFO> 正在注册： vm-transfer-chartoption.vue文件 (ComponentService.plugin.js:249)
[16:57:07.69] [ComponentService] <INFO> 正在注册： vm-transfer-conditionoption.vue文件 (ComponentService.plugin.js:249)
[16:57:07.70] [ComponentService] <INFO> 正在注册： vm-transfer-reportpage.vue文件 (ComponentService.plugin.js:249)
[16:57:07.70] [ComponentService] <INFO> 正在注册： vb-nav-menu.vue文件 (ComponentService.plugin.js:249)
[16:57:07.71] [ComponentService] <INFO> 正在注册： vp-footer-default.vue文件 (ComponentService.plugin.js:249)
[16:57:07.72] [ComponentService] <INFO> 正在注册： vp-header-default.vue文件 (ComponentService.plugin.js:249)
[16:57:07.69] [ComponentService] <INFO> 正在注册： vm-transfer-indexoption.vue文件 (ComponentService.plugin.js:249)
[16:57:07.73] [ComponentService] <INFO> 正在注册： vp-layout-content.vue文件 (ComponentService.plugin.js:249)
[16:57:07.74] [ComponentService] <INFO> 正在注册： vp-layout-menumain-tree.vue文件 (ComponentService.plugin.js:249)
[16:57:07.74] [ComponentService] <INFO> 正在注册： vp-layout-menumain.vue文件 (ComponentService.plugin.js:249)
[16:57:07.75] [ComponentService] <INFO> 正在注册： vp-layout-right.vue文件 (ComponentService.plugin.js:249)
[16:57:07.76] [ComponentService] <INFO> 正在注册： vp-nav-leftmenu.vue文件 (ComponentService.plugin.js:249)
[16:57:07.73] [ComponentService] <INFO> 正在注册： vp-layout-main.vue文件 (ComponentService.plugin.js:249)
[16:57:07.75] [ComponentService] <INFO> 正在注册： vp-nav-breadcrumb.vue文件 (ComponentService.plugin.js:249)
[16:57:07.76] [ComponentService] <INFO> 正在注册： vp-nav-menu.vue文件 (ComponentService.plugin.js:249)
[16:57:07.77] [ComponentService] <INFO> 正在注册： vp-nav-pageinfo.vue文件 (ComponentService.plugin.js:249)
[16:57:07.77] [ComponentService] <INFO> 正在注册： vm-form-category.vue文件 (ComponentService.plugin.js:249)
[16:57:07.78] [ComponentService] <INFO> 正在注册： vm-form-componentslist.vue文件 (ComponentService.plugin.js:249)
[16:57:07.79] [ComponentService] <INFO> 正在注册： vm-form-menu.vue文件 (ComponentService.plugin.js:249)
[16:57:07.79] [ComponentService] <INFO> 正在注册： vm-form-menuplugin.vue文件 (ComponentService.plugin.js:249)
[16:57:07.80] [ComponentService] <INFO> 正在注册： vm-form-role.vue文件 (ComponentService.plugin.js:249)
[16:57:07.80] [ComponentService] <INFO> 正在注册： vm-form-roleplugin.vue文件 (ComponentService.plugin.js:249)
[16:57:07.81] [ComponentService] <INFO> 正在注册： vm-form-servicelist.vue文件 (ComponentService.plugin.js:249)
[16:57:07.81] [ComponentService] <INFO> 正在注册： vm-form-user.vue文件 (ComponentService.plugin.js:249)
[16:57:07.81] [ComponentService] <INFO> 正在注册： vm-form-usergroup.vue文件 (ComponentService.plugin.js:249)
[16:57:07.82] [ComponentService] <INFO> 正在注册： vm-form-usergroupplugin.vue文件 (ComponentService.plugin.js:249)
[16:57:07.82] [ComponentService] <INFO> 正在注册： vm-form-usergroupreportpage.vue文件 (ComponentService.plugin.js:249)
[16:57:07.82] [ComponentService] <INFO> 正在注册： vm-form-usergroupzone.vue文件 (ComponentService.plugin.js:249)
[16:57:07.83] [ComponentService] <INFO> 正在注册： vm-form-userplugin.vue文件 (ComponentService.plugin.js:249)
[16:57:07.83] [ComponentService] <INFO> 正在注册： vm-grid-category.vue文件 (ComponentService.plugin.js:249)
[16:57:07.84] [ComponentService] <INFO> 正在注册： vm-grid-componentslist.vue文件 (ComponentService.plugin.js:249)
[16:57:07.84] [ComponentService] <INFO> 正在注册： vm-grid-menu.vue文件 (ComponentService.plugin.js:249)
[16:57:07.85] [ComponentService] <INFO> 正在注册： vm-grid-role.vue文件 (ComponentService.plugin.js:249)
[16:57:07.85] [ComponentService] <INFO> 正在注册： vm-grid-servicelist.vue文件 (ComponentService.plugin.js:249)
[16:57:07.85] [ComponentService] <INFO> 正在注册： vm-grid-user.vue文件 (ComponentService.plugin.js:249)
[16:57:07.86] [ComponentService] <INFO> 正在注册： vm-nav-menu.vue文件 (ComponentService.plugin.js:249)
[16:57:07.87] [ComponentService] <INFO> 正在注册： vm-select-role.vue文件 (ComponentService.plugin.js:249)
[16:57:07.87] [ComponentService] <INFO> 正在注册： vm-select-usergroup.vue文件 (ComponentService.plugin.js:249)
[16:57:07.86] [ComponentService] <INFO> 正在注册： vm-grid-usergroup.vue文件 (ComponentService.plugin.js:249)
[16:57:07.87] [ComponentService] <INFO> 正在注册： vm-tree-category.vue文件 (ComponentService.plugin.js:249)
[16:57:07.88] [ComponentService] <INFO> 正在注册： vm-tree-menu.vue文件 (ComponentService.plugin.js:249)
[16:57:07.88] [ComponentService] <INFO> 正在注册： vm-tree-role.vue文件 (ComponentService.plugin.js:249)
[16:57:07.89] [ComponentService] <INFO> 正在注册： vm-layout-page.vue文件 (ComponentService.plugin.js:249)
[16:57:07.90] [ComponentService] <INFO> 正在注册： vm-page-grid.vue文件 (ComponentService.plugin.js:249)
[16:57:07.90] [ComponentService] <INFO> 正在注册： vp-layout-page.vue文件 (ComponentService.plugin.js:249)
[16:57:07.91] [ComponentService] <INFO> 正在注册： vp-page-grid.vue文件 (ComponentService.plugin.js:249)
[16:57:07.92] [ComponentService] <INFO> 正在注册： vx-basic-button.vue文件 (ComponentService.plugin.js:249)
[16:57:07.92] [ComponentService] <INFO> 正在注册： vx-basic-tree.vue文件 (ComponentService.plugin.js:249)
[16:57:07.93] [ComponentService] <INFO> 正在注册： vx-container-col.vue文件 (ComponentService.plugin.js:249)
[16:57:07.93] [ComponentService] <INFO> 正在注册： vx-container-combo.vue文件 (ComponentService.plugin.js:249)
[16:57:07.94] [ComponentService] <INFO> 正在注册： vx-container-gridster.vue文件 (ComponentService.plugin.js:249)
[16:57:07.94] [ComponentService] <INFO> 正在注册： vx-container-dialog.vue文件 (ComponentService.plugin.js:249)
[16:57:07.95] [ComponentService] <INFO> 正在注册： vx-container-item.vue文件 (ComponentService.plugin.js:249)
[16:57:07.95] [ComponentService] <INFO> 正在注册： vx-container-row.vue文件 (ComponentService.plugin.js:249)
[16:57:07.96] [ComponentService] <INFO> 正在注册： vx-container-tab.vue文件 (ComponentService.plugin.js:249)
[16:57:07.96] [ComponentService] <INFO> 正在注册： vx-form-cascader.vue文件 (ComponentService.plugin.js:249)
[16:57:07.97] [ComponentService] <INFO> 正在注册： vx-form-check.vue文件 (ComponentService.plugin.js:249)
[16:57:07.99] [ComponentService] <INFO> 正在注册： vx-form-clockpicker.vue文件 (ComponentService.plugin.js:249)
[16:57:07.99] [ComponentService] <INFO> 正在注册： vx-form-daterangepicker.vue文件 (ComponentService.plugin.js:249)
[16:57:08.01] [ComponentService] <INFO> 正在注册： vx-form-datesinglepicker.vue文件 (ComponentService.plugin.js:249)
[16:57:08.02] [ComponentService] <INFO> 正在注册： vx-form-group-select.vue文件 (ComponentService.plugin.js:249)
[16:57:08.03] [ComponentService] <INFO> 正在注册： vx-form-input.vue文件 (ComponentService.plugin.js:249)
[16:57:08.03] [ComponentService] <INFO> 正在注册： vx-form-location.vue文件 (ComponentService.plugin.js:249)
[16:57:08.04] [ComponentService] <INFO> 正在注册： vx-form-number.vue文件 (ComponentService.plugin.js:249)
[16:57:08.05] [ComponentService] <INFO> 正在注册： vx-form-password.vue文件 (ComponentService.plugin.js:249)
[16:57:08.05] [ComponentService] <INFO> 正在注册： vx-form-radio.vue文件 (ComponentService.plugin.js:249)
[16:57:08.06] [ComponentService] <INFO> 正在注册： vx-form-select.vue文件 (ComponentService.plugin.js:249)
[16:57:08.06] [ComponentService] <INFO> 正在注册： vx-form-tooltip.vue文件 (ComponentService.plugin.js:249)
[16:57:08.07] [ComponentService] <INFO> 正在注册： vx-form-transfer.vue文件 (ComponentService.plugin.js:249)
[16:57:08.07] [ComponentService] <INFO> 正在注册： vx-nav-breadcrumb.vue文件 (ComponentService.plugin.js:249)
[16:57:08.08] [ComponentService] <INFO> 正在注册： vx-nav-dropmenu.vue文件 (ComponentService.plugin.js:249)
[16:57:08.08] [ComponentService] <INFO> 正在注册： vx-nav-navmenu.vue文件 (ComponentService.plugin.js:249)
[16:57:08.09] [ComponentService] <INFO> 正在注册： vx-tab-pane.vue文件 (ComponentService.plugin.js:249)
[16:57:08.09] [ComponentService] <INFO> 正在注册： vx-tabs.vue文件 (ComponentService.plugin.js:249)
[16:57:08.09] [ComponentService] <INFO> 正在注册： vx-view-baidumap.vue文件 (ComponentService.plugin.js:249)
[16:57:08.10] [ComponentService] <INFO> 正在注册： vx-view-countup.vue文件 (ComponentService.plugin.js:249)
[16:57:08.11] [ComponentService] <INFO> 正在注册： vx-view-datatable.vue文件 (ComponentService.plugin.js:249)
[16:57:08.11] [ComponentService] <INFO> 正在注册： vx-view-dialog.vue文件 (ComponentService.plugin.js:249)
[16:57:08.12] [ComponentService] <INFO> 正在注册： vx-view-echart.vue文件 (ComponentService.plugin.js:249)
[16:57:08.12] [ComponentService] <INFO> 正在注册： vx-view-govmap.vue文件 (ComponentService.plugin.js:249)
[16:57:08.13] [ComponentService] <INFO> 正在注册： vx-view-heatmap.vue文件 (ComponentService.plugin.js:249)
[16:57:08.13] [ComponentService] <INFO> 正在注册： vx-view-linescroll.vue文件 (ComponentService.plugin.js:249)
[16:57:08.15] [ComponentService] <INFO> 正在注册： vx-view-map.vue文件 (ComponentService.plugin.js:249)
[16:57:08.16] [ComponentService] <INFO> 正在注册： vx-view-pagelist.vue文件 (ComponentService.plugin.js:249)
[16:57:08.16] [ComponentService] <INFO> 正在注册： vx-view-pagesize.vue文件 (ComponentService.plugin.js:249)
[16:57:08.17] [ComponentService] <INFO> 正在注册： vd-bd-column.vue文件 (ComponentService.plugin.js:249)
[16:57:08.17] [ComponentService] <INFO> 正在注册： vd-bd-componentslist.vue文件 (ComponentService.plugin.js:249)
[16:57:08.18] [ComponentService] <INFO> 正在注册： vd-bd-datadetail.vue文件 (ComponentService.plugin.js:249)
[16:57:08.18] [ComponentService] <INFO> 正在注册： vd-bd-fencezone.vue文件 (ComponentService.plugin.js:249)
[16:57:08.19] [ComponentService] <INFO> 正在注册： vd-bd-grid.vue文件 (ComponentService.plugin.js:249)
[16:57:08.19] [ComponentService] <INFO> 正在注册： vd-bd-loaddata.vue文件 (ComponentService.plugin.js:249)
[16:57:08.19] [ComponentService] <INFO> 正在注册： vd-bd-login.vue文件 (ComponentService.plugin.js:249)
[16:57:08.20] [ComponentService] <INFO> 正在注册： vd-bd-savedata.vue文件 (ComponentService.plugin.js:249)
[16:57:08.20] [ComponentService] <INFO> 正在注册： vd-bd-servicelist.vue文件 (ComponentService.plugin.js:249)
[16:57:08.21] [ComponentService] <INFO> 正在注册： vd-bd-table.vue文件 (ComponentService.plugin.js:249)
[16:57:08.21] [ComponentService] <INFO> 正在注册： vd-company-activity.vue文件 (ComponentService.plugin.js:249)
[16:57:08.21] [ComponentService] <INFO> 正在注册： vd-company-businesstime.vue文件 (ComponentService.plugin.js:249)
[16:57:08.22] [ComponentService] <INFO> 正在注册： vd-company-company.vue文件 (ComponentService.plugin.js:249)
[16:57:08.22] [ComponentService] <INFO> 正在注册： vd-company-device.vue文件 (ComponentService.plugin.js:249)
[16:57:08.23] [ComponentService] <INFO> 正在注册： vd-company-devicezone.vue文件 (ComponentService.plugin.js:249)
[16:57:08.23] [ComponentService] <INFO> 正在注册： vd-company-holiday.vue文件 (ComponentService.plugin.js:249)
[16:57:08.23] [ComponentService] <INFO> 正在注册： vd-company-mall.vue文件 (ComponentService.plugin.js:249)
[16:57:08.24] [ComponentService] <INFO> 正在注册： vd-company-physicalzone.vue文件 (ComponentService.plugin.js:249)
[16:57:08.25] [ComponentService] <INFO> 正在注册： vd-company-tag.vue文件 (ComponentService.plugin.js:249)
[16:57:08.25] [ComponentService] <INFO> 正在注册： vd-log-mallupdate.vue文件 (ComponentService.plugin.js:249)
[16:57:08.25] [ComponentService] <INFO> 正在注册： vd-log-weather.vue文件 (ComponentService.plugin.js:249)
[16:57:08.26] [ComponentService] <INFO> 正在注册： vd-log-zoneupdate.vue文件 (ComponentService.plugin.js:249)
[16:57:08.26] [ComponentService] <INFO> 正在注册： vd-report-chartoption.vue文件 (ComponentService.plugin.js:249)
[16:57:08.27] [ComponentService] <INFO> 正在注册： vd-report-chartstyle.vue文件 (ComponentService.plugin.js:249)
[16:57:08.27] [ComponentService] <INFO> 正在注册： vd-report-conditionoption.vue文件 (ComponentService.plugin.js:249)
[16:57:08.28] [ComponentService] <INFO> 正在注册： vd-report-indexoption.vue文件 (ComponentService.plugin.js:249)
[16:57:08.28] [ComponentService] <INFO> 正在注册： vd-report-reportmenu.vue文件 (ComponentService.plugin.js:249)
[16:57:08.29] [ComponentService] <INFO> 正在注册： vd-report-reportpage.vue文件 (ComponentService.plugin.js:249)
[16:57:08.29] [ComponentService] <INFO> 正在注册： vd-report-servicelist.vue文件 (ComponentService.plugin.js:249)
[16:57:08.30] [ComponentService] <INFO> 正在注册： vd-system-category.vue文件 (ComponentService.plugin.js:249)
[16:57:08.30] [ComponentService] <INFO> 正在注册： vd-system-location.vue文件 (ComponentService.plugin.js:249)
[16:57:08.31] [ComponentService] <INFO> 正在注册： vd-system-menu.vue文件 (ComponentService.plugin.js:249)
[16:57:08.31] [ComponentService] <INFO> 正在注册： vd-system-role.vue文件 (ComponentService.plugin.js:249)
[16:57:08.32] [ComponentService] <INFO> 正在注册： vd-system-user.vue文件 (ComponentService.plugin.js:249)
[16:57:08.32] [ComponentService] <INFO> 正在注册： vd-system-usergroup.vue文件 (ComponentService.plugin.js:249)
[16:57:08.33] [ComponentService] <INFO> 正在注册： vm-form-activity.vue文件 (ComponentService.plugin.js:249)
[16:57:08.33] [ComponentService] <INFO> 正在注册： vm-form-activityplugin.vue文件 (ComponentService.plugin.js:249)
[16:57:08.34] [ComponentService] <INFO> 正在注册： vm-form-businesstime.vue文件 (ComponentService.plugin.js:249)
[16:57:08.34] [ComponentService] <INFO> 正在注册： vm-form-businesstimeplugin.vue文件 (ComponentService.plugin.js:249)
[16:57:08.35] [ComponentService] <INFO> 正在注册： vm-form-holiday.vue文件 (ComponentService.plugin.js:249)
[16:57:08.35] [ComponentService] <INFO> 正在注册： vm-form-mall.vue文件 (ComponentService.plugin.js:249)
[16:57:08.35] [ComponentService] <INFO> 正在注册： vm-form-mallupdate.vue文件 (ComponentService.plugin.js:249)
[16:57:08.36] [ComponentService] <INFO> 正在注册： vm-form-tag.vue文件 (ComponentService.plugin.js:249)
[16:57:08.36] [ComponentService] <INFO> 正在注册： vm-form-weather.vue文件 (ComponentService.plugin.js:249)
[16:57:08.37] [ComponentService] <INFO> 正在注册： vm-form-zoneupdate.vue文件 (ComponentService.plugin.js:249)
[16:57:08.37] [ComponentService] <INFO> 正在注册： vm-grid-activity.vue文件 (ComponentService.plugin.js:249)
[16:57:08.37] [ComponentService] <INFO> 正在注册： vm-grid-businesstime.vue文件 (ComponentService.plugin.js:249)
[16:57:08.38] [ComponentService] <INFO> 正在注册： vm-grid-historicalcount.vue文件 (ComponentService.plugin.js:249)
[16:57:08.38] [ComponentService] <INFO> 正在注册： vm-grid-historicaldwell.vue文件 (ComponentService.plugin.js:249)
[16:57:08.38] [ComponentService] <INFO> 正在注册： vm-grid-historicalfitting.vue文件 (ComponentService.plugin.js:249)
[16:57:08.39] [ComponentService] <INFO> 正在注册： vm-grid-historicalpassby.vue文件 (ComponentService.plugin.js:249)
[16:57:08.39] [ComponentService] <INFO> 正在注册： vm-grid-historicalsummary.vue文件 (ComponentService.plugin.js:249)
[16:57:08.40] [ComponentService] <INFO> 正在注册： vm-grid-holiday.vue文件 (ComponentService.plugin.js:249)
[16:57:08.40] [ComponentService] <INFO> 正在注册： vm-grid-mall.vue文件 (ComponentService.plugin.js:249)
[16:57:08.40] [ComponentService] <INFO> 正在注册： vm-grid-tag.vue文件 (ComponentService.plugin.js:249)
[16:57:08.41] [ComponentService] <INFO> 正在注册： vm-grid-weather.vue文件 (ComponentService.plugin.js:249)
[16:57:08.41] [ComponentService] <INFO> 正在注册： vm-manager-dataadjustment.vue文件 (ComponentService.plugin.js:249)
[16:57:08.42] [ComponentService] <INFO> 正在注册： vm-manager-datarecovery.vue文件 (ComponentService.plugin.js:249)
[16:57:08.42] [ComponentService] <INFO> 正在注册： vm-manager-datasummary.vue文件 (ComponentService.plugin.js:249)
[16:57:08.43] [ComponentService] <INFO> 正在注册： vm-manager-salesDataMaintenance.vue文件 (ComponentService.plugin.js:249)
[16:57:08.44] [ComponentService] <INFO> 正在注册： vm-report-times.vue文件 (ComponentService.plugin.js:249)
[16:57:08.44] [ComponentService] <INFO> 正在注册： vm-select-devicecode.vue文件 (ComponentService.plugin.js:249)
[16:57:08.44] [ComponentService] <INFO> 正在注册： vm-transfer-tag.vue文件 (ComponentService.plugin.js:249)
[16:57:08.46] [ComponentService] <INFO> 正在注册： vb-layout-content.vue文件 (ComponentService.plugin.js:249)
[16:57:08.47] [ComponentService] <INFO> 正在注册： vb-layout-footer.vue文件 (ComponentService.plugin.js:249)
[16:57:08.48] [ComponentService] <INFO> 正在注册： vb-layout-header.vue文件 (ComponentService.plugin.js:249)
[16:57:08.49] [ComponentService] <INFO> 正在注册： vb-layout-pageheader.vue文件 (ComponentService.plugin.js:249)
[16:57:08.49] [ComponentService] <INFO> 正在注册： vb-layout-main.vue文件 (ComponentService.plugin.js:249)
[16:57:08.51] [ComponentService] <INFO> 正在注册： vb-layout-sidemenu.vue文件 (ComponentService.plugin.js:249)
[16:57:08.50] [ComponentService] <INFO> 正在注册： vb-layout-right.vue文件 (ComponentService.plugin.js:249)
[16:57:08.51] [ComponentService] <INFO> 正在注册： vb-nav-breadcrumb.vue文件 (ComponentService.plugin.js:249)
[16:57:08.51] [ComponentService] <INFO> 正在注册： vb-nav-menu.vue文件 (ComponentService.plugin.js:249)
[16:57:08.52] [ComponentService] <INFO> 正在注册： vp-footer-default.vue文件 (ComponentService.plugin.js:249)
[16:57:08.53] [ComponentService] <INFO> 正在注册： vp-header-default.vue文件 (ComponentService.plugin.js:249)
[16:57:08.54] [ComponentService] <INFO> 正在注册： vp-header-filer.vue文件 (ComponentService.plugin.js:249)
[16:57:08.56] [ComponentService] <INFO> 正在注册： vp-header-nav.vue文件 (ComponentService.plugin.js:249)
[16:57:08.58] [ComponentService] <INFO> 正在注册： vp-main-home-default.vue文件 (ComponentService.plugin.js:249)
[16:57:08.59] [ComponentService] <INFO> 正在注册： vp-main-report-default.vue文件 (ComponentService.plugin.js:249)
[16:57:08.60] [ComponentService] <INFO> 正在注册： vp-nav-homeicon.vue文件 (ComponentService.plugin.js:249)
[16:57:08.61] [ComponentService] <INFO> 正在注册： vp-page-grid.vue文件 (ComponentService.plugin.js:249)
[16:57:08.61] [ComponentService] <INFO> 正在注册： vp-widget-flowdistribution.vue文件 (ComponentService.plugin.js:249)
[16:57:08.63] [ComponentService] <INFO> 正在注册： vp-widget-flowtime.vue文件 (ComponentService.plugin.js:249)
[16:57:08.63] [ComponentService] <INFO> 正在注册： vp-widget-home-chart.vue文件 (ComponentService.plugin.js:249)
[16:57:08.65] [ComponentService] <INFO> 正在注册： vp-widget-home-data.vue文件 (ComponentService.plugin.js:249)
[16:57:08.66] [ComponentService] <INFO> 正在注册： vp-widget-home-ranking.vue文件 (ComponentService.plugin.js:249)
[16:57:08.69] [ComponentService] <INFO> 正在注册： vp-widget-time-selection.vue文件 (ComponentService.plugin.js:249)
[16:57:08.70] [ComponentService] <INFO> 正在注册： vm-form-category.vue文件 (ComponentService.plugin.js:249)
[16:57:08.71] [ComponentService] <INFO> 正在注册： vm-form-componentslist.vue文件 (ComponentService.plugin.js:249)
[16:57:08.71] [ComponentService] <INFO> 正在注册： vm-form-menuplugin.vue文件 (ComponentService.plugin.js:249)
[16:57:08.71] [ComponentService] <INFO> 正在注册： vm-form-menu.vue文件 (ComponentService.plugin.js:249)
[16:57:08.72] [ComponentService] <INFO> 正在注册： vm-form-role.vue文件 (ComponentService.plugin.js:249)
[16:57:08.72] [ComponentService] <INFO> 正在注册： vm-form-roleplugin.vue文件 (ComponentService.plugin.js:249)
[16:57:08.73] [ComponentService] <INFO> 正在注册： vm-form-servicelist.vue文件 (ComponentService.plugin.js:249)
[16:57:08.73] [ComponentService] <INFO> 正在注册： vm-form-user.vue文件 (ComponentService.plugin.js:249)
[16:57:08.73] [ComponentService] <INFO> 正在注册： vm-form-usergroup.vue文件 (ComponentService.plugin.js:249)
[16:57:08.74] [ComponentService] <INFO> 正在注册： vm-form-usergroupplugin.vue文件 (ComponentService.plugin.js:249)
[16:57:08.74] [ComponentService] <INFO> 正在注册： vm-form-usergroupreportpage.vue文件 (ComponentService.plugin.js:249)
[16:57:08.75] [ComponentService] <INFO> 正在注册： vm-form-usergroupzone.vue文件 (ComponentService.plugin.js:249)
[16:57:08.75] [ComponentService] <INFO> 正在注册： vm-form-userplugin.vue文件 (ComponentService.plugin.js:249)
[16:57:08.75] [ComponentService] <INFO> 正在注册： vm-grid-category.vue文件 (ComponentService.plugin.js:249)
[16:57:08.76] [ComponentService] <INFO> 正在注册： vm-grid-componentslist.vue文件 (ComponentService.plugin.js:249)
[16:57:08.76] [ComponentService] <INFO> 正在注册： vm-grid-menu.vue文件 (ComponentService.plugin.js:249)
[16:57:08.77] [ComponentService] <INFO> 正在注册： vm-grid-role.vue文件 (ComponentService.plugin.js:249)
[16:57:08.77] [ComponentService] <INFO> 正在注册： vm-grid-servicelist.vue文件 (ComponentService.plugin.js:249)
[16:57:08.77] [ComponentService] <INFO> 正在注册： vm-grid-user.vue文件 (ComponentService.plugin.js:249)
[16:57:08.78] [ComponentService] <INFO> 正在注册： vm-grid-usergroup.vue文件 (ComponentService.plugin.js:249)
[16:57:08.78] [ComponentService] <INFO> 正在注册： vm-nav-menu.vue文件 (ComponentService.plugin.js:249)
[16:57:08.78] [ComponentService] <INFO> 正在注册： vm-select-role.vue文件 (ComponentService.plugin.js:249)
[16:57:08.79] [ComponentService] <INFO> 正在注册： vm-select-usergroup.vue文件 (ComponentService.plugin.js:249)
[16:57:08.79] [ComponentService] <INFO> 正在注册： vm-tree-category.vue文件 (ComponentService.plugin.js:249)
[16:57:08.80] [ComponentService] <INFO> 正在注册： vm-tree-menu.vue文件 (ComponentService.plugin.js:249)
[16:57:08.80] [ComponentService] <INFO> 正在注册： vm-tree-role.vue文件 (ComponentService.plugin.js:249)
[16:57:08.68] [ComponentService] <INFO> 正在注册： vp-widget-report-compare.vue文件 (ComponentService.plugin.js:249)
[16:57:08.83] [ComponentService] <INFO> 正在注册： vm-form-company.vue文件 (ComponentService.plugin.js:249)
[16:57:08.83] [ComponentService] <INFO> 正在注册： vm-form-companyindex.vue文件 (ComponentService.plugin.js:249)
[16:57:08.84] [ComponentService] <INFO> 正在注册： vm-form-companyplugin.vue文件 (ComponentService.plugin.js:249)
[16:57:08.84] [ComponentService] <INFO> 正在注册： vm-grid-company.vue文件 (ComponentService.plugin.js:249)
[16:57:08.84] [ComponentService] <INFO> 正在注册： vm-transfer-chartoption.vue文件 (ComponentService.plugin.js:249)
[16:57:08.85] [ComponentService] <INFO> 正在注册： vm-transfer-indexoption.vue文件 (ComponentService.plugin.js:249)
[16:57:08.85] [ComponentService] <INFO> 正在注册： vm-form-device.vue文件 (ComponentService.plugin.js:249)
[16:57:08.86] [ComponentService] <INFO> 正在注册： vm-form-devicezone.vue文件 (ComponentService.plugin.js:249)
[16:57:08.86] [ComponentService] <INFO> 正在注册： vm-form-subsetzone.vue文件 (ComponentService.plugin.js:249)
[16:57:08.87] [ComponentService] <INFO> 正在注册： vm-grid-device.vue文件 (ComponentService.plugin.js:249)
[16:57:08.87] [ComponentService] <INFO> 正在注册： vm-grid-devicezone.vue文件 (ComponentService.plugin.js:249)
[16:57:08.87] [ComponentService] <INFO> 正在注册： vm-select-devicetype.vue文件 (ComponentService.plugin.js:249)
[16:57:08.89] [ComponentService] <INFO> 正在注册： vm-subset-devicezone.vue文件 (ComponentService.plugin.js:249)
[16:57:08.89] [ComponentService] <INFO> 正在注册： vm-grid-devicezonestatus.vue文件 (ComponentService.plugin.js:249)
[16:57:08.89] [ComponentService] <INFO> 正在注册： vd-company-physicallinkeddevice.vue文件 (ComponentService.plugin.js:249)
[16:57:08.90] [ComponentService] <INFO> 正在注册： vd-company-physicalunlinkeddevice.vue文件 (ComponentService.plugin.js:249)
[16:57:08.90] [ComponentService] <INFO> 正在注册： vm-grid-linkeddevicezone.vue文件 (ComponentService.plugin.js:249)
[16:57:08.91] [ComponentService] <INFO> 正在注册： vm-grid-unlinkeddevicezone.vue文件 (ComponentService.plugin.js:249)
[16:57:08.91] [ComponentService] <INFO> 正在注册： vm-scope-physicalzone.vue文件 (ComponentService.plugin.js:249)
[16:57:08.92] [ComponentService] <INFO> 正在注册： vm-select-company.vue文件 (ComponentService.plugin.js:249)
[16:57:08.92] [ComponentService] <INFO> 正在注册： vm-select-mall.vue文件 (ComponentService.plugin.js:249)
[16:57:08.93] [ComponentService] <INFO> 正在注册： vm-select-physicalzone.vue文件 (ComponentService.plugin.js:249)
[16:57:08.93] [ComponentService] <INFO> 正在注册： vb-form-location.vue文件 (ComponentService.plugin.js:249)
[16:57:08.94] [ComponentService] <INFO> 正在注册： vm-form-location.vue文件 (ComponentService.plugin.js:249)
[16:57:08.94] [ComponentService] <INFO> 正在注册： vm-grid-location.vue文件 (ComponentService.plugin.js:249)
[16:57:08.95] [ComponentService] <INFO> 正在注册： vm-tree-location.vue文件 (ComponentService.plugin.js:249)
[16:57:08.96] [ComponentService] <INFO> 正在注册： vm-cascader-city.vue文件 (ComponentService.plugin.js:249)
[16:57:08.96] [ComponentService] <INFO> 正在注册： vm-form-mall.vue文件 (ComponentService.plugin.js:249)
[16:57:08.97] [ComponentService] <INFO> 正在注册： vm-grid-mall.vue文件 (ComponentService.plugin.js:249)
[16:57:08.97] [ComponentService] <INFO> 正在注册： vm-grid-domaintable.vue文件 (ComponentService.plugin.js:249)
[16:57:08.98] [ComponentService] <INFO> 正在注册： vm-grid-kpitable.vue文件 (ComponentService.plugin.js:249)
[16:57:36.38] [ComponentService] <INFO> 正在注册： vm-grid-domaintable.vue文件 (ComponentService.plugin.js:249)
[16:58:31.28] [ComponentService] <INFO> 正在注册： vm-grid-domaintable.vue文件 (ComponentService.plugin.js:249)
[16:58:37.89] [ComponentService] <INFO> 正在注册： vm-grid-domaintable.vue文件 (ComponentService.plugin.js:249)
[16:59:24.35] [ComponentService] <INFO> 正在注册： vm-grid-domaintable.vue文件 (ComponentService.plugin.js:249)
[16:59:31.96] [ComponentService] <INFO> 正在注册： vm-grid-domaintable.vue文件 (ComponentService.plugin.js:249)
[16:59:33.16] [ComponentService] <INFO> 正在注册： vm-grid-domaintable.vue文件 (ComponentService.plugin.js:249)
